<?xml version="1.0" encoding="UTF-8" standalone="yes"?>
<testsuites name="Sale" time="689" tests="4" failures="0" errors="0">
    <testsuite name="Sale" tests="4" failures="0" errors="0" time="689" timestamp="2019-10-30 11:35:35" hostname="venkata.annam - FW1-D-DTA-ZENQ1" id="Test Suites/FirstView/Sale">
        <properties>
            <property name="deviceName" value=""/>
            <property name="devicePlatform" value=""/>
            <property name="logFolder" value="C:\\VPOS_Git_30-10-2019\\VPOS_Internal\\Reports\\20191030_113510\\FirstView\\Sale\\20191030_113512"/>
            <property name="logFiles" value="C:\\VPOS_Git_30-10-2019\\VPOS_Internal\\Reports\\20191030_113510\\FirstView\\Sale\\20191030_113512\\execution0.log"/>
            <property name="attachments" value="C:\\VPOS_Git_30-10-2019\\VPOS_Internal\\Reports\\20191030_113510\\FirstView\\Sale\\20191030_113512\\1572453959519.png"/>
            <property name="hostName" value="venkata.annam - FW1-D-DTA-ZENQ1"/>
            <property name="os" value="Windows 10 64bit"/>
            <property name="katalonVersion" value="6.3.2.4"/>
            <property name="browser" value="Chrome 76.0.3809.100"/>
            <property name="hostAddress" value="172.25.52.168"/>
            <property name="sessionId" value="7dda23e8d4d69b6668129771aee458fd"/>
            <property name="seleniumVersion" value="3.141.59"/>
            <property name="proxyInformation" value="ProxyInformation{proxyOption=NO_PROXY, proxyServerType=HTTP, password=, proxyServerAddress=, proxyServerPort=0}"/>
            <property name="platform" value="Windows 10"/>
        </properties>
        <testcase name="Test Cases/FirstView/Sale/TC_Sales_001" classname="Test Cases/FirstView/Sale/TC_Sales_001" status="PASSED">
            <system-out>2019-10-30 11:35:37 - [TEST_CASE][PASSED] - Test Cases/FirstView/Sale/TC_Sales_001: Test Cases/FirstView/Sale/TC_Sales_001&#xD;
&#xD;
2019-10-30 11:35:38 - [TEST_STEP][PASSED] - Start listener action : sampleBeforeTestCase: null&#xD;
&#xD;
2019-10-30 11:35:38 - [TEST_STEP][PASSED] - println(testCaseContext.getTestCaseId()): null&#xD;
&#xD;
2019-10-30 11:35:38 - [TEST_STEP][PASSED] - println(testCaseContext.getTestCaseVariables()): null&#xD;
&#xD;
2019-10-30 11:35:39 - [TEST_STEP][NOT_RUN] - utilities.SafeActions.openBrowser(Old_URL, [PageLoadTime]): NOT_RUN: utilities.SafeActions.openBrowser(Old_URL, [PageLoadTime])&#xD;
&#xD;
2019-10-30 11:35:39 - [MESSAGE][NOT_RUN] - NOT_RUN: utilities.SafeActions.openBrowser(Old_URL, [PageLoadTime])&#xD;
&#xD;
2019-10-30 11:35:39 - [TEST_STEP][NOT_RUN] - delay(delayForElement): NOT_RUN: delay(delayForElement)&#xD;
&#xD;
2019-10-30 11:35:39 - [MESSAGE][NOT_RUN] - NOT_RUN: delay(delayForElement)&#xD;
&#xD;
2019-10-30 11:35:39 - [TEST_STEP][NOT_RUN] - utilities.SafeActions.safeSelectOptionInDropDownByVisibleText(findTestObject("Pages/Sale/dropDown_AccountType"), RetailAccountOption, "Select by Value", [25]): NOT_RUN: utilities.SafeActions.safeSelectOptionInDropDownByVisibleText(findTestObject("Pages/Sale/dropDown_AccountType"), RetailAccountOption, "Select by Value", [25])&#xD;
&#xD;
2019-10-30 11:35:39 - [MESSAGE][NOT_RUN] - NOT_RUN: utilities.SafeActions.safeSelectOptionInDropDownByVisibleText(findTestObject("Pages/Sale/dropDown_AccountType"), RetailAccountOption, "Select by Value", [25])&#xD;
&#xD;
2019-10-30 11:35:39 - [TEST_STEP][NOT_RUN] - delay(delayBetweenTestSteps): NOT_RUN: delay(delayBetweenTestSteps)&#xD;
&#xD;
2019-10-30 11:35:39 - [MESSAGE][NOT_RUN] - NOT_RUN: delay(delayBetweenTestSteps)&#xD;
&#xD;
2019-10-30 11:35:39 - [TEST_STEP][PASSED] - utilities.SafeActions.openBrowser(URL, [delayForElement]): utilities.SafeActions.openBrowser is PASSED&#xD;
&#xD;
2019-10-30 11:35:39 - [MESSAGE][INFO] - Opening Browser&#xD;
&#xD;
2019-10-30 11:35:40 - [MESSAGE][INFO] - Starting 'Chrome' driver&#xD;
&#xD;
2019-10-30 11:35:40 - [MESSAGE][INFO] - Action delay is set to 0 seconds&#xD;
&#xD;
2019-10-30 11:36:05 - [MESSAGE][PASSED] - Browser is opened with url: 'https://q-www-firstview-net.faps.net/MVC/Account/Login'&#xD;
&#xD;
2019-10-30 11:36:12 - [MESSAGE][PASSED] - Current window maximized&#xD;
&#xD;
2019-10-30 11:36:12 - [MESSAGE][INFO] - Browser Launched Successfully&#xD;
&#xD;
2019-10-30 11:36:12 - [MESSAGE][PASSED] - utilities.SafeActions.openBrowser is PASSED&#xD;
&#xD;
2019-10-30 11:36:12 - [TEST_STEP][PASSED] - pages.Login.login(uName, password): pages.Login.login is PASSED&#xD;
&#xD;
2019-10-30 11:36:15 - [MESSAGE][PASSED] - Object 'Object Repository/Pages/Login/userName' is present&#xD;
&#xD;
2019-10-30 11:36:16 - [MESSAGE][PASSED] - Scroll to object 'Object Repository/Pages/Login/userName' successfully&#xD;
&#xD;
2019-10-30 11:36:17 - [MESSAGE][PASSED] - Object 'Object Repository/Pages/Login/userName' is present&#xD;
&#xD;
2019-10-30 11:36:28 - [MESSAGE][PASSED] - Object: 'Object Repository/Pages/Login/userName' is clicked on&#xD;
&#xD;
2019-10-30 11:36:32 - [MESSAGE][PASSED] - Text 'ZenQRetail' is set on object 'Object Repository/Pages/Login/userName'&#xD;
&#xD;
2019-10-30 11:36:33 - [MESSAGE][PASSED] - Object 'Object Repository/Pages/Login/password' is present&#xD;
&#xD;
2019-10-30 11:36:33 - [MESSAGE][PASSED] - Scroll to object 'Object Repository/Pages/Login/password' successfully&#xD;
&#xD;
2019-10-30 11:36:34 - [MESSAGE][PASSED] - Object 'Object Repository/Pages/Login/password' is present&#xD;
&#xD;
2019-10-30 11:36:41 - [MESSAGE][PASSED] - Object: 'Object Repository/Pages/Login/password' is clicked on&#xD;
&#xD;
2019-10-30 11:36:58 - [MESSAGE][PASSED] - Text 'P@ssword1' is set on object 'Object Repository/Pages/Login/password'&#xD;
&#xD;
2019-10-30 11:36:58 - [MESSAGE][INFO] - Safe Click Without scroll&#xD;
&#xD;
2019-10-30 11:36:58 - [MESSAGE][INFO] - Sale.ts:waiting until Click on Login is Clickable&#xD;
&#xD;
2019-10-30 11:37:00 - [MESSAGE][PASSED] - Object 'Object Repository/Pages/Login/login' is clickable&#xD;
&#xD;
2019-10-30 11:37:02 - [MESSAGE][PASSED] - Object 'Object Repository/Pages/Login/login' is visible&#xD;
&#xD;
2019-10-30 11:37:09 - [MESSAGE][PASSED] - Object: 'Object Repository/Pages/Login/login' is clicked on&#xD;
&#xD;
2019-10-30 11:37:09 - [MESSAGE][INFO] - Sale.ts: click on the Click on Login&#xD;
&#xD;
2019-10-30 11:37:09 - [MESSAGE][PASSED] - pages.Login.login is PASSED&#xD;
&#xD;
2019-10-30 11:37:09 - [TEST_STEP][PASSED] - callTestCase(findTestCase("FirstView/Login/TC_SendCode"), [:], STOP_ON_FAILURE): Call Test Case 'Test Cases/FirstView/Login/TC_SendCode' successfully&#xD;
&#xD;
2019-10-30 11:37:09 - [TEST_CASE][PASSED] - Test Cases/FirstView/Login/TC_SendCode: Test Cases/FirstView/Login/TC_SendCode&#xD;
&#xD;
2019-10-30 11:37:10 - [TEST_STEP][PASSED] - flag = pages.SendCode.verifyPage(): pages.SendCode.verifyPage is PASSED&#xD;
&#xD;
2019-10-30 11:37:11 - [MESSAGE][PASSED] - Object 'Object Repository/Pages/SendCodeToValidate/header_SendCodeToValidate' is present and visible in viewport&#xD;
&#xD;
2019-10-30 11:37:11 - [MESSAGE][PASSED] - pages.SendCode.verifyPage is PASSED&#xD;
&#xD;
2019-10-30 11:37:11 - [TEST_STEP][PASSED] - if (flag): pages.SendCode.clickonUserSettings is PASSED&#xD;
&#xD;
2019-10-30 11:37:11 - [TEST_STEP][PASSED] - pages.SendCode.clickonUserSettings(): pages.SendCode.clickonUserSettings is PASSED&#xD;
&#xD;
2019-10-30 11:37:12 - [MESSAGE][PASSED] - Object 'Object Repository/Pages/SendCodeToValidate/link_UserSettings' is present&#xD;
&#xD;
2019-10-30 11:37:13 - [MESSAGE][PASSED] - Object 'Object Repository/Pages/SendCodeToValidate/link_UserSettings' is visible&#xD;
&#xD;
2019-10-30 11:37:13 - [MESSAGE][INFO] - Sale.ts:waiting until Click on User Settings is Clickable&#xD;
&#xD;
2019-10-30 11:37:13 - [MESSAGE][PASSED] - Object 'Object Repository/Pages/SendCodeToValidate/link_UserSettings' is clickable&#xD;
&#xD;
2019-10-30 11:37:15 - [MESSAGE][PASSED] - Object 'Object Repository/Pages/SendCodeToValidate/link_UserSettings' is visible&#xD;
&#xD;
2019-10-30 11:37:21 - [MESSAGE][PASSED] - Object: 'Object Repository/Pages/SendCodeToValidate/link_UserSettings' is clicked on&#xD;
&#xD;
2019-10-30 11:37:21 - [MESSAGE][INFO] - Sale.ts: Clicked on the Click on User Settings&#xD;
&#xD;
2019-10-30 11:37:21 - [MESSAGE][PASSED] - pages.SendCode.clickonUserSettings is PASSED&#xD;
&#xD;
2019-10-30 11:37:21 - [MESSAGE][PASSED] - Call Test Case 'Test Cases/FirstView/Login/TC_SendCode' successfully&#xD;
&#xD;
2019-10-30 11:37:21 - [TEST_STEP][PASSED] - callTestCase(findTestCase("FirstView/Login/TC_FirstView"), [:], STOP_ON_FAILURE): Call Test Case 'Test Cases/FirstView/Login/TC_FirstView' successfully&#xD;
&#xD;
2019-10-30 11:37:21 - [TEST_CASE][PASSED] - Test Cases/FirstView/Login/TC_FirstView: Test Cases/FirstView/Login/TC_FirstView&#xD;
&#xD;
2019-10-30 11:37:22 - [TEST_STEP][NOT_RUN] - utilities.SafeActions.safeClickWithoutScroll(findTestObject("Pages/FirstView/link_Home"), "Click on Home button in First View screen", [PageLoadTime]): NOT_RUN: utilities.SafeActions.safeClickWithoutScroll(findTestObject("Pages/FirstView/link_Home"), "Click on Home button in First View screen", [PageLoadTime])&#xD;
&#xD;
2019-10-30 11:37:22 - [MESSAGE][NOT_RUN] - NOT_RUN: utilities.SafeActions.safeClickWithoutScroll(findTestObject("Pages/FirstView/link_Home"), "Click on Home button in First View screen", [PageLoadTime])&#xD;
&#xD;
2019-10-30 11:37:22 - [TEST_STEP][PASSED] - delay(3): Delayed 3 second(s)&#xD;
&#xD;
2019-10-30 11:37:25 - [MESSAGE][PASSED] - Delayed 3 second(s)&#xD;
&#xD;
2019-10-30 11:37:25 - [TEST_STEP][PASSED] - utilities.SafeActions.javascriptclick(findTestObject("Pages/FirstView/link_Home"), delayForElement): utilities.SafeActions.javascriptclick is PASSED&#xD;
&#xD;
2019-10-30 11:37:30 - [MESSAGE][PASSED] - utilities.SafeActions.javascriptclick is PASSED&#xD;
&#xD;
2019-10-30 11:37:30 - [TEST_STEP][PASSED] - utilities.SafeActions.safeClickWithoutScroll(findTestObject("Pages/FirstView/link_VPOS"), "Click on VPOS button in First View screen", [PageLoadTime]): utilities.SafeActions.safeClickWithoutScroll is PASSED&#xD;
&#xD;
2019-10-30 11:37:30 - [MESSAGE][INFO] - Safe Click Without scroll&#xD;
&#xD;
2019-10-30 11:37:30 - [MESSAGE][INFO] - Sale.ts:waiting until Click on VPOS button in First View screen is Clickable&#xD;
&#xD;
2019-10-30 11:37:32 - [MESSAGE][PASSED] - Object 'Object Repository/Pages/FirstView/link_VPOS' is clickable&#xD;
&#xD;
2019-10-30 11:37:32 - [MESSAGE][PASSED] - Object 'Object Repository/Pages/FirstView/link_VPOS' is visible&#xD;
&#xD;
2019-10-30 11:37:37 - [MESSAGE][PASSED] - Object: 'Object Repository/Pages/FirstView/link_VPOS' is clicked on&#xD;
&#xD;
2019-10-30 11:37:37 - [MESSAGE][INFO] - Sale.ts: click on the Click on VPOS button in First View screen&#xD;
&#xD;
2019-10-30 11:37:37 - [MESSAGE][PASSED] - utilities.SafeActions.safeClickWithoutScroll is PASSED&#xD;
&#xD;
2019-10-30 11:37:37 - [MESSAGE][PASSED] - Call Test Case 'Test Cases/FirstView/Login/TC_FirstView' successfully&#xD;
&#xD;
2019-10-30 11:37:37 - [TEST_STEP][PASSED] - switchToWindowTitle("Transcenter - VPOS"): Switched to window with title: 'Transcenter - VPOS'&#xD;
&#xD;
2019-10-30 11:37:46 - [MESSAGE][PASSED] - Switched to window with title: 'Transcenter - VPOS'&#xD;
&#xD;
2019-10-30 11:37:46 - [TEST_STEP][PASSED] - pages.Sale.verifyIfEntryModeIsChecked(tabName, entryModeCheckBox, delayBetweenTestSteps): pages.Sale.verifyIfEntryModeIsChecked is PASSED&#xD;
&#xD;
2019-10-30 11:37:47 - [MESSAGE][PASSED] - Object '' is checked&#xD;
&#xD;
2019-10-30 11:37:47 - [MESSAGE][INFO] - The specified checkbox is checked&#xD;
&#xD;
2019-10-30 11:37:47 - [MESSAGE][PASSED] - pages.Sale.verifyIfEntryModeIsChecked is PASSED&#xD;
&#xD;
2019-10-30 11:37:47 - [TEST_STEP][PASSED] - scrollToElement(findTestObject("Pages/Sale/input_Amount"), delayBetweenTestSteps): Scroll to object 'Object Repository/Pages/Sale/input_Amount' successfully&#xD;
&#xD;
2019-10-30 11:37:47 - [MESSAGE][PASSED] - Scroll to object 'Object Repository/Pages/Sale/input_Amount' successfully&#xD;
&#xD;
2019-10-30 11:37:47 - [TEST_STEP][NOT_RUN] - click(findTestObject("Pages/Sale/input_Amount")): NOT_RUN: click(findTestObject("Pages/Sale/input_Amount"))&#xD;
&#xD;
2019-10-30 11:37:47 - [MESSAGE][NOT_RUN] - NOT_RUN: click(findTestObject("Pages/Sale/input_Amount"))&#xD;
&#xD;
2019-10-30 11:37:47 - [TEST_STEP][PASSED] - utilities.SafeActions.safeTypeUsingJavascript(findTestObject("Pages/Sale/input_Amount"), amountInput): utilities.SafeActions.safeTypeUsingJavascript is PASSED&#xD;
&#xD;
2019-10-30 11:37:49 - [MESSAGE][PASSED] - utilities.SafeActions.safeTypeUsingJavascript is PASSED&#xD;
&#xD;
2019-10-30 11:37:49 - [TEST_STEP][NOT_RUN] - focus(findTestObject("Pages/Sale/input_Amount")): NOT_RUN: focus(findTestObject("Pages/Sale/input_Amount"))&#xD;
&#xD;
2019-10-30 11:37:49 - [MESSAGE][NOT_RUN] - NOT_RUN: focus(findTestObject("Pages/Sale/input_Amount"))&#xD;
&#xD;
2019-10-30 11:37:49 - [TEST_STEP][PASSED] - delay(2): Delayed 2 second(s)&#xD;
&#xD;
2019-10-30 11:37:51 - [MESSAGE][PASSED] - Delayed 2 second(s)&#xD;
&#xD;
2019-10-30 11:37:51 - [TEST_STEP][PASSED] - utilities.SafeActions.safeType(findTestObject("Pages/Sale/input_Amount"), amountInput, "Amount field", [delayForElement]): utilities.SafeActions.safeType is PASSED&#xD;
&#xD;
2019-10-30 11:37:51 - [MESSAGE][PASSED] - Object 'Object Repository/Pages/Sale/input_Amount' is present&#xD;
&#xD;
2019-10-30 11:37:51 - [MESSAGE][PASSED] - Scroll to object 'Object Repository/Pages/Sale/input_Amount' successfully&#xD;
&#xD;
2019-10-30 11:37:52 - [MESSAGE][PASSED] - Object 'Object Repository/Pages/Sale/input_Amount' is present&#xD;
&#xD;
2019-10-30 11:37:53 - [MESSAGE][PASSED] - Object: 'Object Repository/Pages/Sale/input_Amount' is clicked on&#xD;
&#xD;
2019-10-30 11:37:54 - [MESSAGE][PASSED] - Text '550' is set on object 'Object Repository/Pages/Sale/input_Amount'&#xD;
&#xD;
2019-10-30 11:37:54 - [MESSAGE][PASSED] - utilities.SafeActions.safeType is PASSED&#xD;
&#xD;
2019-10-30 11:37:54 - [TEST_STEP][PASSED] - scrollToElement(findTestObject("Pages/Sale/dropDown_ExpirationMonth"), delayBetweenTestSteps): Scroll to object 'Object Repository/Pages/Sale/dropDown_ExpirationMonth' successfully&#xD;
&#xD;
2019-10-30 11:37:54 - [MESSAGE][PASSED] - Scroll to object 'Object Repository/Pages/Sale/dropDown_ExpirationMonth' successfully&#xD;
&#xD;
2019-10-30 11:37:54 - [TEST_STEP][PASSED] - total_Amount = utilities.SafeActions.safeGetText(findTestObject("Pages/Sale/total_Amount"), delayBetweenTestSteps): utilities.SafeActions.safeGetText is PASSED&#xD;
&#xD;
2019-10-30 11:37:55 - [MESSAGE][PASSED] - Object 'Object Repository/Pages/Sale/total_Amount' is present&#xD;
&#xD;
2019-10-30 11:37:55 - [MESSAGE][PASSED] - Scroll to object 'Object Repository/Pages/Sale/total_Amount' successfully&#xD;
&#xD;
2019-10-30 11:37:55 - [MESSAGE][PASSED] - Object 'Object Repository/Pages/Sale/total_Amount' is present&#xD;
&#xD;
2019-10-30 11:37:57 - [MESSAGE][PASSED] - Text of object 'Object Repository/Pages/Sale/total_Amount' is: '$595.38'&#xD;
&#xD;
2019-10-30 11:37:57 - [MESSAGE][PASSED] - utilities.SafeActions.safeGetText is PASSED&#xD;
&#xD;
2019-10-30 11:37:57 - [TEST_STEP][PASSED] - println(total_Amount): null&#xD;
&#xD;
2019-10-30 11:37:57 - [TEST_STEP][PASSED] - pages.Sale.verifyIfEntryModeIsChecked(tabName, cardInformationCheckBox, delayBetweenTestSteps): pages.Sale.verifyIfEntryModeIsChecked is PASSED&#xD;
&#xD;
2019-10-30 11:37:58 - [MESSAGE][PASSED] - Object '' is checked&#xD;
&#xD;
2019-10-30 11:37:58 - [MESSAGE][INFO] - The specified checkbox is checked&#xD;
&#xD;
2019-10-30 11:37:58 - [MESSAGE][PASSED] - pages.Sale.verifyIfEntryModeIsChecked is PASSED&#xD;
&#xD;
2019-10-30 11:37:58 - [TEST_STEP][PASSED] - utilities.SafeActions.safeType(findTestObject("Pages/Sale/input_CardNumber"), visaCardNumber, "Entering Card Number", [delayBetweenTestSteps]): utilities.SafeActions.safeType is PASSED&#xD;
&#xD;
2019-10-30 11:37:59 - [MESSAGE][PASSED] - Object 'Object Repository/Pages/Sale/input_CardNumber' is present&#xD;
&#xD;
2019-10-30 11:38:03 - [MESSAGE][PASSED] - Scroll to object 'Object Repository/Pages/Sale/input_CardNumber' successfully&#xD;
&#xD;
2019-10-30 11:38:03 - [MESSAGE][PASSED] - Object 'Object Repository/Pages/Sale/input_CardNumber' is present&#xD;
&#xD;
2019-10-30 11:38:07 - [MESSAGE][PASSED] - Object: 'Object Repository/Pages/Sale/input_CardNumber' is clicked on&#xD;
&#xD;
2019-10-30 11:38:11 - [MESSAGE][PASSED] - Text '4111111111111111' is set on object 'Object Repository/Pages/Sale/input_CardNumber'&#xD;
&#xD;
2019-10-30 11:38:11 - [MESSAGE][PASSED] - utilities.SafeActions.safeType is PASSED&#xD;
&#xD;
2019-10-30 11:38:11 - [TEST_STEP][PASSED] - delay(delayBetweenTestSteps): Delayed 3 second(s)&#xD;
&#xD;
2019-10-30 11:38:14 - [MESSAGE][PASSED] - Delayed 3 second(s)&#xD;
&#xD;
2019-10-30 11:38:14 - [TEST_STEP][PASSED] - utilities.SafeActions.safeSelectOptionInDropDownByVisibleText(findTestObject("Pages/Sale/dropDown_ExpirationMonth"), cardMonth, "Enter Month", [delayBetweenTestSteps]): utilities.SafeActions.safeSelectOptionInDropDownByVisibleText is PASSED&#xD;
&#xD;
2019-10-30 11:38:15 - [MESSAGE][PASSED] - Object 'Object Repository/Pages/Sale/dropDown_ExpirationMonth' is visible&#xD;
&#xD;
2019-10-30 11:38:15 - [MESSAGE][PASSED] - Object 'Object Repository/Pages/Sale/dropDown_ExpirationMonth' is present&#xD;
&#xD;
2019-10-30 11:38:16 - [MESSAGE][PASSED] - Object: 'Object Repository/Pages/Sale/dropDown_ExpirationMonth' is clicked on&#xD;
&#xD;
2019-10-30 11:38:16 - [MESSAGE][PASSED] - All options with label 'September' are selected in object 'Object Repository/Pages/Sale/dropDown_ExpirationMonth' &#xD;
&#xD;
2019-10-30 11:38:16 - [MESSAGE][PASSED] - utilities.SafeActions.safeSelectOptionInDropDownByVisibleText is PASSED&#xD;
&#xD;
2019-10-30 11:38:16 - [TEST_STEP][PASSED] - utilities.SafeActions.safeSelectOptionInDropDownByVisibleText(findTestObject("Pages/Sale/dropDown_ExpirationYear"), cardYear, "Select Expiration Year", [delayBetweenTestSteps]): utilities.SafeActions.safeSelectOptionInDropDownByVisibleText is PASSED&#xD;
&#xD;
2019-10-30 11:38:17 - [MESSAGE][PASSED] - Object 'Object Repository/Pages/Sale/dropDown_ExpirationYear' is visible&#xD;
&#xD;
2019-10-30 11:38:17 - [MESSAGE][PASSED] - Object 'Object Repository/Pages/Sale/dropDown_ExpirationYear' is present&#xD;
&#xD;
2019-10-30 11:38:18 - [MESSAGE][PASSED] - Object: 'Object Repository/Pages/Sale/dropDown_ExpirationYear' is clicked on&#xD;
&#xD;
2019-10-30 11:38:20 - [MESSAGE][PASSED] - All options with label '2022' are selected in object 'Object Repository/Pages/Sale/dropDown_ExpirationYear' &#xD;
&#xD;
2019-10-30 11:38:20 - [MESSAGE][PASSED] - utilities.SafeActions.safeSelectOptionInDropDownByVisibleText is PASSED&#xD;
&#xD;
2019-10-30 11:38:20 - [TEST_STEP][PASSED] - utilities.SafeActions.safeClickWithoutScrollOnLabel(findTestObject("Pages/Sale/label_ExpirationYear"), "Click on Exp Year label", [PageLoadTime]): utilities.SafeActions.safeClickWithoutScrollOnLabel is PASSED&#xD;
&#xD;
2019-10-30 11:38:20 - [MESSAGE][INFO] - Safe Click Without scroll On Label&#xD;
&#xD;
2019-10-30 11:38:20 - [MESSAGE][PASSED] - Object 'Object Repository/Pages/Sale/label_ExpirationYear' is visible&#xD;
&#xD;
2019-10-30 11:38:20 - [MESSAGE][INFO] - Sale.ts: click on the Click on Exp Year label&#xD;
&#xD;
2019-10-30 11:38:25 - [MESSAGE][PASSED] - Object: 'Object Repository/Pages/Sale/label_ExpirationYear' is clicked on&#xD;
&#xD;
2019-10-30 11:38:25 - [MESSAGE][PASSED] - utilities.SafeActions.safeClickWithoutScrollOnLabel is PASSED&#xD;
&#xD;
2019-10-30 11:38:25 - [TEST_STEP][PASSED] - delay(delayBetweenTestSteps): Delayed 3 second(s)&#xD;
&#xD;
2019-10-30 11:38:28 - [MESSAGE][PASSED] - Delayed 3 second(s)&#xD;
&#xD;
2019-10-30 11:38:28 - [TEST_STEP][NOT_RUN] - utilities.SafeActions.safeType(findTestObject("Pages/Sale/input_SecurityCode"), securityCode, "Enter Security code", [delayForElement]): NOT_RUN: utilities.SafeActions.safeType(findTestObject("Pages/Sale/input_SecurityCode"), securityCode, "Enter Security code", [delayForElement])&#xD;
&#xD;
2019-10-30 11:38:28 - [MESSAGE][NOT_RUN] - NOT_RUN: utilities.SafeActions.safeType(findTestObject("Pages/Sale/input_SecurityCode"), securityCode, "Enter Security code", [delayForElement])&#xD;
&#xD;
2019-10-30 11:38:28 - [TEST_STEP][PASSED] - scrollToElement(findTestObject("Pages/Sale/invoiceNumber"), delayBetweenTestSteps): Scroll to object 'Object Repository/Pages/Sale/invoiceNumber' successfully&#xD;
&#xD;
2019-10-30 11:38:31 - [MESSAGE][PASSED] - Scroll to object 'Object Repository/Pages/Sale/invoiceNumber' successfully&#xD;
&#xD;
2019-10-30 11:38:31 - [TEST_STEP][PASSED] - invoiceNumber = utilities.SafeActions.safeGetText(findTestObject("Pages/Sale/invoiceNumber"), delayBetweenTestSteps): utilities.SafeActions.safeGetText is PASSED&#xD;
&#xD;
2019-10-30 11:38:32 - [MESSAGE][PASSED] - Object 'Object Repository/Pages/Sale/invoiceNumber' is present&#xD;
&#xD;
2019-10-30 11:38:32 - [MESSAGE][PASSED] - Scroll to object 'Object Repository/Pages/Sale/invoiceNumber' successfully&#xD;
&#xD;
2019-10-30 11:38:32 - [MESSAGE][PASSED] - Object 'Object Repository/Pages/Sale/invoiceNumber' is present&#xD;
&#xD;
2019-10-30 11:38:33 - [MESSAGE][PASSED] - Text of object 'Object Repository/Pages/Sale/invoiceNumber' is: '15724390651715'&#xD;
&#xD;
2019-10-30 11:38:33 - [MESSAGE][PASSED] - utilities.SafeActions.safeGetText is PASSED&#xD;
&#xD;
2019-10-30 11:38:33 - [TEST_STEP][PASSED] - println(invoiceNumber): null&#xD;
&#xD;
2019-10-30 11:38:33 - [TEST_STEP][PASSED] - utilities.SafeActions.safeClickwithScroll(findTestObject("Pages/Sale/button_Checkout"), "Click on Checkout button", [delayBetweenTestSteps]): utilities.SafeActions.safeClickwithScroll is PASSED&#xD;
&#xD;
2019-10-30 11:38:34 - [MESSAGE][PASSED] - Object 'Object Repository/Pages/Sale/button_Checkout' is present&#xD;
&#xD;
2019-10-30 11:38:34 - [MESSAGE][PASSED] - Object 'Object Repository/Pages/Sale/button_Checkout' is visible&#xD;
&#xD;
2019-10-30 11:38:34 - [MESSAGE][INFO] - Sale.ts:waiting until Click on Checkout button is Clickable&#xD;
&#xD;
2019-10-30 11:38:34 - [MESSAGE][PASSED] - Object 'Object Repository/Pages/Sale/button_Checkout' is clickable&#xD;
&#xD;
2019-10-30 11:38:34 - [MESSAGE][PASSED] - Object 'Object Repository/Pages/Sale/button_Checkout' is visible&#xD;
&#xD;
2019-10-30 11:38:35 - [MESSAGE][PASSED] - Object: 'Object Repository/Pages/Sale/button_Checkout' is clicked on&#xD;
&#xD;
2019-10-30 11:38:35 - [MESSAGE][INFO] - Sale.ts: Clicked on the Click on Checkout button&#xD;
&#xD;
2019-10-30 11:38:35 - [MESSAGE][PASSED] - utilities.SafeActions.safeClickwithScroll is PASSED&#xD;
&#xD;
2019-10-30 11:38:35 - [TEST_STEP][PASSED] - pages.Sale.verifyTransactionCompletePage(findTestObject("Pages/Sale/heading_TransactionComplete")): The screen is Transaction Complete screen&#xD;
&#xD;
2019-10-30 11:38:36 - [MESSAGE][PASSED] - Object 'Object Repository/Pages/Sale/heading_TransactionComplete' is present&#xD;
&#xD;
2019-10-30 11:38:36 - [MESSAGE][PASSED] - The screen is Transaction Complete screen&#xD;
&#xD;
2019-10-30 11:38:36 - [TEST_STEP][PASSED] - delay(delayBetweenTestSteps): Delayed 3 second(s)&#xD;
&#xD;
2019-10-30 11:38:39 - [MESSAGE][PASSED] - Delayed 3 second(s)&#xD;
&#xD;
2019-10-30 11:38:39 - [TEST_STEP][PASSED] - utilities.SafeActions.safeClickWithoutScroll(findTestObject("Pages/Sale/button_ReturnToSale"), "Click on Return To Sale", [delayBetweenTestSteps]): utilities.SafeActions.safeClickWithoutScroll is PASSED&#xD;
&#xD;
2019-10-30 11:38:40 - [MESSAGE][INFO] - Safe Click Without scroll&#xD;
&#xD;
2019-10-30 11:38:40 - [MESSAGE][INFO] - Sale.ts:waiting until Click on Return To Sale is Clickable&#xD;
&#xD;
2019-10-30 11:38:40 - [MESSAGE][PASSED] - Object 'Object Repository/Pages/Sale/button_ReturnToSale' is clickable&#xD;
&#xD;
2019-10-30 11:38:40 - [MESSAGE][PASSED] - Object 'Object Repository/Pages/Sale/button_ReturnToSale' is visible&#xD;
&#xD;
2019-10-30 11:38:42 - [MESSAGE][PASSED] - Object: 'Object Repository/Pages/Sale/button_ReturnToSale' is clicked on&#xD;
&#xD;
2019-10-30 11:38:42 - [MESSAGE][INFO] - Sale.ts: click on the Click on Return To Sale&#xD;
&#xD;
2019-10-30 11:38:42 - [MESSAGE][PASSED] - utilities.SafeActions.safeClickWithoutScroll is PASSED&#xD;
&#xD;
2019-10-30 11:38:42 - [TEST_STEP][PASSED] - utilities.SafeActions.safeClickWithoutScroll(findTestObject("Pages/Transaction_Management/tab_TransactionManagement"), "Transaction Management Tab", [delayBetweenTestSteps]): utilities.SafeActions.safeClickWithoutScroll is PASSED&#xD;
&#xD;
2019-10-30 11:38:43 - [MESSAGE][INFO] - Safe Click Without scroll&#xD;
&#xD;
2019-10-30 11:38:43 - [MESSAGE][INFO] - Sale.ts:waiting until Transaction Management Tab is Clickable&#xD;
&#xD;
2019-10-30 11:38:43 - [MESSAGE][PASSED] - Object 'Object Repository/Pages/Transaction_Management/tab_TransactionManagement' is clickable&#xD;
&#xD;
2019-10-30 11:38:43 - [MESSAGE][PASSED] - Object 'Object Repository/Pages/Transaction_Management/tab_TransactionManagement' is visible&#xD;
&#xD;
2019-10-30 11:38:45 - [MESSAGE][PASSED] - Object: 'Object Repository/Pages/Transaction_Management/tab_TransactionManagement' is clicked on&#xD;
&#xD;
2019-10-30 11:38:45 - [MESSAGE][INFO] - Sale.ts: click on the Transaction Management Tab&#xD;
&#xD;
2019-10-30 11:38:45 - [MESSAGE][PASSED] - utilities.SafeActions.safeClickWithoutScroll is PASSED&#xD;
&#xD;
2019-10-30 11:38:45 - [TEST_STEP][PASSED] - utilities.SafeActions.safeClickwithScroll(findTestObject("Pages/Transaction_Management/button_Search"), "Search", [delayBetweenTestSteps]): utilities.SafeActions.safeClickwithScroll is PASSED&#xD;
&#xD;
2019-10-30 11:38:46 - [MESSAGE][PASSED] - Object 'Object Repository/Pages/Transaction_Management/button_Search' is present&#xD;
&#xD;
2019-10-30 11:38:46 - [MESSAGE][PASSED] - Object 'Object Repository/Pages/Transaction_Management/button_Search' is visible&#xD;
&#xD;
2019-10-30 11:38:46 - [MESSAGE][INFO] - Sale.ts:waiting until Search is Clickable&#xD;
&#xD;
2019-10-30 11:38:46 - [MESSAGE][PASSED] - Object 'Object Repository/Pages/Transaction_Management/button_Search' is clickable&#xD;
&#xD;
2019-10-30 11:38:47 - [MESSAGE][PASSED] - Object 'Object Repository/Pages/Transaction_Management/button_Search' is visible&#xD;
&#xD;
2019-10-30 11:38:49 - [MESSAGE][PASSED] - Object: 'Object Repository/Pages/Transaction_Management/button_Search' is clicked on&#xD;
&#xD;
2019-10-30 11:38:49 - [MESSAGE][INFO] - Sale.ts: Clicked on the Search&#xD;
&#xD;
2019-10-30 11:38:49 - [MESSAGE][PASSED] - utilities.SafeActions.safeClickwithScroll is PASSED&#xD;
&#xD;
2019-10-30 11:38:49 - [TEST_STEP][PASSED] - scrollToElement(findTestObject("Pages/Transaction_Management/invoice_ForTransaction"), delayBetweenTestSteps): Scroll to object 'Object Repository/Pages/Transaction_Management/invoice_ForTransaction' successfully&#xD;
&#xD;
2019-10-30 11:38:50 - [MESSAGE][PASSED] - Scroll to object 'Object Repository/Pages/Transaction_Management/invoice_ForTransaction' successfully&#xD;
&#xD;
2019-10-30 11:38:50 - [TEST_STEP][PASSED] - pages.Transaction_Management.verifyInvoiceRecord(findTestObject("Pages/Transaction_Management/footer_NextButton"), findTestObject("Pages/Transaction_Management/page_Number"), invoiceNumber, total_Amount): The Transaction is found in page 1&#xD;
&#xD;
2019-10-30 11:39:03 - [MESSAGE][PASSED] - Text of object 'Object Repository/Pages/Transaction_Management/page_Number' is: 'Page 1 of 57'&#xD;
&#xD;
2019-10-30 11:39:06 - [MESSAGE][PASSED] - The Transaction is found in page 1&#xD;
&#xD;
2019-10-30 11:39:06 - [TEST_STEP][PASSED] - closeBrowser(): Browser is closed&#xD;
&#xD;
2019-10-30 11:39:59 - [MESSAGE][PASSED] - Browser is closed&#xD;
&#xD;
2019-10-30 11:39:59 - [TEST_STEP][PASSED] - Start listener action : sampleAfterTestCase: null&#xD;
&#xD;
2019-10-30 11:39:59 - [TEST_STEP][PASSED] - println(testCaseContext.getTestCaseId()): null&#xD;
&#xD;
2019-10-30 11:39:59 - [TEST_STEP][PASSED] - println(testCaseContext.getTestCaseStatus()): null&#xD;
&#xD;
2019-10-30 11:39:59 - [TEST_STEP][PASSED] - testCaseName = testCaseContext.getTestCaseId(): null&#xD;
&#xD;
2019-10-30 11:39:59 - [TEST_STEP][PASSED] - strCount = testCaseName.lastIndexOf("/"): null&#xD;
&#xD;
2019-10-30 11:39:59 - [TEST_STEP][PASSED] - testCaseName = testCaseName.substring(strCount): null&#xD;
&#xD;
2019-10-30 11:39:59 - [TEST_STEP][PASSED] - println(testCaseName): null&#xD;
&#xD;
2019-10-30 11:39:59 - [TEST_STEP][PASSED] - if (getTestCaseStatus().equalsIgnoreCase("Error")): null&#xD;
&#xD;
2019-10-30 11:39:59 - [TEST_STEP][PASSED] - Start listener action : sampleAfterTestCase: null</system-out>
            <system-err></system-err>
        </testcase>
        <testcase name="Test Cases/FirstView/Sale/TC_Sales_005" classname="Test Cases/FirstView/Sale/TC_Sales_005" status="PASSED">
            <system-out>2019-10-30 11:39:59 - [TEST_CASE][PASSED] - Test Cases/FirstView/Sale/TC_Sales_005: Test Cases/FirstView/Sale/TC_Sales_005&#xD;
&#xD;
2019-10-30 11:40:00 - [TEST_STEP][PASSED] - Start listener action : sampleBeforeTestCase: null&#xD;
&#xD;
2019-10-30 11:40:00 - [TEST_STEP][PASSED] - println(testCaseContext.getTestCaseId()): null&#xD;
&#xD;
2019-10-30 11:40:00 - [TEST_STEP][PASSED] - println(testCaseContext.getTestCaseVariables()): null&#xD;
&#xD;
2019-10-30 11:40:02 - [TEST_STEP][NOT_RUN] - utilities.SafeActions.openBrowser(Old_URL, [PageLoadTime]): NOT_RUN: utilities.SafeActions.openBrowser(Old_URL, [PageLoadTime])&#xD;
&#xD;
2019-10-30 11:40:02 - [MESSAGE][NOT_RUN] - NOT_RUN: utilities.SafeActions.openBrowser(Old_URL, [PageLoadTime])&#xD;
&#xD;
2019-10-30 11:40:02 - [TEST_STEP][NOT_RUN] - delay(6): NOT_RUN: delay(6)&#xD;
&#xD;
2019-10-30 11:40:02 - [MESSAGE][NOT_RUN] - NOT_RUN: delay(6)&#xD;
&#xD;
2019-10-30 11:40:02 - [TEST_STEP][NOT_RUN] - utilities.SafeActions.safeSelectOptionInDropDownByVisibleText(findTestObject("Pages/Sale/dropDown_AccountType"), "ranjanatest2 - 888814981372/002 Account Type: Ecommerce", "Select by Value", [25]): NOT_RUN: utilities.SafeActions.safeSelectOptionInDropDownByVisibleText(findTestObject("Pages/Sale/dropDown_AccountType"), "ranjanatest2 - 888814981372/002 Account Type: Ecommerce", "Select by Value", [25])&#xD;
&#xD;
2019-10-30 11:40:02 - [MESSAGE][NOT_RUN] - NOT_RUN: utilities.SafeActions.safeSelectOptionInDropDownByVisibleText(findTestObject("Pages/Sale/dropDown_AccountType"), "ranjanatest2 - 888814981372/002 Account Type: Ecommerce", "Select by Value", [25])&#xD;
&#xD;
2019-10-30 11:40:02 - [TEST_STEP][NOT_RUN] - delay(3): NOT_RUN: delay(3)&#xD;
&#xD;
2019-10-30 11:40:02 - [MESSAGE][NOT_RUN] - NOT_RUN: delay(3)&#xD;
&#xD;
2019-10-30 11:40:02 - [TEST_STEP][PASSED] - utilities.SafeActions.openBrowser(URL, [PageLoadTime]): utilities.SafeActions.openBrowser is PASSED&#xD;
&#xD;
2019-10-30 11:40:02 - [MESSAGE][INFO] - Opening Browser&#xD;
&#xD;
2019-10-30 11:40:02 - [MESSAGE][INFO] - Starting 'Chrome' driver&#xD;
&#xD;
2019-10-30 11:40:19 - [MESSAGE][PASSED] - Browser is opened with url: 'https://q-www-firstview-net.faps.net/MVC/Account/Login'&#xD;
&#xD;
2019-10-30 11:40:24 - [MESSAGE][PASSED] - Current window maximized&#xD;
&#xD;
2019-10-30 11:40:24 - [MESSAGE][INFO] - Browser Launched Successfully&#xD;
&#xD;
2019-10-30 11:40:24 - [MESSAGE][PASSED] - utilities.SafeActions.openBrowser is PASSED&#xD;
&#xD;
2019-10-30 11:40:24 - [TEST_STEP][PASSED] - pages.Login.login(uName, password): pages.Login.login is PASSED&#xD;
&#xD;
2019-10-30 11:40:25 - [MESSAGE][PASSED] - Object 'Object Repository/Pages/Login/userName' is present&#xD;
&#xD;
2019-10-30 11:40:25 - [MESSAGE][PASSED] - Scroll to object 'Object Repository/Pages/Login/userName' successfully&#xD;
&#xD;
2019-10-30 11:40:25 - [MESSAGE][PASSED] - Object 'Object Repository/Pages/Login/userName' is present&#xD;
&#xD;
2019-10-30 11:40:26 - [MESSAGE][PASSED] - Object: 'Object Repository/Pages/Login/userName' is clicked on&#xD;
&#xD;
2019-10-30 11:40:26 - [MESSAGE][PASSED] - Text 'ZenQEcom' is set on object 'Object Repository/Pages/Login/userName'&#xD;
&#xD;
2019-10-30 11:40:26 - [MESSAGE][PASSED] - Object 'Object Repository/Pages/Login/password' is present&#xD;
&#xD;
2019-10-30 11:40:26 - [MESSAGE][PASSED] - Scroll to object 'Object Repository/Pages/Login/password' successfully&#xD;
&#xD;
2019-10-30 11:40:26 - [MESSAGE][PASSED] - Object 'Object Repository/Pages/Login/password' is present&#xD;
&#xD;
2019-10-30 11:40:27 - [MESSAGE][PASSED] - Object: 'Object Repository/Pages/Login/password' is clicked on&#xD;
&#xD;
2019-10-30 11:40:28 - [MESSAGE][PASSED] - Text 'P@ssword1' is set on object 'Object Repository/Pages/Login/password'&#xD;
&#xD;
2019-10-30 11:40:28 - [MESSAGE][INFO] - Safe Click Without scroll&#xD;
&#xD;
2019-10-30 11:40:28 - [MESSAGE][INFO] - Sale.ts:waiting until Click on Login is Clickable&#xD;
&#xD;
2019-10-30 11:40:28 - [MESSAGE][PASSED] - Object 'Object Repository/Pages/Login/login' is clickable&#xD;
&#xD;
2019-10-30 11:40:28 - [MESSAGE][PASSED] - Object 'Object Repository/Pages/Login/login' is visible&#xD;
&#xD;
2019-10-30 11:40:30 - [MESSAGE][PASSED] - Object: 'Object Repository/Pages/Login/login' is clicked on&#xD;
&#xD;
2019-10-30 11:40:30 - [MESSAGE][INFO] - Sale.ts: click on the Click on Login&#xD;
&#xD;
2019-10-30 11:40:30 - [MESSAGE][PASSED] - pages.Login.login is PASSED&#xD;
&#xD;
2019-10-30 11:40:30 - [TEST_STEP][PASSED] - callTestCase(findTestCase("FirstView/Login/TC_SendCode"), [:], STOP_ON_FAILURE): Call Test Case 'Test Cases/FirstView/Login/TC_SendCode' successfully&#xD;
&#xD;
2019-10-30 11:40:30 - [TEST_CASE][PASSED] - Test Cases/FirstView/Login/TC_SendCode: Test Cases/FirstView/Login/TC_SendCode&#xD;
&#xD;
2019-10-30 11:40:30 - [TEST_STEP][PASSED] - flag = pages.SendCode.verifyPage(): pages.SendCode.verifyPage is PASSED&#xD;
&#xD;
2019-10-30 11:40:31 - [MESSAGE][PASSED] - Object 'Object Repository/Pages/SendCodeToValidate/header_SendCodeToValidate' is present and visible in viewport&#xD;
&#xD;
2019-10-30 11:40:31 - [MESSAGE][PASSED] - pages.SendCode.verifyPage is PASSED&#xD;
&#xD;
2019-10-30 11:40:31 - [TEST_STEP][PASSED] - if (flag): pages.SendCode.clickonUserSettings is PASSED&#xD;
&#xD;
2019-10-30 11:40:31 - [TEST_STEP][PASSED] - pages.SendCode.clickonUserSettings(): pages.SendCode.clickonUserSettings is PASSED&#xD;
&#xD;
2019-10-30 11:40:31 - [MESSAGE][PASSED] - Object 'Object Repository/Pages/SendCodeToValidate/link_UserSettings' is present&#xD;
&#xD;
2019-10-30 11:40:31 - [MESSAGE][PASSED] - Object 'Object Repository/Pages/SendCodeToValidate/link_UserSettings' is visible&#xD;
&#xD;
2019-10-30 11:40:31 - [MESSAGE][INFO] - Sale.ts:waiting until Click on User Settings is Clickable&#xD;
&#xD;
2019-10-30 11:40:31 - [MESSAGE][PASSED] - Object 'Object Repository/Pages/SendCodeToValidate/link_UserSettings' is clickable&#xD;
&#xD;
2019-10-30 11:40:31 - [MESSAGE][PASSED] - Object 'Object Repository/Pages/SendCodeToValidate/link_UserSettings' is visible&#xD;
&#xD;
2019-10-30 11:40:39 - [MESSAGE][PASSED] - Object: 'Object Repository/Pages/SendCodeToValidate/link_UserSettings' is clicked on&#xD;
&#xD;
2019-10-30 11:40:39 - [MESSAGE][INFO] - Sale.ts: Clicked on the Click on User Settings&#xD;
&#xD;
2019-10-30 11:40:39 - [MESSAGE][PASSED] - pages.SendCode.clickonUserSettings is PASSED&#xD;
&#xD;
2019-10-30 11:40:39 - [MESSAGE][PASSED] - Call Test Case 'Test Cases/FirstView/Login/TC_SendCode' successfully&#xD;
&#xD;
2019-10-30 11:40:39 - [TEST_STEP][PASSED] - callTestCase(findTestCase("FirstView/Login/TC_FirstView"), [:], STOP_ON_FAILURE): Call Test Case 'Test Cases/FirstView/Login/TC_FirstView' successfully&#xD;
&#xD;
2019-10-30 11:40:39 - [TEST_CASE][PASSED] - Test Cases/FirstView/Login/TC_FirstView: Test Cases/FirstView/Login/TC_FirstView&#xD;
&#xD;
2019-10-30 11:40:39 - [TEST_STEP][NOT_RUN] - utilities.SafeActions.safeClickWithoutScroll(findTestObject("Pages/FirstView/link_Home"), "Click on Home button in First View screen", [PageLoadTime]): NOT_RUN: utilities.SafeActions.safeClickWithoutScroll(findTestObject("Pages/FirstView/link_Home"), "Click on Home button in First View screen", [PageLoadTime])&#xD;
&#xD;
2019-10-30 11:40:39 - [MESSAGE][NOT_RUN] - NOT_RUN: utilities.SafeActions.safeClickWithoutScroll(findTestObject("Pages/FirstView/link_Home"), "Click on Home button in First View screen", [PageLoadTime])&#xD;
&#xD;
2019-10-30 11:40:39 - [TEST_STEP][PASSED] - delay(3): Delayed 3 second(s)&#xD;
&#xD;
2019-10-30 11:40:42 - [MESSAGE][PASSED] - Delayed 3 second(s)&#xD;
&#xD;
2019-10-30 11:40:42 - [TEST_STEP][PASSED] - utilities.SafeActions.javascriptclick(findTestObject("Pages/FirstView/link_Home"), delayForElement): utilities.SafeActions.javascriptclick is PASSED&#xD;
&#xD;
2019-10-30 11:40:44 - [MESSAGE][PASSED] - utilities.SafeActions.javascriptclick is PASSED&#xD;
&#xD;
2019-10-30 11:40:44 - [TEST_STEP][PASSED] - utilities.SafeActions.safeClickWithoutScroll(findTestObject("Pages/FirstView/link_VPOS"), "Click on VPOS button in First View screen", [PageLoadTime]): utilities.SafeActions.safeClickWithoutScroll is PASSED&#xD;
&#xD;
2019-10-30 11:40:44 - [MESSAGE][INFO] - Safe Click Without scroll&#xD;
&#xD;
2019-10-30 11:40:44 - [MESSAGE][INFO] - Sale.ts:waiting until Click on VPOS button in First View screen is Clickable&#xD;
&#xD;
2019-10-30 11:40:44 - [MESSAGE][PASSED] - Object 'Object Repository/Pages/FirstView/link_VPOS' is clickable&#xD;
&#xD;
2019-10-30 11:40:45 - [MESSAGE][PASSED] - Object 'Object Repository/Pages/FirstView/link_VPOS' is visible&#xD;
&#xD;
2019-10-30 11:40:46 - [MESSAGE][PASSED] - Object: 'Object Repository/Pages/FirstView/link_VPOS' is clicked on&#xD;
&#xD;
2019-10-30 11:40:46 - [MESSAGE][INFO] - Sale.ts: click on the Click on VPOS button in First View screen&#xD;
&#xD;
2019-10-30 11:40:46 - [MESSAGE][PASSED] - utilities.SafeActions.safeClickWithoutScroll is PASSED&#xD;
&#xD;
2019-10-30 11:40:46 - [MESSAGE][PASSED] - Call Test Case 'Test Cases/FirstView/Login/TC_FirstView' successfully&#xD;
&#xD;
2019-10-30 11:40:46 - [TEST_STEP][PASSED] - switchToWindowTitle("Transcenter - VPOS"): Switched to window with title: 'Transcenter - VPOS'&#xD;
&#xD;
2019-10-30 11:40:57 - [MESSAGE][PASSED] - Switched to window with title: 'Transcenter - VPOS'&#xD;
&#xD;
2019-10-30 11:40:57 - [TEST_STEP][PASSED] - pages.Sale.verifyIfEntryModeIsChecked("Sale", "Manually Keyed", delayBetweenTestSteps): pages.Sale.verifyIfEntryModeIsChecked is PASSED&#xD;
&#xD;
2019-10-30 11:40:57 - [MESSAGE][PASSED] - Object '' is checked&#xD;
&#xD;
2019-10-30 11:40:57 - [MESSAGE][INFO] - The specified checkbox is checked&#xD;
&#xD;
2019-10-30 11:40:57 - [MESSAGE][PASSED] - pages.Sale.verifyIfEntryModeIsChecked is PASSED&#xD;
&#xD;
2019-10-30 11:40:57 - [TEST_STEP][PASSED] - scrollToElement(findTestObject("Pages/Sale/input_Amount"), PageLoadTime): Scroll to object 'Object Repository/Pages/Sale/input_Amount' successfully&#xD;
&#xD;
2019-10-30 11:40:58 - [MESSAGE][PASSED] - Scroll to object 'Object Repository/Pages/Sale/input_Amount' successfully&#xD;
&#xD;
2019-10-30 11:40:58 - [TEST_STEP][PASSED] - utilities.SafeActions.safeTypeUsingJavascript(findTestObject("Pages/Sale/input_Amount"), amount): utilities.SafeActions.safeTypeUsingJavascript is PASSED&#xD;
&#xD;
2019-10-30 11:40:58 - [MESSAGE][PASSED] - utilities.SafeActions.safeTypeUsingJavascript is PASSED&#xD;
&#xD;
2019-10-30 11:40:58 - [TEST_STEP][PASSED] - delay(2): Delayed 2 second(s)&#xD;
&#xD;
2019-10-30 11:41:00 - [MESSAGE][PASSED] - Delayed 2 second(s)&#xD;
&#xD;
2019-10-30 11:41:00 - [TEST_STEP][PASSED] - utilities.SafeActions.safeType(findTestObject("Pages/Sale/input_Amount"), amount, "Amount field", [delayForElement]): utilities.SafeActions.safeType is PASSED&#xD;
&#xD;
2019-10-30 11:41:01 - [MESSAGE][PASSED] - Object 'Object Repository/Pages/Sale/input_Amount' is present&#xD;
&#xD;
2019-10-30 11:41:02 - [MESSAGE][PASSED] - Scroll to object 'Object Repository/Pages/Sale/input_Amount' successfully&#xD;
&#xD;
2019-10-30 11:41:03 - [MESSAGE][PASSED] - Object 'Object Repository/Pages/Sale/input_Amount' is present&#xD;
&#xD;
2019-10-30 11:41:05 - [MESSAGE][PASSED] - Object: 'Object Repository/Pages/Sale/input_Amount' is clicked on&#xD;
&#xD;
2019-10-30 11:41:06 - [MESSAGE][PASSED] - Text '550' is set on object 'Object Repository/Pages/Sale/input_Amount'&#xD;
&#xD;
2019-10-30 11:41:06 - [MESSAGE][PASSED] - utilities.SafeActions.safeType is PASSED&#xD;
&#xD;
2019-10-30 11:41:06 - [TEST_STEP][NOT_RUN] - utilities.SafeActions.safeType(findTestObject("Pages/Sale/input_Amount"), amount, "Enter Amount into Amount text box", [PageLoadTime]): NOT_RUN: utilities.SafeActions.safeType(findTestObject("Pages/Sale/input_Amount"), amount, "Enter Amount into Amount text box", [PageLoadTime])&#xD;
&#xD;
2019-10-30 11:41:06 - [MESSAGE][NOT_RUN] - NOT_RUN: utilities.SafeActions.safeType(findTestObject("Pages/Sale/input_Amount"), amount, "Enter Amount into Amount text box", [PageLoadTime])&#xD;
&#xD;
2019-10-30 11:41:06 - [TEST_STEP][PASSED] - total_Amount = utilities.SafeActions.safeGetText(findTestObject("Pages/Sale/total_Amount"), PageLoadTime): utilities.SafeActions.safeGetText is PASSED&#xD;
&#xD;
2019-10-30 11:41:06 - [MESSAGE][PASSED] - Object 'Object Repository/Pages/Sale/total_Amount' is present&#xD;
&#xD;
2019-10-30 11:41:06 - [MESSAGE][PASSED] - Scroll to object 'Object Repository/Pages/Sale/total_Amount' successfully&#xD;
&#xD;
2019-10-30 11:41:06 - [MESSAGE][PASSED] - Object 'Object Repository/Pages/Sale/total_Amount' is present&#xD;
&#xD;
2019-10-30 11:41:07 - [MESSAGE][PASSED] - Text of object 'Object Repository/Pages/Sale/total_Amount' is: '$595.38'&#xD;
&#xD;
2019-10-30 11:41:07 - [MESSAGE][PASSED] - utilities.SafeActions.safeGetText is PASSED&#xD;
&#xD;
2019-10-30 11:41:07 - [TEST_STEP][PASSED] - scrollToElement(findTestObject("Pages/Sale/dropDown_ExpirationMonth"), PageLoadTime): Scroll to object 'Object Repository/Pages/Sale/dropDown_ExpirationMonth' successfully&#xD;
&#xD;
2019-10-30 11:41:09 - [MESSAGE][PASSED] - Scroll to object 'Object Repository/Pages/Sale/dropDown_ExpirationMonth' successfully&#xD;
&#xD;
2019-10-30 11:41:09 - [TEST_STEP][PASSED] - pages.Sale.verifyIfEntryModeIsChecked("Sale", "Card Not Present", delayBetweenTestSteps): pages.Sale.verifyIfEntryModeIsChecked is PASSED&#xD;
&#xD;
2019-10-30 11:41:10 - [MESSAGE][PASSED] - Object '' is checked&#xD;
&#xD;
2019-10-30 11:41:10 - [MESSAGE][INFO] - The specified checkbox is checked&#xD;
&#xD;
2019-10-30 11:41:10 - [MESSAGE][PASSED] - pages.Sale.verifyIfEntryModeIsChecked is PASSED&#xD;
&#xD;
2019-10-30 11:41:10 - [TEST_STEP][PASSED] - utilities.SafeActions.safeType(findTestObject("Pages/Sale/input_CardNumber"), visaCardNumber, "Entering Card Number", [PageLoadTime]): utilities.SafeActions.safeType is PASSED&#xD;
&#xD;
2019-10-30 11:41:10 - [MESSAGE][PASSED] - Object 'Object Repository/Pages/Sale/input_CardNumber' is present&#xD;
&#xD;
2019-10-30 11:41:12 - [MESSAGE][PASSED] - Scroll to object 'Object Repository/Pages/Sale/input_CardNumber' successfully&#xD;
&#xD;
2019-10-30 11:41:12 - [MESSAGE][PASSED] - Object 'Object Repository/Pages/Sale/input_CardNumber' is present&#xD;
&#xD;
2019-10-30 11:41:15 - [MESSAGE][PASSED] - Object: 'Object Repository/Pages/Sale/input_CardNumber' is clicked on&#xD;
&#xD;
2019-10-30 11:41:16 - [MESSAGE][PASSED] - Text '4111111111111111' is set on object 'Object Repository/Pages/Sale/input_CardNumber'&#xD;
&#xD;
2019-10-30 11:41:16 - [MESSAGE][PASSED] - utilities.SafeActions.safeType is PASSED&#xD;
&#xD;
2019-10-30 11:41:16 - [TEST_STEP][PASSED] - utilities.SafeActions.safeSelectOptionInDropDownByVisibleText(findTestObject("Pages/Sale/dropDown_ExpirationMonth"), cardMonth, "Enter Expiration Month", [PageLoadTime]): utilities.SafeActions.safeSelectOptionInDropDownByVisibleText is PASSED&#xD;
&#xD;
2019-10-30 11:41:17 - [MESSAGE][PASSED] - Object 'Object Repository/Pages/Sale/dropDown_ExpirationMonth' is visible&#xD;
&#xD;
2019-10-30 11:41:17 - [MESSAGE][PASSED] - Object 'Object Repository/Pages/Sale/dropDown_ExpirationMonth' is present&#xD;
&#xD;
2019-10-30 11:41:18 - [MESSAGE][PASSED] - Object: 'Object Repository/Pages/Sale/dropDown_ExpirationMonth' is clicked on&#xD;
&#xD;
2019-10-30 11:41:18 - [MESSAGE][PASSED] - All options with label 'September' are selected in object 'Object Repository/Pages/Sale/dropDown_ExpirationMonth' &#xD;
&#xD;
2019-10-30 11:41:18 - [MESSAGE][PASSED] - utilities.SafeActions.safeSelectOptionInDropDownByVisibleText is PASSED&#xD;
&#xD;
2019-10-30 11:41:18 - [TEST_STEP][PASSED] - utilities.SafeActions.safeSelectOptionInDropDownByVisibleText(findTestObject("Pages/Sale/dropDown_ExpirationYear"), cardYear, "Enter Expiration Year", [PageLoadTime]): utilities.SafeActions.safeSelectOptionInDropDownByVisibleText is PASSED&#xD;
&#xD;
2019-10-30 11:41:19 - [MESSAGE][PASSED] - Object 'Object Repository/Pages/Sale/dropDown_ExpirationYear' is visible&#xD;
&#xD;
2019-10-30 11:41:19 - [MESSAGE][PASSED] - Object 'Object Repository/Pages/Sale/dropDown_ExpirationYear' is present&#xD;
&#xD;
2019-10-30 11:41:21 - [MESSAGE][PASSED] - Object: 'Object Repository/Pages/Sale/dropDown_ExpirationYear' is clicked on&#xD;
&#xD;
2019-10-30 11:41:21 - [MESSAGE][PASSED] - All options with label '2023' are selected in object 'Object Repository/Pages/Sale/dropDown_ExpirationYear' &#xD;
&#xD;
2019-10-30 11:41:21 - [MESSAGE][PASSED] - utilities.SafeActions.safeSelectOptionInDropDownByVisibleText is PASSED&#xD;
&#xD;
2019-10-30 11:41:21 - [TEST_STEP][PASSED] - scrollToElement(findTestObject("Pages/Sale/input_CustomerName"), PageLoadTime): Scroll to object 'Object Repository/Pages/Sale/input_CustomerName' successfully&#xD;
&#xD;
2019-10-30 11:41:21 - [MESSAGE][PASSED] - Scroll to object 'Object Repository/Pages/Sale/input_CustomerName' successfully&#xD;
&#xD;
2019-10-30 11:41:21 - [TEST_STEP][PASSED] - utilities.SafeActions.safeType(findTestObject("Pages/Sale/input_CustomerName"), customerName, "Enter Customer Name", [PageLoadTime]): utilities.SafeActions.safeType is PASSED&#xD;
&#xD;
2019-10-30 11:41:22 - [MESSAGE][PASSED] - Object 'Object Repository/Pages/Sale/input_CustomerName' is present&#xD;
&#xD;
2019-10-30 11:41:22 - [MESSAGE][PASSED] - Scroll to object 'Object Repository/Pages/Sale/input_CustomerName' successfully&#xD;
&#xD;
2019-10-30 11:41:22 - [MESSAGE][PASSED] - Object 'Object Repository/Pages/Sale/input_CustomerName' is present&#xD;
&#xD;
2019-10-30 11:41:24 - [MESSAGE][PASSED] - Object: 'Object Repository/Pages/Sale/input_CustomerName' is clicked on&#xD;
&#xD;
2019-10-30 11:41:26 - [MESSAGE][PASSED] - Text 'Venkata Sai' is set on object 'Object Repository/Pages/Sale/input_CustomerName'&#xD;
&#xD;
2019-10-30 11:41:26 - [MESSAGE][PASSED] - utilities.SafeActions.safeType is PASSED&#xD;
&#xD;
2019-10-30 11:41:26 - [TEST_STEP][PASSED] - utilities.SafeActions.safeType(findTestObject("Pages/Sale/input_Address"), address, "Enter Address", [PageLoadTime]): utilities.SafeActions.safeType is PASSED&#xD;
&#xD;
2019-10-30 11:41:26 - [MESSAGE][PASSED] - Object 'Object Repository/Pages/Sale/input_Address' is present&#xD;
&#xD;
2019-10-30 11:41:26 - [MESSAGE][PASSED] - Scroll to object 'Object Repository/Pages/Sale/input_Address' successfully&#xD;
&#xD;
2019-10-30 11:41:27 - [MESSAGE][PASSED] - Object 'Object Repository/Pages/Sale/input_Address' is present&#xD;
&#xD;
2019-10-30 11:41:28 - [MESSAGE][PASSED] - Object: 'Object Repository/Pages/Sale/input_Address' is clicked on&#xD;
&#xD;
2019-10-30 11:41:29 - [MESSAGE][PASSED] - Text 'Street123' is set on object 'Object Repository/Pages/Sale/input_Address'&#xD;
&#xD;
2019-10-30 11:41:29 - [MESSAGE][PASSED] - utilities.SafeActions.safeType is PASSED&#xD;
&#xD;
2019-10-30 11:41:29 - [TEST_STEP][PASSED] - utilities.SafeActions.safeType(findTestObject("Pages/Sale/input_PostalCode"), postalCode, "Enter Postal Code", [PageLoadTime]): utilities.SafeActions.safeType is PASSED&#xD;
&#xD;
2019-10-30 11:41:29 - [MESSAGE][PASSED] - Object 'Object Repository/Pages/Sale/input_PostalCode' is present&#xD;
&#xD;
2019-10-30 11:41:29 - [MESSAGE][PASSED] - Scroll to object 'Object Repository/Pages/Sale/input_PostalCode' successfully&#xD;
&#xD;
2019-10-30 11:41:29 - [MESSAGE][PASSED] - Object 'Object Repository/Pages/Sale/input_PostalCode' is present&#xD;
&#xD;
2019-10-30 11:41:31 - [MESSAGE][PASSED] - Object: 'Object Repository/Pages/Sale/input_PostalCode' is clicked on&#xD;
&#xD;
2019-10-30 11:41:36 - [MESSAGE][PASSED] - Text '76102' is set on object 'Object Repository/Pages/Sale/input_PostalCode'&#xD;
&#xD;
2019-10-30 11:41:36 - [MESSAGE][PASSED] - utilities.SafeActions.safeType is PASSED&#xD;
&#xD;
2019-10-30 11:41:36 - [TEST_STEP][PASSED] - scrollToElement(findTestObject("Pages/Sale/invoiceNumber"), PageLoadTime): Scroll to object 'Object Repository/Pages/Sale/invoiceNumber' successfully&#xD;
&#xD;
2019-10-30 11:41:37 - [MESSAGE][PASSED] - Scroll to object 'Object Repository/Pages/Sale/invoiceNumber' successfully&#xD;
&#xD;
2019-10-30 11:41:37 - [TEST_STEP][PASSED] - invoiceNumber = utilities.SafeActions.safeGetText(findTestObject("Pages/Sale/invoiceNumber"), PageLoadTime): utilities.SafeActions.safeGetText is PASSED&#xD;
&#xD;
2019-10-30 11:41:37 - [MESSAGE][PASSED] - Object 'Object Repository/Pages/Sale/invoiceNumber' is present&#xD;
&#xD;
2019-10-30 11:41:38 - [MESSAGE][PASSED] - Scroll to object 'Object Repository/Pages/Sale/invoiceNumber' successfully&#xD;
&#xD;
2019-10-30 11:41:38 - [MESSAGE][PASSED] - Object 'Object Repository/Pages/Sale/invoiceNumber' is present&#xD;
&#xD;
2019-10-30 11:41:39 - [MESSAGE][PASSED] - Text of object 'Object Repository/Pages/Sale/invoiceNumber' is: '15724392578901'&#xD;
&#xD;
2019-10-30 11:41:39 - [MESSAGE][PASSED] - utilities.SafeActions.safeGetText is PASSED&#xD;
&#xD;
2019-10-30 11:41:39 - [TEST_STEP][PASSED] - utilities.SafeActions.safeClickwithScroll(findTestObject("Pages/Sale/button_Checkout"), "Click on Checkout button", [PageLoadTime]): utilities.SafeActions.safeClickwithScroll is PASSED&#xD;
&#xD;
2019-10-30 11:41:40 - [MESSAGE][PASSED] - Object 'Object Repository/Pages/Sale/button_Checkout' is present&#xD;
&#xD;
2019-10-30 11:41:40 - [MESSAGE][PASSED] - Object 'Object Repository/Pages/Sale/button_Checkout' is visible&#xD;
&#xD;
2019-10-30 11:41:40 - [MESSAGE][INFO] - Sale.ts:waiting until Click on Checkout button is Clickable&#xD;
&#xD;
2019-10-30 11:41:40 - [MESSAGE][PASSED] - Object 'Object Repository/Pages/Sale/button_Checkout' is clickable&#xD;
&#xD;
2019-10-30 11:41:40 - [MESSAGE][PASSED] - Object 'Object Repository/Pages/Sale/button_Checkout' is visible&#xD;
&#xD;
2019-10-30 11:41:41 - [MESSAGE][PASSED] - Object: 'Object Repository/Pages/Sale/button_Checkout' is clicked on&#xD;
&#xD;
2019-10-30 11:41:41 - [MESSAGE][INFO] - Sale.ts: Clicked on the Click on Checkout button&#xD;
&#xD;
2019-10-30 11:41:41 - [MESSAGE][PASSED] - utilities.SafeActions.safeClickwithScroll is PASSED&#xD;
&#xD;
2019-10-30 11:41:41 - [TEST_STEP][PASSED] - pages.Sale.verifyTransactionCompletePage(findTestObject("Pages/Sale/heading_TransactionComplete")): The screen is Transaction Complete screen&#xD;
&#xD;
2019-10-30 11:41:42 - [MESSAGE][PASSED] - Object 'Object Repository/Pages/Sale/heading_TransactionComplete' is present&#xD;
&#xD;
2019-10-30 11:41:43 - [MESSAGE][PASSED] - The screen is Transaction Complete screen&#xD;
&#xD;
2019-10-30 11:41:43 - [TEST_STEP][PASSED] - utilities.SafeActions.safeClickWithoutScroll(findTestObject("Pages/Sale/button_ReturnToSale"), "Click on Return To Sale", [PageLoadTime]): utilities.SafeActions.safeClickWithoutScroll is PASSED&#xD;
&#xD;
2019-10-30 11:41:43 - [MESSAGE][INFO] - Safe Click Without scroll&#xD;
&#xD;
2019-10-30 11:41:43 - [MESSAGE][INFO] - Sale.ts:waiting until Click on Return To Sale is Clickable&#xD;
&#xD;
2019-10-30 11:41:45 - [MESSAGE][PASSED] - Object 'Object Repository/Pages/Sale/button_ReturnToSale' is clickable&#xD;
&#xD;
2019-10-30 11:41:47 - [MESSAGE][PASSED] - Object 'Object Repository/Pages/Sale/button_ReturnToSale' is visible&#xD;
&#xD;
2019-10-30 11:41:49 - [MESSAGE][PASSED] - Object: 'Object Repository/Pages/Sale/button_ReturnToSale' is clicked on&#xD;
&#xD;
2019-10-30 11:41:49 - [MESSAGE][INFO] - Sale.ts: click on the Click on Return To Sale&#xD;
&#xD;
2019-10-30 11:41:49 - [MESSAGE][PASSED] - utilities.SafeActions.safeClickWithoutScroll is PASSED&#xD;
&#xD;
2019-10-30 11:41:49 - [TEST_STEP][PASSED] - utilities.SafeActions.safeClickWithoutScroll(findTestObject("Pages/Transaction_Management/tab_TransactionManagement"), "Transaction Management Tab", [PageLoadTime]): utilities.SafeActions.safeClickWithoutScroll is PASSED&#xD;
&#xD;
2019-10-30 11:41:49 - [MESSAGE][INFO] - Safe Click Without scroll&#xD;
&#xD;
2019-10-30 11:41:49 - [MESSAGE][INFO] - Sale.ts:waiting until Transaction Management Tab is Clickable&#xD;
&#xD;
2019-10-30 11:41:50 - [MESSAGE][PASSED] - Object 'Object Repository/Pages/Transaction_Management/tab_TransactionManagement' is clickable&#xD;
&#xD;
2019-10-30 11:41:50 - [MESSAGE][PASSED] - Object 'Object Repository/Pages/Transaction_Management/tab_TransactionManagement' is visible&#xD;
&#xD;
2019-10-30 11:41:51 - [MESSAGE][PASSED] - Object: 'Object Repository/Pages/Transaction_Management/tab_TransactionManagement' is clicked on&#xD;
&#xD;
2019-10-30 11:41:51 - [MESSAGE][INFO] - Sale.ts: click on the Transaction Management Tab&#xD;
&#xD;
2019-10-30 11:41:51 - [MESSAGE][PASSED] - utilities.SafeActions.safeClickWithoutScroll is PASSED&#xD;
&#xD;
2019-10-30 11:41:51 - [TEST_STEP][PASSED] - utilities.SafeActions.safeClickwithScroll(findTestObject("Pages/Transaction_Management/button_Search"), "Search", [PageLoadTime]): utilities.SafeActions.safeClickwithScroll is PASSED&#xD;
&#xD;
2019-10-30 11:41:51 - [MESSAGE][PASSED] - Object 'Object Repository/Pages/Transaction_Management/button_Search' is present&#xD;
&#xD;
2019-10-30 11:41:51 - [MESSAGE][PASSED] - Object 'Object Repository/Pages/Transaction_Management/button_Search' is visible&#xD;
&#xD;
2019-10-30 11:41:51 - [MESSAGE][INFO] - Sale.ts:waiting until Search is Clickable&#xD;
&#xD;
2019-10-30 11:41:51 - [MESSAGE][PASSED] - Object 'Object Repository/Pages/Transaction_Management/button_Search' is clickable&#xD;
&#xD;
2019-10-30 11:41:52 - [MESSAGE][PASSED] - Object 'Object Repository/Pages/Transaction_Management/button_Search' is visible&#xD;
&#xD;
2019-10-30 11:41:53 - [MESSAGE][PASSED] - Object: 'Object Repository/Pages/Transaction_Management/button_Search' is clicked on&#xD;
&#xD;
2019-10-30 11:41:53 - [MESSAGE][INFO] - Sale.ts: Clicked on the Search&#xD;
&#xD;
2019-10-30 11:41:53 - [MESSAGE][PASSED] - utilities.SafeActions.safeClickwithScroll is PASSED&#xD;
&#xD;
2019-10-30 11:41:53 - [TEST_STEP][PASSED] - scrollToElement(findTestObject("Pages/Transaction_Management/invoice_ForTransaction"), PageLoadTime): Scroll to object 'Object Repository/Pages/Transaction_Management/invoice_ForTransaction' successfully&#xD;
&#xD;
2019-10-30 11:41:54 - [MESSAGE][PASSED] - Scroll to object 'Object Repository/Pages/Transaction_Management/invoice_ForTransaction' successfully&#xD;
&#xD;
2019-10-30 11:41:54 - [TEST_STEP][PASSED] - pages.Transaction_Management.verifyInvoiceRecord(findTestObject("Pages/Transaction_Management/footer_NextButton"), findTestObject("Pages/Transaction_Management/page_Number"), invoiceNumber, total_Amount): The Transaction is found in page 1&#xD;
&#xD;
2019-10-30 11:42:01 - [MESSAGE][PASSED] - Text of object 'Object Repository/Pages/Transaction_Management/page_Number' is: 'Page 1 of 37'&#xD;
&#xD;
2019-10-30 11:42:05 - [MESSAGE][PASSED] - The Transaction is found in page 1&#xD;
&#xD;
2019-10-30 11:42:05 - [TEST_STEP][PASSED] - closeBrowser(): Browser is closed&#xD;
&#xD;
2019-10-30 11:42:46 - [MESSAGE][PASSED] - Browser is closed&#xD;
&#xD;
2019-10-30 11:42:46 - [TEST_STEP][PASSED] - Start listener action : sampleAfterTestCase: null&#xD;
&#xD;
2019-10-30 11:42:46 - [TEST_STEP][PASSED] - println(testCaseContext.getTestCaseId()): null&#xD;
&#xD;
2019-10-30 11:42:46 - [TEST_STEP][PASSED] - println(testCaseContext.getTestCaseStatus()): null&#xD;
&#xD;
2019-10-30 11:42:46 - [TEST_STEP][PASSED] - testCaseName = testCaseContext.getTestCaseId(): null&#xD;
&#xD;
2019-10-30 11:42:46 - [TEST_STEP][PASSED] - strCount = testCaseName.lastIndexOf("/"): null&#xD;
&#xD;
2019-10-30 11:42:46 - [TEST_STEP][PASSED] - testCaseName = testCaseName.substring(strCount): null&#xD;
&#xD;
2019-10-30 11:42:46 - [TEST_STEP][PASSED] - println(testCaseName): null&#xD;
&#xD;
2019-10-30 11:42:46 - [TEST_STEP][PASSED] - if (getTestCaseStatus().equalsIgnoreCase("Error")): null&#xD;
&#xD;
2019-10-30 11:42:46 - [TEST_STEP][PASSED] - Start listener action : sampleAfterTestCase: null</system-out>
            <system-err></system-err>
        </testcase>
        <testcase name="Test Cases/FirstView/Sale/TC_Sales_006" classname="Test Cases/FirstView/Sale/TC_Sales_006" status="PASSED">
            <system-out>2019-10-30 11:42:46 - [TEST_CASE][PASSED] - Test Cases/FirstView/Sale/TC_Sales_006: Test Cases/FirstView/Sale/TC_Sales_006&#xD;
&#xD;
2019-10-30 11:42:46 - [TEST_STEP][PASSED] - Start listener action : sampleBeforeTestCase: null&#xD;
&#xD;
2019-10-30 11:42:46 - [TEST_STEP][PASSED] - println(testCaseContext.getTestCaseId()): null&#xD;
&#xD;
2019-10-30 11:42:46 - [TEST_STEP][PASSED] - println(testCaseContext.getTestCaseVariables()): null&#xD;
&#xD;
2019-10-30 11:42:46 - [TEST_STEP][NOT_RUN] - utilities.SafeActions.openBrowser(Old_URL, [PageLoadTime]): NOT_RUN: utilities.SafeActions.openBrowser(Old_URL, [PageLoadTime])&#xD;
&#xD;
2019-10-30 11:42:46 - [MESSAGE][NOT_RUN] - NOT_RUN: utilities.SafeActions.openBrowser(Old_URL, [PageLoadTime])&#xD;
&#xD;
2019-10-30 11:42:46 - [TEST_STEP][NOT_RUN] - delay(6): NOT_RUN: delay(6)&#xD;
&#xD;
2019-10-30 11:42:46 - [MESSAGE][NOT_RUN] - NOT_RUN: delay(6)&#xD;
&#xD;
2019-10-30 11:42:46 - [TEST_STEP][NOT_RUN] - utilities.SafeActions.safeSelectOptionInDropDownByVisibleText(findTestObject("Pages/Sale/dropDown_AccountType"), "ranjanatest2 - 888814981372/003 Account Type: Moto", "Select by Value", [25]): NOT_RUN: utilities.SafeActions.safeSelectOptionInDropDownByVisibleText(findTestObject("Pages/Sale/dropDown_AccountType"), "ranjanatest2 - 888814981372/003 Account Type: Moto", "Select by Value", [25])&#xD;
&#xD;
2019-10-30 11:42:46 - [MESSAGE][NOT_RUN] - NOT_RUN: utilities.SafeActions.safeSelectOptionInDropDownByVisibleText(findTestObject("Pages/Sale/dropDown_AccountType"), "ranjanatest2 - 888814981372/003 Account Type: Moto", "Select by Value", [25])&#xD;
&#xD;
2019-10-30 11:42:46 - [TEST_STEP][NOT_RUN] - delay(3): NOT_RUN: delay(3)&#xD;
&#xD;
2019-10-30 11:42:46 - [MESSAGE][NOT_RUN] - NOT_RUN: delay(3)&#xD;
&#xD;
2019-10-30 11:42:46 - [TEST_STEP][PASSED] - utilities.SafeActions.openBrowser(URL, [PageLoadTime]): utilities.SafeActions.openBrowser is PASSED&#xD;
&#xD;
2019-10-30 11:42:46 - [MESSAGE][INFO] - Opening Browser&#xD;
&#xD;
2019-10-30 11:42:46 - [MESSAGE][INFO] - Starting 'Chrome' driver&#xD;
&#xD;
2019-10-30 11:42:57 - [MESSAGE][PASSED] - Browser is opened with url: 'https://q-www-firstview-net.faps.net/MVC/Account/Login'&#xD;
&#xD;
2019-10-30 11:43:02 - [MESSAGE][PASSED] - Current window maximized&#xD;
&#xD;
2019-10-30 11:43:02 - [MESSAGE][INFO] - Browser Launched Successfully&#xD;
&#xD;
2019-10-30 11:43:02 - [MESSAGE][PASSED] - utilities.SafeActions.openBrowser is PASSED&#xD;
&#xD;
2019-10-30 11:43:02 - [TEST_STEP][PASSED] - pages.Login.login(uName, password): pages.Login.login is PASSED&#xD;
&#xD;
2019-10-30 11:43:02 - [MESSAGE][PASSED] - Object 'Object Repository/Pages/Login/userName' is present&#xD;
&#xD;
2019-10-30 11:43:02 - [MESSAGE][PASSED] - Scroll to object 'Object Repository/Pages/Login/userName' successfully&#xD;
&#xD;
2019-10-30 11:43:02 - [MESSAGE][PASSED] - Object 'Object Repository/Pages/Login/userName' is present&#xD;
&#xD;
2019-10-30 11:43:03 - [MESSAGE][PASSED] - Object: 'Object Repository/Pages/Login/userName' is clicked on&#xD;
&#xD;
2019-10-30 11:43:07 - [MESSAGE][PASSED] - Text 'ZenQMoto' is set on object 'Object Repository/Pages/Login/userName'&#xD;
&#xD;
2019-10-30 11:43:08 - [MESSAGE][PASSED] - Object 'Object Repository/Pages/Login/password' is present&#xD;
&#xD;
2019-10-30 11:43:08 - [MESSAGE][PASSED] - Scroll to object 'Object Repository/Pages/Login/password' successfully&#xD;
&#xD;
2019-10-30 11:43:08 - [MESSAGE][PASSED] - Object 'Object Repository/Pages/Login/password' is present&#xD;
&#xD;
2019-10-30 11:43:09 - [MESSAGE][PASSED] - Object: 'Object Repository/Pages/Login/password' is clicked on&#xD;
&#xD;
2019-10-30 11:43:10 - [MESSAGE][PASSED] - Text 'P@ssword1' is set on object 'Object Repository/Pages/Login/password'&#xD;
&#xD;
2019-10-30 11:43:10 - [MESSAGE][INFO] - Safe Click Without scroll&#xD;
&#xD;
2019-10-30 11:43:10 - [MESSAGE][INFO] - Sale.ts:waiting until Click on Login is Clickable&#xD;
&#xD;
2019-10-30 11:43:10 - [MESSAGE][PASSED] - Object 'Object Repository/Pages/Login/login' is clickable&#xD;
&#xD;
2019-10-30 11:43:10 - [MESSAGE][PASSED] - Object 'Object Repository/Pages/Login/login' is visible&#xD;
&#xD;
2019-10-30 11:43:15 - [MESSAGE][PASSED] - Object: 'Object Repository/Pages/Login/login' is clicked on&#xD;
&#xD;
2019-10-30 11:43:15 - [MESSAGE][INFO] - Sale.ts: click on the Click on Login&#xD;
&#xD;
2019-10-30 11:43:15 - [MESSAGE][PASSED] - pages.Login.login is PASSED&#xD;
&#xD;
2019-10-30 11:43:15 - [TEST_STEP][PASSED] - callTestCase(findTestCase("FirstView/Login/TC_SendCode"), [:], STOP_ON_FAILURE): Call Test Case 'Test Cases/FirstView/Login/TC_SendCode' successfully&#xD;
&#xD;
2019-10-30 11:43:15 - [TEST_CASE][PASSED] - Test Cases/FirstView/Login/TC_SendCode: Test Cases/FirstView/Login/TC_SendCode&#xD;
&#xD;
2019-10-30 11:43:15 - [TEST_STEP][PASSED] - flag = pages.SendCode.verifyPage(): pages.SendCode.verifyPage is PASSED&#xD;
&#xD;
2019-10-30 11:43:18 - [MESSAGE][PASSED] - Object 'Object Repository/Pages/SendCodeToValidate/header_SendCodeToValidate' is present and visible in viewport&#xD;
&#xD;
2019-10-30 11:43:18 - [MESSAGE][PASSED] - pages.SendCode.verifyPage is PASSED&#xD;
&#xD;
2019-10-30 11:43:18 - [TEST_STEP][PASSED] - if (flag): pages.SendCode.clickonUserSettings is PASSED&#xD;
&#xD;
2019-10-30 11:43:18 - [TEST_STEP][PASSED] - pages.SendCode.clickonUserSettings(): pages.SendCode.clickonUserSettings is PASSED&#xD;
&#xD;
2019-10-30 11:43:18 - [MESSAGE][PASSED] - Object 'Object Repository/Pages/SendCodeToValidate/link_UserSettings' is present&#xD;
&#xD;
2019-10-30 11:43:19 - [MESSAGE][PASSED] - Object 'Object Repository/Pages/SendCodeToValidate/link_UserSettings' is visible&#xD;
&#xD;
2019-10-30 11:43:19 - [MESSAGE][INFO] - Sale.ts:waiting until Click on User Settings is Clickable&#xD;
&#xD;
2019-10-30 11:43:19 - [MESSAGE][PASSED] - Object 'Object Repository/Pages/SendCodeToValidate/link_UserSettings' is clickable&#xD;
&#xD;
2019-10-30 11:43:19 - [MESSAGE][PASSED] - Object 'Object Repository/Pages/SendCodeToValidate/link_UserSettings' is visible&#xD;
&#xD;
2019-10-30 11:43:24 - [MESSAGE][PASSED] - Object: 'Object Repository/Pages/SendCodeToValidate/link_UserSettings' is clicked on&#xD;
&#xD;
2019-10-30 11:43:24 - [MESSAGE][INFO] - Sale.ts: Clicked on the Click on User Settings&#xD;
&#xD;
2019-10-30 11:43:24 - [MESSAGE][PASSED] - pages.SendCode.clickonUserSettings is PASSED&#xD;
&#xD;
2019-10-30 11:43:24 - [MESSAGE][PASSED] - Call Test Case 'Test Cases/FirstView/Login/TC_SendCode' successfully&#xD;
&#xD;
2019-10-30 11:43:24 - [TEST_STEP][PASSED] - utilities.SafeActions.javascriptclick(findTestObject("Pages/FirstView/link_Home"), delayForElement): utilities.SafeActions.javascriptclick is PASSED&#xD;
&#xD;
2019-10-30 11:43:43 - [MESSAGE][PASSED] - utilities.SafeActions.javascriptclick is PASSED&#xD;
&#xD;
2019-10-30 11:43:43 - [TEST_STEP][PASSED] - switchToWindowTitle("Transcenter - VPOS"): Switched to window with title: 'Transcenter - VPOS'&#xD;
&#xD;
2019-10-30 11:43:45 - [MESSAGE][PASSED] - Switched to window with title: 'Transcenter - VPOS'&#xD;
&#xD;
2019-10-30 11:43:45 - [TEST_STEP][PASSED] - pages.Sale.verifyIfEntryModeIsChecked("Sale", "Manually Keyed", delayBetweenTestSteps): pages.Sale.verifyIfEntryModeIsChecked is PASSED&#xD;
&#xD;
2019-10-30 11:43:46 - [MESSAGE][PASSED] - Object '' is checked&#xD;
&#xD;
2019-10-30 11:43:46 - [MESSAGE][INFO] - The specified checkbox is checked&#xD;
&#xD;
2019-10-30 11:43:46 - [MESSAGE][PASSED] - pages.Sale.verifyIfEntryModeIsChecked is PASSED&#xD;
&#xD;
2019-10-30 11:43:46 - [TEST_STEP][PASSED] - scrollToElement(findTestObject("Pages/Sale/input_Amount"), PageLoadTime): Scroll to object 'Object Repository/Pages/Sale/input_Amount' successfully&#xD;
&#xD;
2019-10-30 11:43:46 - [MESSAGE][PASSED] - Scroll to object 'Object Repository/Pages/Sale/input_Amount' successfully&#xD;
&#xD;
2019-10-30 11:43:46 - [TEST_STEP][PASSED] - utilities.SafeActions.safeTypeUsingJavascript(findTestObject("Pages/Sale/input_Amount"), amount): utilities.SafeActions.safeTypeUsingJavascript is PASSED&#xD;
&#xD;
2019-10-30 11:43:46 - [MESSAGE][PASSED] - utilities.SafeActions.safeTypeUsingJavascript is PASSED&#xD;
&#xD;
2019-10-30 11:43:46 - [TEST_STEP][PASSED] - delay(2): Delayed 2 second(s)&#xD;
&#xD;
2019-10-30 11:43:48 - [MESSAGE][PASSED] - Delayed 2 second(s)&#xD;
&#xD;
2019-10-30 11:43:48 - [TEST_STEP][PASSED] - utilities.SafeActions.safeType(findTestObject("Pages/Sale/input_Amount"), amount, "Amount field", [delayForElement]): utilities.SafeActions.safeType is PASSED&#xD;
&#xD;
2019-10-30 11:43:48 - [MESSAGE][PASSED] - Object 'Object Repository/Pages/Sale/input_Amount' is present&#xD;
&#xD;
2019-10-30 11:43:48 - [MESSAGE][PASSED] - Scroll to object 'Object Repository/Pages/Sale/input_Amount' successfully&#xD;
&#xD;
2019-10-30 11:43:48 - [MESSAGE][PASSED] - Object 'Object Repository/Pages/Sale/input_Amount' is present&#xD;
&#xD;
2019-10-30 11:43:50 - [MESSAGE][PASSED] - Object: 'Object Repository/Pages/Sale/input_Amount' is clicked on&#xD;
&#xD;
2019-10-30 11:43:52 - [MESSAGE][PASSED] - Text '450' is set on object 'Object Repository/Pages/Sale/input_Amount'&#xD;
&#xD;
2019-10-30 11:43:52 - [MESSAGE][PASSED] - utilities.SafeActions.safeType is PASSED&#xD;
&#xD;
2019-10-30 11:43:52 - [TEST_STEP][NOT_RUN] - utilities.SafeActions.safeType(findTestObject("Pages/Sale/input_Amount"), amount, "Enter Amount into Amount text box", [PageLoadTime]): NOT_RUN: utilities.SafeActions.safeType(findTestObject("Pages/Sale/input_Amount"), amount, "Enter Amount into Amount text box", [PageLoadTime])&#xD;
&#xD;
2019-10-30 11:43:52 - [MESSAGE][NOT_RUN] - NOT_RUN: utilities.SafeActions.safeType(findTestObject("Pages/Sale/input_Amount"), amount, "Enter Amount into Amount text box", [PageLoadTime])&#xD;
&#xD;
2019-10-30 11:43:52 - [TEST_STEP][PASSED] - scrollToElement(findTestObject("Pages/Sale/dropDown_ExpirationMonth"), PageLoadTime): Scroll to object 'Object Repository/Pages/Sale/dropDown_ExpirationMonth' successfully&#xD;
&#xD;
2019-10-30 11:43:52 - [MESSAGE][PASSED] - Scroll to object 'Object Repository/Pages/Sale/dropDown_ExpirationMonth' successfully&#xD;
&#xD;
2019-10-30 11:43:52 - [TEST_STEP][PASSED] - pages.Sale.verifyIfEntryModeIsChecked("Sale", "Card Not Present", delayBetweenTestSteps): pages.Sale.verifyIfEntryModeIsChecked is PASSED&#xD;
&#xD;
2019-10-30 11:43:52 - [MESSAGE][PASSED] - Object '' is checked&#xD;
&#xD;
2019-10-30 11:43:52 - [MESSAGE][INFO] - The specified checkbox is checked&#xD;
&#xD;
2019-10-30 11:43:52 - [MESSAGE][PASSED] - pages.Sale.verifyIfEntryModeIsChecked is PASSED&#xD;
&#xD;
2019-10-30 11:43:52 - [TEST_STEP][PASSED] - utilities.SafeActions.safeType(findTestObject("Pages/Sale/input_CardNumber"), visaCardNumber, "Entering Card Number", [PageLoadTime]): utilities.SafeActions.safeType is PASSED&#xD;
&#xD;
2019-10-30 11:43:53 - [MESSAGE][PASSED] - Object 'Object Repository/Pages/Sale/input_CardNumber' is present&#xD;
&#xD;
2019-10-30 11:43:53 - [MESSAGE][PASSED] - Scroll to object 'Object Repository/Pages/Sale/input_CardNumber' successfully&#xD;
&#xD;
2019-10-30 11:43:53 - [MESSAGE][PASSED] - Object 'Object Repository/Pages/Sale/input_CardNumber' is present&#xD;
&#xD;
2019-10-30 11:44:05 - [MESSAGE][PASSED] - Object: 'Object Repository/Pages/Sale/input_CardNumber' is clicked on&#xD;
&#xD;
2019-10-30 11:44:12 - [MESSAGE][PASSED] - Text '4111111111111111' is set on object 'Object Repository/Pages/Sale/input_CardNumber'&#xD;
&#xD;
2019-10-30 11:44:12 - [MESSAGE][PASSED] - utilities.SafeActions.safeType is PASSED&#xD;
&#xD;
2019-10-30 11:44:12 - [TEST_STEP][PASSED] - utilities.SafeActions.safeSelectOptionInDropDownByVisibleText(findTestObject("Pages/Sale/dropDown_ExpirationMonth"), cardMonth, "Enter Expiration Month", [PageLoadTime]): utilities.SafeActions.safeSelectOptionInDropDownByVisibleText is PASSED&#xD;
&#xD;
2019-10-30 11:44:12 - [MESSAGE][PASSED] - Object 'Object Repository/Pages/Sale/dropDown_ExpirationMonth' is visible&#xD;
&#xD;
2019-10-30 11:44:12 - [MESSAGE][PASSED] - Object 'Object Repository/Pages/Sale/dropDown_ExpirationMonth' is present&#xD;
&#xD;
2019-10-30 11:44:14 - [MESSAGE][PASSED] - Object: 'Object Repository/Pages/Sale/dropDown_ExpirationMonth' is clicked on&#xD;
&#xD;
2019-10-30 11:44:15 - [MESSAGE][PASSED] - All options with label 'September' are selected in object 'Object Repository/Pages/Sale/dropDown_ExpirationMonth' &#xD;
&#xD;
2019-10-30 11:44:15 - [MESSAGE][PASSED] - utilities.SafeActions.safeSelectOptionInDropDownByVisibleText is PASSED&#xD;
&#xD;
2019-10-30 11:44:15 - [TEST_STEP][PASSED] - utilities.SafeActions.safeSelectOptionInDropDownByVisibleText(findTestObject("Pages/Sale/dropDown_ExpirationYear"), cardYear, "Enter Expiration Year", [PageLoadTime]): utilities.SafeActions.safeSelectOptionInDropDownByVisibleText is PASSED&#xD;
&#xD;
2019-10-30 11:44:15 - [MESSAGE][PASSED] - Object 'Object Repository/Pages/Sale/dropDown_ExpirationYear' is visible&#xD;
&#xD;
2019-10-30 11:44:15 - [MESSAGE][PASSED] - Object 'Object Repository/Pages/Sale/dropDown_ExpirationYear' is present&#xD;
&#xD;
2019-10-30 11:44:17 - [MESSAGE][PASSED] - Object: 'Object Repository/Pages/Sale/dropDown_ExpirationYear' is clicked on&#xD;
&#xD;
2019-10-30 11:44:17 - [MESSAGE][PASSED] - All options with label '2023' are selected in object 'Object Repository/Pages/Sale/dropDown_ExpirationYear' &#xD;
&#xD;
2019-10-30 11:44:17 - [MESSAGE][PASSED] - utilities.SafeActions.safeSelectOptionInDropDownByVisibleText is PASSED&#xD;
&#xD;
2019-10-30 11:44:17 - [TEST_STEP][PASSED] - scrollToElement(findTestObject("Pages/Sale/invoiceNumber"), PageLoadTime): Scroll to object 'Object Repository/Pages/Sale/invoiceNumber' successfully&#xD;
&#xD;
2019-10-30 11:44:17 - [MESSAGE][PASSED] - Scroll to object 'Object Repository/Pages/Sale/invoiceNumber' successfully&#xD;
&#xD;
2019-10-30 11:44:17 - [TEST_STEP][PASSED] - invoiceNumber = utilities.SafeActions.safeGetText(findTestObject("Pages/Sale/invoiceNumber"), PageLoadTime): utilities.SafeActions.safeGetText is PASSED&#xD;
&#xD;
2019-10-30 11:44:17 - [MESSAGE][PASSED] - Object 'Object Repository/Pages/Sale/invoiceNumber' is present&#xD;
&#xD;
2019-10-30 11:44:18 - [MESSAGE][PASSED] - Scroll to object 'Object Repository/Pages/Sale/invoiceNumber' successfully&#xD;
&#xD;
2019-10-30 11:44:18 - [MESSAGE][PASSED] - Object 'Object Repository/Pages/Sale/invoiceNumber' is present&#xD;
&#xD;
2019-10-30 11:44:19 - [MESSAGE][PASSED] - Text of object 'Object Repository/Pages/Sale/invoiceNumber' is: '157243942254295'&#xD;
&#xD;
2019-10-30 11:44:19 - [MESSAGE][PASSED] - utilities.SafeActions.safeGetText is PASSED&#xD;
&#xD;
2019-10-30 11:44:19 - [TEST_STEP][PASSED] - utilities.SafeActions.safeClickwithScroll(findTestObject("Pages/Sale/button_Checkout"), "Click on Checkout button", [PageLoadTime]): utilities.SafeActions.safeClickwithScroll is PASSED&#xD;
&#xD;
2019-10-30 11:44:19 - [MESSAGE][PASSED] - Object 'Object Repository/Pages/Sale/button_Checkout' is present&#xD;
&#xD;
2019-10-30 11:44:19 - [MESSAGE][PASSED] - Object 'Object Repository/Pages/Sale/button_Checkout' is visible&#xD;
&#xD;
2019-10-30 11:44:19 - [MESSAGE][INFO] - Sale.ts:waiting until Click on Checkout button is Clickable&#xD;
&#xD;
2019-10-30 11:44:19 - [MESSAGE][PASSED] - Object 'Object Repository/Pages/Sale/button_Checkout' is clickable&#xD;
&#xD;
2019-10-30 11:44:19 - [MESSAGE][PASSED] - Object 'Object Repository/Pages/Sale/button_Checkout' is visible&#xD;
&#xD;
2019-10-30 11:44:21 - [MESSAGE][PASSED] - Object: 'Object Repository/Pages/Sale/button_Checkout' is clicked on&#xD;
&#xD;
2019-10-30 11:44:21 - [MESSAGE][INFO] - Sale.ts: Clicked on the Click on Checkout button&#xD;
&#xD;
2019-10-30 11:44:21 - [MESSAGE][PASSED] - utilities.SafeActions.safeClickwithScroll is PASSED&#xD;
&#xD;
2019-10-30 11:44:21 - [TEST_STEP][PASSED] - pages.Sale.verifyTransactionCompletePage(findTestObject("Pages/Sale/heading_TransactionComplete")): The screen is Transaction Complete screen&#xD;
&#xD;
2019-10-30 11:44:22 - [MESSAGE][PASSED] - Object 'Object Repository/Pages/Sale/heading_TransactionComplete' is present&#xD;
&#xD;
2019-10-30 11:44:23 - [MESSAGE][PASSED] - The screen is Transaction Complete screen&#xD;
&#xD;
2019-10-30 11:44:23 - [TEST_STEP][PASSED] - total_Amount = utilities.SafeActions.safeGetText(findTestObject("Pages/Sale/totalAmount_In_TransactionComplete"), PageLoadTime): utilities.SafeActions.safeGetText is PASSED&#xD;
&#xD;
2019-10-30 11:44:23 - [MESSAGE][PASSED] - Object 'Object Repository/Pages/Sale/totalAmount_In_TransactionComplete' is present&#xD;
&#xD;
2019-10-30 11:44:23 - [MESSAGE][PASSED] - Scroll to object 'Object Repository/Pages/Sale/totalAmount_In_TransactionComplete' successfully&#xD;
&#xD;
2019-10-30 11:44:24 - [MESSAGE][PASSED] - Object 'Object Repository/Pages/Sale/totalAmount_In_TransactionComplete' is present&#xD;
&#xD;
2019-10-30 11:44:25 - [MESSAGE][PASSED] - Text of object 'Object Repository/Pages/Sale/totalAmount_In_TransactionComplete' is: '$495.00'&#xD;
&#xD;
2019-10-30 11:44:25 - [MESSAGE][PASSED] - utilities.SafeActions.safeGetText is PASSED&#xD;
&#xD;
2019-10-30 11:44:25 - [TEST_STEP][PASSED] - utilities.SafeActions.safeClickWithoutScroll(findTestObject("Pages/Sale/button_ReturnToSale"), "Click on Return To Sale", [PageLoadTime]): utilities.SafeActions.safeClickWithoutScroll is PASSED&#xD;
&#xD;
2019-10-30 11:44:25 - [MESSAGE][INFO] - Safe Click Without scroll&#xD;
&#xD;
2019-10-30 11:44:25 - [MESSAGE][INFO] - Sale.ts:waiting until Click on Return To Sale is Clickable&#xD;
&#xD;
2019-10-30 11:44:25 - [MESSAGE][PASSED] - Object 'Object Repository/Pages/Sale/button_ReturnToSale' is clickable&#xD;
&#xD;
2019-10-30 11:44:26 - [MESSAGE][PASSED] - Object 'Object Repository/Pages/Sale/button_ReturnToSale' is visible&#xD;
&#xD;
2019-10-30 11:44:27 - [MESSAGE][PASSED] - Object: 'Object Repository/Pages/Sale/button_ReturnToSale' is clicked on&#xD;
&#xD;
2019-10-30 11:44:27 - [MESSAGE][INFO] - Sale.ts: click on the Click on Return To Sale&#xD;
&#xD;
2019-10-30 11:44:27 - [MESSAGE][PASSED] - utilities.SafeActions.safeClickWithoutScroll is PASSED&#xD;
&#xD;
2019-10-30 11:44:27 - [TEST_STEP][PASSED] - utilities.SafeActions.safeClickWithoutScroll(findTestObject("Pages/Transaction_Management/tab_TransactionManagement"), "Transaction Management Tab", [PageLoadTime]): utilities.SafeActions.safeClickWithoutScroll is PASSED&#xD;
&#xD;
2019-10-30 11:44:27 - [MESSAGE][INFO] - Safe Click Without scroll&#xD;
&#xD;
2019-10-30 11:44:27 - [MESSAGE][INFO] - Sale.ts:waiting until Transaction Management Tab is Clickable&#xD;
&#xD;
2019-10-30 11:44:28 - [MESSAGE][PASSED] - Object 'Object Repository/Pages/Transaction_Management/tab_TransactionManagement' is clickable&#xD;
&#xD;
2019-10-30 11:44:29 - [MESSAGE][PASSED] - Object 'Object Repository/Pages/Transaction_Management/tab_TransactionManagement' is visible&#xD;
&#xD;
2019-10-30 11:44:33 - [MESSAGE][PASSED] - Object: 'Object Repository/Pages/Transaction_Management/tab_TransactionManagement' is clicked on&#xD;
&#xD;
2019-10-30 11:44:33 - [MESSAGE][INFO] - Sale.ts: click on the Transaction Management Tab&#xD;
&#xD;
2019-10-30 11:44:33 - [MESSAGE][PASSED] - utilities.SafeActions.safeClickWithoutScroll is PASSED&#xD;
&#xD;
2019-10-30 11:44:33 - [TEST_STEP][PASSED] - utilities.SafeActions.safeClickwithScroll(findTestObject("Pages/Transaction_Management/button_Search"), "Search", [PageLoadTime]): utilities.SafeActions.safeClickwithScroll is PASSED&#xD;
&#xD;
2019-10-30 11:44:34 - [MESSAGE][PASSED] - Object 'Object Repository/Pages/Transaction_Management/button_Search' is present&#xD;
&#xD;
2019-10-30 11:44:34 - [MESSAGE][PASSED] - Object 'Object Repository/Pages/Transaction_Management/button_Search' is visible&#xD;
&#xD;
2019-10-30 11:44:34 - [MESSAGE][INFO] - Sale.ts:waiting until Search is Clickable&#xD;
&#xD;
2019-10-30 11:44:35 - [MESSAGE][PASSED] - Object 'Object Repository/Pages/Transaction_Management/button_Search' is clickable&#xD;
&#xD;
2019-10-30 11:44:37 - [MESSAGE][PASSED] - Object 'Object Repository/Pages/Transaction_Management/button_Search' is visible&#xD;
&#xD;
2019-10-30 11:44:39 - [MESSAGE][PASSED] - Object: 'Object Repository/Pages/Transaction_Management/button_Search' is clicked on&#xD;
&#xD;
2019-10-30 11:44:39 - [MESSAGE][INFO] - Sale.ts: Clicked on the Search&#xD;
&#xD;
2019-10-30 11:44:39 - [MESSAGE][PASSED] - utilities.SafeActions.safeClickwithScroll is PASSED&#xD;
&#xD;
2019-10-30 11:44:39 - [TEST_STEP][PASSED] - scrollToElement(findTestObject("Pages/Transaction_Management/invoice_ForTransaction"), PageLoadTime): Scroll to object 'Object Repository/Pages/Transaction_Management/invoice_ForTransaction' successfully&#xD;
&#xD;
2019-10-30 11:44:40 - [MESSAGE][PASSED] - Scroll to object 'Object Repository/Pages/Transaction_Management/invoice_ForTransaction' successfully&#xD;
&#xD;
2019-10-30 11:44:40 - [TEST_STEP][PASSED] - pages.Transaction_Management.verifyInvoiceRecord(findTestObject("Pages/Transaction_Management/footer_NextButton"), findTestObject("Pages/Transaction_Management/page_Number"), invoiceNumber, total_Amount): The Transaction is found in page 1&#xD;
&#xD;
2019-10-30 11:44:42 - [MESSAGE][PASSED] - Text of object 'Object Repository/Pages/Transaction_Management/page_Number' is: 'Page 1 of 100'&#xD;
&#xD;
2019-10-30 11:44:46 - [MESSAGE][PASSED] - The Transaction is found in page 1&#xD;
&#xD;
2019-10-30 11:44:46 - [TEST_STEP][PASSED] - closeBrowser(): Browser is closed&#xD;
&#xD;
2019-10-30 11:45:01 - [MESSAGE][PASSED] - Browser is closed&#xD;
&#xD;
2019-10-30 11:45:01 - [TEST_STEP][PASSED] - Start listener action : sampleAfterTestCase: null&#xD;
&#xD;
2019-10-30 11:45:01 - [TEST_STEP][PASSED] - println(testCaseContext.getTestCaseId()): null&#xD;
&#xD;
2019-10-30 11:45:01 - [TEST_STEP][PASSED] - println(testCaseContext.getTestCaseStatus()): null&#xD;
&#xD;
2019-10-30 11:45:01 - [TEST_STEP][PASSED] - testCaseName = testCaseContext.getTestCaseId(): null&#xD;
&#xD;
2019-10-30 11:45:01 - [TEST_STEP][PASSED] - strCount = testCaseName.lastIndexOf("/"): null&#xD;
&#xD;
2019-10-30 11:45:01 - [TEST_STEP][PASSED] - testCaseName = testCaseName.substring(strCount): null&#xD;
&#xD;
2019-10-30 11:45:01 - [TEST_STEP][PASSED] - println(testCaseName): null&#xD;
&#xD;
2019-10-30 11:45:01 - [TEST_STEP][PASSED] - if (getTestCaseStatus().equalsIgnoreCase("Error")): null&#xD;
&#xD;
2019-10-30 11:45:01 - [TEST_STEP][PASSED] - Start listener action : sampleAfterTestCase: null</system-out>
            <system-err></system-err>
        </testcase>
        <testcase name="Test Cases/FirstView/Sale/TC_Sales_003" classname="Test Cases/FirstView/Sale/TC_Sales_003" status="PASSED">
            <system-out>2019-10-30 11:45:01 - [TEST_CASE][PASSED] - Test Cases/FirstView/Sale/TC_Sales_003: Test Cases/FirstView/Sale/TC_Sales_003&#xD;
&#xD;
2019-10-30 11:45:01 - [TEST_STEP][PASSED] - Start listener action : sampleBeforeTestCase: null&#xD;
&#xD;
2019-10-30 11:45:01 - [TEST_STEP][PASSED] - println(testCaseContext.getTestCaseId()): null&#xD;
&#xD;
2019-10-30 11:45:01 - [TEST_STEP][PASSED] - println(testCaseContext.getTestCaseVariables()): null&#xD;
&#xD;
2019-10-30 11:45:02 - [TEST_STEP][NOT_RUN] - utilities.SafeActions.openBrowser(Old_URL, [PageLoadTime]): NOT_RUN: utilities.SafeActions.openBrowser(Old_URL, [PageLoadTime])&#xD;
&#xD;
2019-10-30 11:45:02 - [MESSAGE][NOT_RUN] - NOT_RUN: utilities.SafeActions.openBrowser(Old_URL, [PageLoadTime])&#xD;
&#xD;
2019-10-30 11:45:02 - [TEST_STEP][NOT_RUN] - delay(delayForPageLoad): NOT_RUN: delay(delayForPageLoad)&#xD;
&#xD;
2019-10-30 11:45:02 - [MESSAGE][NOT_RUN] - NOT_RUN: delay(delayForPageLoad)&#xD;
&#xD;
2019-10-30 11:45:02 - [TEST_STEP][NOT_RUN] - utilities.SafeActions.safeSelectOptionInDropDownByVisibleText(findTestObject("Pages/Sale/dropDown_AccountType"), accountType, "Select by Value", [PageLoadTime]): NOT_RUN: utilities.SafeActions.safeSelectOptionInDropDownByVisibleText(findTestObject("Pages/Sale/dropDown_AccountType"), accountType, "Select by Value", [PageLoadTime])&#xD;
&#xD;
2019-10-30 11:45:02 - [MESSAGE][NOT_RUN] - NOT_RUN: utilities.SafeActions.safeSelectOptionInDropDownByVisibleText(findTestObject("Pages/Sale/dropDown_AccountType"), accountType, "Select by Value", [PageLoadTime])&#xD;
&#xD;
2019-10-30 11:45:02 - [TEST_STEP][NOT_RUN] - delay(3): NOT_RUN: delay(3)&#xD;
&#xD;
2019-10-30 11:45:02 - [MESSAGE][NOT_RUN] - NOT_RUN: delay(3)&#xD;
&#xD;
2019-10-30 11:45:02 - [TEST_STEP][PASSED] - utilities.SafeActions.openBrowser(URL, [PageLoadTime]): utilities.SafeActions.openBrowser is PASSED&#xD;
&#xD;
2019-10-30 11:45:02 - [MESSAGE][INFO] - Opening Browser&#xD;
&#xD;
2019-10-30 11:45:02 - [MESSAGE][INFO] - Starting 'Chrome' driver&#xD;
&#xD;
2019-10-30 11:45:13 - [MESSAGE][PASSED] - Browser is opened with url: 'https://q-www-firstview-net.faps.net/MVC/Account/Login'&#xD;
&#xD;
2019-10-30 11:45:17 - [MESSAGE][PASSED] - Current window maximized&#xD;
&#xD;
2019-10-30 11:45:17 - [MESSAGE][INFO] - Browser Launched Successfully&#xD;
&#xD;
2019-10-30 11:45:17 - [MESSAGE][PASSED] - utilities.SafeActions.openBrowser is PASSED&#xD;
&#xD;
2019-10-30 11:45:17 - [TEST_STEP][PASSED] - pages.Login.login(uName, password): pages.Login.login is PASSED&#xD;
&#xD;
2019-10-30 11:45:18 - [MESSAGE][PASSED] - Object 'Object Repository/Pages/Login/userName' is present&#xD;
&#xD;
2019-10-30 11:45:18 - [MESSAGE][PASSED] - Scroll to object 'Object Repository/Pages/Login/userName' successfully&#xD;
&#xD;
2019-10-30 11:45:18 - [MESSAGE][PASSED] - Object 'Object Repository/Pages/Login/userName' is present&#xD;
&#xD;
2019-10-30 11:45:18 - [MESSAGE][PASSED] - Object: 'Object Repository/Pages/Login/userName' is clicked on&#xD;
&#xD;
2019-10-30 11:45:19 - [MESSAGE][PASSED] - Text 'ZenQRetail' is set on object 'Object Repository/Pages/Login/userName'&#xD;
&#xD;
2019-10-30 11:45:19 - [MESSAGE][PASSED] - Object 'Object Repository/Pages/Login/password' is present&#xD;
&#xD;
2019-10-30 11:45:19 - [MESSAGE][PASSED] - Scroll to object 'Object Repository/Pages/Login/password' successfully&#xD;
&#xD;
2019-10-30 11:45:19 - [MESSAGE][PASSED] - Object 'Object Repository/Pages/Login/password' is present&#xD;
&#xD;
2019-10-30 11:45:20 - [MESSAGE][PASSED] - Object: 'Object Repository/Pages/Login/password' is clicked on&#xD;
&#xD;
2019-10-30 11:45:20 - [MESSAGE][PASSED] - Text 'P@ssword1' is set on object 'Object Repository/Pages/Login/password'&#xD;
&#xD;
2019-10-30 11:45:20 - [MESSAGE][INFO] - Safe Click Without scroll&#xD;
&#xD;
2019-10-30 11:45:20 - [MESSAGE][INFO] - Sale.ts:waiting until Click on Login is Clickable&#xD;
&#xD;
2019-10-30 11:45:20 - [MESSAGE][PASSED] - Object 'Object Repository/Pages/Login/login' is clickable&#xD;
&#xD;
2019-10-30 11:45:20 - [MESSAGE][PASSED] - Object 'Object Repository/Pages/Login/login' is visible&#xD;
&#xD;
2019-10-30 11:45:23 - [MESSAGE][PASSED] - Object: 'Object Repository/Pages/Login/login' is clicked on&#xD;
&#xD;
2019-10-30 11:45:23 - [MESSAGE][INFO] - Sale.ts: click on the Click on Login&#xD;
&#xD;
2019-10-30 11:45:23 - [MESSAGE][PASSED] - pages.Login.login is PASSED&#xD;
&#xD;
2019-10-30 11:45:23 - [TEST_STEP][PASSED] - callTestCase(findTestCase("FirstView/Login/TC_SendCode"), [:], STOP_ON_FAILURE): Call Test Case 'Test Cases/FirstView/Login/TC_SendCode' successfully&#xD;
&#xD;
2019-10-30 11:45:23 - [TEST_CASE][PASSED] - Test Cases/FirstView/Login/TC_SendCode: Test Cases/FirstView/Login/TC_SendCode&#xD;
&#xD;
2019-10-30 11:45:23 - [TEST_STEP][PASSED] - flag = pages.SendCode.verifyPage(): pages.SendCode.verifyPage is PASSED&#xD;
&#xD;
2019-10-30 11:45:23 - [MESSAGE][PASSED] - Object 'Object Repository/Pages/SendCodeToValidate/header_SendCodeToValidate' is present and visible in viewport&#xD;
&#xD;
2019-10-30 11:45:23 - [MESSAGE][PASSED] - pages.SendCode.verifyPage is PASSED&#xD;
&#xD;
2019-10-30 11:45:23 - [TEST_STEP][PASSED] - if (flag): pages.SendCode.clickonUserSettings is PASSED&#xD;
&#xD;
2019-10-30 11:45:23 - [TEST_STEP][PASSED] - pages.SendCode.clickonUserSettings(): pages.SendCode.clickonUserSettings is PASSED&#xD;
&#xD;
2019-10-30 11:45:23 - [MESSAGE][PASSED] - Object 'Object Repository/Pages/SendCodeToValidate/link_UserSettings' is present&#xD;
&#xD;
2019-10-30 11:45:24 - [MESSAGE][PASSED] - Object 'Object Repository/Pages/SendCodeToValidate/link_UserSettings' is visible&#xD;
&#xD;
2019-10-30 11:45:24 - [MESSAGE][INFO] - Sale.ts:waiting until Click on User Settings is Clickable&#xD;
&#xD;
2019-10-30 11:45:24 - [MESSAGE][PASSED] - Object 'Object Repository/Pages/SendCodeToValidate/link_UserSettings' is clickable&#xD;
&#xD;
2019-10-30 11:45:24 - [MESSAGE][PASSED] - Object 'Object Repository/Pages/SendCodeToValidate/link_UserSettings' is visible&#xD;
&#xD;
2019-10-30 11:45:25 - [MESSAGE][PASSED] - Object: 'Object Repository/Pages/SendCodeToValidate/link_UserSettings' is clicked on&#xD;
&#xD;
2019-10-30 11:45:25 - [MESSAGE][INFO] - Sale.ts: Clicked on the Click on User Settings&#xD;
&#xD;
2019-10-30 11:45:25 - [MESSAGE][PASSED] - pages.SendCode.clickonUserSettings is PASSED&#xD;
&#xD;
2019-10-30 11:45:25 - [MESSAGE][PASSED] - Call Test Case 'Test Cases/FirstView/Login/TC_SendCode' successfully&#xD;
&#xD;
2019-10-30 11:45:25 - [TEST_STEP][PASSED] - callTestCase(findTestCase("FirstView/Login/TC_FirstView"), [:], STOP_ON_FAILURE): Call Test Case 'Test Cases/FirstView/Login/TC_FirstView' successfully&#xD;
&#xD;
2019-10-30 11:45:25 - [TEST_CASE][PASSED] - Test Cases/FirstView/Login/TC_FirstView: Test Cases/FirstView/Login/TC_FirstView&#xD;
&#xD;
2019-10-30 11:45:25 - [TEST_STEP][NOT_RUN] - utilities.SafeActions.safeClickWithoutScroll(findTestObject("Pages/FirstView/link_Home"), "Click on Home button in First View screen", [PageLoadTime]): NOT_RUN: utilities.SafeActions.safeClickWithoutScroll(findTestObject("Pages/FirstView/link_Home"), "Click on Home button in First View screen", [PageLoadTime])&#xD;
&#xD;
2019-10-30 11:45:25 - [MESSAGE][NOT_RUN] - NOT_RUN: utilities.SafeActions.safeClickWithoutScroll(findTestObject("Pages/FirstView/link_Home"), "Click on Home button in First View screen", [PageLoadTime])&#xD;
&#xD;
2019-10-30 11:45:25 - [TEST_STEP][PASSED] - delay(3): Delayed 3 second(s)&#xD;
&#xD;
2019-10-30 11:45:28 - [MESSAGE][PASSED] - Delayed 3 second(s)&#xD;
&#xD;
2019-10-30 11:45:28 - [TEST_STEP][PASSED] - utilities.SafeActions.javascriptclick(findTestObject("Pages/FirstView/link_Home"), delayForElement): utilities.SafeActions.javascriptclick is PASSED&#xD;
&#xD;
2019-10-30 11:45:29 - [MESSAGE][PASSED] - utilities.SafeActions.javascriptclick is PASSED&#xD;
&#xD;
2019-10-30 11:45:29 - [TEST_STEP][PASSED] - utilities.SafeActions.safeClickWithoutScroll(findTestObject("Pages/FirstView/link_VPOS"), "Click on VPOS button in First View screen", [PageLoadTime]): utilities.SafeActions.safeClickWithoutScroll is PASSED&#xD;
&#xD;
2019-10-30 11:45:30 - [MESSAGE][INFO] - Safe Click Without scroll&#xD;
&#xD;
2019-10-30 11:45:30 - [MESSAGE][INFO] - Sale.ts:waiting until Click on VPOS button in First View screen is Clickable&#xD;
&#xD;
2019-10-30 11:45:30 - [MESSAGE][PASSED] - Object 'Object Repository/Pages/FirstView/link_VPOS' is clickable&#xD;
&#xD;
2019-10-30 11:45:30 - [MESSAGE][PASSED] - Object 'Object Repository/Pages/FirstView/link_VPOS' is visible&#xD;
&#xD;
2019-10-30 11:45:31 - [MESSAGE][PASSED] - Object: 'Object Repository/Pages/FirstView/link_VPOS' is clicked on&#xD;
&#xD;
2019-10-30 11:45:31 - [MESSAGE][INFO] - Sale.ts: click on the Click on VPOS button in First View screen&#xD;
&#xD;
2019-10-30 11:45:31 - [MESSAGE][PASSED] - utilities.SafeActions.safeClickWithoutScroll is PASSED&#xD;
&#xD;
2019-10-30 11:45:31 - [MESSAGE][PASSED] - Call Test Case 'Test Cases/FirstView/Login/TC_FirstView' successfully&#xD;
&#xD;
2019-10-30 11:45:31 - [TEST_STEP][PASSED] - switchToWindowTitle("Transcenter - VPOS"): Switched to window with title: 'Transcenter - VPOS'&#xD;
&#xD;
2019-10-30 11:45:41 - [MESSAGE][PASSED] - Switched to window with title: 'Transcenter - VPOS'&#xD;
&#xD;
2019-10-30 11:45:41 - [TEST_STEP][PASSED] - pages.Sale.verifyIfEntryModeIsChecked("Sale", "Manually Keyed", PageLoadTime): pages.Sale.verifyIfEntryModeIsChecked is PASSED&#xD;
&#xD;
2019-10-30 11:45:42 - [MESSAGE][PASSED] - Object '' is checked&#xD;
&#xD;
2019-10-30 11:45:42 - [MESSAGE][INFO] - The specified checkbox is checked&#xD;
&#xD;
2019-10-30 11:45:42 - [MESSAGE][PASSED] - pages.Sale.verifyIfEntryModeIsChecked is PASSED&#xD;
&#xD;
2019-10-30 11:45:42 - [TEST_STEP][PASSED] - scrollToElement(findTestObject("Pages/Sale/input_Amount"), PageLoadTime): Scroll to object 'Object Repository/Pages/Sale/input_Amount' successfully&#xD;
&#xD;
2019-10-30 11:45:42 - [MESSAGE][PASSED] - Scroll to object 'Object Repository/Pages/Sale/input_Amount' successfully&#xD;
&#xD;
2019-10-30 11:45:42 - [TEST_STEP][PASSED] - utilities.SafeActions.safeTypeUsingJavascript(findTestObject("Pages/Sale/input_Amount"), amountInput): utilities.SafeActions.safeTypeUsingJavascript is PASSED&#xD;
&#xD;
2019-10-30 11:45:43 - [MESSAGE][PASSED] - utilities.SafeActions.safeTypeUsingJavascript is PASSED&#xD;
&#xD;
2019-10-30 11:45:43 - [TEST_STEP][PASSED] - delay(2): Delayed 2 second(s)&#xD;
&#xD;
2019-10-30 11:45:45 - [MESSAGE][PASSED] - Delayed 2 second(s)&#xD;
&#xD;
2019-10-30 11:45:45 - [TEST_STEP][PASSED] - utilities.SafeActions.safeType(findTestObject("Pages/Sale/input_Amount"), amountInput, "Amount field", [delayForElement]): utilities.SafeActions.safeType is PASSED&#xD;
&#xD;
2019-10-30 11:45:45 - [MESSAGE][PASSED] - Object 'Object Repository/Pages/Sale/input_Amount' is present&#xD;
&#xD;
2019-10-30 11:45:45 - [MESSAGE][PASSED] - Scroll to object 'Object Repository/Pages/Sale/input_Amount' successfully&#xD;
&#xD;
2019-10-30 11:45:45 - [MESSAGE][PASSED] - Object 'Object Repository/Pages/Sale/input_Amount' is present&#xD;
&#xD;
2019-10-30 11:45:46 - [MESSAGE][PASSED] - Object: 'Object Repository/Pages/Sale/input_Amount' is clicked on&#xD;
&#xD;
2019-10-30 11:45:47 - [MESSAGE][PASSED] - Text '550' is set on object 'Object Repository/Pages/Sale/input_Amount'&#xD;
&#xD;
2019-10-30 11:45:47 - [MESSAGE][PASSED] - utilities.SafeActions.safeType is PASSED&#xD;
&#xD;
2019-10-30 11:45:47 - [TEST_STEP][NOT_RUN] - utilities.SafeActions.safeType(findTestObject("Pages/Sale/input_Amount"), amountInput, "Enter Amount into Amount text box", [PageLoadTime]): NOT_RUN: utilities.SafeActions.safeType(findTestObject("Pages/Sale/input_Amount"), amountInput, "Enter Amount into Amount text box", [PageLoadTime])&#xD;
&#xD;
2019-10-30 11:45:47 - [MESSAGE][NOT_RUN] - NOT_RUN: utilities.SafeActions.safeType(findTestObject("Pages/Sale/input_Amount"), amountInput, "Enter Amount into Amount text box", [PageLoadTime])&#xD;
&#xD;
2019-10-30 11:45:47 - [TEST_STEP][PASSED] - total_Amount = utilities.SafeActions.safeGetText(findTestObject("Pages/Sale/total_Amount"), PageLoadTime): utilities.SafeActions.safeGetText is PASSED&#xD;
&#xD;
2019-10-30 11:45:47 - [MESSAGE][PASSED] - Object 'Object Repository/Pages/Sale/total_Amount' is present&#xD;
&#xD;
2019-10-30 11:45:48 - [MESSAGE][PASSED] - Scroll to object 'Object Repository/Pages/Sale/total_Amount' successfully&#xD;
&#xD;
2019-10-30 11:45:48 - [MESSAGE][PASSED] - Object 'Object Repository/Pages/Sale/total_Amount' is present&#xD;
&#xD;
2019-10-30 11:45:49 - [MESSAGE][PASSED] - Text of object 'Object Repository/Pages/Sale/total_Amount' is: '$595.38'&#xD;
&#xD;
2019-10-30 11:45:49 - [MESSAGE][PASSED] - utilities.SafeActions.safeGetText is PASSED&#xD;
&#xD;
2019-10-30 11:45:49 - [TEST_STEP][PASSED] - scrollToElement(findTestObject("Pages/Sale/dropDown_ExpirationMonth"), PageLoadTime): Scroll to object 'Object Repository/Pages/Sale/dropDown_ExpirationMonth' successfully&#xD;
&#xD;
2019-10-30 11:45:49 - [MESSAGE][PASSED] - Scroll to object 'Object Repository/Pages/Sale/dropDown_ExpirationMonth' successfully&#xD;
&#xD;
2019-10-30 11:45:49 - [TEST_STEP][PASSED] - pages.Sale.verifyIfEntryModeIsChecked("Sale", "Card Not Present", PageLoadTime): pages.Sale.verifyIfEntryModeIsChecked is PASSED&#xD;
&#xD;
2019-10-30 11:45:49 - [MESSAGE][PASSED] - Object '' is checked&#xD;
&#xD;
2019-10-30 11:45:49 - [MESSAGE][INFO] - The specified checkbox is checked&#xD;
&#xD;
2019-10-30 11:45:49 - [MESSAGE][PASSED] - pages.Sale.verifyIfEntryModeIsChecked is PASSED&#xD;
&#xD;
2019-10-30 11:45:49 - [TEST_STEP][PASSED] - utilities.SafeActions.safeType(findTestObject("Pages/Sale/input_CardNumber"), visaCardNumber, "Entering Card Number", [PageLoadTime]): utilities.SafeActions.safeType is PASSED&#xD;
&#xD;
2019-10-30 11:45:49 - [MESSAGE][PASSED] - Object 'Object Repository/Pages/Sale/input_CardNumber' is present&#xD;
&#xD;
2019-10-30 11:45:49 - [MESSAGE][PASSED] - Scroll to object 'Object Repository/Pages/Sale/input_CardNumber' successfully&#xD;
&#xD;
2019-10-30 11:45:49 - [MESSAGE][PASSED] - Object 'Object Repository/Pages/Sale/input_CardNumber' is present&#xD;
&#xD;
2019-10-30 11:45:50 - [MESSAGE][PASSED] - Object: 'Object Repository/Pages/Sale/input_CardNumber' is clicked on&#xD;
&#xD;
2019-10-30 11:45:51 - [MESSAGE][PASSED] - Text '4111111111111111' is set on object 'Object Repository/Pages/Sale/input_CardNumber'&#xD;
&#xD;
2019-10-30 11:45:51 - [MESSAGE][PASSED] - utilities.SafeActions.safeType is PASSED&#xD;
&#xD;
2019-10-30 11:45:51 - [TEST_STEP][PASSED] - utilities.SafeActions.safeSelectOptionInDropDownByVisibleText(findTestObject("Pages/Sale/dropDown_ExpirationMonth"), cardMonth, "Select Expiration Month", [PageLoadTime]): utilities.SafeActions.safeSelectOptionInDropDownByVisibleText is PASSED&#xD;
&#xD;
2019-10-30 11:45:51 - [MESSAGE][PASSED] - Object 'Object Repository/Pages/Sale/dropDown_ExpirationMonth' is visible&#xD;
&#xD;
2019-10-30 11:45:51 - [MESSAGE][PASSED] - Object 'Object Repository/Pages/Sale/dropDown_ExpirationMonth' is present&#xD;
&#xD;
2019-10-30 11:45:52 - [MESSAGE][PASSED] - Object: 'Object Repository/Pages/Sale/dropDown_ExpirationMonth' is clicked on&#xD;
&#xD;
2019-10-30 11:45:52 - [MESSAGE][PASSED] - All options with label 'September' are selected in object 'Object Repository/Pages/Sale/dropDown_ExpirationMonth' &#xD;
&#xD;
2019-10-30 11:45:52 - [MESSAGE][PASSED] - utilities.SafeActions.safeSelectOptionInDropDownByVisibleText is PASSED&#xD;
&#xD;
2019-10-30 11:45:52 - [TEST_STEP][PASSED] - utilities.SafeActions.safeSelectOptionInDropDownByVisibleText(findTestObject("Pages/Sale/dropDown_ExpirationYear"), cardYear, "Select Expiration Year", [PageLoadTime]): utilities.SafeActions.safeSelectOptionInDropDownByVisibleText is PASSED&#xD;
&#xD;
2019-10-30 11:45:52 - [MESSAGE][PASSED] - Object 'Object Repository/Pages/Sale/dropDown_ExpirationYear' is visible&#xD;
&#xD;
2019-10-30 11:45:52 - [MESSAGE][PASSED] - Object 'Object Repository/Pages/Sale/dropDown_ExpirationYear' is present&#xD;
&#xD;
2019-10-30 11:45:53 - [MESSAGE][PASSED] - Object: 'Object Repository/Pages/Sale/dropDown_ExpirationYear' is clicked on&#xD;
&#xD;
2019-10-30 11:45:53 - [MESSAGE][PASSED] - All options with label '2023' are selected in object 'Object Repository/Pages/Sale/dropDown_ExpirationYear' &#xD;
&#xD;
2019-10-30 11:45:53 - [MESSAGE][PASSED] - utilities.SafeActions.safeSelectOptionInDropDownByVisibleText is PASSED&#xD;
&#xD;
2019-10-30 11:45:53 - [TEST_STEP][PASSED] - utilities.SafeActions.safeClickWithoutScrollOnLabel(findTestObject("Pages/Sale/label_ExpirationYear"), "Click on Exp Year label", [PageLoadTime]): utilities.SafeActions.safeClickWithoutScrollOnLabel is PASSED&#xD;
&#xD;
2019-10-30 11:45:53 - [MESSAGE][INFO] - Safe Click Without scroll On Label&#xD;
&#xD;
2019-10-30 11:45:53 - [MESSAGE][PASSED] - Object 'Object Repository/Pages/Sale/label_ExpirationYear' is visible&#xD;
&#xD;
2019-10-30 11:45:53 - [MESSAGE][INFO] - Sale.ts: click on the Click on Exp Year label&#xD;
&#xD;
2019-10-30 11:45:54 - [MESSAGE][PASSED] - Object: 'Object Repository/Pages/Sale/label_ExpirationYear' is clicked on&#xD;
&#xD;
2019-10-30 11:45:54 - [MESSAGE][PASSED] - utilities.SafeActions.safeClickWithoutScrollOnLabel is PASSED&#xD;
&#xD;
2019-10-30 11:45:54 - [TEST_STEP][PASSED] - delay(delayBetweenTestSteps): Delayed 3 second(s)&#xD;
&#xD;
2019-10-30 11:45:57 - [MESSAGE][PASSED] - Delayed 3 second(s)&#xD;
&#xD;
2019-10-30 11:45:57 - [TEST_STEP][NOT_RUN] - utilities.SafeActions.safeType(findTestObject("Pages/Sale/input_SecurityCode"), securityCode, "Enter Security code", [delayForElement]): NOT_RUN: utilities.SafeActions.safeType(findTestObject("Pages/Sale/input_SecurityCode"), securityCode, "Enter Security code", [delayForElement])&#xD;
&#xD;
2019-10-30 11:45:57 - [MESSAGE][NOT_RUN] - NOT_RUN: utilities.SafeActions.safeType(findTestObject("Pages/Sale/input_SecurityCode"), securityCode, "Enter Security code", [delayForElement])&#xD;
&#xD;
2019-10-30 11:45:57 - [TEST_STEP][PASSED] - scrollToElement(findTestObject("Pages/Sale/invoiceNumber"), PageLoadTime): Scroll to object 'Object Repository/Pages/Sale/invoiceNumber' successfully&#xD;
&#xD;
2019-10-30 11:45:57 - [MESSAGE][PASSED] - Scroll to object 'Object Repository/Pages/Sale/invoiceNumber' successfully&#xD;
&#xD;
2019-10-30 11:45:57 - [TEST_STEP][PASSED] - invoiceNumber = utilities.SafeActions.safeGetText(findTestObject("Pages/Sale/invoiceNumber"), PageLoadTime): utilities.SafeActions.safeGetText is PASSED&#xD;
&#xD;
2019-10-30 11:45:57 - [MESSAGE][PASSED] - Object 'Object Repository/Pages/Sale/invoiceNumber' is present&#xD;
&#xD;
2019-10-30 11:45:57 - [MESSAGE][PASSED] - Scroll to object 'Object Repository/Pages/Sale/invoiceNumber' successfully&#xD;
&#xD;
2019-10-30 11:45:58 - [MESSAGE][PASSED] - Object 'Object Repository/Pages/Sale/invoiceNumber' is present&#xD;
&#xD;
2019-10-30 11:45:59 - [MESSAGE][PASSED] - Text of object 'Object Repository/Pages/Sale/invoiceNumber' is: '157243954156977'&#xD;
&#xD;
2019-10-30 11:45:59 - [MESSAGE][PASSED] - utilities.SafeActions.safeGetText is PASSED&#xD;
&#xD;
2019-10-30 11:45:59 - [TEST_STEP][PASSED] - pages.Sale.verifyIfAdditionalPromptingIsChecked("Save to Vault?", PageLoadTime): pages.Sale.verifyIfAdditionalPromptingIsChecked is PASSED&#xD;
&#xD;
2019-10-30 11:46:00 - [MESSAGE][WARNING] - Object '' is not checked (Root cause: com.kms.katalon.core.exception.StepFailedException: Object '' is not checked&#xD;
	at com.kms.katalon.core.webui.keyword.internal.WebUIKeywordMain.stepFailed(WebUIKeywordMain.groovy:64)&#xD;
	at com.kms.katalon.core.webui.keyword.builtin.VerifyElementCheckedKeyword$_verifyElementChecked_closure1.doCall(VerifyElementCheckedKeyword.groovy:81)&#xD;
	at com.kms.katalon.core.webui.keyword.builtin.VerifyElementCheckedKeyword$_verifyElementChecked_closure1.call(VerifyElementCheckedKeyword.groovy)&#xD;
	at com.kms.katalon.core.webui.keyword.internal.WebUIKeywordMain.runKeyword(WebUIKeywordMain.groovy:20)&#xD;
	at com.kms.katalon.core.webui.keyword.builtin.VerifyElementCheckedKeyword.verifyElementChecked(VerifyElementCheckedKeyword.groovy:92)&#xD;
	at com.kms.katalon.core.webui.keyword.builtin.VerifyElementCheckedKeyword.execute(VerifyElementCheckedKeyword.groovy:68)&#xD;
	at com.kms.katalon.core.keyword.internal.KeywordExecutor.executeKeywordForPlatform(KeywordExecutor.groovy:56)&#xD;
	at com.kms.katalon.core.webui.keyword.WebUiBuiltInKeywords.verifyElementChecked(WebUiBuiltInKeywords.groovy:1352)&#xD;
	at com.kms.katalon.core.webui.keyword.WebUiBuiltInKeywords$verifyElementChecked$10.call(Unknown Source)&#xD;
	at pages.Sale.verifyIfAdditionalPromptingIsChecked(Sale.groovy:72)&#xD;
	at pages.Sale.invokeMethod(Sale.groovy)&#xD;
	at com.kms.katalon.core.main.CustomKeywordDelegatingMetaClass.invokeStaticMethod(CustomKeywordDelegatingMetaClass.java:50)&#xD;
	at TC_Sales_003.run(TC_Sales_003:89)&#xD;
	at com.kms.katalon.core.main.ScriptEngine.run(ScriptEngine.java:194)&#xD;
	at com.kms.katalon.core.main.ScriptEngine.runScriptAsRawText(ScriptEngine.java:119)&#xD;
	at com.kms.katalon.core.main.TestCaseExecutor.runScript(TestCaseExecutor.java:337)&#xD;
	at com.kms.katalon.core.main.TestCaseExecutor.doExecute(TestCaseExecutor.java:328)&#xD;
	at com.kms.katalon.core.main.TestCaseExecutor.processExecutionPhase(TestCaseExecutor.java:307)&#xD;
	at com.kms.katalon.core.main.TestCaseExecutor.accessMainPhase(TestCaseExecutor.java:299)&#xD;
	at com.kms.katalon.core.main.TestCaseExecutor.execute(TestCaseExecutor.java:233)&#xD;
	at com.kms.katalon.core.main.TestSuiteExecutor.accessTestCaseMainPhase(TestSuiteExecutor.java:169)&#xD;
	at com.kms.katalon.core.main.TestSuiteExecutor.accessTestSuiteMainPhase(TestSuiteExecutor.java:142)&#xD;
	at com.kms.katalon.core.main.TestSuiteExecutor.execute(TestSuiteExecutor.java:91)&#xD;
	at com.kms.katalon.core.main.TestCaseMain.startTestSuite(TestCaseMain.java:157)&#xD;
	at com.kms.katalon.core.main.TestCaseMain$startTestSuite$0.call(Unknown Source)&#xD;
	at TempTestSuite1572453312874.run(TempTestSuite1572453312874.groovy:35)&#xD;
)&#xD;
[[ATTACHMENT|C:\\VPOS_Git_30-10-2019\\VPOS_Internal\\Reports\\20191030_113510\\FirstView\\Sale\\20191030_113512\\1572453959519.png]]&#xD;
&#xD;
2019-10-30 11:46:01 - [MESSAGE][PASSED] - Object: '' is clicked on&#xD;
&#xD;
2019-10-30 11:46:01 - [MESSAGE][INFO] - The specified checkbox is checked Now&#xD;
&#xD;
2019-10-30 11:46:01 - [MESSAGE][PASSED] - pages.Sale.verifyIfAdditionalPromptingIsChecked is PASSED&#xD;
&#xD;
2019-10-30 11:46:01 - [TEST_STEP][PASSED] - utilities.SafeActions.safeClickwithScroll(findTestObject("Pages/Sale/button_Checkout"), "Click on Checkout button", [PageLoadTime]): utilities.SafeActions.safeClickwithScroll is PASSED&#xD;
&#xD;
2019-10-30 11:46:01 - [MESSAGE][PASSED] - Object 'Object Repository/Pages/Sale/button_Checkout' is present&#xD;
&#xD;
2019-10-30 11:46:01 - [MESSAGE][PASSED] - Object 'Object Repository/Pages/Sale/button_Checkout' is visible&#xD;
&#xD;
2019-10-30 11:46:01 - [MESSAGE][INFO] - Sale.ts:waiting until Click on Checkout button is Clickable&#xD;
&#xD;
2019-10-30 11:46:02 - [MESSAGE][PASSED] - Object 'Object Repository/Pages/Sale/button_Checkout' is clickable&#xD;
&#xD;
2019-10-30 11:46:02 - [MESSAGE][PASSED] - Object 'Object Repository/Pages/Sale/button_Checkout' is visible&#xD;
&#xD;
2019-10-30 11:46:03 - [MESSAGE][PASSED] - Object: 'Object Repository/Pages/Sale/button_Checkout' is clicked on&#xD;
&#xD;
2019-10-30 11:46:03 - [MESSAGE][INFO] - Sale.ts: Clicked on the Click on Checkout button&#xD;
&#xD;
2019-10-30 11:46:03 - [MESSAGE][PASSED] - utilities.SafeActions.safeClickwithScroll is PASSED&#xD;
&#xD;
2019-10-30 11:46:03 - [TEST_STEP][PASSED] - pages.Sale.verifyTransactionCompletePage(findTestObject("Pages/Sale/heading_TransactionComplete")): The screen is Transaction Complete screen&#xD;
&#xD;
2019-10-30 11:46:04 - [MESSAGE][PASSED] - Object 'Object Repository/Pages/Sale/heading_TransactionComplete' is present&#xD;
&#xD;
2019-10-30 11:46:07 - [MESSAGE][PASSED] - The screen is Transaction Complete screen&#xD;
&#xD;
2019-10-30 11:46:07 - [TEST_STEP][PASSED] - scrollToElement(findTestObject("Pages/Sale/input_VaultReferenceNumber"), PageLoadTime): Scroll to object 'Object Repository/Pages/Sale/input_VaultReferenceNumber' successfully&#xD;
&#xD;
2019-10-30 11:46:09 - [MESSAGE][PASSED] - Scroll to object 'Object Repository/Pages/Sale/input_VaultReferenceNumber' successfully&#xD;
&#xD;
2019-10-30 11:46:09 - [TEST_STEP][PASSED] - vaultReference = utilities.SafeActions.timeWithMilliSeconds(): utilities.SafeActions.timeWithMilliSeconds is PASSED&#xD;
&#xD;
2019-10-30 11:46:09 - [MESSAGE][PASSED] - utilities.SafeActions.timeWithMilliSeconds is PASSED&#xD;
&#xD;
2019-10-30 11:46:09 - [TEST_STEP][PASSED] - utilities.SafeActions.safeType(findTestObject("Pages/Sale/input_VaultReferenceNumber"), vaultReference, "Enter Vault Reference Number", [PageLoadTime]): utilities.SafeActions.safeType is PASSED&#xD;
&#xD;
2019-10-30 11:46:10 - [MESSAGE][PASSED] - Object 'Object Repository/Pages/Sale/input_VaultReferenceNumber' is present&#xD;
&#xD;
2019-10-30 11:46:12 - [MESSAGE][PASSED] - Scroll to object 'Object Repository/Pages/Sale/input_VaultReferenceNumber' successfully&#xD;
&#xD;
2019-10-30 11:46:14 - [MESSAGE][PASSED] - Object 'Object Repository/Pages/Sale/input_VaultReferenceNumber' is present&#xD;
&#xD;
2019-10-30 11:46:23 - [MESSAGE][PASSED] - Object: 'Object Repository/Pages/Sale/input_VaultReferenceNumber' is clicked on&#xD;
&#xD;
2019-10-30 11:46:32 - [MESSAGE][PASSED] - Text '2019-10-30 11:46:09.942' is set on object 'Object Repository/Pages/Sale/input_VaultReferenceNumber'&#xD;
&#xD;
2019-10-30 11:46:32 - [MESSAGE][PASSED] - utilities.SafeActions.safeType is PASSED&#xD;
&#xD;
2019-10-30 11:46:32 - [TEST_STEP][PASSED] - utilities.SafeActions.safeClickWithoutScroll(findTestObject("Pages/Sale/button_SaveToVault"), "Click on Save To Vault button", [PageLoadTime]): utilities.SafeActions.safeClickWithoutScroll is PASSED&#xD;
&#xD;
2019-10-30 11:46:32 - [MESSAGE][INFO] - Safe Click Without scroll&#xD;
&#xD;
2019-10-30 11:46:32 - [MESSAGE][INFO] - Sale.ts:waiting until Click on Save To Vault button is Clickable&#xD;
&#xD;
2019-10-30 11:46:32 - [MESSAGE][PASSED] - Object 'Object Repository/Pages/Sale/button_SaveToVault' is clickable&#xD;
&#xD;
2019-10-30 11:46:32 - [MESSAGE][PASSED] - Object 'Object Repository/Pages/Sale/button_SaveToVault' is visible&#xD;
&#xD;
2019-10-30 11:46:34 - [MESSAGE][PASSED] - Object: 'Object Repository/Pages/Sale/button_SaveToVault' is clicked on&#xD;
&#xD;
2019-10-30 11:46:34 - [MESSAGE][INFO] - Sale.ts: click on the Click on Save To Vault button&#xD;
&#xD;
2019-10-30 11:46:34 - [MESSAGE][PASSED] - utilities.SafeActions.safeClickWithoutScroll is PASSED&#xD;
&#xD;
2019-10-30 11:46:34 - [TEST_STEP][PASSED] - popupFromMessage = utilities.SafeActions.safeGetText(findTestObject("Pages/Sale/popupAfterClickOn_SaveToVault"), PageLoadTime): utilities.SafeActions.safeGetText is PASSED&#xD;
&#xD;
2019-10-30 11:46:34 - [MESSAGE][PASSED] - Object 'Object Repository/Pages/Sale/popupAfterClickOn_SaveToVault' is present&#xD;
&#xD;
2019-10-30 11:46:34 - [MESSAGE][PASSED] - Scroll to object 'Object Repository/Pages/Sale/popupAfterClickOn_SaveToVault' successfully&#xD;
&#xD;
2019-10-30 11:46:34 - [MESSAGE][PASSED] - Object 'Object Repository/Pages/Sale/popupAfterClickOn_SaveToVault' is present&#xD;
&#xD;
2019-10-30 11:46:37 - [MESSAGE][PASSED] - Text of object 'Object Repository/Pages/Sale/popupAfterClickOn_SaveToVault' is: 'Successfully Saved to Vault: Reference Number: 2019-10-30 11:46:09.942'&#xD;
&#xD;
2019-10-30 11:46:37 - [MESSAGE][PASSED] - utilities.SafeActions.safeGetText is PASSED&#xD;
&#xD;
2019-10-30 11:46:37 - [TEST_STEP][PASSED] - saveToVaultPopUpMessage = "Successfully Saved to Vault: Reference Number:" + " " + vaultReference: null&#xD;
&#xD;
2019-10-30 11:46:37 - [TEST_STEP][PASSED] - utilities.SafeActions.verifyPopupMessage(saveToVaultPopUpMessage, popupFromMessage): Popup Message : Successfully Saved to Vault: Reference Number: 2019-10-30 11:46:09.942 matched with expected message : Successfully Saved to Vault: Reference Number: 2019-10-30 11:46:09.942&#xD;
&#xD;
2019-10-30 11:46:37 - [MESSAGE][PASSED] - Popup Message : Successfully Saved to Vault: Reference Number: 2019-10-30 11:46:09.942 matched with expected message : Successfully Saved to Vault: Reference Number: 2019-10-30 11:46:09.942&#xD;
&#xD;
2019-10-30 11:46:37 - [TEST_STEP][PASSED] - utilities.SafeActions.safeClickWithoutScroll(findTestObject("Pages/Sale/close_TextBox"), "Click on Close", [PageLoadTime]): utilities.SafeActions.safeClickWithoutScroll is PASSED&#xD;
&#xD;
2019-10-30 11:46:37 - [MESSAGE][INFO] - Safe Click Without scroll&#xD;
&#xD;
2019-10-30 11:46:37 - [MESSAGE][INFO] - Sale.ts:waiting until Click on Close is Clickable&#xD;
&#xD;
2019-10-30 11:46:38 - [MESSAGE][PASSED] - Object 'Object Repository/Pages/Sale/close_TextBox' is clickable&#xD;
&#xD;
2019-10-30 11:46:39 - [MESSAGE][PASSED] - Object 'Object Repository/Pages/Sale/close_TextBox' is visible&#xD;
&#xD;
2019-10-30 11:46:40 - [MESSAGE][PASSED] - Object: 'Object Repository/Pages/Sale/close_TextBox' is clicked on&#xD;
&#xD;
2019-10-30 11:46:40 - [MESSAGE][INFO] - Sale.ts: click on the Click on Close&#xD;
&#xD;
2019-10-30 11:46:40 - [MESSAGE][PASSED] - utilities.SafeActions.safeClickWithoutScroll is PASSED&#xD;
&#xD;
2019-10-30 11:46:40 - [TEST_STEP][PASSED] - utilities.SafeActions.safeClickwithScroll(findTestObject("Pages/Sale/button_ReturnToSale"), "Click on Return To Sale", [PageLoadTime]): utilities.SafeActions.safeClickwithScroll is PASSED&#xD;
&#xD;
2019-10-30 11:46:40 - [MESSAGE][PASSED] - Object 'Object Repository/Pages/Sale/button_ReturnToSale' is present&#xD;
&#xD;
2019-10-30 11:46:40 - [MESSAGE][PASSED] - Object 'Object Repository/Pages/Sale/button_ReturnToSale' is visible&#xD;
&#xD;
2019-10-30 11:46:40 - [MESSAGE][INFO] - Sale.ts:waiting until Click on Return To Sale is Clickable&#xD;
&#xD;
2019-10-30 11:46:40 - [MESSAGE][PASSED] - Object 'Object Repository/Pages/Sale/button_ReturnToSale' is clickable&#xD;
&#xD;
2019-10-30 11:46:40 - [MESSAGE][PASSED] - Object 'Object Repository/Pages/Sale/button_ReturnToSale' is visible&#xD;
&#xD;
2019-10-30 11:46:41 - [MESSAGE][PASSED] - Object: 'Object Repository/Pages/Sale/button_ReturnToSale' is clicked on&#xD;
&#xD;
2019-10-30 11:46:41 - [MESSAGE][INFO] - Sale.ts: Clicked on the Click on Return To Sale&#xD;
&#xD;
2019-10-30 11:46:41 - [MESSAGE][PASSED] - utilities.SafeActions.safeClickwithScroll is PASSED&#xD;
&#xD;
2019-10-30 11:46:41 - [TEST_STEP][PASSED] - utilities.SafeActions.safeClickwithScroll(findTestObject("Pages/FirstPayVault/tab_FirstPayVault"), "First Pay Vault Tab", [PageLoadTime]): utilities.SafeActions.safeClickwithScroll is PASSED&#xD;
&#xD;
2019-10-30 11:46:42 - [MESSAGE][PASSED] - Object 'Object Repository/Pages/FirstPayVault/tab_FirstPayVault' is present&#xD;
&#xD;
2019-10-30 11:46:42 - [MESSAGE][PASSED] - Object 'Object Repository/Pages/FirstPayVault/tab_FirstPayVault' is visible&#xD;
&#xD;
2019-10-30 11:46:42 - [MESSAGE][INFO] - Sale.ts:waiting until First Pay Vault Tab is Clickable&#xD;
&#xD;
2019-10-30 11:46:43 - [MESSAGE][PASSED] - Object 'Object Repository/Pages/FirstPayVault/tab_FirstPayVault' is clickable&#xD;
&#xD;
2019-10-30 11:46:43 - [MESSAGE][PASSED] - Object 'Object Repository/Pages/FirstPayVault/tab_FirstPayVault' is visible&#xD;
&#xD;
2019-10-30 11:46:46 - [MESSAGE][PASSED] - Object: 'Object Repository/Pages/FirstPayVault/tab_FirstPayVault' is clicked on&#xD;
&#xD;
2019-10-30 11:46:46 - [MESSAGE][INFO] - Sale.ts: Clicked on the First Pay Vault Tab&#xD;
&#xD;
2019-10-30 11:46:46 - [MESSAGE][PASSED] - utilities.SafeActions.safeClickwithScroll is PASSED&#xD;
&#xD;
2019-10-30 11:46:46 - [TEST_STEP][PASSED] - utilities.SafeActions.safeClickwithScroll(findTestObject("Pages/FirstPayVault/button_SearchVault"), "Click on Search Vault", [PageLoadTime]): utilities.SafeActions.safeClickwithScroll is PASSED&#xD;
&#xD;
2019-10-30 11:46:47 - [MESSAGE][PASSED] - Object 'Object Repository/Pages/FirstPayVault/button_SearchVault' is present&#xD;
&#xD;
2019-10-30 11:46:49 - [MESSAGE][PASSED] - Object 'Object Repository/Pages/FirstPayVault/button_SearchVault' is visible&#xD;
&#xD;
2019-10-30 11:46:49 - [MESSAGE][INFO] - Sale.ts:waiting until Click on Search Vault is Clickable&#xD;
&#xD;
2019-10-30 11:46:50 - [MESSAGE][PASSED] - Object 'Object Repository/Pages/FirstPayVault/button_SearchVault' is clickable&#xD;
&#xD;
2019-10-30 11:46:51 - [MESSAGE][PASSED] - Object 'Object Repository/Pages/FirstPayVault/button_SearchVault' is visible&#xD;
&#xD;
2019-10-30 11:46:54 - [MESSAGE][PASSED] - Object: 'Object Repository/Pages/FirstPayVault/button_SearchVault' is clicked on&#xD;
&#xD;
2019-10-30 11:46:54 - [MESSAGE][INFO] - Sale.ts: Clicked on the Click on Search Vault&#xD;
&#xD;
2019-10-30 11:46:54 - [MESSAGE][PASSED] - utilities.SafeActions.safeClickwithScroll is PASSED&#xD;
&#xD;
2019-10-30 11:46:54 - [TEST_STEP][PASSED] - utilities.SafeActions.safeClickWithoutScroll(findTestObject("Pages/FirstPayVault/button_Search"), "Click On Search button", [PageLoadTime]): utilities.SafeActions.safeClickWithoutScroll is PASSED&#xD;
&#xD;
2019-10-30 11:46:54 - [MESSAGE][INFO] - Safe Click Without scroll&#xD;
&#xD;
2019-10-30 11:46:54 - [MESSAGE][INFO] - Sale.ts:waiting until Click On Search button is Clickable&#xD;
&#xD;
2019-10-30 11:46:54 - [MESSAGE][PASSED] - Object 'Object Repository/Pages/FirstPayVault/button_Search' is clickable&#xD;
&#xD;
2019-10-30 11:46:54 - [MESSAGE][PASSED] - Object 'Object Repository/Pages/FirstPayVault/button_Search' is visible&#xD;
&#xD;
2019-10-30 11:46:56 - [MESSAGE][PASSED] - Object: 'Object Repository/Pages/FirstPayVault/button_Search' is clicked on&#xD;
&#xD;
2019-10-30 11:46:56 - [MESSAGE][INFO] - Sale.ts: click on the Click On Search button&#xD;
&#xD;
2019-10-30 11:46:56 - [MESSAGE][PASSED] - utilities.SafeActions.safeClickWithoutScroll is PASSED&#xD;
&#xD;
2019-10-30 11:46:56 - [TEST_STEP][PASSED] - scrollToElement(findTestObject("Pages/Transaction_Management/invoice_ForTransaction"), PageLoadTime): Scroll to object 'Object Repository/Pages/Transaction_Management/invoice_ForTransaction' successfully&#xD;
&#xD;
2019-10-30 11:46:57 - [MESSAGE][PASSED] - Scroll to object 'Object Repository/Pages/Transaction_Management/invoice_ForTransaction' successfully&#xD;
&#xD;
2019-10-30 11:46:57 - [TEST_STEP][PASSED] - pages.FirstPayVault.verifyInvoiceRecord(findTestObject("Pages/FirstPayVault/footer_NextButton"), findTestObject("Pages/FirstPayVault/page_Number"), vaultReference): The Vault is found in page 1&#xD;
&#xD;
2019-10-30 11:46:59 - [MESSAGE][PASSED] - Text of object 'Object Repository/Pages/FirstPayVault/page_Number' is: 'Page 1 of 21'&#xD;
&#xD;
2019-10-30 11:46:59 - [MESSAGE][PASSED] - The Vault is found in page 1&#xD;
&#xD;
2019-10-30 11:47:00 - [TEST_STEP][PASSED] - closeBrowser(): Browser is closed&#xD;
&#xD;
2019-10-30 11:47:05 - [MESSAGE][PASSED] - Browser is closed&#xD;
&#xD;
2019-10-30 11:47:05 - [TEST_STEP][PASSED] - Start listener action : sampleAfterTestCase: null&#xD;
&#xD;
2019-10-30 11:47:05 - [TEST_STEP][PASSED] - println(testCaseContext.getTestCaseId()): null&#xD;
&#xD;
2019-10-30 11:47:05 - [TEST_STEP][PASSED] - println(testCaseContext.getTestCaseStatus()): null&#xD;
&#xD;
2019-10-30 11:47:05 - [TEST_STEP][PASSED] - testCaseName = testCaseContext.getTestCaseId(): null&#xD;
&#xD;
2019-10-30 11:47:05 - [TEST_STEP][PASSED] - strCount = testCaseName.lastIndexOf("/"): null&#xD;
&#xD;
2019-10-30 11:47:05 - [TEST_STEP][PASSED] - testCaseName = testCaseName.substring(strCount): null&#xD;
&#xD;
2019-10-30 11:47:05 - [TEST_STEP][PASSED] - println(testCaseName): null&#xD;
&#xD;
2019-10-30 11:47:05 - [TEST_STEP][PASSED] - if (getTestCaseStatus().equalsIgnoreCase("Error")): null&#xD;
&#xD;
2019-10-30 11:47:05 - [TEST_STEP][PASSED] - Start listener action : sampleAfterTestCase: null</system-out>
            <system-err></system-err>
        </testcase>
        <system-out>2019-10-30 11:35:35 - [TEST_SUITE][INCOMPLETE] - Sale: null</system-out>
        <system-err>2019-10-30 11:35:35 - [TEST_SUITE][INCOMPLETE] - Sale: null</system-err>
    </testsuite>
</testsuites>
