<?xml version="1.0" encoding="UTF-8" standalone="yes"?>
<testsuites name="Refund_TestSuite" time="84" tests="1" failures="0" errors="0">
    <testsuite name="Refund_TestSuite" tests="1" failures="0" errors="0" time="84" timestamp="2019-11-04 08:41:35" hostname="venkata.annam - FW1-D-DTA-ZENQ1" id="Test Suites/FirstView/Refund_TestSuite">
        <properties>
            <property name="deviceName" value=""/>
            <property name="devicePlatform" value=""/>
            <property name="logFolder" value="C:\\VPOS_Git_31-10-2019\\VPOS_Internal\\Reports\\20191104_084127\\FirstView\\Refund_TestSuite\\20191104_084128"/>
            <property name="logFiles" value="C:\\VPOS_Git_31-10-2019\\VPOS_Internal\\Reports\\20191104_084127\\FirstView\\Refund_TestSuite\\20191104_084128\\execution0.log"/>
            <property name="attachments" value="C:\\VPOS_Git_31-10-2019\\VPOS_Internal\\Reports\\20191104_084127\\FirstView\\Refund_TestSuite\\20191104_084128\\1572878544533.png, C:\\VPOS_Git_31-10-2019\\VPOS_Internal\\Reports\\20191104_084127\\FirstView\\Refund_TestSuite\\20191104_084128\\1572878564277.png"/>
            <property name="hostName" value="venkata.annam - FW1-D-DTA-ZENQ1"/>
            <property name="os" value="Windows 10 64bit"/>
            <property name="katalonVersion" value="6.3.2.4"/>
            <property name="browser" value="Firefox 70.0"/>
            <property name="hostAddress" value="172.25.52.168"/>
            <property name="sessionId" value="f869edc3-6fa1-4fb2-81d8-db45730dd0e9"/>
            <property name="seleniumVersion" value="3.141.59"/>
            <property name="proxyInformation" value="ProxyInformation{proxyOption=NO_PROXY, proxyServerType=HTTP, password=, proxyServerAddress=, proxyServerPort=0}"/>
            <property name="platform" value="Windows 10"/>
        </properties>
        <testcase name="Test Cases/FirstView/Refund/TC_Refund_CardPresent" classname="Test Cases/FirstView/Refund/TC_Refund_CardPresent" status="PASSED">
            <system-out>2019-11-04 08:41:38 - [TEST_CASE][PASSED] - Test Cases/FirstView/Refund/TC_Refund_CardPresent: Test Cases/FirstView/Refund/TC_Refund_CardPresent&#xD;
&#xD;
2019-11-04 08:41:39 - [TEST_STEP][PASSED] - Start listener action : sampleBeforeTestCase: null&#xD;
&#xD;
2019-11-04 08:41:39 - [TEST_STEP][PASSED] - println(testCaseContext.getTestCaseId()): null&#xD;
&#xD;
2019-11-04 08:41:39 - [TEST_STEP][PASSED] - println(testCaseContext.getTestCaseVariables()): null&#xD;
&#xD;
2019-11-04 08:41:39 - [TEST_STEP][PASSED] - utilities.SafeActions.openBrowser(URL, [delayForElement]): utilities.SafeActions.openBrowser is PASSED&#xD;
&#xD;
2019-11-04 08:41:40 - [MESSAGE][INFO] - Opening Browser&#xD;
&#xD;
2019-11-04 08:41:40 - [MESSAGE][INFO] - Starting 'Firefox' driver&#xD;
&#xD;
2019-11-04 08:41:40 - [MESSAGE][INFO] - Action delay is set to 0 seconds&#xD;
&#xD;
2019-11-04 08:41:51 - [MESSAGE][PASSED] - Browser is opened with url: 'https://q-www-firstview-net.faps.net/MVC/Account/Login'&#xD;
&#xD;
2019-11-04 08:41:51 - [MESSAGE][PASSED] - Current window maximized&#xD;
&#xD;
2019-11-04 08:41:51 - [MESSAGE][INFO] - Browser Launched Successfully&#xD;
&#xD;
2019-11-04 08:41:51 - [MESSAGE][PASSED] - utilities.SafeActions.openBrowser is PASSED&#xD;
&#xD;
2019-11-04 08:41:51 - [TEST_STEP][PASSED] - pages.Login.login(uName, password): pages.Login.login is PASSED&#xD;
&#xD;
2019-11-04 08:41:51 - [MESSAGE][PASSED] - Object 'Object Repository/Pages/Login/userName' is present&#xD;
&#xD;
2019-11-04 08:41:51 - [MESSAGE][PASSED] - Object 'Object Repository/Pages/Login/userName' is present&#xD;
&#xD;
2019-11-04 08:41:52 - [MESSAGE][PASSED] - Object: 'Object Repository/Pages/Login/userName' is clicked on&#xD;
&#xD;
2019-11-04 08:41:52 - [MESSAGE][PASSED] - Text 'ZenQRetail' is set on object 'Object Repository/Pages/Login/userName'&#xD;
&#xD;
2019-11-04 08:41:52 - [MESSAGE][PASSED] - Object 'Object Repository/Pages/Login/password' is present&#xD;
&#xD;
2019-11-04 08:41:52 - [MESSAGE][PASSED] - Object 'Object Repository/Pages/Login/password' is present&#xD;
&#xD;
2019-11-04 08:41:53 - [MESSAGE][PASSED] - Object: 'Object Repository/Pages/Login/password' is clicked on&#xD;
&#xD;
2019-11-04 08:41:53 - [MESSAGE][PASSED] - Text 'P@ssword1' is set on object 'Object Repository/Pages/Login/password'&#xD;
&#xD;
2019-11-04 08:41:54 - [MESSAGE][INFO] - Safe Click Without scroll&#xD;
&#xD;
2019-11-04 08:41:54 - [MESSAGE][INFO] - Refund_TestSuite.ts:waiting until Click on Login is Clickable&#xD;
&#xD;
2019-11-04 08:41:54 - [MESSAGE][PASSED] - Object 'Object Repository/Pages/Login/login' is clickable&#xD;
&#xD;
2019-11-04 08:41:54 - [MESSAGE][PASSED] - Object 'Object Repository/Pages/Login/login' is visible&#xD;
&#xD;
2019-11-04 08:41:56 - [MESSAGE][PASSED] - Object: 'Object Repository/Pages/Login/login' is clicked on&#xD;
&#xD;
2019-11-04 08:41:56 - [MESSAGE][INFO] - Refund_TestSuite.ts: click on the Click on Login&#xD;
&#xD;
2019-11-04 08:41:56 - [MESSAGE][PASSED] - pages.Login.login is PASSED&#xD;
&#xD;
2019-11-04 08:41:56 - [TEST_STEP][PASSED] - callTestCase(findTestCase("FirstView/Login/TC_SendCode"), [:], STOP_ON_FAILURE): Call Test Case 'Test Cases/FirstView/Login/TC_SendCode' successfully&#xD;
&#xD;
2019-11-04 08:41:56 - [TEST_CASE][PASSED] - Test Cases/FirstView/Login/TC_SendCode: Test Cases/FirstView/Login/TC_SendCode&#xD;
&#xD;
2019-11-04 08:41:56 - [TEST_STEP][PASSED] - flag = pages.SendCode.verifyPage(): pages.SendCode.verifyPage is PASSED&#xD;
&#xD;
2019-11-04 08:41:57 - [MESSAGE][PASSED] - Object 'Object Repository/Pages/SendCodeToValidate/header_SendCodeToValidate' is present and visible in viewport&#xD;
&#xD;
2019-11-04 08:41:57 - [MESSAGE][PASSED] - pages.SendCode.verifyPage is PASSED&#xD;
&#xD;
2019-11-04 08:41:57 - [TEST_STEP][PASSED] - if (flag): pages.SendCode.clickonUserSettings is PASSED&#xD;
&#xD;
2019-11-04 08:41:57 - [TEST_STEP][PASSED] - pages.SendCode.clickonUserSettings(): pages.SendCode.clickonUserSettings is PASSED&#xD;
&#xD;
2019-11-04 08:41:57 - [MESSAGE][PASSED] - Object 'Object Repository/Pages/SendCodeToValidate/link_UserSettings' is present&#xD;
&#xD;
2019-11-04 08:41:57 - [MESSAGE][PASSED] - Object 'Object Repository/Pages/SendCodeToValidate/link_UserSettings' is visible&#xD;
&#xD;
2019-11-04 08:41:57 - [MESSAGE][INFO] - Refund_TestSuite.ts:waiting until Click on User Settings is Clickable&#xD;
&#xD;
2019-11-04 08:41:57 - [MESSAGE][PASSED] - Object 'Object Repository/Pages/SendCodeToValidate/link_UserSettings' is clickable&#xD;
&#xD;
2019-11-04 08:41:57 - [MESSAGE][PASSED] - Object 'Object Repository/Pages/SendCodeToValidate/link_UserSettings' is visible&#xD;
&#xD;
2019-11-04 08:41:59 - [MESSAGE][PASSED] - Object: 'Object Repository/Pages/SendCodeToValidate/link_UserSettings' is clicked on&#xD;
&#xD;
2019-11-04 08:41:59 - [MESSAGE][INFO] - Refund_TestSuite.ts: Clicked on the Click on User Settings&#xD;
&#xD;
2019-11-04 08:41:59 - [MESSAGE][PASSED] - pages.SendCode.clickonUserSettings is PASSED&#xD;
&#xD;
2019-11-04 08:41:59 - [MESSAGE][PASSED] - Call Test Case 'Test Cases/FirstView/Login/TC_SendCode' successfully&#xD;
&#xD;
2019-11-04 08:41:59 - [TEST_STEP][PASSED] - callTestCase(findTestCase("FirstView/Login/TC_FirstView"), [:], STOP_ON_FAILURE): Call Test Case 'Test Cases/FirstView/Login/TC_FirstView' successfully&#xD;
&#xD;
2019-11-04 08:41:59 - [TEST_CASE][PASSED] - Test Cases/FirstView/Login/TC_FirstView: Test Cases/FirstView/Login/TC_FirstView&#xD;
&#xD;
2019-11-04 08:41:59 - [TEST_STEP][PASSED] - delay(3): Delayed 3 second(s)&#xD;
&#xD;
2019-11-04 08:42:02 - [MESSAGE][PASSED] - Delayed 3 second(s)&#xD;
&#xD;
2019-11-04 08:42:02 - [TEST_STEP][PASSED] - utilities.SafeActions.javascriptclick(findTestObject("Pages/FirstView/link_Home"), delayForElement): utilities.SafeActions.javascriptclick is PASSED&#xD;
&#xD;
2019-11-04 08:42:02 - [MESSAGE][PASSED] - utilities.SafeActions.javascriptclick is PASSED&#xD;
&#xD;
2019-11-04 08:42:02 - [TEST_STEP][PASSED] - utilities.SafeActions.safeClickWithoutScroll(findTestObject("Pages/FirstView/link_VPOS"), "Click on VPOS button in First View screen", [PageLoadTime]): utilities.SafeActions.safeClickWithoutScroll is PASSED&#xD;
&#xD;
2019-11-04 08:42:02 - [MESSAGE][INFO] - Safe Click Without scroll&#xD;
&#xD;
2019-11-04 08:42:02 - [MESSAGE][INFO] - Refund_TestSuite.ts:waiting until Click on VPOS button in First View screen is Clickable&#xD;
&#xD;
2019-11-04 08:42:03 - [MESSAGE][PASSED] - Object 'Object Repository/Pages/FirstView/link_VPOS' is clickable&#xD;
&#xD;
2019-11-04 08:42:03 - [MESSAGE][PASSED] - Object 'Object Repository/Pages/FirstView/link_VPOS' is visible&#xD;
&#xD;
2019-11-04 08:42:04 - [MESSAGE][PASSED] - Object: 'Object Repository/Pages/FirstView/link_VPOS' is clicked on&#xD;
&#xD;
2019-11-04 08:42:04 - [MESSAGE][INFO] - Refund_TestSuite.ts: click on the Click on VPOS button in First View screen&#xD;
&#xD;
2019-11-04 08:42:04 - [MESSAGE][PASSED] - utilities.SafeActions.safeClickWithoutScroll is PASSED&#xD;
&#xD;
2019-11-04 08:42:04 - [MESSAGE][PASSED] - Call Test Case 'Test Cases/FirstView/Login/TC_FirstView' successfully&#xD;
&#xD;
2019-11-04 08:42:04 - [TEST_STEP][PASSED] - switchToWindowTitle("Transcenter - VPOS"): Switched to window with title: 'Transcenter - VPOS'&#xD;
&#xD;
2019-11-04 08:42:09 - [MESSAGE][PASSED] - Switched to window with title: 'Transcenter - VPOS'&#xD;
&#xD;
2019-11-04 08:42:09 - [TEST_STEP][PASSED] - delay(delayForElement): Delayed 6 second(s)&#xD;
&#xD;
2019-11-04 08:42:15 - [MESSAGE][PASSED] - Delayed 6 second(s)&#xD;
&#xD;
2019-11-04 08:42:15 - [TEST_STEP][PASSED] - utilities.SafeActions.javascriptclick(findTestObject("Pages/Refund/tab_Refund"), PageLoadTime): utilities.SafeActions.javascriptclick is PASSED&#xD;
&#xD;
2019-11-04 08:42:15 - [MESSAGE][PASSED] - utilities.SafeActions.javascriptclick is PASSED&#xD;
&#xD;
2019-11-04 08:42:15 - [TEST_STEP][PASSED] - delay(delayForElement): Delayed 6 second(s)&#xD;
&#xD;
2019-11-04 08:42:21 - [MESSAGE][PASSED] - Delayed 6 second(s)&#xD;
&#xD;
2019-11-04 08:42:21 - [TEST_STEP][PASSED] - utilities.SafeActions.safeClickWithoutScroll(findTestObject("Pages/Refund/tab_Refund"), "Click on Refundtab", [delayForElement]): utilities.SafeActions.safeClickWithoutScroll is PASSED&#xD;
&#xD;
2019-11-04 08:42:21 - [MESSAGE][INFO] - Safe Click Without scroll&#xD;
&#xD;
2019-11-04 08:42:21 - [MESSAGE][INFO] - Refund_TestSuite.ts:waiting until Click on Refundtab is Clickable&#xD;
&#xD;
2019-11-04 08:42:21 - [MESSAGE][PASSED] - Object 'Object Repository/Pages/Refund/tab_Refund' is clickable&#xD;
&#xD;
2019-11-04 08:42:22 - [MESSAGE][PASSED] - Object 'Object Repository/Pages/Refund/tab_Refund' is visible&#xD;
&#xD;
2019-11-04 08:42:22 - [MESSAGE][PASSED] - Object: 'Object Repository/Pages/Refund/tab_Refund' is clicked on&#xD;
&#xD;
2019-11-04 08:42:22 - [MESSAGE][INFO] - Refund_TestSuite.ts: click on the Click on Refundtab&#xD;
&#xD;
2019-11-04 08:42:22 - [MESSAGE][PASSED] - utilities.SafeActions.safeClickWithoutScroll is PASSED&#xD;
&#xD;
2019-11-04 08:42:22 - [TEST_STEP][PASSED] - pages.Sale.verifyIfEntryModeIsChecked(tabName, entryModeCheckBox, delayBetweenTestSteps): pages.Sale.verifyIfEntryModeIsChecked is PASSED&#xD;
&#xD;
2019-11-04 08:42:23 - [MESSAGE][PASSED] - Object '' is checked&#xD;
&#xD;
2019-11-04 08:42:23 - [MESSAGE][INFO] - The specified checkbox is checked&#xD;
&#xD;
2019-11-04 08:42:23 - [MESSAGE][PASSED] - pages.Sale.verifyIfEntryModeIsChecked is PASSED&#xD;
&#xD;
2019-11-04 08:42:23 - [TEST_STEP][PASSED] - utilities.SafeActions.safeType(findTestObject("Pages/Refund/input_Amount"), amountInput, "Enter Amount into Amount text box", [20]): utilities.SafeActions.safeType is PASSED&#xD;
&#xD;
2019-11-04 08:42:23 - [MESSAGE][PASSED] - Object 'Object Repository/Pages/Refund/input_Amount' is present&#xD;
&#xD;
2019-11-04 08:42:23 - [MESSAGE][PASSED] - Object 'Object Repository/Pages/Refund/input_Amount' is present&#xD;
&#xD;
2019-11-04 08:42:24 - [MESSAGE][PASSED] - Object: 'Object Repository/Pages/Refund/input_Amount' is clicked on&#xD;
&#xD;
2019-11-04 08:42:24 - [MESSAGE][PASSED] - Text '550' is set on object 'Object Repository/Pages/Refund/input_Amount'&#xD;
&#xD;
2019-11-04 08:42:24 - [MESSAGE][PASSED] - utilities.SafeActions.safeType is PASSED&#xD;
&#xD;
2019-11-04 08:42:24 - [TEST_STEP][PASSED] - scrollToElement(findTestObject("Pages/Refund/dropDown_ExpirationMonth"), delayBetweenTestSteps): Scroll to object 'Object Repository/Pages/Refund/dropDown_ExpirationMonth' successfully&#xD;
&#xD;
2019-11-04 08:42:24 - [MESSAGE][PASSED] - Scroll to object 'Object Repository/Pages/Refund/dropDown_ExpirationMonth' successfully&#xD;
&#xD;
2019-11-04 08:42:24 - [TEST_STEP][PASSED] - pages.Refund.verifyIfCardInformationIsChecked(tabName, cardInformationCheckBox, delayBetweenTestSteps): pages.Refund.verifyIfCardInformationIsChecked is PASSED&#xD;
&#xD;
2019-11-04 08:42:24 - [MESSAGE][WARNING] - Object '' is not checked (Root cause: com.kms.katalon.core.exception.StepFailedException: Object '' is not checked&#xD;
	at com.kms.katalon.core.webui.keyword.internal.WebUIKeywordMain.stepFailed(WebUIKeywordMain.groovy:64)&#xD;
	at com.kms.katalon.core.webui.keyword.builtin.VerifyElementCheckedKeyword$_verifyElementChecked_closure1.doCall(VerifyElementCheckedKeyword.groovy:81)&#xD;
	at com.kms.katalon.core.webui.keyword.builtin.VerifyElementCheckedKeyword$_verifyElementChecked_closure1.call(VerifyElementCheckedKeyword.groovy)&#xD;
	at com.kms.katalon.core.webui.keyword.internal.WebUIKeywordMain.runKeyword(WebUIKeywordMain.groovy:20)&#xD;
	at com.kms.katalon.core.webui.keyword.builtin.VerifyElementCheckedKeyword.verifyElementChecked(VerifyElementCheckedKeyword.groovy:92)&#xD;
	at com.kms.katalon.core.webui.keyword.builtin.VerifyElementCheckedKeyword.execute(VerifyElementCheckedKeyword.groovy:68)&#xD;
	at com.kms.katalon.core.keyword.internal.KeywordExecutor.executeKeywordForPlatform(KeywordExecutor.groovy:56)&#xD;
	at com.kms.katalon.core.webui.keyword.WebUiBuiltInKeywords.verifyElementChecked(WebUiBuiltInKeywords.groovy:1352)&#xD;
	at com.kms.katalon.core.webui.keyword.WebUiBuiltInKeywords$verifyElementChecked$9.call(Unknown Source)&#xD;
	at pages.Refund.verifyIfCardInformationIsChecked(Refund.groovy:31)&#xD;
	at pages.Refund.invokeMethod(Refund.groovy)&#xD;
	at com.kms.katalon.core.main.CustomKeywordDelegatingMetaClass.invokeStaticMethod(CustomKeywordDelegatingMetaClass.java:50)&#xD;
	at TC_Refund_CardPresent.run(TC_Refund_CardPresent:49)&#xD;
	at com.kms.katalon.core.main.ScriptEngine.run(ScriptEngine.java:194)&#xD;
	at com.kms.katalon.core.main.ScriptEngine.runScriptAsRawText(ScriptEngine.java:119)&#xD;
	at com.kms.katalon.core.main.TestCaseExecutor.runScript(TestCaseExecutor.java:337)&#xD;
	at com.kms.katalon.core.main.TestCaseExecutor.doExecute(TestCaseExecutor.java:328)&#xD;
	at com.kms.katalon.core.main.TestCaseExecutor.processExecutionPhase(TestCaseExecutor.java:307)&#xD;
	at com.kms.katalon.core.main.TestCaseExecutor.accessMainPhase(TestCaseExecutor.java:299)&#xD;
	at com.kms.katalon.core.main.TestCaseExecutor.execute(TestCaseExecutor.java:233)&#xD;
	at com.kms.katalon.core.main.TestSuiteExecutor.accessTestCaseMainPhase(TestSuiteExecutor.java:169)&#xD;
	at com.kms.katalon.core.main.TestSuiteExecutor.accessTestSuiteMainPhase(TestSuiteExecutor.java:142)&#xD;
	at com.kms.katalon.core.main.TestSuiteExecutor.execute(TestSuiteExecutor.java:91)&#xD;
	at com.kms.katalon.core.main.TestCaseMain.startTestSuite(TestCaseMain.java:157)&#xD;
	at com.kms.katalon.core.main.TestCaseMain$startTestSuite$0.call(Unknown Source)&#xD;
	at TempTestSuite1572878488746.run(TempTestSuite1572878488746.groovy:35)&#xD;
)&#xD;
[[ATTACHMENT|C:\\VPOS_Git_31-10-2019\\VPOS_Internal\\Reports\\20191104_084127\\FirstView\\Refund_TestSuite\\20191104_084128\\1572878544533.png]]&#xD;
&#xD;
2019-11-04 08:42:24 - [MESSAGE][PASSED] - Object '' is checked&#xD;
&#xD;
2019-11-04 08:42:24 - [MESSAGE][INFO] - Checked for specified checkbox&#xD;
&#xD;
2019-11-04 08:42:24 - [MESSAGE][PASSED] - pages.Refund.verifyIfCardInformationIsChecked is PASSED&#xD;
&#xD;
2019-11-04 08:42:24 - [TEST_STEP][PASSED] - utilities.SafeActions.safeType(findTestObject("Pages/Refund/input_CardNumber"), visaCardNumber, "Entering Card Number", [10]): utilities.SafeActions.safeType is PASSED&#xD;
&#xD;
2019-11-04 08:42:25 - [MESSAGE][PASSED] - Object 'Object Repository/Pages/Refund/input_CardNumber' is present&#xD;
&#xD;
2019-11-04 08:42:25 - [MESSAGE][PASSED] - Object 'Object Repository/Pages/Refund/input_CardNumber' is present&#xD;
&#xD;
2019-11-04 08:42:25 - [MESSAGE][PASSED] - Object: 'Object Repository/Pages/Refund/input_CardNumber' is clicked on&#xD;
&#xD;
2019-11-04 08:42:26 - [MESSAGE][PASSED] - Text '4111111111111111' is set on object 'Object Repository/Pages/Refund/input_CardNumber'&#xD;
&#xD;
2019-11-04 08:42:26 - [MESSAGE][PASSED] - utilities.SafeActions.safeType is PASSED&#xD;
&#xD;
2019-11-04 08:42:26 - [TEST_STEP][PASSED] - delay(delayBetweenTestSteps): Delayed 3 second(s)&#xD;
&#xD;
2019-11-04 08:42:29 - [MESSAGE][PASSED] - Delayed 3 second(s)&#xD;
&#xD;
2019-11-04 08:42:29 - [TEST_STEP][PASSED] - utilities.SafeActions.safeSelectOptionInDropDownByVisibleText(findTestObject("Pages/Refund/dropDown_ExpirationMonth"), cardMonth, "Enter Month", [5]): utilities.SafeActions.safeSelectOptionInDropDownByVisibleText is PASSED&#xD;
&#xD;
2019-11-04 08:42:29 - [MESSAGE][PASSED] - Object 'Object Repository/Pages/Refund/dropDown_ExpirationMonth' is visible&#xD;
&#xD;
2019-11-04 08:42:29 - [MESSAGE][PASSED] - Object 'Object Repository/Pages/Refund/dropDown_ExpirationMonth' is present&#xD;
&#xD;
2019-11-04 08:42:30 - [MESSAGE][PASSED] - Object: 'Object Repository/Pages/Refund/dropDown_ExpirationMonth' is clicked on&#xD;
&#xD;
2019-11-04 08:42:30 - [MESSAGE][PASSED] - All options with label 'September' are selected in object 'Object Repository/Pages/Refund/dropDown_ExpirationMonth' &#xD;
&#xD;
2019-11-04 08:42:30 - [MESSAGE][PASSED] - utilities.SafeActions.safeSelectOptionInDropDownByVisibleText is PASSED&#xD;
&#xD;
2019-11-04 08:42:30 - [TEST_STEP][PASSED] - utilities.SafeActions.safeSelectOptionInDropDownByVisibleText(findTestObject("Pages/Refund/dropDown_ExpirationYear"), cardYear, "Select Expiration Year", [5]): utilities.SafeActions.safeSelectOptionInDropDownByVisibleText is PASSED&#xD;
&#xD;
2019-11-04 08:42:30 - [MESSAGE][PASSED] - Object 'Object Repository/Pages/Refund/dropDown_ExpirationYear' is visible&#xD;
&#xD;
2019-11-04 08:42:30 - [MESSAGE][PASSED] - Object 'Object Repository/Pages/Refund/dropDown_ExpirationYear' is present&#xD;
&#xD;
2019-11-04 08:42:31 - [MESSAGE][PASSED] - Object: 'Object Repository/Pages/Refund/dropDown_ExpirationYear' is clicked on&#xD;
&#xD;
2019-11-04 08:42:31 - [MESSAGE][PASSED] - All options with label '2032' are selected in object 'Object Repository/Pages/Refund/dropDown_ExpirationYear' &#xD;
&#xD;
2019-11-04 08:42:31 - [MESSAGE][PASSED] - utilities.SafeActions.safeSelectOptionInDropDownByVisibleText is PASSED&#xD;
&#xD;
2019-11-04 08:42:31 - [TEST_STEP][PASSED] - utilities.SafeActions.safeType(findTestObject("Pages/Refund/input_SecurityCode"), securityCode, "Enter Security code", [delayForElement]): utilities.SafeActions.safeType is PASSED&#xD;
&#xD;
2019-11-04 08:42:38 - [MESSAGE][INFO] - Unable to find the element located by 'By.xpath: //section[@id='p-Refund']//input[contains(@id,'security-code')]'. Please recheck the objects properties to make sure the desired element is located. &#xD;
&#xD;
2019-11-04 08:42:38 - [MESSAGE][WARNING] - Object 'Object Repository/Pages/Refund/input_SecurityCode' is not present after 6 second(s)&#xD;
&#xD;
2019-11-04 08:42:44 - [MESSAGE][INFO] - Unable to find the element located by 'By.xpath: //section[@id='p-Refund']//input[contains(@id,'security-code')]'. Please recheck the objects properties to make sure the desired element is located. &#xD;
&#xD;
2019-11-04 08:42:44 - [MESSAGE][WARNING] - com.kms.katalon.core.webui.exception.WebElementNotFoundException: Web element with id: 'Object Repository/Pages/Refund/input_SecurityCode' located by 'By.xpath: //section[@id='p-Refund']//input[contains(@id,'security-code')]' not found (Root cause: com.kms.katalon.core.exception.StepFailedException: com.kms.katalon.core.webui.exception.WebElementNotFoundException: Web element with id: 'Object Repository/Pages/Refund/input_SecurityCode' located by 'By.xpath: //section[@id='p-Refund']//input[contains(@id,'security-code')]' not found&#xD;
	at com.kms.katalon.core.webui.keyword.internal.WebUIKeywordMain.stepFailed(WebUIKeywordMain.groovy:64)&#xD;
	at com.kms.katalon.core.webui.keyword.builtin.VerifyElementPresentKeyword$_verifyElementPresent_closure1.doCall(VerifyElementPresentKeyword.groovy:85)&#xD;
	at com.kms.katalon.core.webui.keyword.builtin.VerifyElementPresentKeyword$_verifyElementPresent_closure1.call(VerifyElementPresentKeyword.groovy)&#xD;
	at com.kms.katalon.core.webui.keyword.internal.WebUIKeywordMain.runKeyword(WebUIKeywordMain.groovy:20)&#xD;
	at com.kms.katalon.core.webui.keyword.builtin.VerifyElementPresentKeyword.verifyElementPresent(VerifyElementPresentKeyword.groovy:92)&#xD;
	at com.kms.katalon.core.webui.keyword.builtin.VerifyElementPresentKeyword.execute(VerifyElementPresentKeyword.groovy:68)&#xD;
	at com.kms.katalon.core.keyword.internal.KeywordExecutor.executeKeywordForPlatform(KeywordExecutor.groovy:56)&#xD;
	at com.kms.katalon.core.webui.keyword.WebUiBuiltInKeywords.verifyElementPresent(WebUiBuiltInKeywords.groovy:1418)&#xD;
	at com.kms.katalon.core.webui.keyword.WebUiBuiltInKeywords$verifyElementPresent$2.call(Unknown Source)&#xD;
	at utilities.SafeActions.safeType(SafeActions.groovy:68)&#xD;
	at utilities.SafeActions.invokeMethod(SafeActions.groovy)&#xD;
	at com.kms.katalon.core.main.CustomKeywordDelegatingMetaClass.invokeStaticMethod(CustomKeywordDelegatingMetaClass.java:50)&#xD;
	at TC_Refund_CardPresent.run(TC_Refund_CardPresent:65)&#xD;
	at com.kms.katalon.core.main.ScriptEngine.run(ScriptEngine.java:194)&#xD;
	at com.kms.katalon.core.main.ScriptEngine.runScriptAsRawText(ScriptEngine.java:119)&#xD;
	at com.kms.katalon.core.main.TestCaseExecutor.runScript(TestCaseExecutor.java:337)&#xD;
	at com.kms.katalon.core.main.TestCaseExecutor.doExecute(TestCaseExecutor.java:328)&#xD;
	at com.kms.katalon.core.main.TestCaseExecutor.processExecutionPhase(TestCaseExecutor.java:307)&#xD;
	at com.kms.katalon.core.main.TestCaseExecutor.accessMainPhase(TestCaseExecutor.java:299)&#xD;
	at com.kms.katalon.core.main.TestCaseExecutor.execute(TestCaseExecutor.java:233)&#xD;
	at com.kms.katalon.core.main.TestSuiteExecutor.accessTestCaseMainPhase(TestSuiteExecutor.java:169)&#xD;
	at com.kms.katalon.core.main.TestSuiteExecutor.accessTestSuiteMainPhase(TestSuiteExecutor.java:142)&#xD;
	at com.kms.katalon.core.main.TestSuiteExecutor.execute(TestSuiteExecutor.java:91)&#xD;
	at com.kms.katalon.core.main.TestCaseMain.startTestSuite(TestCaseMain.java:157)&#xD;
	at com.kms.katalon.core.main.TestCaseMain$startTestSuite$0.call(Unknown Source)&#xD;
	at TempTestSuite1572878488746.run(TempTestSuite1572878488746.groovy:35)&#xD;
)&#xD;
[[ATTACHMENT|C:\\VPOS_Git_31-10-2019\\VPOS_Internal\\Reports\\20191104_084127\\FirstView\\Refund_TestSuite\\20191104_084128\\1572878564277.png]]&#xD;
&#xD;
2019-11-04 08:42:44 - [MESSAGE][WARNING] - Refund_TestSuite.ts:unable to enter111 in Enter Security code in time -6seconds&#xD;
&#xD;
2019-11-04 08:42:44 - [MESSAGE][PASSED] - utilities.SafeActions.safeType is PASSED&#xD;
&#xD;
2019-11-04 08:42:44 - [TEST_STEP][PASSED] - delay(delayBetweenTestSteps): Delayed 3 second(s)&#xD;
&#xD;
2019-11-04 08:42:47 - [MESSAGE][PASSED] - Delayed 3 second(s)&#xD;
&#xD;
2019-11-04 08:42:47 - [TEST_STEP][PASSED] - utilities.SafeActions.safeClickwithScroll(findTestObject("Pages/Refund/button_Checkout"), "Click on Checkout button", [60]): utilities.SafeActions.safeClickwithScroll is PASSED&#xD;
&#xD;
2019-11-04 08:42:47 - [MESSAGE][PASSED] - Object 'Object Repository/Pages/Refund/button_Checkout' is present&#xD;
&#xD;
2019-11-04 08:42:47 - [MESSAGE][PASSED] - Object 'Object Repository/Pages/Refund/button_Checkout' is visible&#xD;
&#xD;
2019-11-04 08:42:47 - [MESSAGE][INFO] - Refund_TestSuite.ts:waiting until Click on Checkout button is Clickable&#xD;
&#xD;
2019-11-04 08:42:47 - [MESSAGE][PASSED] - Object 'Object Repository/Pages/Refund/button_Checkout' is clickable&#xD;
&#xD;
2019-11-04 08:42:47 - [MESSAGE][PASSED] - Object 'Object Repository/Pages/Refund/button_Checkout' is visible&#xD;
&#xD;
2019-11-04 08:42:48 - [MESSAGE][PASSED] - Object: 'Object Repository/Pages/Refund/button_Checkout' is clicked on&#xD;
&#xD;
2019-11-04 08:42:48 - [MESSAGE][INFO] - Refund_TestSuite.ts: Clicked on the Click on Checkout button&#xD;
&#xD;
2019-11-04 08:42:48 - [MESSAGE][PASSED] - utilities.SafeActions.safeClickwithScroll is PASSED&#xD;
&#xD;
2019-11-04 08:42:48 - [TEST_STEP][PASSED] - pages.Sale.verifyTransactionCompletePage(findTestObject("Pages/Sale/heading_TransactionComplete")): The screen is Transaction Complete screen&#xD;
&#xD;
2019-11-04 08:42:48 - [MESSAGE][PASSED] - Object 'Object Repository/Pages/Sale/heading_TransactionComplete' is present&#xD;
&#xD;
2019-11-04 08:42:49 - [MESSAGE][PASSED] - The screen is Transaction Complete screen&#xD;
&#xD;
2019-11-04 08:42:49 - [TEST_STEP][PASSED] - transactionCompleteMessage = utilities.SafeActions.safeGetText(findTestObject("Pages/ForceTransactions/approved_TransactionMessage_TransactionComplete_Screen"), delayForElement): utilities.SafeActions.safeGetText is PASSED&#xD;
&#xD;
2019-11-04 08:42:49 - [MESSAGE][PASSED] - Object 'Object Repository/Pages/ForceTransactions/approved_TransactionMessage_TransactionComplete_Screen' is present&#xD;
&#xD;
2019-11-04 08:42:49 - [MESSAGE][PASSED] - Scroll to object 'Object Repository/Pages/ForceTransactions/approved_TransactionMessage_TransactionComplete_Screen' successfully&#xD;
&#xD;
2019-11-04 08:42:49 - [MESSAGE][PASSED] - Object 'Object Repository/Pages/ForceTransactions/approved_TransactionMessage_TransactionComplete_Screen' is present&#xD;
&#xD;
2019-11-04 08:42:50 - [MESSAGE][PASSED] - Text of object 'Object Repository/Pages/ForceTransactions/approved_TransactionMessage_TransactionComplete_Screen' is: ' This 
Refund
 for 
$550.00
 has been Approved'&#xD;
&#xD;
2019-11-04 08:42:50 - [MESSAGE][PASSED] - utilities.SafeActions.safeGetText is PASSED&#xD;
&#xD;
2019-11-04 08:42:50 - [TEST_STEP][PASSED] - println(transactionCompleteMessage): null&#xD;
&#xD;
2019-11-04 08:42:50 - [TEST_STEP][PASSED] - pages.Force_Transaction.verifyStrings(transactionCompleteMessage): Transaction is Successfull in Transaction Complete page&#xD;
&#xD;
2019-11-04 08:42:50 - [MESSAGE][PASSED] - Transaction is Successfull in Transaction Complete page&#xD;
&#xD;
2019-11-04 08:42:50 - [TEST_STEP][PASSED] - delay(delayBetweenTestSteps): Delayed 3 second(s)&#xD;
&#xD;
2019-11-04 08:42:53 - [MESSAGE][PASSED] - Delayed 3 second(s)&#xD;
&#xD;
2019-11-04 08:42:53 - [TEST_STEP][PASSED] - total_Amount = utilities.SafeActions.safeGetText(findTestObject("Pages/Refund/totalAmount"), delayForElement): utilities.SafeActions.safeGetText is PASSED&#xD;
&#xD;
2019-11-04 08:42:53 - [MESSAGE][PASSED] - Object 'Object Repository/Pages/Refund/totalAmount' is present&#xD;
&#xD;
2019-11-04 08:42:53 - [MESSAGE][PASSED] - Scroll to object 'Object Repository/Pages/Refund/totalAmount' successfully&#xD;
&#xD;
2019-11-04 08:42:53 - [MESSAGE][PASSED] - Object 'Object Repository/Pages/Refund/totalAmount' is present&#xD;
&#xD;
2019-11-04 08:42:53 - [MESSAGE][PASSED] - Text of object 'Object Repository/Pages/Refund/totalAmount' is: '$550.00'&#xD;
&#xD;
2019-11-04 08:42:53 - [MESSAGE][PASSED] - utilities.SafeActions.safeGetText is PASSED&#xD;
&#xD;
2019-11-04 08:42:53 - [TEST_STEP][PASSED] - invoiceNumber = utilities.SafeActions.safeGetText(findTestObject("Pages/Refund/invoiceNumber"), delayForElement): utilities.SafeActions.safeGetText is PASSED&#xD;
&#xD;
2019-11-04 08:42:53 - [MESSAGE][PASSED] - Object 'Object Repository/Pages/Refund/invoiceNumber' is present&#xD;
&#xD;
2019-11-04 08:42:53 - [MESSAGE][PASSED] - Scroll to object 'Object Repository/Pages/Refund/invoiceNumber' successfully&#xD;
&#xD;
2019-11-04 08:42:53 - [MESSAGE][PASSED] - Object 'Object Repository/Pages/Refund/invoiceNumber' is present&#xD;
&#xD;
2019-11-04 08:42:54 - [MESSAGE][PASSED] - Text of object 'Object Repository/Pages/Refund/invoiceNumber' is: '637084753683487465'&#xD;
&#xD;
2019-11-04 08:42:54 - [MESSAGE][PASSED] - utilities.SafeActions.safeGetText is PASSED&#xD;
&#xD;
2019-11-04 08:42:54 - [TEST_STEP][PASSED] - utilities.SafeActions.safeClickWithoutScroll(findTestObject("Pages/Refund/button_ReturnToRefund"), "Click on Return To Sale", [10]): utilities.SafeActions.safeClickWithoutScroll is PASSED&#xD;
&#xD;
2019-11-04 08:42:54 - [MESSAGE][INFO] - Safe Click Without scroll&#xD;
&#xD;
2019-11-04 08:42:54 - [MESSAGE][INFO] - Refund_TestSuite.ts:waiting until Click on Return To Sale is Clickable&#xD;
&#xD;
2019-11-04 08:42:54 - [MESSAGE][PASSED] - Object 'Object Repository/Pages/Refund/button_ReturnToRefund' is clickable&#xD;
&#xD;
2019-11-04 08:42:54 - [MESSAGE][PASSED] - Object 'Object Repository/Pages/Refund/button_ReturnToRefund' is visible&#xD;
&#xD;
2019-11-04 08:42:55 - [MESSAGE][PASSED] - Object: 'Object Repository/Pages/Refund/button_ReturnToRefund' is clicked on&#xD;
&#xD;
2019-11-04 08:42:55 - [MESSAGE][INFO] - Refund_TestSuite.ts: click on the Click on Return To Sale&#xD;
&#xD;
2019-11-04 08:42:55 - [MESSAGE][PASSED] - utilities.SafeActions.safeClickWithoutScroll is PASSED&#xD;
&#xD;
2019-11-04 08:42:55 - [TEST_STEP][PASSED] - closeBrowser(): Browser is closed&#xD;
&#xD;
2019-11-04 08:43:00 - [MESSAGE][PASSED] - Browser is closed&#xD;
&#xD;
2019-11-04 08:43:00 - [TEST_STEP][PASSED] - Start listener action : sampleAfterTestCase: null&#xD;
&#xD;
2019-11-04 08:43:00 - [TEST_STEP][PASSED] - println(testCaseContext.getTestCaseId()): null&#xD;
&#xD;
2019-11-04 08:43:00 - [TEST_STEP][PASSED] - println(testCaseContext.getTestCaseStatus()): null&#xD;
&#xD;
2019-11-04 08:43:00 - [TEST_STEP][PASSED] - testCaseName = testCaseContext.getTestCaseId(): null&#xD;
&#xD;
2019-11-04 08:43:00 - [TEST_STEP][PASSED] - strCount = testCaseName.lastIndexOf("/"): null&#xD;
&#xD;
2019-11-04 08:43:00 - [TEST_STEP][PASSED] - testCaseName = testCaseName.substring(strCount): null&#xD;
&#xD;
2019-11-04 08:43:00 - [TEST_STEP][PASSED] - println(testCaseName): null&#xD;
&#xD;
2019-11-04 08:43:00 - [TEST_STEP][PASSED] - if (getTestCaseStatus().equalsIgnoreCase("Error")): null&#xD;
&#xD;
2019-11-04 08:43:00 - [TEST_STEP][PASSED] - Start listener action : sampleAfterTestCase: null</system-out>
            <system-err></system-err>
        </testcase>
        <system-out>2019-11-04 08:41:35 - [TEST_SUITE][INCOMPLETE] - Refund_TestSuite: null</system-out>
        <system-err>2019-11-04 08:41:35 - [TEST_SUITE][INCOMPLETE] - Refund_TestSuite: null</system-err>
    </testsuite>
</testsuites>
