<?xml version="1.0" encoding="UTF-8" standalone="yes"?>
<testsuites name="New Test Suite" time="632" tests="5" failures="1" errors="0">
    <testsuite name="New Test Suite" tests="5" failures="1" errors="0" time="632" timestamp="2019-11-01 03:10:29" hostname="venkata.annam - FW1-D-DTA-ZENQ1" id="Test Suites/New Test Suite">
        <properties>
            <property name="deviceName" value=""/>
            <property name="devicePlatform" value=""/>
            <property name="logFolder" value="C:\\VPOS_Git_31-10-2019\\VPOS_Internal\\Reports\\20191101_031023\\New Test Suite\\20191101_031023"/>
            <property name="logFiles" value="C:\\VPOS_Git_31-10-2019\\VPOS_Internal\\Reports\\20191101_031023\\New Test Suite\\20191101_031023\\execution0.log"/>
            <property name="attachments" value="C:\\VPOS_Git_31-10-2019\\VPOS_Internal\\Reports\\20191101_031023\\New Test Suite\\20191101_031023\\1572596088787.png, C:\\VPOS_Git_31-10-2019\\VPOS_Internal\\Reports\\20191101_031023\\New Test Suite\\20191101_031023\\1572596201262.png, C:\\VPOS_Git_31-10-2019\\VPOS_Internal\\Reports\\20191101_031023\\New Test Suite\\20191101_031023\\1572596328115.png, C:\\VPOS_Git_31-10-2019\\VPOS_Internal\\Reports\\20191101_031023\\New Test Suite\\20191101_031023\\1572596328522.png, C:\\VPOS_Git_31-10-2019\\VPOS_Internal\\Reports\\20191101_031023\\New Test Suite\\20191101_031023\\1572596360441.png, C:\\VPOS_Git_31-10-2019\\VPOS_Internal\\Reports\\20191101_031023\\New Test Suite\\20191101_031023\\1572596423777.png"/>
            <property name="hostName" value="venkata.annam - FW1-D-DTA-ZENQ1"/>
            <property name="os" value="Windows 10 64bit"/>
            <property name="katalonVersion" value="6.3.2.4"/>
            <property name="browser" value="Chrome 76.0.3809.100"/>
            <property name="hostAddress" value="172.25.52.168"/>
            <property name="sessionId" value="cb7d4a820ab50cc7f9915784aaa4b4d3"/>
            <property name="seleniumVersion" value="3.141.59"/>
            <property name="proxyInformation" value="ProxyInformation{proxyOption=NO_PROXY, proxyServerType=HTTP, password=, proxyServerAddress=, proxyServerPort=0}"/>
            <property name="platform" value="Windows 10"/>
        </properties>
        <testcase name="Test Cases/FirstView/Sale/VPOS_Sale_Transaction_ECommerce_No_AdditionalPrompting" classname="Test Cases/FirstView/Sale/VPOS_Sale_Transaction_ECommerce_No_AdditionalPrompting" status="PASSED">
            <system-out>2019-11-01 03:10:30 - [TEST_CASE][PASSED] - Test Cases/FirstView/Sale/VPOS_Sale_Transaction_ECommerce_No_AdditionalPrompting: Test Cases/FirstView/Sale/VPOS_Sale_Transaction_ECommerce_No_AdditionalPrompting&#xD;
&#xD;
2019-11-01 03:10:32 - [TEST_STEP][PASSED] - Start listener action : sampleBeforeTestCase: null&#xD;
&#xD;
2019-11-01 03:10:32 - [TEST_STEP][PASSED] - println(testCaseContext.getTestCaseId()): null&#xD;
&#xD;
2019-11-01 03:10:32 - [TEST_STEP][PASSED] - println(testCaseContext.getTestCaseVariables()): null&#xD;
&#xD;
2019-11-01 03:10:32 - [TEST_STEP][NOT_RUN] - utilities.SafeActions.openBrowser(Old_URL, [PageLoadTime]): NOT_RUN: utilities.SafeActions.openBrowser(Old_URL, [PageLoadTime])&#xD;
&#xD;
2019-11-01 03:10:32 - [MESSAGE][NOT_RUN] - NOT_RUN: utilities.SafeActions.openBrowser(Old_URL, [PageLoadTime])&#xD;
&#xD;
2019-11-01 03:10:32 - [TEST_STEP][NOT_RUN] - delay(6): NOT_RUN: delay(6)&#xD;
&#xD;
2019-11-01 03:10:32 - [MESSAGE][NOT_RUN] - NOT_RUN: delay(6)&#xD;
&#xD;
2019-11-01 03:10:32 - [TEST_STEP][NOT_RUN] - utilities.SafeActions.safeSelectOptionInDropDownByVisibleText(findTestObject("Pages/Sale/dropDown_AccountType"), "ranjanatest2 - 888814981372/002 Account Type: Ecommerce", "Select by Value", [25]): NOT_RUN: utilities.SafeActions.safeSelectOptionInDropDownByVisibleText(findTestObject("Pages/Sale/dropDown_AccountType"), "ranjanatest2 - 888814981372/002 Account Type: Ecommerce", "Select by Value", [25])&#xD;
&#xD;
2019-11-01 03:10:32 - [MESSAGE][NOT_RUN] - NOT_RUN: utilities.SafeActions.safeSelectOptionInDropDownByVisibleText(findTestObject("Pages/Sale/dropDown_AccountType"), "ranjanatest2 - 888814981372/002 Account Type: Ecommerce", "Select by Value", [25])&#xD;
&#xD;
2019-11-01 03:10:32 - [TEST_STEP][NOT_RUN] - delay(3): NOT_RUN: delay(3)&#xD;
&#xD;
2019-11-01 03:10:32 - [MESSAGE][NOT_RUN] - NOT_RUN: delay(3)&#xD;
&#xD;
2019-11-01 03:10:32 - [TEST_STEP][PASSED] - utilities.SafeActions.openBrowser(URL, [PageLoadTime]): utilities.SafeActions.openBrowser is PASSED&#xD;
&#xD;
2019-11-01 03:10:33 - [MESSAGE][INFO] - Opening Browser&#xD;
&#xD;
2019-11-01 03:10:33 - [MESSAGE][INFO] - Starting 'Chrome' driver&#xD;
&#xD;
2019-11-01 03:10:33 - [MESSAGE][INFO] - Action delay is set to 0 seconds&#xD;
&#xD;
2019-11-01 03:10:44 - [MESSAGE][PASSED] - Browser is opened with url: 'https://q-www-firstview-net.faps.net/MVC/Account/Login'&#xD;
&#xD;
2019-11-01 03:10:49 - [MESSAGE][PASSED] - Current window maximized&#xD;
&#xD;
2019-11-01 03:10:49 - [MESSAGE][INFO] - Browser Launched Successfully&#xD;
&#xD;
2019-11-01 03:10:49 - [MESSAGE][PASSED] - utilities.SafeActions.openBrowser is PASSED&#xD;
&#xD;
2019-11-01 03:10:49 - [TEST_STEP][PASSED] - pages.Login.login(uName, password): pages.Login.login is PASSED&#xD;
&#xD;
2019-11-01 03:10:50 - [MESSAGE][PASSED] - Object 'Object Repository/Pages/Login/userName' is present&#xD;
&#xD;
2019-11-01 03:10:50 - [MESSAGE][PASSED] - Scroll to object 'Object Repository/Pages/Login/userName' successfully&#xD;
&#xD;
2019-11-01 03:10:50 - [MESSAGE][PASSED] - Object 'Object Repository/Pages/Login/userName' is present&#xD;
&#xD;
2019-11-01 03:10:52 - [MESSAGE][PASSED] - Object: 'Object Repository/Pages/Login/userName' is clicked on&#xD;
&#xD;
2019-11-01 03:10:52 - [MESSAGE][PASSED] - Text 'ZenQEcom' is set on object 'Object Repository/Pages/Login/userName'&#xD;
&#xD;
2019-11-01 03:10:53 - [MESSAGE][PASSED] - Object 'Object Repository/Pages/Login/password' is present&#xD;
&#xD;
2019-11-01 03:10:53 - [MESSAGE][PASSED] - Scroll to object 'Object Repository/Pages/Login/password' successfully&#xD;
&#xD;
2019-11-01 03:10:53 - [MESSAGE][PASSED] - Object 'Object Repository/Pages/Login/password' is present&#xD;
&#xD;
2019-11-01 03:10:54 - [MESSAGE][PASSED] - Object: 'Object Repository/Pages/Login/password' is clicked on&#xD;
&#xD;
2019-11-01 03:10:54 - [MESSAGE][PASSED] - Text 'P@ssword1' is set on object 'Object Repository/Pages/Login/password'&#xD;
&#xD;
2019-11-01 03:10:55 - [MESSAGE][INFO] - Safe Click Without scroll&#xD;
&#xD;
2019-11-01 03:10:55 - [MESSAGE][INFO] - New Test Suite.ts:waiting until Click on Login is Clickable&#xD;
&#xD;
2019-11-01 03:10:55 - [MESSAGE][PASSED] - Object 'Object Repository/Pages/Login/login' is clickable&#xD;
&#xD;
2019-11-01 03:10:56 - [MESSAGE][PASSED] - Object 'Object Repository/Pages/Login/login' is visible&#xD;
&#xD;
2019-11-01 03:10:59 - [MESSAGE][PASSED] - Object: 'Object Repository/Pages/Login/login' is clicked on&#xD;
&#xD;
2019-11-01 03:10:59 - [MESSAGE][INFO] - New Test Suite.ts: click on the Click on Login&#xD;
&#xD;
2019-11-01 03:10:59 - [MESSAGE][PASSED] - pages.Login.login is PASSED&#xD;
&#xD;
2019-11-01 03:10:59 - [TEST_STEP][PASSED] - callTestCase(findTestCase("FirstView/Login/TC_SendCode"), [:], STOP_ON_FAILURE): Call Test Case 'Test Cases/FirstView/Login/TC_SendCode' successfully&#xD;
&#xD;
2019-11-01 03:11:00 - [TEST_CASE][PASSED] - Test Cases/FirstView/Login/TC_SendCode: Test Cases/FirstView/Login/TC_SendCode&#xD;
&#xD;
2019-11-01 03:11:01 - [TEST_STEP][PASSED] - flag = pages.SendCode.verifyPage(): pages.SendCode.verifyPage is PASSED&#xD;
&#xD;
2019-11-01 03:11:01 - [MESSAGE][PASSED] - Object 'Object Repository/Pages/SendCodeToValidate/header_SendCodeToValidate' is present and visible in viewport&#xD;
&#xD;
2019-11-01 03:11:01 - [MESSAGE][PASSED] - pages.SendCode.verifyPage is PASSED&#xD;
&#xD;
2019-11-01 03:11:01 - [TEST_STEP][PASSED] - if (flag): pages.SendCode.clickonUserSettings is PASSED&#xD;
&#xD;
2019-11-01 03:11:01 - [TEST_STEP][PASSED] - pages.SendCode.clickonUserSettings(): pages.SendCode.clickonUserSettings is PASSED&#xD;
&#xD;
2019-11-01 03:11:02 - [MESSAGE][PASSED] - Object 'Object Repository/Pages/SendCodeToValidate/link_UserSettings' is present&#xD;
&#xD;
2019-11-01 03:11:02 - [MESSAGE][PASSED] - Object 'Object Repository/Pages/SendCodeToValidate/link_UserSettings' is visible&#xD;
&#xD;
2019-11-01 03:11:02 - [MESSAGE][INFO] - New Test Suite.ts:waiting until Click on User Settings is Clickable&#xD;
&#xD;
2019-11-01 03:11:02 - [MESSAGE][PASSED] - Object 'Object Repository/Pages/SendCodeToValidate/link_UserSettings' is clickable&#xD;
&#xD;
2019-11-01 03:11:02 - [MESSAGE][PASSED] - Object 'Object Repository/Pages/SendCodeToValidate/link_UserSettings' is visible&#xD;
&#xD;
2019-11-01 03:11:05 - [MESSAGE][PASSED] - Object: 'Object Repository/Pages/SendCodeToValidate/link_UserSettings' is clicked on&#xD;
&#xD;
2019-11-01 03:11:05 - [MESSAGE][INFO] - New Test Suite.ts: Clicked on the Click on User Settings&#xD;
&#xD;
2019-11-01 03:11:05 - [MESSAGE][PASSED] - pages.SendCode.clickonUserSettings is PASSED&#xD;
&#xD;
2019-11-01 03:11:05 - [MESSAGE][PASSED] - Call Test Case 'Test Cases/FirstView/Login/TC_SendCode' successfully&#xD;
&#xD;
2019-11-01 03:11:05 - [TEST_STEP][PASSED] - callTestCase(findTestCase("FirstView/Login/TC_FirstView"), [:], STOP_ON_FAILURE): Call Test Case 'Test Cases/FirstView/Login/TC_FirstView' successfully&#xD;
&#xD;
2019-11-01 03:11:05 - [TEST_CASE][PASSED] - Test Cases/FirstView/Login/TC_FirstView: Test Cases/FirstView/Login/TC_FirstView&#xD;
&#xD;
2019-11-01 03:11:06 - [TEST_STEP][NOT_RUN] - utilities.SafeActions.safeClickWithoutScroll(findTestObject("Pages/FirstView/link_Home"), "Click on Home button in First View screen", [PageLoadTime]): NOT_RUN: utilities.SafeActions.safeClickWithoutScroll(findTestObject("Pages/FirstView/link_Home"), "Click on Home button in First View screen", [PageLoadTime])&#xD;
&#xD;
2019-11-01 03:11:06 - [MESSAGE][NOT_RUN] - NOT_RUN: utilities.SafeActions.safeClickWithoutScroll(findTestObject("Pages/FirstView/link_Home"), "Click on Home button in First View screen", [PageLoadTime])&#xD;
&#xD;
2019-11-01 03:11:06 - [TEST_STEP][PASSED] - delay(3): Delayed 3 second(s)&#xD;
&#xD;
2019-11-01 03:11:09 - [MESSAGE][PASSED] - Delayed 3 second(s)&#xD;
&#xD;
2019-11-01 03:11:09 - [TEST_STEP][PASSED] - utilities.SafeActions.javascriptclick(findTestObject("Pages/FirstView/link_Home"), delayForElement): utilities.SafeActions.javascriptclick is PASSED&#xD;
&#xD;
2019-11-01 03:11:11 - [MESSAGE][PASSED] - utilities.SafeActions.javascriptclick is PASSED&#xD;
&#xD;
2019-11-01 03:11:11 - [TEST_STEP][PASSED] - utilities.SafeActions.safeClickWithoutScroll(findTestObject("Pages/FirstView/link_VPOS"), "Click on VPOS button in First View screen", [PageLoadTime]): utilities.SafeActions.safeClickWithoutScroll is PASSED&#xD;
&#xD;
2019-11-01 03:11:12 - [MESSAGE][INFO] - Safe Click Without scroll&#xD;
&#xD;
2019-11-01 03:11:12 - [MESSAGE][INFO] - New Test Suite.ts:waiting until Click on VPOS button in First View screen is Clickable&#xD;
&#xD;
2019-11-01 03:11:12 - [MESSAGE][PASSED] - Object 'Object Repository/Pages/FirstView/link_VPOS' is clickable&#xD;
&#xD;
2019-11-01 03:11:12 - [MESSAGE][PASSED] - Object 'Object Repository/Pages/FirstView/link_VPOS' is visible&#xD;
&#xD;
2019-11-01 03:11:14 - [MESSAGE][PASSED] - Object: 'Object Repository/Pages/FirstView/link_VPOS' is clicked on&#xD;
&#xD;
2019-11-01 03:11:14 - [MESSAGE][INFO] - New Test Suite.ts: click on the Click on VPOS button in First View screen&#xD;
&#xD;
2019-11-01 03:11:14 - [MESSAGE][PASSED] - utilities.SafeActions.safeClickWithoutScroll is PASSED&#xD;
&#xD;
2019-11-01 03:11:14 - [MESSAGE][PASSED] - Call Test Case 'Test Cases/FirstView/Login/TC_FirstView' successfully&#xD;
&#xD;
2019-11-01 03:11:14 - [TEST_STEP][PASSED] - switchToWindowTitle("Transcenter - VPOS"): Switched to window with title: 'Transcenter - VPOS'&#xD;
&#xD;
2019-11-01 03:11:20 - [MESSAGE][PASSED] - Switched to window with title: 'Transcenter - VPOS'&#xD;
&#xD;
2019-11-01 03:11:20 - [TEST_STEP][PASSED] - delay(delayForElement): Delayed 6 second(s)&#xD;
&#xD;
2019-11-01 03:11:26 - [MESSAGE][PASSED] - Delayed 6 second(s)&#xD;
&#xD;
2019-11-01 03:11:26 - [TEST_STEP][PASSED] - pages.Sale.verifyIfEntryModeIsChecked("Sale", "Manually Keyed", delayBetweenTestSteps): pages.Sale.verifyIfEntryModeIsChecked is PASSED&#xD;
&#xD;
2019-11-01 03:11:27 - [MESSAGE][PASSED] - Object '' is checked&#xD;
&#xD;
2019-11-01 03:11:27 - [MESSAGE][INFO] - The specified checkbox is checked&#xD;
&#xD;
2019-11-01 03:11:27 - [MESSAGE][PASSED] - pages.Sale.verifyIfEntryModeIsChecked is PASSED&#xD;
&#xD;
2019-11-01 03:11:27 - [TEST_STEP][PASSED] - scrollToElement(findTestObject("Pages/Sale/input_Amount"), PageLoadTime): Scroll to object 'Object Repository/Pages/Sale/input_Amount' successfully&#xD;
&#xD;
2019-11-01 03:11:27 - [MESSAGE][PASSED] - Scroll to object 'Object Repository/Pages/Sale/input_Amount' successfully&#xD;
&#xD;
2019-11-01 03:11:27 - [TEST_STEP][PASSED] - utilities.SafeActions.safeTypeUsingJavascript(findTestObject("Pages/Sale/input_Amount"), amount): utilities.SafeActions.safeTypeUsingJavascript is PASSED&#xD;
&#xD;
2019-11-01 03:11:27 - [MESSAGE][PASSED] - utilities.SafeActions.safeTypeUsingJavascript is PASSED&#xD;
&#xD;
2019-11-01 03:11:27 - [TEST_STEP][PASSED] - delay(2): Delayed 2 second(s)&#xD;
&#xD;
2019-11-01 03:11:29 - [MESSAGE][PASSED] - Delayed 2 second(s)&#xD;
&#xD;
2019-11-01 03:11:29 - [TEST_STEP][PASSED] - utilities.SafeActions.safeType(findTestObject("Pages/Sale/input_Amount"), amount, "Amount field", [delayForElement]): utilities.SafeActions.safeType is PASSED&#xD;
&#xD;
2019-11-01 03:11:29 - [MESSAGE][PASSED] - Object 'Object Repository/Pages/Sale/input_Amount' is present&#xD;
&#xD;
2019-11-01 03:11:29 - [MESSAGE][PASSED] - Scroll to object 'Object Repository/Pages/Sale/input_Amount' successfully&#xD;
&#xD;
2019-11-01 03:11:29 - [MESSAGE][PASSED] - Object 'Object Repository/Pages/Sale/input_Amount' is present&#xD;
&#xD;
2019-11-01 03:11:30 - [MESSAGE][PASSED] - Object: 'Object Repository/Pages/Sale/input_Amount' is clicked on&#xD;
&#xD;
2019-11-01 03:11:30 - [MESSAGE][PASSED] - Text '550' is set on object 'Object Repository/Pages/Sale/input_Amount'&#xD;
&#xD;
2019-11-01 03:11:30 - [MESSAGE][PASSED] - utilities.SafeActions.safeType is PASSED&#xD;
&#xD;
2019-11-01 03:11:30 - [TEST_STEP][NOT_RUN] - utilities.SafeActions.safeType(findTestObject("Pages/Sale/input_Amount"), amount, "Enter Amount into Amount text box", [PageLoadTime]): NOT_RUN: utilities.SafeActions.safeType(findTestObject("Pages/Sale/input_Amount"), amount, "Enter Amount into Amount text box", [PageLoadTime])&#xD;
&#xD;
2019-11-01 03:11:30 - [MESSAGE][NOT_RUN] - NOT_RUN: utilities.SafeActions.safeType(findTestObject("Pages/Sale/input_Amount"), amount, "Enter Amount into Amount text box", [PageLoadTime])&#xD;
&#xD;
2019-11-01 03:11:30 - [TEST_STEP][PASSED] - total_Amount = utilities.SafeActions.safeGetText(findTestObject("Pages/Sale/total_Amount"), PageLoadTime): utilities.SafeActions.safeGetText is PASSED&#xD;
&#xD;
2019-11-01 03:11:30 - [MESSAGE][PASSED] - Object 'Object Repository/Pages/Sale/total_Amount' is present&#xD;
&#xD;
2019-11-01 03:11:30 - [MESSAGE][PASSED] - Scroll to object 'Object Repository/Pages/Sale/total_Amount' successfully&#xD;
&#xD;
2019-11-01 03:11:31 - [MESSAGE][PASSED] - Object 'Object Repository/Pages/Sale/total_Amount' is present&#xD;
&#xD;
2019-11-01 03:11:31 - [MESSAGE][PASSED] - Text of object 'Object Repository/Pages/Sale/total_Amount' is: '$595.38'&#xD;
&#xD;
2019-11-01 03:11:31 - [MESSAGE][PASSED] - utilities.SafeActions.safeGetText is PASSED&#xD;
&#xD;
2019-11-01 03:11:31 - [TEST_STEP][PASSED] - scrollToElement(findTestObject("Pages/Sale/dropDown_ExpirationMonth"), PageLoadTime): Scroll to object 'Object Repository/Pages/Sale/dropDown_ExpirationMonth' successfully&#xD;
&#xD;
2019-11-01 03:11:31 - [MESSAGE][PASSED] - Scroll to object 'Object Repository/Pages/Sale/dropDown_ExpirationMonth' successfully&#xD;
&#xD;
2019-11-01 03:11:31 - [TEST_STEP][PASSED] - pages.Sale.verifyIfEntryModeIsChecked("Sale", "Card Not Present", delayBetweenTestSteps): pages.Sale.verifyIfEntryModeIsChecked is PASSED&#xD;
&#xD;
2019-11-01 03:11:31 - [MESSAGE][PASSED] - Object '' is checked&#xD;
&#xD;
2019-11-01 03:11:31 - [MESSAGE][INFO] - The specified checkbox is checked&#xD;
&#xD;
2019-11-01 03:11:31 - [MESSAGE][PASSED] - pages.Sale.verifyIfEntryModeIsChecked is PASSED&#xD;
&#xD;
2019-11-01 03:11:31 - [TEST_STEP][PASSED] - utilities.SafeActions.safeType(findTestObject("Pages/Sale/input_CardNumber"), visaCardNumber, "Entering Card Number", [PageLoadTime]): utilities.SafeActions.safeType is PASSED&#xD;
&#xD;
2019-11-01 03:11:32 - [MESSAGE][PASSED] - Object 'Object Repository/Pages/Sale/input_CardNumber' is present&#xD;
&#xD;
2019-11-01 03:11:32 - [MESSAGE][PASSED] - Scroll to object 'Object Repository/Pages/Sale/input_CardNumber' successfully&#xD;
&#xD;
2019-11-01 03:11:32 - [MESSAGE][PASSED] - Object 'Object Repository/Pages/Sale/input_CardNumber' is present&#xD;
&#xD;
2019-11-01 03:11:32 - [MESSAGE][PASSED] - Object: 'Object Repository/Pages/Sale/input_CardNumber' is clicked on&#xD;
&#xD;
2019-11-01 03:11:33 - [MESSAGE][PASSED] - Text '4111111111111111' is set on object 'Object Repository/Pages/Sale/input_CardNumber'&#xD;
&#xD;
2019-11-01 03:11:33 - [MESSAGE][PASSED] - utilities.SafeActions.safeType is PASSED&#xD;
&#xD;
2019-11-01 03:11:33 - [TEST_STEP][PASSED] - utilities.SafeActions.safeSelectOptionInDropDownByVisibleText(findTestObject("Pages/Sale/dropDown_ExpirationMonth"), cardMonth, "Enter Expiration Month", [PageLoadTime]): utilities.SafeActions.safeSelectOptionInDropDownByVisibleText is PASSED&#xD;
&#xD;
2019-11-01 03:11:33 - [MESSAGE][PASSED] - Object 'Object Repository/Pages/Sale/dropDown_ExpirationMonth' is visible&#xD;
&#xD;
2019-11-01 03:11:33 - [MESSAGE][PASSED] - Object 'Object Repository/Pages/Sale/dropDown_ExpirationMonth' is present&#xD;
&#xD;
2019-11-01 03:11:34 - [MESSAGE][PASSED] - Object: 'Object Repository/Pages/Sale/dropDown_ExpirationMonth' is clicked on&#xD;
&#xD;
2019-11-01 03:11:34 - [MESSAGE][PASSED] - All options with label 'September' are selected in object 'Object Repository/Pages/Sale/dropDown_ExpirationMonth' &#xD;
&#xD;
2019-11-01 03:11:34 - [MESSAGE][PASSED] - utilities.SafeActions.safeSelectOptionInDropDownByVisibleText is PASSED&#xD;
&#xD;
2019-11-01 03:11:34 - [TEST_STEP][PASSED] - utilities.SafeActions.safeSelectOptionInDropDownByVisibleText(findTestObject("Pages/Sale/dropDown_ExpirationYear"), cardYear, "Enter Expiration Year", [PageLoadTime]): utilities.SafeActions.safeSelectOptionInDropDownByVisibleText is PASSED&#xD;
&#xD;
2019-11-01 03:11:35 - [MESSAGE][PASSED] - Object 'Object Repository/Pages/Sale/dropDown_ExpirationYear' is visible&#xD;
&#xD;
2019-11-01 03:11:35 - [MESSAGE][PASSED] - Object 'Object Repository/Pages/Sale/dropDown_ExpirationYear' is present&#xD;
&#xD;
2019-11-01 03:11:36 - [MESSAGE][PASSED] - Object: 'Object Repository/Pages/Sale/dropDown_ExpirationYear' is clicked on&#xD;
&#xD;
2019-11-01 03:11:36 - [MESSAGE][PASSED] - All options with label '2023' are selected in object 'Object Repository/Pages/Sale/dropDown_ExpirationYear' &#xD;
&#xD;
2019-11-01 03:11:36 - [MESSAGE][PASSED] - utilities.SafeActions.safeSelectOptionInDropDownByVisibleText is PASSED&#xD;
&#xD;
2019-11-01 03:11:36 - [TEST_STEP][PASSED] - scrollToElement(findTestObject("Pages/Sale/input_CustomerName"), PageLoadTime): Scroll to object 'Object Repository/Pages/Sale/input_CustomerName' successfully&#xD;
&#xD;
2019-11-01 03:11:36 - [MESSAGE][PASSED] - Scroll to object 'Object Repository/Pages/Sale/input_CustomerName' successfully&#xD;
&#xD;
2019-11-01 03:11:36 - [TEST_STEP][PASSED] - utilities.SafeActions.safeType(findTestObject("Pages/Sale/input_CustomerName"), customerName, "Enter Customer Name", [PageLoadTime]): utilities.SafeActions.safeType is PASSED&#xD;
&#xD;
2019-11-01 03:11:36 - [MESSAGE][PASSED] - Object 'Object Repository/Pages/Sale/input_CustomerName' is present&#xD;
&#xD;
2019-11-01 03:11:36 - [MESSAGE][PASSED] - Scroll to object 'Object Repository/Pages/Sale/input_CustomerName' successfully&#xD;
&#xD;
2019-11-01 03:11:36 - [MESSAGE][PASSED] - Object 'Object Repository/Pages/Sale/input_CustomerName' is present&#xD;
&#xD;
2019-11-01 03:11:37 - [MESSAGE][PASSED] - Object: 'Object Repository/Pages/Sale/input_CustomerName' is clicked on&#xD;
&#xD;
2019-11-01 03:11:38 - [MESSAGE][PASSED] - Text 'Venkata Sai' is set on object 'Object Repository/Pages/Sale/input_CustomerName'&#xD;
&#xD;
2019-11-01 03:11:38 - [MESSAGE][PASSED] - utilities.SafeActions.safeType is PASSED&#xD;
&#xD;
2019-11-01 03:11:38 - [TEST_STEP][PASSED] - utilities.SafeActions.safeType(findTestObject("Pages/Sale/input_Address"), address, "Enter Address", [PageLoadTime]): utilities.SafeActions.safeType is PASSED&#xD;
&#xD;
2019-11-01 03:11:38 - [MESSAGE][PASSED] - Object 'Object Repository/Pages/Sale/input_Address' is present&#xD;
&#xD;
2019-11-01 03:11:38 - [MESSAGE][PASSED] - Scroll to object 'Object Repository/Pages/Sale/input_Address' successfully&#xD;
&#xD;
2019-11-01 03:11:38 - [MESSAGE][PASSED] - Object 'Object Repository/Pages/Sale/input_Address' is present&#xD;
&#xD;
2019-11-01 03:11:39 - [MESSAGE][PASSED] - Object: 'Object Repository/Pages/Sale/input_Address' is clicked on&#xD;
&#xD;
2019-11-01 03:11:39 - [MESSAGE][PASSED] - Text 'Street123' is set on object 'Object Repository/Pages/Sale/input_Address'&#xD;
&#xD;
2019-11-01 03:11:39 - [MESSAGE][PASSED] - utilities.SafeActions.safeType is PASSED&#xD;
&#xD;
2019-11-01 03:11:39 - [TEST_STEP][PASSED] - utilities.SafeActions.safeType(findTestObject("Pages/Sale/input_PostalCode"), postalCode, "Enter Postal Code", [PageLoadTime]): utilities.SafeActions.safeType is PASSED&#xD;
&#xD;
2019-11-01 03:11:39 - [MESSAGE][PASSED] - Object 'Object Repository/Pages/Sale/input_PostalCode' is present&#xD;
&#xD;
2019-11-01 03:11:39 - [MESSAGE][PASSED] - Scroll to object 'Object Repository/Pages/Sale/input_PostalCode' successfully&#xD;
&#xD;
2019-11-01 03:11:39 - [MESSAGE][PASSED] - Object 'Object Repository/Pages/Sale/input_PostalCode' is present&#xD;
&#xD;
2019-11-01 03:11:40 - [MESSAGE][PASSED] - Object: 'Object Repository/Pages/Sale/input_PostalCode' is clicked on&#xD;
&#xD;
2019-11-01 03:11:40 - [MESSAGE][PASSED] - Text '76102' is set on object 'Object Repository/Pages/Sale/input_PostalCode'&#xD;
&#xD;
2019-11-01 03:11:40 - [MESSAGE][PASSED] - utilities.SafeActions.safeType is PASSED&#xD;
&#xD;
2019-11-01 03:11:40 - [TEST_STEP][PASSED] - scrollToElement(findTestObject("Pages/Sale/invoiceNumber"), PageLoadTime): Scroll to object 'Object Repository/Pages/Sale/invoiceNumber' successfully&#xD;
&#xD;
2019-11-01 03:11:40 - [MESSAGE][PASSED] - Scroll to object 'Object Repository/Pages/Sale/invoiceNumber' successfully&#xD;
&#xD;
2019-11-01 03:11:40 - [TEST_STEP][PASSED] - invoiceNumber = utilities.SafeActions.safeGetText(findTestObject("Pages/Sale/invoiceNumber"), PageLoadTime): utilities.SafeActions.safeGetText is PASSED&#xD;
&#xD;
2019-11-01 03:11:41 - [MESSAGE][PASSED] - Object 'Object Repository/Pages/Sale/invoiceNumber' is present&#xD;
&#xD;
2019-11-01 03:11:41 - [MESSAGE][PASSED] - Scroll to object 'Object Repository/Pages/Sale/invoiceNumber' successfully&#xD;
&#xD;
2019-11-01 03:11:41 - [MESSAGE][PASSED] - Object 'Object Repository/Pages/Sale/invoiceNumber' is present&#xD;
&#xD;
2019-11-01 03:11:41 - [MESSAGE][PASSED] - Text of object 'Object Repository/Pages/Sale/invoiceNumber' is: '15725814818240'&#xD;
&#xD;
2019-11-01 03:11:41 - [MESSAGE][PASSED] - utilities.SafeActions.safeGetText is PASSED&#xD;
&#xD;
2019-11-01 03:11:41 - [TEST_STEP][PASSED] - utilities.SafeActions.safeClickwithScroll(findTestObject("Pages/Sale/button_Checkout"), "Click on Checkout button", [PageLoadTime]): utilities.SafeActions.safeClickwithScroll is PASSED&#xD;
&#xD;
2019-11-01 03:11:41 - [MESSAGE][PASSED] - Object 'Object Repository/Pages/Sale/button_Checkout' is present&#xD;
&#xD;
2019-11-01 03:11:42 - [MESSAGE][PASSED] - Object 'Object Repository/Pages/Sale/button_Checkout' is visible&#xD;
&#xD;
2019-11-01 03:11:42 - [MESSAGE][INFO] - New Test Suite.ts:waiting until Click on Checkout button is Clickable&#xD;
&#xD;
2019-11-01 03:11:42 - [MESSAGE][PASSED] - Object 'Object Repository/Pages/Sale/button_Checkout' is clickable&#xD;
&#xD;
2019-11-01 03:11:42 - [MESSAGE][PASSED] - Object 'Object Repository/Pages/Sale/button_Checkout' is visible&#xD;
&#xD;
2019-11-01 03:11:42 - [MESSAGE][PASSED] - Object: 'Object Repository/Pages/Sale/button_Checkout' is clicked on&#xD;
&#xD;
2019-11-01 03:11:42 - [MESSAGE][INFO] - New Test Suite.ts: Clicked on the Click on Checkout button&#xD;
&#xD;
2019-11-01 03:11:42 - [MESSAGE][PASSED] - utilities.SafeActions.safeClickwithScroll is PASSED&#xD;
&#xD;
2019-11-01 03:11:42 - [TEST_STEP][PASSED] - pages.Sale.verifyTransactionCompletePage(findTestObject("Pages/Sale/heading_TransactionComplete")): The screen is Transaction Complete screen&#xD;
&#xD;
2019-11-01 03:11:43 - [MESSAGE][PASSED] - Object 'Object Repository/Pages/Sale/heading_TransactionComplete' is present&#xD;
&#xD;
2019-11-01 03:11:44 - [MESSAGE][PASSED] - The screen is Transaction Complete screen&#xD;
&#xD;
2019-11-01 03:11:44 - [TEST_STEP][PASSED] - utilities.SafeActions.safeClickWithoutScroll(findTestObject("Pages/Sale/button_ReturnToSale"), "Click on Return To Sale", [PageLoadTime]): utilities.SafeActions.safeClickWithoutScroll is PASSED&#xD;
&#xD;
2019-11-01 03:11:44 - [MESSAGE][INFO] - Safe Click Without scroll&#xD;
&#xD;
2019-11-01 03:11:44 - [MESSAGE][INFO] - New Test Suite.ts:waiting until Click on Return To Sale is Clickable&#xD;
&#xD;
2019-11-01 03:11:44 - [MESSAGE][PASSED] - Object 'Object Repository/Pages/Sale/button_ReturnToSale' is clickable&#xD;
&#xD;
2019-11-01 03:11:44 - [MESSAGE][PASSED] - Object 'Object Repository/Pages/Sale/button_ReturnToSale' is visible&#xD;
&#xD;
2019-11-01 03:11:45 - [MESSAGE][PASSED] - Object: 'Object Repository/Pages/Sale/button_ReturnToSale' is clicked on&#xD;
&#xD;
2019-11-01 03:11:45 - [MESSAGE][INFO] - New Test Suite.ts: click on the Click on Return To Sale&#xD;
&#xD;
2019-11-01 03:11:45 - [MESSAGE][PASSED] - utilities.SafeActions.safeClickWithoutScroll is PASSED&#xD;
&#xD;
2019-11-01 03:11:45 - [TEST_STEP][PASSED] - utilities.SafeActions.safeClickWithoutScroll(findTestObject("Pages/Transaction_Management/tab_TransactionManagement"), "Transaction Management Tab", [PageLoadTime]): utilities.SafeActions.safeClickWithoutScroll is PASSED&#xD;
&#xD;
2019-11-01 03:11:45 - [MESSAGE][INFO] - Safe Click Without scroll&#xD;
&#xD;
2019-11-01 03:11:45 - [MESSAGE][INFO] - New Test Suite.ts:waiting until Transaction Management Tab is Clickable&#xD;
&#xD;
2019-11-01 03:11:45 - [MESSAGE][PASSED] - Object 'Object Repository/Pages/Transaction_Management/tab_TransactionManagement' is clickable&#xD;
&#xD;
2019-11-01 03:11:45 - [MESSAGE][PASSED] - Object 'Object Repository/Pages/Transaction_Management/tab_TransactionManagement' is visible&#xD;
&#xD;
2019-11-01 03:11:46 - [MESSAGE][PASSED] - Object: 'Object Repository/Pages/Transaction_Management/tab_TransactionManagement' is clicked on&#xD;
&#xD;
2019-11-01 03:11:46 - [MESSAGE][INFO] - New Test Suite.ts: click on the Transaction Management Tab&#xD;
&#xD;
2019-11-01 03:11:46 - [MESSAGE][PASSED] - utilities.SafeActions.safeClickWithoutScroll is PASSED&#xD;
&#xD;
2019-11-01 03:11:46 - [TEST_STEP][PASSED] - utilities.SafeActions.safeClickwithScroll(findTestObject("Pages/Transaction_Management/button_Search"), "Search", [PageLoadTime]): utilities.SafeActions.safeClickwithScroll is PASSED&#xD;
&#xD;
2019-11-01 03:11:46 - [MESSAGE][PASSED] - Object 'Object Repository/Pages/Transaction_Management/button_Search' is present&#xD;
&#xD;
2019-11-01 03:11:46 - [MESSAGE][PASSED] - Object 'Object Repository/Pages/Transaction_Management/button_Search' is visible&#xD;
&#xD;
2019-11-01 03:11:46 - [MESSAGE][INFO] - New Test Suite.ts:waiting until Search is Clickable&#xD;
&#xD;
2019-11-01 03:11:46 - [MESSAGE][PASSED] - Object 'Object Repository/Pages/Transaction_Management/button_Search' is clickable&#xD;
&#xD;
2019-11-01 03:11:46 - [MESSAGE][PASSED] - Object 'Object Repository/Pages/Transaction_Management/button_Search' is visible&#xD;
&#xD;
2019-11-01 03:11:47 - [MESSAGE][PASSED] - Object: 'Object Repository/Pages/Transaction_Management/button_Search' is clicked on&#xD;
&#xD;
2019-11-01 03:11:47 - [MESSAGE][INFO] - New Test Suite.ts: Clicked on the Search&#xD;
&#xD;
2019-11-01 03:11:47 - [MESSAGE][PASSED] - utilities.SafeActions.safeClickwithScroll is PASSED&#xD;
&#xD;
2019-11-01 03:11:47 - [TEST_STEP][PASSED] - scrollToElement(findTestObject("Pages/Transaction_Management/invoice_ForTransaction"), PageLoadTime): Scroll to object 'Object Repository/Pages/Transaction_Management/invoice_ForTransaction' successfully&#xD;
&#xD;
2019-11-01 03:11:48 - [MESSAGE][PASSED] - Scroll to object 'Object Repository/Pages/Transaction_Management/invoice_ForTransaction' successfully&#xD;
&#xD;
2019-11-01 03:11:48 - [TEST_STEP][PASSED] - pages.Transaction_Management.verifyInvoiceRecord(findTestObject("Pages/Transaction_Management/footer_NextButton"), findTestObject("Pages/Transaction_Management/page_Number"), invoiceNumber, total_Amount): The Transaction is found in page 1&#xD;
&#xD;
2019-11-01 03:11:49 - [MESSAGE][PASSED] - Text of object 'Object Repository/Pages/Transaction_Management/page_Number' is: 'Page 1 of 38'&#xD;
&#xD;
2019-11-01 03:11:50 - [MESSAGE][PASSED] - The Transaction is found in page 1&#xD;
&#xD;
2019-11-01 03:11:50 - [TEST_STEP][PASSED] - closeBrowser(): Browser is closed&#xD;
&#xD;
2019-11-01 03:11:52 - [MESSAGE][PASSED] - Browser is closed&#xD;
&#xD;
2019-11-01 03:11:52 - [TEST_STEP][PASSED] - Start listener action : sampleAfterTestCase: null&#xD;
&#xD;
2019-11-01 03:11:52 - [TEST_STEP][PASSED] - println(testCaseContext.getTestCaseId()): null&#xD;
&#xD;
2019-11-01 03:11:52 - [TEST_STEP][PASSED] - println(testCaseContext.getTestCaseStatus()): null&#xD;
&#xD;
2019-11-01 03:11:52 - [TEST_STEP][PASSED] - testCaseName = testCaseContext.getTestCaseId(): null&#xD;
&#xD;
2019-11-01 03:11:52 - [TEST_STEP][PASSED] - strCount = testCaseName.lastIndexOf("/"): null&#xD;
&#xD;
2019-11-01 03:11:52 - [TEST_STEP][PASSED] - testCaseName = testCaseName.substring(strCount): null&#xD;
&#xD;
2019-11-01 03:11:52 - [TEST_STEP][PASSED] - println(testCaseName): null&#xD;
&#xD;
2019-11-01 03:11:52 - [TEST_STEP][PASSED] - if (getTestCaseStatus().equalsIgnoreCase("Error")): null&#xD;
&#xD;
2019-11-01 03:11:52 - [TEST_STEP][PASSED] - Start listener action : sampleAfterTestCase: null</system-out>
            <system-err></system-err>
        </testcase>
        <testcase name="Test Cases/FirstView/Sale/VPOS_Sale_Transaction_Moto_No_AdditionalPrompting" classname="Test Cases/FirstView/Sale/VPOS_Sale_Transaction_Moto_No_AdditionalPrompting" status="PASSED">
            <system-out>2019-11-01 03:11:52 - [TEST_CASE][PASSED] - Test Cases/FirstView/Sale/VPOS_Sale_Transaction_Moto_No_AdditionalPrompting: Test Cases/FirstView/Sale/VPOS_Sale_Transaction_Moto_No_AdditionalPrompting&#xD;
&#xD;
2019-11-01 03:11:53 - [TEST_STEP][PASSED] - Start listener action : sampleBeforeTestCase: null&#xD;
&#xD;
2019-11-01 03:11:53 - [TEST_STEP][PASSED] - println(testCaseContext.getTestCaseId()): null&#xD;
&#xD;
2019-11-01 03:11:53 - [TEST_STEP][PASSED] - println(testCaseContext.getTestCaseVariables()): null&#xD;
&#xD;
2019-11-01 03:11:53 - [TEST_STEP][NOT_RUN] - utilities.SafeActions.openBrowser(Old_URL, [PageLoadTime]): NOT_RUN: utilities.SafeActions.openBrowser(Old_URL, [PageLoadTime])&#xD;
&#xD;
2019-11-01 03:11:53 - [MESSAGE][NOT_RUN] - NOT_RUN: utilities.SafeActions.openBrowser(Old_URL, [PageLoadTime])&#xD;
&#xD;
2019-11-01 03:11:53 - [TEST_STEP][NOT_RUN] - delay(6): NOT_RUN: delay(6)&#xD;
&#xD;
2019-11-01 03:11:53 - [MESSAGE][NOT_RUN] - NOT_RUN: delay(6)&#xD;
&#xD;
2019-11-01 03:11:53 - [TEST_STEP][NOT_RUN] - utilities.SafeActions.safeSelectOptionInDropDownByVisibleText(findTestObject("Pages/Sale/dropDown_AccountType"), "ranjanatest2 - 888814981372/003 Account Type: Moto", "Select by Value", [25]): NOT_RUN: utilities.SafeActions.safeSelectOptionInDropDownByVisibleText(findTestObject("Pages/Sale/dropDown_AccountType"), "ranjanatest2 - 888814981372/003 Account Type: Moto", "Select by Value", [25])&#xD;
&#xD;
2019-11-01 03:11:53 - [MESSAGE][NOT_RUN] - NOT_RUN: utilities.SafeActions.safeSelectOptionInDropDownByVisibleText(findTestObject("Pages/Sale/dropDown_AccountType"), "ranjanatest2 - 888814981372/003 Account Type: Moto", "Select by Value", [25])&#xD;
&#xD;
2019-11-01 03:11:53 - [TEST_STEP][NOT_RUN] - delay(3): NOT_RUN: delay(3)&#xD;
&#xD;
2019-11-01 03:11:53 - [MESSAGE][NOT_RUN] - NOT_RUN: delay(3)&#xD;
&#xD;
2019-11-01 03:11:53 - [TEST_STEP][PASSED] - utilities.SafeActions.openBrowser(URL, [PageLoadTime]): utilities.SafeActions.openBrowser is PASSED&#xD;
&#xD;
2019-11-01 03:11:53 - [MESSAGE][INFO] - Opening Browser&#xD;
&#xD;
2019-11-01 03:11:53 - [MESSAGE][INFO] - Starting 'Chrome' driver&#xD;
&#xD;
2019-11-01 03:12:02 - [MESSAGE][PASSED] - Browser is opened with url: 'https://q-www-firstview-net.faps.net/MVC/Account/Login'&#xD;
&#xD;
2019-11-01 03:12:06 - [MESSAGE][PASSED] - Current window maximized&#xD;
&#xD;
2019-11-01 03:12:06 - [MESSAGE][INFO] - Browser Launched Successfully&#xD;
&#xD;
2019-11-01 03:12:06 - [MESSAGE][PASSED] - utilities.SafeActions.openBrowser is PASSED&#xD;
&#xD;
2019-11-01 03:12:06 - [TEST_STEP][PASSED] - pages.Login.login(uName, password): pages.Login.login is PASSED&#xD;
&#xD;
2019-11-01 03:12:06 - [MESSAGE][PASSED] - Object 'Object Repository/Pages/Login/userName' is present&#xD;
&#xD;
2019-11-01 03:12:06 - [MESSAGE][PASSED] - Scroll to object 'Object Repository/Pages/Login/userName' successfully&#xD;
&#xD;
2019-11-01 03:12:06 - [MESSAGE][PASSED] - Object 'Object Repository/Pages/Login/userName' is present&#xD;
&#xD;
2019-11-01 03:12:07 - [MESSAGE][PASSED] - Object: 'Object Repository/Pages/Login/userName' is clicked on&#xD;
&#xD;
2019-11-01 03:12:07 - [MESSAGE][PASSED] - Text 'ZenQMoto' is set on object 'Object Repository/Pages/Login/userName'&#xD;
&#xD;
2019-11-01 03:12:07 - [MESSAGE][PASSED] - Object 'Object Repository/Pages/Login/password' is present&#xD;
&#xD;
2019-11-01 03:12:07 - [MESSAGE][PASSED] - Scroll to object 'Object Repository/Pages/Login/password' successfully&#xD;
&#xD;
2019-11-01 03:12:07 - [MESSAGE][PASSED] - Object 'Object Repository/Pages/Login/password' is present&#xD;
&#xD;
2019-11-01 03:12:08 - [MESSAGE][PASSED] - Object: 'Object Repository/Pages/Login/password' is clicked on&#xD;
&#xD;
2019-11-01 03:12:08 - [MESSAGE][PASSED] - Text 'P@ssword1' is set on object 'Object Repository/Pages/Login/password'&#xD;
&#xD;
2019-11-01 03:12:08 - [MESSAGE][INFO] - Safe Click Without scroll&#xD;
&#xD;
2019-11-01 03:12:08 - [MESSAGE][INFO] - New Test Suite.ts:waiting until Click on Login is Clickable&#xD;
&#xD;
2019-11-01 03:12:08 - [MESSAGE][PASSED] - Object 'Object Repository/Pages/Login/login' is clickable&#xD;
&#xD;
2019-11-01 03:12:09 - [MESSAGE][PASSED] - Object 'Object Repository/Pages/Login/login' is visible&#xD;
&#xD;
2019-11-01 03:12:11 - [MESSAGE][PASSED] - Object: 'Object Repository/Pages/Login/login' is clicked on&#xD;
&#xD;
2019-11-01 03:12:11 - [MESSAGE][INFO] - New Test Suite.ts: click on the Click on Login&#xD;
&#xD;
2019-11-01 03:12:11 - [MESSAGE][PASSED] - pages.Login.login is PASSED&#xD;
&#xD;
2019-11-01 03:12:11 - [TEST_STEP][PASSED] - callTestCase(findTestCase("FirstView/Login/TC_SendCode"), [:], STOP_ON_FAILURE): Call Test Case 'Test Cases/FirstView/Login/TC_SendCode' successfully&#xD;
&#xD;
2019-11-01 03:12:11 - [TEST_CASE][PASSED] - Test Cases/FirstView/Login/TC_SendCode: Test Cases/FirstView/Login/TC_SendCode&#xD;
&#xD;
2019-11-01 03:12:11 - [TEST_STEP][PASSED] - flag = pages.SendCode.verifyPage(): pages.SendCode.verifyPage is PASSED&#xD;
&#xD;
2019-11-01 03:12:11 - [MESSAGE][PASSED] - Object 'Object Repository/Pages/SendCodeToValidate/header_SendCodeToValidate' is present and visible in viewport&#xD;
&#xD;
2019-11-01 03:12:11 - [MESSAGE][PASSED] - pages.SendCode.verifyPage is PASSED&#xD;
&#xD;
2019-11-01 03:12:11 - [TEST_STEP][PASSED] - if (flag): pages.SendCode.clickonUserSettings is PASSED&#xD;
&#xD;
2019-11-01 03:12:11 - [TEST_STEP][PASSED] - pages.SendCode.clickonUserSettings(): pages.SendCode.clickonUserSettings is PASSED&#xD;
&#xD;
2019-11-01 03:12:12 - [MESSAGE][PASSED] - Object 'Object Repository/Pages/SendCodeToValidate/link_UserSettings' is present&#xD;
&#xD;
2019-11-01 03:12:12 - [MESSAGE][PASSED] - Object 'Object Repository/Pages/SendCodeToValidate/link_UserSettings' is visible&#xD;
&#xD;
2019-11-01 03:12:12 - [MESSAGE][INFO] - New Test Suite.ts:waiting until Click on User Settings is Clickable&#xD;
&#xD;
2019-11-01 03:12:12 - [MESSAGE][PASSED] - Object 'Object Repository/Pages/SendCodeToValidate/link_UserSettings' is clickable&#xD;
&#xD;
2019-11-01 03:12:12 - [MESSAGE][PASSED] - Object 'Object Repository/Pages/SendCodeToValidate/link_UserSettings' is visible&#xD;
&#xD;
2019-11-01 03:12:14 - [MESSAGE][PASSED] - Object: 'Object Repository/Pages/SendCodeToValidate/link_UserSettings' is clicked on&#xD;
&#xD;
2019-11-01 03:12:14 - [MESSAGE][INFO] - New Test Suite.ts: Clicked on the Click on User Settings&#xD;
&#xD;
2019-11-01 03:12:14 - [MESSAGE][PASSED] - pages.SendCode.clickonUserSettings is PASSED&#xD;
&#xD;
2019-11-01 03:12:14 - [MESSAGE][PASSED] - Call Test Case 'Test Cases/FirstView/Login/TC_SendCode' successfully&#xD;
&#xD;
2019-11-01 03:12:14 - [TEST_STEP][PASSED] - utilities.SafeActions.javascriptclick(findTestObject("Pages/FirstView/link_Home"), delayForElement): utilities.SafeActions.javascriptclick is PASSED&#xD;
&#xD;
2019-11-01 03:12:20 - [MESSAGE][PASSED] - utilities.SafeActions.javascriptclick is PASSED&#xD;
&#xD;
2019-11-01 03:12:20 - [TEST_STEP][PASSED] - switchToWindowTitle("Transcenter - VPOS"): Switched to window with title: 'Transcenter - VPOS'&#xD;
&#xD;
2019-11-01 03:12:20 - [MESSAGE][PASSED] - Switched to window with title: 'Transcenter - VPOS'&#xD;
&#xD;
2019-11-01 03:12:20 - [TEST_STEP][PASSED] - delay(delayForElement): Delayed 6 second(s)&#xD;
&#xD;
2019-11-01 03:12:26 - [MESSAGE][PASSED] - Delayed 6 second(s)&#xD;
&#xD;
2019-11-01 03:12:26 - [TEST_STEP][PASSED] - pages.Sale.verifyIfEntryModeIsChecked("Sale", "Manually Keyed", delayBetweenTestSteps): pages.Sale.verifyIfEntryModeIsChecked is PASSED&#xD;
&#xD;
2019-11-01 03:12:26 - [MESSAGE][PASSED] - Object '' is checked&#xD;
&#xD;
2019-11-01 03:12:26 - [MESSAGE][INFO] - The specified checkbox is checked&#xD;
&#xD;
2019-11-01 03:12:26 - [MESSAGE][PASSED] - pages.Sale.verifyIfEntryModeIsChecked is PASSED&#xD;
&#xD;
2019-11-01 03:12:26 - [TEST_STEP][PASSED] - scrollToElement(findTestObject("Pages/Sale/input_Amount"), PageLoadTime): Scroll to object 'Object Repository/Pages/Sale/input_Amount' successfully&#xD;
&#xD;
2019-11-01 03:12:26 - [MESSAGE][PASSED] - Scroll to object 'Object Repository/Pages/Sale/input_Amount' successfully&#xD;
&#xD;
2019-11-01 03:12:26 - [TEST_STEP][PASSED] - utilities.SafeActions.safeTypeUsingJavascript(findTestObject("Pages/Sale/input_Amount"), amount): utilities.SafeActions.safeTypeUsingJavascript is PASSED&#xD;
&#xD;
2019-11-01 03:12:26 - [MESSAGE][PASSED] - utilities.SafeActions.safeTypeUsingJavascript is PASSED&#xD;
&#xD;
2019-11-01 03:12:27 - [TEST_STEP][PASSED] - delay(2): Delayed 2 second(s)&#xD;
&#xD;
2019-11-01 03:12:29 - [MESSAGE][PASSED] - Delayed 2 second(s)&#xD;
&#xD;
2019-11-01 03:12:29 - [TEST_STEP][PASSED] - utilities.SafeActions.safeType(findTestObject("Pages/Sale/input_Amount"), amount, "Amount field", [delayForElement]): utilities.SafeActions.safeType is PASSED&#xD;
&#xD;
2019-11-01 03:12:29 - [MESSAGE][PASSED] - Object 'Object Repository/Pages/Sale/input_Amount' is present&#xD;
&#xD;
2019-11-01 03:12:29 - [MESSAGE][PASSED] - Scroll to object 'Object Repository/Pages/Sale/input_Amount' successfully&#xD;
&#xD;
2019-11-01 03:12:29 - [MESSAGE][PASSED] - Object 'Object Repository/Pages/Sale/input_Amount' is present&#xD;
&#xD;
2019-11-01 03:12:29 - [MESSAGE][PASSED] - Object: 'Object Repository/Pages/Sale/input_Amount' is clicked on&#xD;
&#xD;
2019-11-01 03:12:30 - [MESSAGE][PASSED] - Text '450' is set on object 'Object Repository/Pages/Sale/input_Amount'&#xD;
&#xD;
2019-11-01 03:12:30 - [MESSAGE][PASSED] - utilities.SafeActions.safeType is PASSED&#xD;
&#xD;
2019-11-01 03:12:30 - [TEST_STEP][NOT_RUN] - utilities.SafeActions.safeType(findTestObject("Pages/Sale/input_Amount"), amount, "Enter Amount into Amount text box", [PageLoadTime]): NOT_RUN: utilities.SafeActions.safeType(findTestObject("Pages/Sale/input_Amount"), amount, "Enter Amount into Amount text box", [PageLoadTime])&#xD;
&#xD;
2019-11-01 03:12:30 - [MESSAGE][NOT_RUN] - NOT_RUN: utilities.SafeActions.safeType(findTestObject("Pages/Sale/input_Amount"), amount, "Enter Amount into Amount text box", [PageLoadTime])&#xD;
&#xD;
2019-11-01 03:12:30 - [TEST_STEP][PASSED] - scrollToElement(findTestObject("Pages/Sale/dropDown_ExpirationMonth"), PageLoadTime): Scroll to object 'Object Repository/Pages/Sale/dropDown_ExpirationMonth' successfully&#xD;
&#xD;
2019-11-01 03:12:30 - [MESSAGE][PASSED] - Scroll to object 'Object Repository/Pages/Sale/dropDown_ExpirationMonth' successfully&#xD;
&#xD;
2019-11-01 03:12:30 - [TEST_STEP][PASSED] - pages.Sale.verifyIfEntryModeIsChecked("Sale", "Card Not Present", delayBetweenTestSteps): pages.Sale.verifyIfEntryModeIsChecked is PASSED&#xD;
&#xD;
2019-11-01 03:12:30 - [MESSAGE][PASSED] - Object '' is checked&#xD;
&#xD;
2019-11-01 03:12:30 - [MESSAGE][INFO] - The specified checkbox is checked&#xD;
&#xD;
2019-11-01 03:12:30 - [MESSAGE][PASSED] - pages.Sale.verifyIfEntryModeIsChecked is PASSED&#xD;
&#xD;
2019-11-01 03:12:30 - [TEST_STEP][PASSED] - utilities.SafeActions.safeType(findTestObject("Pages/Sale/input_CardNumber"), visaCardNumber, "Entering Card Number", [PageLoadTime]): utilities.SafeActions.safeType is PASSED&#xD;
&#xD;
2019-11-01 03:12:30 - [MESSAGE][PASSED] - Object 'Object Repository/Pages/Sale/input_CardNumber' is present&#xD;
&#xD;
2019-11-01 03:12:30 - [MESSAGE][PASSED] - Scroll to object 'Object Repository/Pages/Sale/input_CardNumber' successfully&#xD;
&#xD;
2019-11-01 03:12:30 - [MESSAGE][PASSED] - Object 'Object Repository/Pages/Sale/input_CardNumber' is present&#xD;
&#xD;
2019-11-01 03:12:31 - [MESSAGE][PASSED] - Object: 'Object Repository/Pages/Sale/input_CardNumber' is clicked on&#xD;
&#xD;
2019-11-01 03:12:32 - [MESSAGE][PASSED] - Text '4111111111111111' is set on object 'Object Repository/Pages/Sale/input_CardNumber'&#xD;
&#xD;
2019-11-01 03:12:32 - [MESSAGE][PASSED] - utilities.SafeActions.safeType is PASSED&#xD;
&#xD;
2019-11-01 03:12:32 - [TEST_STEP][PASSED] - utilities.SafeActions.safeSelectOptionInDropDownByVisibleText(findTestObject("Pages/Sale/dropDown_ExpirationMonth"), cardMonth, "Enter Expiration Month", [PageLoadTime]): utilities.SafeActions.safeSelectOptionInDropDownByVisibleText is PASSED&#xD;
&#xD;
2019-11-01 03:12:32 - [MESSAGE][PASSED] - Object 'Object Repository/Pages/Sale/dropDown_ExpirationMonth' is visible&#xD;
&#xD;
2019-11-01 03:12:32 - [MESSAGE][PASSED] - Object 'Object Repository/Pages/Sale/dropDown_ExpirationMonth' is present&#xD;
&#xD;
2019-11-01 03:12:33 - [MESSAGE][PASSED] - Object: 'Object Repository/Pages/Sale/dropDown_ExpirationMonth' is clicked on&#xD;
&#xD;
2019-11-01 03:12:33 - [MESSAGE][PASSED] - All options with label 'September' are selected in object 'Object Repository/Pages/Sale/dropDown_ExpirationMonth' &#xD;
&#xD;
2019-11-01 03:12:33 - [MESSAGE][PASSED] - utilities.SafeActions.safeSelectOptionInDropDownByVisibleText is PASSED&#xD;
&#xD;
2019-11-01 03:12:33 - [TEST_STEP][PASSED] - utilities.SafeActions.safeSelectOptionInDropDownByVisibleText(findTestObject("Pages/Sale/dropDown_ExpirationYear"), cardYear, "Enter Expiration Year", [PageLoadTime]): utilities.SafeActions.safeSelectOptionInDropDownByVisibleText is PASSED&#xD;
&#xD;
2019-11-01 03:12:33 - [MESSAGE][PASSED] - Object 'Object Repository/Pages/Sale/dropDown_ExpirationYear' is visible&#xD;
&#xD;
2019-11-01 03:12:33 - [MESSAGE][PASSED] - Object 'Object Repository/Pages/Sale/dropDown_ExpirationYear' is present&#xD;
&#xD;
2019-11-01 03:12:34 - [MESSAGE][PASSED] - Object: 'Object Repository/Pages/Sale/dropDown_ExpirationYear' is clicked on&#xD;
&#xD;
2019-11-01 03:12:34 - [MESSAGE][PASSED] - All options with label '2023' are selected in object 'Object Repository/Pages/Sale/dropDown_ExpirationYear' &#xD;
&#xD;
2019-11-01 03:12:34 - [MESSAGE][PASSED] - utilities.SafeActions.safeSelectOptionInDropDownByVisibleText is PASSED&#xD;
&#xD;
2019-11-01 03:12:34 - [TEST_STEP][PASSED] - scrollToElement(findTestObject("Pages/Sale/invoiceNumber"), PageLoadTime): Scroll to object 'Object Repository/Pages/Sale/invoiceNumber' successfully&#xD;
&#xD;
2019-11-01 03:12:34 - [MESSAGE][PASSED] - Scroll to object 'Object Repository/Pages/Sale/invoiceNumber' successfully&#xD;
&#xD;
2019-11-01 03:12:34 - [TEST_STEP][PASSED] - invoiceNumber = utilities.SafeActions.safeGetText(findTestObject("Pages/Sale/invoiceNumber"), PageLoadTime): utilities.SafeActions.safeGetText is PASSED&#xD;
&#xD;
2019-11-01 03:12:34 - [MESSAGE][PASSED] - Object 'Object Repository/Pages/Sale/invoiceNumber' is present&#xD;
&#xD;
2019-11-01 03:12:34 - [MESSAGE][PASSED] - Scroll to object 'Object Repository/Pages/Sale/invoiceNumber' successfully&#xD;
&#xD;
2019-11-01 03:12:34 - [MESSAGE][PASSED] - Object 'Object Repository/Pages/Sale/invoiceNumber' is present&#xD;
&#xD;
2019-11-01 03:12:35 - [MESSAGE][PASSED] - Text of object 'Object Repository/Pages/Sale/invoiceNumber' is: '157258154014370'&#xD;
&#xD;
2019-11-01 03:12:35 - [MESSAGE][PASSED] - utilities.SafeActions.safeGetText is PASSED&#xD;
&#xD;
2019-11-01 03:12:35 - [TEST_STEP][PASSED] - utilities.SafeActions.safeClickwithScroll(findTestObject("Pages/Sale/button_Checkout"), "Click on Checkout button", [PageLoadTime]): utilities.SafeActions.safeClickwithScroll is PASSED&#xD;
&#xD;
2019-11-01 03:12:35 - [MESSAGE][PASSED] - Object 'Object Repository/Pages/Sale/button_Checkout' is present&#xD;
&#xD;
2019-11-01 03:12:35 - [MESSAGE][PASSED] - Object 'Object Repository/Pages/Sale/button_Checkout' is visible&#xD;
&#xD;
2019-11-01 03:12:35 - [MESSAGE][INFO] - New Test Suite.ts:waiting until Click on Checkout button is Clickable&#xD;
&#xD;
2019-11-01 03:12:35 - [MESSAGE][PASSED] - Object 'Object Repository/Pages/Sale/button_Checkout' is clickable&#xD;
&#xD;
2019-11-01 03:12:35 - [MESSAGE][PASSED] - Object 'Object Repository/Pages/Sale/button_Checkout' is visible&#xD;
&#xD;
2019-11-01 03:12:36 - [MESSAGE][PASSED] - Object: 'Object Repository/Pages/Sale/button_Checkout' is clicked on&#xD;
&#xD;
2019-11-01 03:12:36 - [MESSAGE][INFO] - New Test Suite.ts: Clicked on the Click on Checkout button&#xD;
&#xD;
2019-11-01 03:12:36 - [MESSAGE][PASSED] - utilities.SafeActions.safeClickwithScroll is PASSED&#xD;
&#xD;
2019-11-01 03:12:36 - [TEST_STEP][PASSED] - pages.Sale.verifyTransactionCompletePage(findTestObject("Pages/Sale/heading_TransactionComplete")): The screen is Transaction Complete screen&#xD;
&#xD;
2019-11-01 03:12:37 - [MESSAGE][PASSED] - Object 'Object Repository/Pages/Sale/heading_TransactionComplete' is present&#xD;
&#xD;
2019-11-01 03:12:37 - [MESSAGE][PASSED] - The screen is Transaction Complete screen&#xD;
&#xD;
2019-11-01 03:12:37 - [TEST_STEP][PASSED] - total_Amount = utilities.SafeActions.safeGetText(findTestObject("Pages/Sale/totalAmount_In_TransactionComplete"), PageLoadTime): utilities.SafeActions.safeGetText is PASSED&#xD;
&#xD;
2019-11-01 03:12:37 - [MESSAGE][PASSED] - Object 'Object Repository/Pages/Sale/totalAmount_In_TransactionComplete' is present&#xD;
&#xD;
2019-11-01 03:12:37 - [MESSAGE][PASSED] - Scroll to object 'Object Repository/Pages/Sale/totalAmount_In_TransactionComplete' successfully&#xD;
&#xD;
2019-11-01 03:12:38 - [MESSAGE][PASSED] - Object 'Object Repository/Pages/Sale/totalAmount_In_TransactionComplete' is present&#xD;
&#xD;
2019-11-01 03:12:38 - [MESSAGE][PASSED] - Text of object 'Object Repository/Pages/Sale/totalAmount_In_TransactionComplete' is: '$495.00'&#xD;
&#xD;
2019-11-01 03:12:38 - [MESSAGE][PASSED] - utilities.SafeActions.safeGetText is PASSED&#xD;
&#xD;
2019-11-01 03:12:38 - [TEST_STEP][PASSED] - utilities.SafeActions.safeClickWithoutScroll(findTestObject("Pages/Sale/button_ReturnToSale"), "Click on Return To Sale", [PageLoadTime]): utilities.SafeActions.safeClickWithoutScroll is PASSED&#xD;
&#xD;
2019-11-01 03:12:38 - [MESSAGE][INFO] - Safe Click Without scroll&#xD;
&#xD;
2019-11-01 03:12:38 - [MESSAGE][INFO] - New Test Suite.ts:waiting until Click on Return To Sale is Clickable&#xD;
&#xD;
2019-11-01 03:12:38 - [MESSAGE][PASSED] - Object 'Object Repository/Pages/Sale/button_ReturnToSale' is clickable&#xD;
&#xD;
2019-11-01 03:12:39 - [MESSAGE][PASSED] - Object 'Object Repository/Pages/Sale/button_ReturnToSale' is visible&#xD;
&#xD;
2019-11-01 03:12:39 - [MESSAGE][PASSED] - Object: 'Object Repository/Pages/Sale/button_ReturnToSale' is clicked on&#xD;
&#xD;
2019-11-01 03:12:39 - [MESSAGE][INFO] - New Test Suite.ts: click on the Click on Return To Sale&#xD;
&#xD;
2019-11-01 03:12:39 - [MESSAGE][PASSED] - utilities.SafeActions.safeClickWithoutScroll is PASSED&#xD;
&#xD;
2019-11-01 03:12:39 - [TEST_STEP][PASSED] - utilities.SafeActions.safeClickWithoutScroll(findTestObject("Pages/Transaction_Management/tab_TransactionManagement"), "Transaction Management Tab", [PageLoadTime]): utilities.SafeActions.safeClickWithoutScroll is PASSED&#xD;
&#xD;
2019-11-01 03:12:39 - [MESSAGE][INFO] - Safe Click Without scroll&#xD;
&#xD;
2019-11-01 03:12:39 - [MESSAGE][INFO] - New Test Suite.ts:waiting until Transaction Management Tab is Clickable&#xD;
&#xD;
2019-11-01 03:12:40 - [MESSAGE][PASSED] - Object 'Object Repository/Pages/Transaction_Management/tab_TransactionManagement' is clickable&#xD;
&#xD;
2019-11-01 03:12:40 - [MESSAGE][PASSED] - Object 'Object Repository/Pages/Transaction_Management/tab_TransactionManagement' is visible&#xD;
&#xD;
2019-11-01 03:12:41 - [MESSAGE][PASSED] - Object: 'Object Repository/Pages/Transaction_Management/tab_TransactionManagement' is clicked on&#xD;
&#xD;
2019-11-01 03:12:41 - [MESSAGE][INFO] - New Test Suite.ts: click on the Transaction Management Tab&#xD;
&#xD;
2019-11-01 03:12:41 - [MESSAGE][PASSED] - utilities.SafeActions.safeClickWithoutScroll is PASSED&#xD;
&#xD;
2019-11-01 03:12:41 - [TEST_STEP][PASSED] - utilities.SafeActions.safeClickwithScroll(findTestObject("Pages/Transaction_Management/button_Search"), "Search", [PageLoadTime]): utilities.SafeActions.safeClickwithScroll is PASSED&#xD;
&#xD;
2019-11-01 03:12:41 - [MESSAGE][PASSED] - Object 'Object Repository/Pages/Transaction_Management/button_Search' is present&#xD;
&#xD;
2019-11-01 03:12:41 - [MESSAGE][PASSED] - Object 'Object Repository/Pages/Transaction_Management/button_Search' is visible&#xD;
&#xD;
2019-11-01 03:12:41 - [MESSAGE][INFO] - New Test Suite.ts:waiting until Search is Clickable&#xD;
&#xD;
2019-11-01 03:12:41 - [MESSAGE][PASSED] - Object 'Object Repository/Pages/Transaction_Management/button_Search' is clickable&#xD;
&#xD;
2019-11-01 03:12:41 - [MESSAGE][PASSED] - Object 'Object Repository/Pages/Transaction_Management/button_Search' is visible&#xD;
&#xD;
2019-11-01 03:12:42 - [MESSAGE][PASSED] - Object: 'Object Repository/Pages/Transaction_Management/button_Search' is clicked on&#xD;
&#xD;
2019-11-01 03:12:42 - [MESSAGE][INFO] - New Test Suite.ts: Clicked on the Search&#xD;
&#xD;
2019-11-01 03:12:42 - [MESSAGE][PASSED] - utilities.SafeActions.safeClickwithScroll is PASSED&#xD;
&#xD;
2019-11-01 03:12:42 - [TEST_STEP][PASSED] - scrollToElement(findTestObject("Pages/Transaction_Management/invoice_ForTransaction"), PageLoadTime): Scroll to object 'Object Repository/Pages/Transaction_Management/invoice_ForTransaction' successfully&#xD;
&#xD;
2019-11-01 03:12:43 - [MESSAGE][PASSED] - Scroll to object 'Object Repository/Pages/Transaction_Management/invoice_ForTransaction' successfully&#xD;
&#xD;
2019-11-01 03:12:43 - [TEST_STEP][PASSED] - pages.Transaction_Management.verifyInvoiceRecord(findTestObject("Pages/Transaction_Management/footer_NextButton"), findTestObject("Pages/Transaction_Management/page_Number"), invoiceNumber, total_Amount): The Transaction is found in page 1&#xD;
&#xD;
2019-11-01 03:12:43 - [MESSAGE][PASSED] - Text of object 'Object Repository/Pages/Transaction_Management/page_Number' is: 'Page 1 of 100'&#xD;
&#xD;
2019-11-01 03:12:45 - [MESSAGE][PASSED] - The Transaction is found in page 1&#xD;
&#xD;
2019-11-01 03:12:45 - [TEST_STEP][PASSED] - closeBrowser(): Browser is closed&#xD;
&#xD;
2019-11-01 03:12:46 - [MESSAGE][PASSED] - Browser is closed&#xD;
&#xD;
2019-11-01 03:12:46 - [TEST_STEP][PASSED] - Start listener action : sampleAfterTestCase: null&#xD;
&#xD;
2019-11-01 03:12:46 - [TEST_STEP][PASSED] - println(testCaseContext.getTestCaseId()): null&#xD;
&#xD;
2019-11-01 03:12:46 - [TEST_STEP][PASSED] - println(testCaseContext.getTestCaseStatus()): null&#xD;
&#xD;
2019-11-01 03:12:46 - [TEST_STEP][PASSED] - testCaseName = testCaseContext.getTestCaseId(): null&#xD;
&#xD;
2019-11-01 03:12:46 - [TEST_STEP][PASSED] - strCount = testCaseName.lastIndexOf("/"): null&#xD;
&#xD;
2019-11-01 03:12:46 - [TEST_STEP][PASSED] - testCaseName = testCaseName.substring(strCount): null&#xD;
&#xD;
2019-11-01 03:12:46 - [TEST_STEP][PASSED] - println(testCaseName): null&#xD;
&#xD;
2019-11-01 03:12:46 - [TEST_STEP][PASSED] - if (getTestCaseStatus().equalsIgnoreCase("Error")): null&#xD;
&#xD;
2019-11-01 03:12:46 - [TEST_STEP][PASSED] - Start listener action : sampleAfterTestCase: null</system-out>
            <system-err></system-err>
        </testcase>
        <testcase name="Test Cases/FirstView/Sale/VPOS_Sale_Transaction_Retail_No_AdditionalPrompting" classname="Test Cases/FirstView/Sale/VPOS_Sale_Transaction_Retail_No_AdditionalPrompting" status="PASSED">
            <system-out>2019-11-01 03:12:46 - [TEST_CASE][PASSED] - Test Cases/FirstView/Sale/VPOS_Sale_Transaction_Retail_No_AdditionalPrompting: Test Cases/FirstView/Sale/VPOS_Sale_Transaction_Retail_No_AdditionalPrompting&#xD;
&#xD;
2019-11-01 03:12:46 - [TEST_STEP][PASSED] - Start listener action : sampleBeforeTestCase: null&#xD;
&#xD;
2019-11-01 03:12:46 - [TEST_STEP][PASSED] - println(testCaseContext.getTestCaseId()): null&#xD;
&#xD;
2019-11-01 03:12:46 - [TEST_STEP][PASSED] - println(testCaseContext.getTestCaseVariables()): null&#xD;
&#xD;
2019-11-01 03:12:47 - [TEST_STEP][NOT_RUN] - utilities.SafeActions.openBrowser(Old_URL, [PageLoadTime]): NOT_RUN: utilities.SafeActions.openBrowser(Old_URL, [PageLoadTime])&#xD;
&#xD;
2019-11-01 03:12:47 - [MESSAGE][NOT_RUN] - NOT_RUN: utilities.SafeActions.openBrowser(Old_URL, [PageLoadTime])&#xD;
&#xD;
2019-11-01 03:12:47 - [TEST_STEP][NOT_RUN] - delay(delayForElement): NOT_RUN: delay(delayForElement)&#xD;
&#xD;
2019-11-01 03:12:47 - [MESSAGE][NOT_RUN] - NOT_RUN: delay(delayForElement)&#xD;
&#xD;
2019-11-01 03:12:47 - [TEST_STEP][NOT_RUN] - utilities.SafeActions.safeSelectOptionInDropDownByVisibleText(findTestObject("Pages/Sale/dropDown_AccountType"), RetailAccountOption, "Select by Value", [25]): NOT_RUN: utilities.SafeActions.safeSelectOptionInDropDownByVisibleText(findTestObject("Pages/Sale/dropDown_AccountType"), RetailAccountOption, "Select by Value", [25])&#xD;
&#xD;
2019-11-01 03:12:47 - [MESSAGE][NOT_RUN] - NOT_RUN: utilities.SafeActions.safeSelectOptionInDropDownByVisibleText(findTestObject("Pages/Sale/dropDown_AccountType"), RetailAccountOption, "Select by Value", [25])&#xD;
&#xD;
2019-11-01 03:12:47 - [TEST_STEP][NOT_RUN] - delay(delayBetweenTestSteps): NOT_RUN: delay(delayBetweenTestSteps)&#xD;
&#xD;
2019-11-01 03:12:47 - [MESSAGE][NOT_RUN] - NOT_RUN: delay(delayBetweenTestSteps)&#xD;
&#xD;
2019-11-01 03:12:47 - [TEST_STEP][PASSED] - utilities.SafeActions.openBrowser(URL, [delayForElement]): utilities.SafeActions.openBrowser is PASSED&#xD;
&#xD;
2019-11-01 03:12:47 - [MESSAGE][INFO] - Opening Browser&#xD;
&#xD;
2019-11-01 03:12:47 - [MESSAGE][INFO] - Starting 'Chrome' driver&#xD;
&#xD;
2019-11-01 03:12:55 - [MESSAGE][PASSED] - Browser is opened with url: 'https://q-www-firstview-net.faps.net/MVC/Account/Login'&#xD;
&#xD;
2019-11-01 03:12:59 - [MESSAGE][PASSED] - Current window maximized&#xD;
&#xD;
2019-11-01 03:12:59 - [MESSAGE][INFO] - Browser Launched Successfully&#xD;
&#xD;
2019-11-01 03:12:59 - [MESSAGE][PASSED] - utilities.SafeActions.openBrowser is PASSED&#xD;
&#xD;
2019-11-01 03:12:59 - [TEST_STEP][PASSED] - pages.Login.login(uName, password): pages.Login.login is PASSED&#xD;
&#xD;
2019-11-01 03:12:59 - [MESSAGE][PASSED] - Object 'Object Repository/Pages/Login/userName' is present&#xD;
&#xD;
2019-11-01 03:12:59 - [MESSAGE][PASSED] - Scroll to object 'Object Repository/Pages/Login/userName' successfully&#xD;
&#xD;
2019-11-01 03:12:59 - [MESSAGE][PASSED] - Object 'Object Repository/Pages/Login/userName' is present&#xD;
&#xD;
2019-11-01 03:13:00 - [MESSAGE][PASSED] - Object: 'Object Repository/Pages/Login/userName' is clicked on&#xD;
&#xD;
2019-11-01 03:13:00 - [MESSAGE][PASSED] - Text 'ZenQRetail' is set on object 'Object Repository/Pages/Login/userName'&#xD;
&#xD;
2019-11-01 03:13:00 - [MESSAGE][PASSED] - Object 'Object Repository/Pages/Login/password' is present&#xD;
&#xD;
2019-11-01 03:13:00 - [MESSAGE][PASSED] - Scroll to object 'Object Repository/Pages/Login/password' successfully&#xD;
&#xD;
2019-11-01 03:13:01 - [MESSAGE][PASSED] - Object 'Object Repository/Pages/Login/password' is present&#xD;
&#xD;
2019-11-01 03:13:01 - [MESSAGE][PASSED] - Object: 'Object Repository/Pages/Login/password' is clicked on&#xD;
&#xD;
2019-11-01 03:13:01 - [MESSAGE][PASSED] - Text 'P@ssword1' is set on object 'Object Repository/Pages/Login/password'&#xD;
&#xD;
2019-11-01 03:13:02 - [MESSAGE][INFO] - Safe Click Without scroll&#xD;
&#xD;
2019-11-01 03:13:02 - [MESSAGE][INFO] - New Test Suite.ts:waiting until Click on Login is Clickable&#xD;
&#xD;
2019-11-01 03:13:02 - [MESSAGE][PASSED] - Object 'Object Repository/Pages/Login/login' is clickable&#xD;
&#xD;
2019-11-01 03:13:02 - [MESSAGE][PASSED] - Object 'Object Repository/Pages/Login/login' is visible&#xD;
&#xD;
2019-11-01 03:13:04 - [MESSAGE][PASSED] - Object: 'Object Repository/Pages/Login/login' is clicked on&#xD;
&#xD;
2019-11-01 03:13:04 - [MESSAGE][INFO] - New Test Suite.ts: click on the Click on Login&#xD;
&#xD;
2019-11-01 03:13:04 - [MESSAGE][PASSED] - pages.Login.login is PASSED&#xD;
&#xD;
2019-11-01 03:13:04 - [TEST_STEP][PASSED] - callTestCase(findTestCase("FirstView/Login/TC_SendCode"), [:], STOP_ON_FAILURE): Call Test Case 'Test Cases/FirstView/Login/TC_SendCode' successfully&#xD;
&#xD;
2019-11-01 03:13:04 - [TEST_CASE][PASSED] - Test Cases/FirstView/Login/TC_SendCode: Test Cases/FirstView/Login/TC_SendCode&#xD;
&#xD;
2019-11-01 03:13:04 - [TEST_STEP][PASSED] - flag = pages.SendCode.verifyPage(): pages.SendCode.verifyPage is PASSED&#xD;
&#xD;
2019-11-01 03:13:04 - [MESSAGE][PASSED] - Object 'Object Repository/Pages/SendCodeToValidate/header_SendCodeToValidate' is present and visible in viewport&#xD;
&#xD;
2019-11-01 03:13:04 - [MESSAGE][PASSED] - pages.SendCode.verifyPage is PASSED&#xD;
&#xD;
2019-11-01 03:13:04 - [TEST_STEP][PASSED] - if (flag): pages.SendCode.clickonUserSettings is PASSED&#xD;
&#xD;
2019-11-01 03:13:04 - [TEST_STEP][PASSED] - pages.SendCode.clickonUserSettings(): pages.SendCode.clickonUserSettings is PASSED&#xD;
&#xD;
2019-11-01 03:13:05 - [MESSAGE][PASSED] - Object 'Object Repository/Pages/SendCodeToValidate/link_UserSettings' is present&#xD;
&#xD;
2019-11-01 03:13:05 - [MESSAGE][PASSED] - Object 'Object Repository/Pages/SendCodeToValidate/link_UserSettings' is visible&#xD;
&#xD;
2019-11-01 03:13:05 - [MESSAGE][INFO] - New Test Suite.ts:waiting until Click on User Settings is Clickable&#xD;
&#xD;
2019-11-01 03:13:05 - [MESSAGE][PASSED] - Object 'Object Repository/Pages/SendCodeToValidate/link_UserSettings' is clickable&#xD;
&#xD;
2019-11-01 03:13:05 - [MESSAGE][PASSED] - Object 'Object Repository/Pages/SendCodeToValidate/link_UserSettings' is visible&#xD;
&#xD;
2019-11-01 03:13:07 - [MESSAGE][PASSED] - Object: 'Object Repository/Pages/SendCodeToValidate/link_UserSettings' is clicked on&#xD;
&#xD;
2019-11-01 03:13:07 - [MESSAGE][INFO] - New Test Suite.ts: Clicked on the Click on User Settings&#xD;
&#xD;
2019-11-01 03:13:07 - [MESSAGE][PASSED] - pages.SendCode.clickonUserSettings is PASSED&#xD;
&#xD;
2019-11-01 03:13:07 - [MESSAGE][PASSED] - Call Test Case 'Test Cases/FirstView/Login/TC_SendCode' successfully&#xD;
&#xD;
2019-11-01 03:13:07 - [TEST_STEP][PASSED] - callTestCase(findTestCase("FirstView/Login/TC_FirstView"), [:], STOP_ON_FAILURE): Call Test Case 'Test Cases/FirstView/Login/TC_FirstView' successfully&#xD;
&#xD;
2019-11-01 03:13:07 - [TEST_CASE][PASSED] - Test Cases/FirstView/Login/TC_FirstView: Test Cases/FirstView/Login/TC_FirstView&#xD;
&#xD;
2019-11-01 03:13:07 - [TEST_STEP][NOT_RUN] - utilities.SafeActions.safeClickWithoutScroll(findTestObject("Pages/FirstView/link_Home"), "Click on Home button in First View screen", [PageLoadTime]): NOT_RUN: utilities.SafeActions.safeClickWithoutScroll(findTestObject("Pages/FirstView/link_Home"), "Click on Home button in First View screen", [PageLoadTime])&#xD;
&#xD;
2019-11-01 03:13:07 - [MESSAGE][NOT_RUN] - NOT_RUN: utilities.SafeActions.safeClickWithoutScroll(findTestObject("Pages/FirstView/link_Home"), "Click on Home button in First View screen", [PageLoadTime])&#xD;
&#xD;
2019-11-01 03:13:07 - [TEST_STEP][PASSED] - delay(3): Delayed 3 second(s)&#xD;
&#xD;
2019-11-01 03:13:10 - [MESSAGE][PASSED] - Delayed 3 second(s)&#xD;
&#xD;
2019-11-01 03:13:10 - [TEST_STEP][PASSED] - utilities.SafeActions.javascriptclick(findTestObject("Pages/FirstView/link_Home"), delayForElement): utilities.SafeActions.javascriptclick is PASSED&#xD;
&#xD;
2019-11-01 03:13:11 - [MESSAGE][PASSED] - utilities.SafeActions.javascriptclick is PASSED&#xD;
&#xD;
2019-11-01 03:13:11 - [TEST_STEP][PASSED] - utilities.SafeActions.safeClickWithoutScroll(findTestObject("Pages/FirstView/link_VPOS"), "Click on VPOS button in First View screen", [PageLoadTime]): utilities.SafeActions.safeClickWithoutScroll is PASSED&#xD;
&#xD;
2019-11-01 03:13:11 - [MESSAGE][INFO] - Safe Click Without scroll&#xD;
&#xD;
2019-11-01 03:13:11 - [MESSAGE][INFO] - New Test Suite.ts:waiting until Click on VPOS button in First View screen is Clickable&#xD;
&#xD;
2019-11-01 03:13:11 - [MESSAGE][PASSED] - Object 'Object Repository/Pages/FirstView/link_VPOS' is clickable&#xD;
&#xD;
2019-11-01 03:13:11 - [MESSAGE][PASSED] - Object 'Object Repository/Pages/FirstView/link_VPOS' is visible&#xD;
&#xD;
2019-11-01 03:13:12 - [MESSAGE][PASSED] - Object: 'Object Repository/Pages/FirstView/link_VPOS' is clicked on&#xD;
&#xD;
2019-11-01 03:13:12 - [MESSAGE][INFO] - New Test Suite.ts: click on the Click on VPOS button in First View screen&#xD;
&#xD;
2019-11-01 03:13:12 - [MESSAGE][PASSED] - utilities.SafeActions.safeClickWithoutScroll is PASSED&#xD;
&#xD;
2019-11-01 03:13:12 - [MESSAGE][PASSED] - Call Test Case 'Test Cases/FirstView/Login/TC_FirstView' successfully&#xD;
&#xD;
2019-11-01 03:13:12 - [TEST_STEP][PASSED] - switchToWindowTitle("Transcenter - VPOS"): Switched to window with title: 'Transcenter - VPOS'&#xD;
&#xD;
2019-11-01 03:13:18 - [MESSAGE][PASSED] - Switched to window with title: 'Transcenter - VPOS'&#xD;
&#xD;
2019-11-01 03:13:18 - [TEST_STEP][PASSED] - delay(delayForElement): Delayed 6 second(s)&#xD;
&#xD;
2019-11-01 03:13:24 - [MESSAGE][PASSED] - Delayed 6 second(s)&#xD;
&#xD;
2019-11-01 03:13:24 - [TEST_STEP][PASSED] - pages.Sale.verifyIfEntryModeIsChecked(tabName, entryModeCheckBox, delayBetweenTestSteps): pages.Sale.verifyIfEntryModeIsChecked is PASSED&#xD;
&#xD;
2019-11-01 03:13:24 - [MESSAGE][PASSED] - Object '' is checked&#xD;
&#xD;
2019-11-01 03:13:24 - [MESSAGE][INFO] - The specified checkbox is checked&#xD;
&#xD;
2019-11-01 03:13:24 - [MESSAGE][PASSED] - pages.Sale.verifyIfEntryModeIsChecked is PASSED&#xD;
&#xD;
2019-11-01 03:13:24 - [TEST_STEP][PASSED] - scrollToElement(findTestObject("Pages/Sale/input_Amount"), delayBetweenTestSteps): Scroll to object 'Object Repository/Pages/Sale/input_Amount' successfully&#xD;
&#xD;
2019-11-01 03:13:24 - [MESSAGE][PASSED] - Scroll to object 'Object Repository/Pages/Sale/input_Amount' successfully&#xD;
&#xD;
2019-11-01 03:13:25 - [TEST_STEP][NOT_RUN] - click(findTestObject("Pages/Sale/input_Amount")): NOT_RUN: click(findTestObject("Pages/Sale/input_Amount"))&#xD;
&#xD;
2019-11-01 03:13:25 - [MESSAGE][NOT_RUN] - NOT_RUN: click(findTestObject("Pages/Sale/input_Amount"))&#xD;
&#xD;
2019-11-01 03:13:25 - [TEST_STEP][PASSED] - utilities.SafeActions.safeTypeUsingJavascript(findTestObject("Pages/Sale/input_Amount"), amountInput): utilities.SafeActions.safeTypeUsingJavascript is PASSED&#xD;
&#xD;
2019-11-01 03:13:25 - [MESSAGE][PASSED] - utilities.SafeActions.safeTypeUsingJavascript is PASSED&#xD;
&#xD;
2019-11-01 03:13:25 - [TEST_STEP][NOT_RUN] - focus(findTestObject("Pages/Sale/input_Amount")): NOT_RUN: focus(findTestObject("Pages/Sale/input_Amount"))&#xD;
&#xD;
2019-11-01 03:13:25 - [MESSAGE][NOT_RUN] - NOT_RUN: focus(findTestObject("Pages/Sale/input_Amount"))&#xD;
&#xD;
2019-11-01 03:13:25 - [TEST_STEP][PASSED] - delay(2): Delayed 2 second(s)&#xD;
&#xD;
2019-11-01 03:13:27 - [MESSAGE][PASSED] - Delayed 2 second(s)&#xD;
&#xD;
2019-11-01 03:13:27 - [TEST_STEP][PASSED] - utilities.SafeActions.safeType(findTestObject("Pages/Sale/input_Amount"), amountInput, "Amount field", [delayForElement]): utilities.SafeActions.safeType is PASSED&#xD;
&#xD;
2019-11-01 03:13:27 - [MESSAGE][PASSED] - Object 'Object Repository/Pages/Sale/input_Amount' is present&#xD;
&#xD;
2019-11-01 03:13:27 - [MESSAGE][PASSED] - Scroll to object 'Object Repository/Pages/Sale/input_Amount' successfully&#xD;
&#xD;
2019-11-01 03:13:27 - [MESSAGE][PASSED] - Object 'Object Repository/Pages/Sale/input_Amount' is present&#xD;
&#xD;
2019-11-01 03:13:28 - [MESSAGE][PASSED] - Object: 'Object Repository/Pages/Sale/input_Amount' is clicked on&#xD;
&#xD;
2019-11-01 03:13:28 - [MESSAGE][PASSED] - Text '550' is set on object 'Object Repository/Pages/Sale/input_Amount'&#xD;
&#xD;
2019-11-01 03:13:28 - [MESSAGE][PASSED] - utilities.SafeActions.safeType is PASSED&#xD;
&#xD;
2019-11-01 03:13:28 - [TEST_STEP][PASSED] - scrollToElement(findTestObject("Pages/Sale/dropDown_ExpirationMonth"), delayBetweenTestSteps): Scroll to object 'Object Repository/Pages/Sale/dropDown_ExpirationMonth' successfully&#xD;
&#xD;
2019-11-01 03:13:28 - [MESSAGE][PASSED] - Scroll to object 'Object Repository/Pages/Sale/dropDown_ExpirationMonth' successfully&#xD;
&#xD;
2019-11-01 03:13:28 - [TEST_STEP][PASSED] - total_Amount = utilities.SafeActions.safeGetText(findTestObject("Pages/Sale/total_Amount"), delayBetweenTestSteps): utilities.SafeActions.safeGetText is PASSED&#xD;
&#xD;
2019-11-01 03:13:28 - [MESSAGE][PASSED] - Object 'Object Repository/Pages/Sale/total_Amount' is present&#xD;
&#xD;
2019-11-01 03:13:28 - [MESSAGE][PASSED] - Scroll to object 'Object Repository/Pages/Sale/total_Amount' successfully&#xD;
&#xD;
2019-11-01 03:13:28 - [MESSAGE][PASSED] - Object 'Object Repository/Pages/Sale/total_Amount' is present&#xD;
&#xD;
2019-11-01 03:13:29 - [MESSAGE][PASSED] - Text of object 'Object Repository/Pages/Sale/total_Amount' is: '$595.38'&#xD;
&#xD;
2019-11-01 03:13:29 - [MESSAGE][PASSED] - utilities.SafeActions.safeGetText is PASSED&#xD;
&#xD;
2019-11-01 03:13:29 - [TEST_STEP][PASSED] - println(total_Amount): null&#xD;
&#xD;
2019-11-01 03:13:29 - [TEST_STEP][PASSED] - pages.Sale.verifyIfEntryModeIsChecked(tabName, cardInformationCheckBox, delayBetweenTestSteps): pages.Sale.verifyIfEntryModeIsChecked is PASSED&#xD;
&#xD;
2019-11-01 03:13:29 - [MESSAGE][PASSED] - Object '' is checked&#xD;
&#xD;
2019-11-01 03:13:29 - [MESSAGE][INFO] - The specified checkbox is checked&#xD;
&#xD;
2019-11-01 03:13:29 - [MESSAGE][PASSED] - pages.Sale.verifyIfEntryModeIsChecked is PASSED&#xD;
&#xD;
2019-11-01 03:13:29 - [TEST_STEP][PASSED] - utilities.SafeActions.safeType(findTestObject("Pages/Sale/input_CardNumber"), visaCardNumber, "Entering Card Number", [delayBetweenTestSteps]): utilities.SafeActions.safeType is PASSED&#xD;
&#xD;
2019-11-01 03:13:29 - [MESSAGE][PASSED] - Object 'Object Repository/Pages/Sale/input_CardNumber' is present&#xD;
&#xD;
2019-11-01 03:13:29 - [MESSAGE][PASSED] - Scroll to object 'Object Repository/Pages/Sale/input_CardNumber' successfully&#xD;
&#xD;
2019-11-01 03:13:29 - [MESSAGE][PASSED] - Object 'Object Repository/Pages/Sale/input_CardNumber' is present&#xD;
&#xD;
2019-11-01 03:13:30 - [MESSAGE][PASSED] - Object: 'Object Repository/Pages/Sale/input_CardNumber' is clicked on&#xD;
&#xD;
2019-11-01 03:13:31 - [MESSAGE][PASSED] - Text '4111111111111111' is set on object 'Object Repository/Pages/Sale/input_CardNumber'&#xD;
&#xD;
2019-11-01 03:13:31 - [MESSAGE][PASSED] - utilities.SafeActions.safeType is PASSED&#xD;
&#xD;
2019-11-01 03:13:31 - [TEST_STEP][PASSED] - delay(delayBetweenTestSteps): Delayed 3 second(s)&#xD;
&#xD;
2019-11-01 03:13:34 - [MESSAGE][PASSED] - Delayed 3 second(s)&#xD;
&#xD;
2019-11-01 03:13:34 - [TEST_STEP][PASSED] - utilities.SafeActions.safeSelectOptionInDropDownByVisibleText(findTestObject("Pages/Sale/dropDown_ExpirationMonth"), cardMonth, "Enter Month", [delayBetweenTestSteps]): utilities.SafeActions.safeSelectOptionInDropDownByVisibleText is PASSED&#xD;
&#xD;
2019-11-01 03:13:34 - [MESSAGE][PASSED] - Object 'Object Repository/Pages/Sale/dropDown_ExpirationMonth' is visible&#xD;
&#xD;
2019-11-01 03:13:34 - [MESSAGE][PASSED] - Object 'Object Repository/Pages/Sale/dropDown_ExpirationMonth' is present&#xD;
&#xD;
2019-11-01 03:13:35 - [MESSAGE][PASSED] - Object: 'Object Repository/Pages/Sale/dropDown_ExpirationMonth' is clicked on&#xD;
&#xD;
2019-11-01 03:13:35 - [MESSAGE][PASSED] - All options with label 'September' are selected in object 'Object Repository/Pages/Sale/dropDown_ExpirationMonth' &#xD;
&#xD;
2019-11-01 03:13:35 - [MESSAGE][PASSED] - utilities.SafeActions.safeSelectOptionInDropDownByVisibleText is PASSED&#xD;
&#xD;
2019-11-01 03:13:35 - [TEST_STEP][PASSED] - utilities.SafeActions.safeSelectOptionInDropDownByVisibleText(findTestObject("Pages/Sale/dropDown_ExpirationYear"), cardYear, "Select Expiration Year", [delayBetweenTestSteps]): utilities.SafeActions.safeSelectOptionInDropDownByVisibleText is PASSED&#xD;
&#xD;
2019-11-01 03:13:35 - [MESSAGE][PASSED] - Object 'Object Repository/Pages/Sale/dropDown_ExpirationYear' is visible&#xD;
&#xD;
2019-11-01 03:13:35 - [MESSAGE][PASSED] - Object 'Object Repository/Pages/Sale/dropDown_ExpirationYear' is present&#xD;
&#xD;
2019-11-01 03:13:36 - [MESSAGE][PASSED] - Object: 'Object Repository/Pages/Sale/dropDown_ExpirationYear' is clicked on&#xD;
&#xD;
2019-11-01 03:13:36 - [MESSAGE][PASSED] - All options with label '2022' are selected in object 'Object Repository/Pages/Sale/dropDown_ExpirationYear' &#xD;
&#xD;
2019-11-01 03:13:36 - [MESSAGE][PASSED] - utilities.SafeActions.safeSelectOptionInDropDownByVisibleText is PASSED&#xD;
&#xD;
2019-11-01 03:13:36 - [TEST_STEP][PASSED] - utilities.SafeActions.safeClickWithoutScrollOnLabel(findTestObject("Pages/Sale/label_ExpirationYear"), "Click on Exp Year label", [PageLoadTime]): utilities.SafeActions.safeClickWithoutScrollOnLabel is PASSED&#xD;
&#xD;
2019-11-01 03:13:36 - [MESSAGE][INFO] - Safe Click Without scroll On Label&#xD;
&#xD;
2019-11-01 03:13:36 - [MESSAGE][PASSED] - Object 'Object Repository/Pages/Sale/label_ExpirationYear' is visible&#xD;
&#xD;
2019-11-01 03:13:36 - [MESSAGE][INFO] - New Test Suite.ts: click on the Click on Exp Year label&#xD;
&#xD;
2019-11-01 03:13:37 - [MESSAGE][PASSED] - Object: 'Object Repository/Pages/Sale/label_ExpirationYear' is clicked on&#xD;
&#xD;
2019-11-01 03:13:37 - [MESSAGE][PASSED] - utilities.SafeActions.safeClickWithoutScrollOnLabel is PASSED&#xD;
&#xD;
2019-11-01 03:13:37 - [TEST_STEP][PASSED] - delay(delayBetweenTestSteps): Delayed 3 second(s)&#xD;
&#xD;
2019-11-01 03:13:40 - [MESSAGE][PASSED] - Delayed 3 second(s)&#xD;
&#xD;
2019-11-01 03:13:40 - [TEST_STEP][NOT_RUN] - utilities.SafeActions.safeType(findTestObject("Pages/Sale/input_SecurityCode"), securityCode, "Enter Security code", [delayForElement]): NOT_RUN: utilities.SafeActions.safeType(findTestObject("Pages/Sale/input_SecurityCode"), securityCode, "Enter Security code", [delayForElement])&#xD;
&#xD;
2019-11-01 03:13:40 - [MESSAGE][NOT_RUN] - NOT_RUN: utilities.SafeActions.safeType(findTestObject("Pages/Sale/input_SecurityCode"), securityCode, "Enter Security code", [delayForElement])&#xD;
&#xD;
2019-11-01 03:13:40 - [TEST_STEP][PASSED] - scrollToElement(findTestObject("Pages/Sale/invoiceNumber"), delayBetweenTestSteps): Scroll to object 'Object Repository/Pages/Sale/invoiceNumber' successfully&#xD;
&#xD;
2019-11-01 03:13:40 - [MESSAGE][PASSED] - Scroll to object 'Object Repository/Pages/Sale/invoiceNumber' successfully&#xD;
&#xD;
2019-11-01 03:13:40 - [TEST_STEP][PASSED] - invoiceNumber = utilities.SafeActions.safeGetText(findTestObject("Pages/Sale/invoiceNumber"), delayBetweenTestSteps): utilities.SafeActions.safeGetText is PASSED&#xD;
&#xD;
2019-11-01 03:13:41 - [MESSAGE][PASSED] - Object 'Object Repository/Pages/Sale/invoiceNumber' is present&#xD;
&#xD;
2019-11-01 03:13:41 - [MESSAGE][PASSED] - Scroll to object 'Object Repository/Pages/Sale/invoiceNumber' successfully&#xD;
&#xD;
2019-11-01 03:13:41 - [MESSAGE][PASSED] - Object 'Object Repository/Pages/Sale/invoiceNumber' is present&#xD;
&#xD;
2019-11-01 03:13:41 - [MESSAGE][PASSED] - Text of object 'Object Repository/Pages/Sale/invoiceNumber' is: '157258159855877'&#xD;
&#xD;
2019-11-01 03:13:41 - [MESSAGE][PASSED] - utilities.SafeActions.safeGetText is PASSED&#xD;
&#xD;
2019-11-01 03:13:41 - [TEST_STEP][PASSED] - println(invoiceNumber): null&#xD;
&#xD;
2019-11-01 03:13:41 - [TEST_STEP][PASSED] - utilities.SafeActions.safeClickwithScroll(findTestObject("Pages/Sale/button_Checkout"), "Click on Checkout button", [delayBetweenTestSteps]): utilities.SafeActions.safeClickwithScroll is PASSED&#xD;
&#xD;
2019-11-01 03:13:41 - [MESSAGE][PASSED] - Object 'Object Repository/Pages/Sale/button_Checkout' is present&#xD;
&#xD;
2019-11-01 03:13:41 - [MESSAGE][PASSED] - Object 'Object Repository/Pages/Sale/button_Checkout' is visible&#xD;
&#xD;
2019-11-01 03:13:41 - [MESSAGE][INFO] - New Test Suite.ts:waiting until Click on Checkout button is Clickable&#xD;
&#xD;
2019-11-01 03:13:41 - [MESSAGE][PASSED] - Object 'Object Repository/Pages/Sale/button_Checkout' is clickable&#xD;
&#xD;
2019-11-01 03:13:41 - [MESSAGE][PASSED] - Object 'Object Repository/Pages/Sale/button_Checkout' is visible&#xD;
&#xD;
2019-11-01 03:13:42 - [MESSAGE][PASSED] - Object: 'Object Repository/Pages/Sale/button_Checkout' is clicked on&#xD;
&#xD;
2019-11-01 03:13:42 - [MESSAGE][INFO] - New Test Suite.ts: Clicked on the Click on Checkout button&#xD;
&#xD;
2019-11-01 03:13:42 - [MESSAGE][PASSED] - utilities.SafeActions.safeClickwithScroll is PASSED&#xD;
&#xD;
2019-11-01 03:13:42 - [TEST_STEP][PASSED] - pages.Sale.verifyTransactionCompletePage(findTestObject("Pages/Sale/heading_TransactionComplete")): The screen is Transaction Complete screen&#xD;
&#xD;
2019-11-01 03:13:43 - [MESSAGE][PASSED] - Object 'Object Repository/Pages/Sale/heading_TransactionComplete' is present&#xD;
&#xD;
2019-11-01 03:13:43 - [MESSAGE][PASSED] - The screen is Transaction Complete screen&#xD;
&#xD;
2019-11-01 03:13:43 - [TEST_STEP][PASSED] - delay(delayBetweenTestSteps): Delayed 3 second(s)&#xD;
&#xD;
2019-11-01 03:13:46 - [MESSAGE][PASSED] - Delayed 3 second(s)&#xD;
&#xD;
2019-11-01 03:13:46 - [TEST_STEP][PASSED] - utilities.SafeActions.safeClickWithoutScroll(findTestObject("Pages/Sale/button_ReturnToSale"), "Click on Return To Sale", [delayBetweenTestSteps]): utilities.SafeActions.safeClickWithoutScroll is PASSED&#xD;
&#xD;
2019-11-01 03:13:47 - [MESSAGE][INFO] - Safe Click Without scroll&#xD;
&#xD;
2019-11-01 03:13:47 - [MESSAGE][INFO] - New Test Suite.ts:waiting until Click on Return To Sale is Clickable&#xD;
&#xD;
2019-11-01 03:13:47 - [MESSAGE][PASSED] - Object 'Object Repository/Pages/Sale/button_ReturnToSale' is clickable&#xD;
&#xD;
2019-11-01 03:13:47 - [MESSAGE][PASSED] - Object 'Object Repository/Pages/Sale/button_ReturnToSale' is visible&#xD;
&#xD;
2019-11-01 03:13:47 - [MESSAGE][PASSED] - Object: 'Object Repository/Pages/Sale/button_ReturnToSale' is clicked on&#xD;
&#xD;
2019-11-01 03:13:47 - [MESSAGE][INFO] - New Test Suite.ts: click on the Click on Return To Sale&#xD;
&#xD;
2019-11-01 03:13:47 - [MESSAGE][PASSED] - utilities.SafeActions.safeClickWithoutScroll is PASSED&#xD;
&#xD;
2019-11-01 03:13:47 - [TEST_STEP][PASSED] - utilities.SafeActions.safeClickWithoutScroll(findTestObject("Pages/Transaction_Management/tab_TransactionManagement"), "Transaction Management Tab", [delayBetweenTestSteps]): utilities.SafeActions.safeClickWithoutScroll is PASSED&#xD;
&#xD;
2019-11-01 03:13:48 - [MESSAGE][INFO] - Safe Click Without scroll&#xD;
&#xD;
2019-11-01 03:13:48 - [MESSAGE][INFO] - New Test Suite.ts:waiting until Transaction Management Tab is Clickable&#xD;
&#xD;
2019-11-01 03:13:48 - [MESSAGE][PASSED] - Object 'Object Repository/Pages/Transaction_Management/tab_TransactionManagement' is clickable&#xD;
&#xD;
2019-11-01 03:13:48 - [MESSAGE][PASSED] - Object 'Object Repository/Pages/Transaction_Management/tab_TransactionManagement' is visible&#xD;
&#xD;
2019-11-01 03:13:49 - [MESSAGE][PASSED] - Object: 'Object Repository/Pages/Transaction_Management/tab_TransactionManagement' is clicked on&#xD;
&#xD;
2019-11-01 03:13:49 - [MESSAGE][INFO] - New Test Suite.ts: click on the Transaction Management Tab&#xD;
&#xD;
2019-11-01 03:13:49 - [MESSAGE][PASSED] - utilities.SafeActions.safeClickWithoutScroll is PASSED&#xD;
&#xD;
2019-11-01 03:13:49 - [TEST_STEP][PASSED] - utilities.SafeActions.safeClickwithScroll(findTestObject("Pages/Transaction_Management/button_Search"), "Search", [delayBetweenTestSteps]): utilities.SafeActions.safeClickwithScroll is PASSED&#xD;
&#xD;
2019-11-01 03:13:49 - [MESSAGE][PASSED] - Object 'Object Repository/Pages/Transaction_Management/button_Search' is present&#xD;
&#xD;
2019-11-01 03:13:49 - [MESSAGE][PASSED] - Object 'Object Repository/Pages/Transaction_Management/button_Search' is visible&#xD;
&#xD;
2019-11-01 03:13:49 - [MESSAGE][INFO] - New Test Suite.ts:waiting until Search is Clickable&#xD;
&#xD;
2019-11-01 03:13:49 - [MESSAGE][PASSED] - Object 'Object Repository/Pages/Transaction_Management/button_Search' is clickable&#xD;
&#xD;
2019-11-01 03:13:49 - [MESSAGE][PASSED] - Object 'Object Repository/Pages/Transaction_Management/button_Search' is visible&#xD;
&#xD;
2019-11-01 03:13:50 - [MESSAGE][PASSED] - Object: 'Object Repository/Pages/Transaction_Management/button_Search' is clicked on&#xD;
&#xD;
2019-11-01 03:13:50 - [MESSAGE][INFO] - New Test Suite.ts: Clicked on the Search&#xD;
&#xD;
2019-11-01 03:13:50 - [MESSAGE][PASSED] - utilities.SafeActions.safeClickwithScroll is PASSED&#xD;
&#xD;
2019-11-01 03:13:50 - [TEST_STEP][PASSED] - scrollToElement(findTestObject("Pages/Transaction_Management/invoice_ForTransaction"), delayBetweenTestSteps): Scroll to object 'Object Repository/Pages/Transaction_Management/invoice_ForTransaction' successfully&#xD;
&#xD;
2019-11-01 03:13:51 - [MESSAGE][PASSED] - Scroll to object 'Object Repository/Pages/Transaction_Management/invoice_ForTransaction' successfully&#xD;
&#xD;
2019-11-01 03:13:51 - [TEST_STEP][PASSED] - pages.Transaction_Management.verifyInvoiceRecord(findTestObject("Pages/Transaction_Management/footer_NextButton"), findTestObject("Pages/Transaction_Management/page_Number"), invoiceNumber, total_Amount): The Transaction is found in page 1&#xD;
&#xD;
2019-11-01 03:13:51 - [MESSAGE][PASSED] - Text of object 'Object Repository/Pages/Transaction_Management/page_Number' is: 'Page 1 of 76'&#xD;
&#xD;
2019-11-01 03:13:53 - [MESSAGE][PASSED] - The Transaction is found in page 1&#xD;
&#xD;
2019-11-01 03:13:53 - [TEST_STEP][PASSED] - closeBrowser(): Browser is closed&#xD;
&#xD;
2019-11-01 03:13:55 - [MESSAGE][PASSED] - Browser is closed&#xD;
&#xD;
2019-11-01 03:13:55 - [TEST_STEP][PASSED] - Start listener action : sampleAfterTestCase: null&#xD;
&#xD;
2019-11-01 03:13:55 - [TEST_STEP][PASSED] - println(testCaseContext.getTestCaseId()): null&#xD;
&#xD;
2019-11-01 03:13:55 - [TEST_STEP][PASSED] - println(testCaseContext.getTestCaseStatus()): null&#xD;
&#xD;
2019-11-01 03:13:55 - [TEST_STEP][PASSED] - testCaseName = testCaseContext.getTestCaseId(): null&#xD;
&#xD;
2019-11-01 03:13:55 - [TEST_STEP][PASSED] - strCount = testCaseName.lastIndexOf("/"): null&#xD;
&#xD;
2019-11-01 03:13:55 - [TEST_STEP][PASSED] - testCaseName = testCaseName.substring(strCount): null&#xD;
&#xD;
2019-11-01 03:13:55 - [TEST_STEP][PASSED] - println(testCaseName): null&#xD;
&#xD;
2019-11-01 03:13:55 - [TEST_STEP][PASSED] - if (getTestCaseStatus().equalsIgnoreCase("Error")): null&#xD;
&#xD;
2019-11-01 03:13:55 - [TEST_STEP][PASSED] - Start listener action : sampleAfterTestCase: null</system-out>
            <system-err></system-err>
        </testcase>
        <testcase name="Test Cases/FirstView/Sale/VPOS_Sale_Transaction_Retail_RecurringPayment" classname="Test Cases/FirstView/Sale/VPOS_Sale_Transaction_Retail_RecurringPayment" status="PASSED">
            <system-out>2019-11-01 03:13:55 - [TEST_CASE][PASSED] - Test Cases/FirstView/Sale/VPOS_Sale_Transaction_Retail_RecurringPayment: Test Cases/FirstView/Sale/VPOS_Sale_Transaction_Retail_RecurringPayment&#xD;
&#xD;
2019-11-01 03:13:55 - [TEST_STEP][PASSED] - Start listener action : sampleBeforeTestCase: null&#xD;
&#xD;
2019-11-01 03:13:55 - [TEST_STEP][PASSED] - println(testCaseContext.getTestCaseId()): null&#xD;
&#xD;
2019-11-01 03:13:55 - [TEST_STEP][PASSED] - println(testCaseContext.getTestCaseVariables()): null&#xD;
&#xD;
2019-11-01 03:13:56 - [TEST_STEP][NOT_RUN] - utilities.SafeActions.openBrowser(Old_URL, [PageLoadTime]): NOT_RUN: utilities.SafeActions.openBrowser(Old_URL, [PageLoadTime])&#xD;
&#xD;
2019-11-01 03:13:56 - [MESSAGE][NOT_RUN] - NOT_RUN: utilities.SafeActions.openBrowser(Old_URL, [PageLoadTime])&#xD;
&#xD;
2019-11-01 03:13:56 - [TEST_STEP][NOT_RUN] - delay(delayForElement): NOT_RUN: delay(delayForElement)&#xD;
&#xD;
2019-11-01 03:13:56 - [MESSAGE][NOT_RUN] - NOT_RUN: delay(delayForElement)&#xD;
&#xD;
2019-11-01 03:13:56 - [TEST_STEP][NOT_RUN] - utilities.SafeActions.safeSelectOptionInDropDownByVisibleText(findTestObject("Pages/Sale/dropDown_AccountType"), RetailAccountOption, "Select by Value", [25]): NOT_RUN: utilities.SafeActions.safeSelectOptionInDropDownByVisibleText(findTestObject("Pages/Sale/dropDown_AccountType"), RetailAccountOption, "Select by Value", [25])&#xD;
&#xD;
2019-11-01 03:13:56 - [MESSAGE][NOT_RUN] - NOT_RUN: utilities.SafeActions.safeSelectOptionInDropDownByVisibleText(findTestObject("Pages/Sale/dropDown_AccountType"), RetailAccountOption, "Select by Value", [25])&#xD;
&#xD;
2019-11-01 03:13:56 - [TEST_STEP][NOT_RUN] - delay(delayBetweenTestSteps): NOT_RUN: delay(delayBetweenTestSteps)&#xD;
&#xD;
2019-11-01 03:13:56 - [MESSAGE][NOT_RUN] - NOT_RUN: delay(delayBetweenTestSteps)&#xD;
&#xD;
2019-11-01 03:13:56 - [TEST_STEP][PASSED] - utilities.SafeActions.openBrowser(URL, [delayForElement]): utilities.SafeActions.openBrowser is PASSED&#xD;
&#xD;
2019-11-01 03:13:56 - [MESSAGE][INFO] - Opening Browser&#xD;
&#xD;
2019-11-01 03:13:56 - [MESSAGE][INFO] - Starting 'Chrome' driver&#xD;
&#xD;
2019-11-01 03:14:03 - [MESSAGE][PASSED] - Browser is opened with url: 'https://q-www-firstview-net.faps.net/MVC/Account/Login'&#xD;
&#xD;
2019-11-01 03:14:07 - [MESSAGE][PASSED] - Current window maximized&#xD;
&#xD;
2019-11-01 03:14:07 - [MESSAGE][INFO] - Browser Launched Successfully&#xD;
&#xD;
2019-11-01 03:14:07 - [MESSAGE][PASSED] - utilities.SafeActions.openBrowser is PASSED&#xD;
&#xD;
2019-11-01 03:14:07 - [TEST_STEP][PASSED] - pages.Login.login(uName, password): pages.Login.login is PASSED&#xD;
&#xD;
2019-11-01 03:14:07 - [MESSAGE][PASSED] - Object 'Object Repository/Pages/Login/userName' is present&#xD;
&#xD;
2019-11-01 03:14:07 - [MESSAGE][PASSED] - Scroll to object 'Object Repository/Pages/Login/userName' successfully&#xD;
&#xD;
2019-11-01 03:14:07 - [MESSAGE][PASSED] - Object 'Object Repository/Pages/Login/userName' is present&#xD;
&#xD;
2019-11-01 03:14:08 - [MESSAGE][PASSED] - Object: 'Object Repository/Pages/Login/userName' is clicked on&#xD;
&#xD;
2019-11-01 03:14:08 - [MESSAGE][PASSED] - Text 'ZenQRetail' is set on object 'Object Repository/Pages/Login/userName'&#xD;
&#xD;
2019-11-01 03:14:08 - [MESSAGE][PASSED] - Object 'Object Repository/Pages/Login/password' is present&#xD;
&#xD;
2019-11-01 03:14:08 - [MESSAGE][PASSED] - Scroll to object 'Object Repository/Pages/Login/password' successfully&#xD;
&#xD;
2019-11-01 03:14:08 - [MESSAGE][PASSED] - Object 'Object Repository/Pages/Login/password' is present&#xD;
&#xD;
2019-11-01 03:14:09 - [MESSAGE][PASSED] - Object: 'Object Repository/Pages/Login/password' is clicked on&#xD;
&#xD;
2019-11-01 03:14:09 - [MESSAGE][PASSED] - Text 'P@ssword1' is set on object 'Object Repository/Pages/Login/password'&#xD;
&#xD;
2019-11-01 03:14:09 - [MESSAGE][INFO] - Safe Click Without scroll&#xD;
&#xD;
2019-11-01 03:14:09 - [MESSAGE][INFO] - New Test Suite.ts:waiting until Click on Login is Clickable&#xD;
&#xD;
2019-11-01 03:14:10 - [MESSAGE][PASSED] - Object 'Object Repository/Pages/Login/login' is clickable&#xD;
&#xD;
2019-11-01 03:14:10 - [MESSAGE][PASSED] - Object 'Object Repository/Pages/Login/login' is visible&#xD;
&#xD;
2019-11-01 03:14:12 - [MESSAGE][PASSED] - Object: 'Object Repository/Pages/Login/login' is clicked on&#xD;
&#xD;
2019-11-01 03:14:12 - [MESSAGE][INFO] - New Test Suite.ts: click on the Click on Login&#xD;
&#xD;
2019-11-01 03:14:12 - [MESSAGE][PASSED] - pages.Login.login is PASSED&#xD;
&#xD;
2019-11-01 03:14:12 - [TEST_STEP][PASSED] - callTestCase(findTestCase("FirstView/Login/TC_SendCode"), [:], STOP_ON_FAILURE): Call Test Case 'Test Cases/FirstView/Login/TC_SendCode' successfully&#xD;
&#xD;
2019-11-01 03:14:12 - [TEST_CASE][PASSED] - Test Cases/FirstView/Login/TC_SendCode: Test Cases/FirstView/Login/TC_SendCode&#xD;
&#xD;
2019-11-01 03:14:12 - [TEST_STEP][PASSED] - flag = pages.SendCode.verifyPage(): pages.SendCode.verifyPage is PASSED&#xD;
&#xD;
2019-11-01 03:14:13 - [MESSAGE][PASSED] - Object 'Object Repository/Pages/SendCodeToValidate/header_SendCodeToValidate' is present and visible in viewport&#xD;
&#xD;
2019-11-01 03:14:13 - [MESSAGE][PASSED] - pages.SendCode.verifyPage is PASSED&#xD;
&#xD;
2019-11-01 03:14:13 - [TEST_STEP][PASSED] - if (flag): pages.SendCode.clickonUserSettings is PASSED&#xD;
&#xD;
2019-11-01 03:14:13 - [TEST_STEP][PASSED] - pages.SendCode.clickonUserSettings(): pages.SendCode.clickonUserSettings is PASSED&#xD;
&#xD;
2019-11-01 03:14:13 - [MESSAGE][PASSED] - Object 'Object Repository/Pages/SendCodeToValidate/link_UserSettings' is present&#xD;
&#xD;
2019-11-01 03:14:13 - [MESSAGE][PASSED] - Object 'Object Repository/Pages/SendCodeToValidate/link_UserSettings' is visible&#xD;
&#xD;
2019-11-01 03:14:13 - [MESSAGE][INFO] - New Test Suite.ts:waiting until Click on User Settings is Clickable&#xD;
&#xD;
2019-11-01 03:14:13 - [MESSAGE][PASSED] - Object 'Object Repository/Pages/SendCodeToValidate/link_UserSettings' is clickable&#xD;
&#xD;
2019-11-01 03:14:13 - [MESSAGE][PASSED] - Object 'Object Repository/Pages/SendCodeToValidate/link_UserSettings' is visible&#xD;
&#xD;
2019-11-01 03:14:15 - [MESSAGE][PASSED] - Object: 'Object Repository/Pages/SendCodeToValidate/link_UserSettings' is clicked on&#xD;
&#xD;
2019-11-01 03:14:15 - [MESSAGE][INFO] - New Test Suite.ts: Clicked on the Click on User Settings&#xD;
&#xD;
2019-11-01 03:14:15 - [MESSAGE][PASSED] - pages.SendCode.clickonUserSettings is PASSED&#xD;
&#xD;
2019-11-01 03:14:15 - [MESSAGE][PASSED] - Call Test Case 'Test Cases/FirstView/Login/TC_SendCode' successfully&#xD;
&#xD;
2019-11-01 03:14:15 - [TEST_STEP][PASSED] - callTestCase(findTestCase("FirstView/Login/TC_FirstView"), [:], STOP_ON_FAILURE): Call Test Case 'Test Cases/FirstView/Login/TC_FirstView' successfully&#xD;
&#xD;
2019-11-01 03:14:15 - [TEST_CASE][PASSED] - Test Cases/FirstView/Login/TC_FirstView: Test Cases/FirstView/Login/TC_FirstView&#xD;
&#xD;
2019-11-01 03:14:15 - [TEST_STEP][NOT_RUN] - utilities.SafeActions.safeClickWithoutScroll(findTestObject("Pages/FirstView/link_Home"), "Click on Home button in First View screen", [PageLoadTime]): NOT_RUN: utilities.SafeActions.safeClickWithoutScroll(findTestObject("Pages/FirstView/link_Home"), "Click on Home button in First View screen", [PageLoadTime])&#xD;
&#xD;
2019-11-01 03:14:15 - [MESSAGE][NOT_RUN] - NOT_RUN: utilities.SafeActions.safeClickWithoutScroll(findTestObject("Pages/FirstView/link_Home"), "Click on Home button in First View screen", [PageLoadTime])&#xD;
&#xD;
2019-11-01 03:14:15 - [TEST_STEP][PASSED] - delay(3): Delayed 3 second(s)&#xD;
&#xD;
2019-11-01 03:14:18 - [MESSAGE][PASSED] - Delayed 3 second(s)&#xD;
&#xD;
2019-11-01 03:14:18 - [TEST_STEP][PASSED] - utilities.SafeActions.javascriptclick(findTestObject("Pages/FirstView/link_Home"), delayForElement): utilities.SafeActions.javascriptclick is PASSED&#xD;
&#xD;
2019-11-01 03:14:19 - [MESSAGE][PASSED] - utilities.SafeActions.javascriptclick is PASSED&#xD;
&#xD;
2019-11-01 03:14:19 - [TEST_STEP][PASSED] - utilities.SafeActions.safeClickWithoutScroll(findTestObject("Pages/FirstView/link_VPOS"), "Click on VPOS button in First View screen", [PageLoadTime]): utilities.SafeActions.safeClickWithoutScroll is PASSED&#xD;
&#xD;
2019-11-01 03:14:19 - [MESSAGE][INFO] - Safe Click Without scroll&#xD;
&#xD;
2019-11-01 03:14:19 - [MESSAGE][INFO] - New Test Suite.ts:waiting until Click on VPOS button in First View screen is Clickable&#xD;
&#xD;
2019-11-01 03:14:19 - [MESSAGE][PASSED] - Object 'Object Repository/Pages/FirstView/link_VPOS' is clickable&#xD;
&#xD;
2019-11-01 03:14:20 - [MESSAGE][PASSED] - Object 'Object Repository/Pages/FirstView/link_VPOS' is visible&#xD;
&#xD;
2019-11-01 03:14:20 - [MESSAGE][PASSED] - Object: 'Object Repository/Pages/FirstView/link_VPOS' is clicked on&#xD;
&#xD;
2019-11-01 03:14:20 - [MESSAGE][INFO] - New Test Suite.ts: click on the Click on VPOS button in First View screen&#xD;
&#xD;
2019-11-01 03:14:20 - [MESSAGE][PASSED] - utilities.SafeActions.safeClickWithoutScroll is PASSED&#xD;
&#xD;
2019-11-01 03:14:20 - [MESSAGE][PASSED] - Call Test Case 'Test Cases/FirstView/Login/TC_FirstView' successfully&#xD;
&#xD;
2019-11-01 03:14:20 - [TEST_STEP][PASSED] - switchToWindowTitle("Transcenter - VPOS"): Switched to window with title: 'Transcenter - VPOS'&#xD;
&#xD;
2019-11-01 03:14:27 - [MESSAGE][PASSED] - Switched to window with title: 'Transcenter - VPOS'&#xD;
&#xD;
2019-11-01 03:14:27 - [TEST_STEP][PASSED] - delay(delayForElement): Delayed 6 second(s)&#xD;
&#xD;
2019-11-01 03:14:33 - [MESSAGE][PASSED] - Delayed 6 second(s)&#xD;
&#xD;
2019-11-01 03:14:33 - [TEST_STEP][PASSED] - pages.Sale.verifyIfEntryModeIsChecked(tabName, entryModeCheckBox, delayBetweenTestSteps): pages.Sale.verifyIfEntryModeIsChecked is PASSED&#xD;
&#xD;
2019-11-01 03:14:33 - [MESSAGE][PASSED] - Object '' is checked&#xD;
&#xD;
2019-11-01 03:14:33 - [MESSAGE][INFO] - The specified checkbox is checked&#xD;
&#xD;
2019-11-01 03:14:33 - [MESSAGE][PASSED] - pages.Sale.verifyIfEntryModeIsChecked is PASSED&#xD;
&#xD;
2019-11-01 03:14:33 - [TEST_STEP][PASSED] - scrollToElement(findTestObject("Pages/Sale/input_Amount"), delayBetweenTestSteps): Scroll to object 'Object Repository/Pages/Sale/input_Amount' successfully&#xD;
&#xD;
2019-11-01 03:14:33 - [MESSAGE][PASSED] - Scroll to object 'Object Repository/Pages/Sale/input_Amount' successfully&#xD;
&#xD;
2019-11-01 03:14:33 - [TEST_STEP][PASSED] - utilities.SafeActions.safeTypeUsingJavascript(findTestObject("Pages/Sale/input_Amount"), amountInput): utilities.SafeActions.safeTypeUsingJavascript is PASSED&#xD;
&#xD;
2019-11-01 03:14:33 - [MESSAGE][PASSED] - utilities.SafeActions.safeTypeUsingJavascript is PASSED&#xD;
&#xD;
2019-11-01 03:14:33 - [TEST_STEP][NOT_RUN] - focus(findTestObject("Pages/Sale/input_Amount")): NOT_RUN: focus(findTestObject("Pages/Sale/input_Amount"))&#xD;
&#xD;
2019-11-01 03:14:33 - [MESSAGE][NOT_RUN] - NOT_RUN: focus(findTestObject("Pages/Sale/input_Amount"))&#xD;
&#xD;
2019-11-01 03:14:33 - [TEST_STEP][PASSED] - delay(2): Delayed 2 second(s)&#xD;
&#xD;
2019-11-01 03:14:35 - [MESSAGE][PASSED] - Delayed 2 second(s)&#xD;
&#xD;
2019-11-01 03:14:35 - [TEST_STEP][PASSED] - utilities.SafeActions.safeType(findTestObject("Pages/Sale/input_Amount"), amountInput, "Amount field", [delayForElement]): utilities.SafeActions.safeType is PASSED&#xD;
&#xD;
2019-11-01 03:14:35 - [MESSAGE][PASSED] - Object 'Object Repository/Pages/Sale/input_Amount' is present&#xD;
&#xD;
2019-11-01 03:14:35 - [MESSAGE][PASSED] - Scroll to object 'Object Repository/Pages/Sale/input_Amount' successfully&#xD;
&#xD;
2019-11-01 03:14:35 - [MESSAGE][PASSED] - Object 'Object Repository/Pages/Sale/input_Amount' is present&#xD;
&#xD;
2019-11-01 03:14:36 - [MESSAGE][PASSED] - Object: 'Object Repository/Pages/Sale/input_Amount' is clicked on&#xD;
&#xD;
2019-11-01 03:14:36 - [MESSAGE][PASSED] - Text '550' is set on object 'Object Repository/Pages/Sale/input_Amount'&#xD;
&#xD;
2019-11-01 03:14:36 - [MESSAGE][PASSED] - utilities.SafeActions.safeType is PASSED&#xD;
&#xD;
2019-11-01 03:14:36 - [TEST_STEP][NOT_RUN] - utilities.SafeActions.safeType(findTestObject("Pages/Sale/input_Amount"), amountInput, "Enter Amount into Amount text box", [20]): NOT_RUN: utilities.SafeActions.safeType(findTestObject("Pages/Sale/input_Amount"), amountInput, "Enter Amount into Amount text box", [20])&#xD;
&#xD;
2019-11-01 03:14:36 - [MESSAGE][NOT_RUN] - NOT_RUN: utilities.SafeActions.safeType(findTestObject("Pages/Sale/input_Amount"), amountInput, "Enter Amount into Amount text box", [20])&#xD;
&#xD;
2019-11-01 03:14:36 - [TEST_STEP][PASSED] - total_Amount = utilities.SafeActions.safeGetText(findTestObject("Pages/Sale/total_Amount"), delayBetweenTestSteps): utilities.SafeActions.safeGetText is PASSED&#xD;
&#xD;
2019-11-01 03:14:36 - [MESSAGE][PASSED] - Object 'Object Repository/Pages/Sale/total_Amount' is present&#xD;
&#xD;
2019-11-01 03:14:36 - [MESSAGE][PASSED] - Scroll to object 'Object Repository/Pages/Sale/total_Amount' successfully&#xD;
&#xD;
2019-11-01 03:14:36 - [MESSAGE][PASSED] - Object 'Object Repository/Pages/Sale/total_Amount' is present&#xD;
&#xD;
2019-11-01 03:14:37 - [MESSAGE][PASSED] - Text of object 'Object Repository/Pages/Sale/total_Amount' is: '$595.38'&#xD;
&#xD;
2019-11-01 03:14:37 - [MESSAGE][PASSED] - utilities.SafeActions.safeGetText is PASSED&#xD;
&#xD;
2019-11-01 03:14:37 - [TEST_STEP][PASSED] - scrollToElement(findTestObject("Pages/Sale/dropDown_ExpirationMonth"), delayBetweenTestSteps): Scroll to object 'Object Repository/Pages/Sale/dropDown_ExpirationMonth' successfully&#xD;
&#xD;
2019-11-01 03:14:37 - [MESSAGE][PASSED] - Scroll to object 'Object Repository/Pages/Sale/dropDown_ExpirationMonth' successfully&#xD;
&#xD;
2019-11-01 03:14:37 - [TEST_STEP][PASSED] - pages.Sale.verifyIfEntryModeIsChecked(tabName, cardInformationCheckBox, delayBetweenTestSteps): pages.Sale.verifyIfEntryModeIsChecked is PASSED&#xD;
&#xD;
2019-11-01 03:14:37 - [MESSAGE][PASSED] - Object '' is checked&#xD;
&#xD;
2019-11-01 03:14:37 - [MESSAGE][INFO] - The specified checkbox is checked&#xD;
&#xD;
2019-11-01 03:14:37 - [MESSAGE][PASSED] - pages.Sale.verifyIfEntryModeIsChecked is PASSED&#xD;
&#xD;
2019-11-01 03:14:37 - [TEST_STEP][PASSED] - utilities.SafeActions.safeType(findTestObject("Pages/Sale/input_CardNumber"), visaCardNumber, "Entering Card Number", [10]): utilities.SafeActions.safeType is PASSED&#xD;
&#xD;
2019-11-01 03:14:37 - [MESSAGE][PASSED] - Object 'Object Repository/Pages/Sale/input_CardNumber' is present&#xD;
&#xD;
2019-11-01 03:14:37 - [MESSAGE][PASSED] - Scroll to object 'Object Repository/Pages/Sale/input_CardNumber' successfully&#xD;
&#xD;
2019-11-01 03:14:37 - [MESSAGE][PASSED] - Object 'Object Repository/Pages/Sale/input_CardNumber' is present&#xD;
&#xD;
2019-11-01 03:14:38 - [MESSAGE][PASSED] - Object: 'Object Repository/Pages/Sale/input_CardNumber' is clicked on&#xD;
&#xD;
2019-11-01 03:14:39 - [MESSAGE][PASSED] - Text '4111111111111111' is set on object 'Object Repository/Pages/Sale/input_CardNumber'&#xD;
&#xD;
2019-11-01 03:14:39 - [MESSAGE][PASSED] - utilities.SafeActions.safeType is PASSED&#xD;
&#xD;
2019-11-01 03:14:39 - [TEST_STEP][PASSED] - delay(delayBetweenTestSteps): Delayed 3 second(s)&#xD;
&#xD;
2019-11-01 03:14:42 - [MESSAGE][PASSED] - Delayed 3 second(s)&#xD;
&#xD;
2019-11-01 03:14:42 - [TEST_STEP][PASSED] - utilities.SafeActions.safeSelectOptionInDropDownByVisibleText(findTestObject("Pages/Sale/dropDown_ExpirationMonth"), cardMonth, "Select Expiration Month", [5]): utilities.SafeActions.safeSelectOptionInDropDownByVisibleText is PASSED&#xD;
&#xD;
2019-11-01 03:14:42 - [MESSAGE][PASSED] - Object 'Object Repository/Pages/Sale/dropDown_ExpirationMonth' is visible&#xD;
&#xD;
2019-11-01 03:14:42 - [MESSAGE][PASSED] - Object 'Object Repository/Pages/Sale/dropDown_ExpirationMonth' is present&#xD;
&#xD;
2019-11-01 03:14:43 - [MESSAGE][PASSED] - Object: 'Object Repository/Pages/Sale/dropDown_ExpirationMonth' is clicked on&#xD;
&#xD;
2019-11-01 03:14:43 - [MESSAGE][PASSED] - All options with label 'September' are selected in object 'Object Repository/Pages/Sale/dropDown_ExpirationMonth' &#xD;
&#xD;
2019-11-01 03:14:43 - [MESSAGE][PASSED] - utilities.SafeActions.safeSelectOptionInDropDownByVisibleText is PASSED&#xD;
&#xD;
2019-11-01 03:14:43 - [TEST_STEP][PASSED] - utilities.SafeActions.safeSelectOptionInDropDownByVisibleText(findTestObject("Pages/Sale/dropDown_ExpirationYear"), cardYear, "Select Expiration Year", [5]): utilities.SafeActions.safeSelectOptionInDropDownByVisibleText is PASSED&#xD;
&#xD;
2019-11-01 03:14:43 - [MESSAGE][PASSED] - Object 'Object Repository/Pages/Sale/dropDown_ExpirationYear' is visible&#xD;
&#xD;
2019-11-01 03:14:43 - [MESSAGE][PASSED] - Object 'Object Repository/Pages/Sale/dropDown_ExpirationYear' is present&#xD;
&#xD;
2019-11-01 03:14:44 - [MESSAGE][PASSED] - Object: 'Object Repository/Pages/Sale/dropDown_ExpirationYear' is clicked on&#xD;
&#xD;
2019-11-01 03:14:44 - [MESSAGE][PASSED] - All options with label '2022' are selected in object 'Object Repository/Pages/Sale/dropDown_ExpirationYear' &#xD;
&#xD;
2019-11-01 03:14:44 - [MESSAGE][PASSED] - utilities.SafeActions.safeSelectOptionInDropDownByVisibleText is PASSED&#xD;
&#xD;
2019-11-01 03:14:44 - [TEST_STEP][PASSED] - delay(delayBetweenTestSteps): Delayed 3 second(s)&#xD;
&#xD;
2019-11-01 03:14:47 - [MESSAGE][PASSED] - Delayed 3 second(s)&#xD;
&#xD;
2019-11-01 03:14:47 - [TEST_STEP][PASSED] - scrollToElement(findTestObject("Pages/Sale/invoiceNumber"), delayBetweenTestSteps): Scroll to object 'Object Repository/Pages/Sale/invoiceNumber' successfully&#xD;
&#xD;
2019-11-01 03:14:47 - [MESSAGE][PASSED] - Scroll to object 'Object Repository/Pages/Sale/invoiceNumber' successfully&#xD;
&#xD;
2019-11-01 03:14:47 - [TEST_STEP][PASSED] - invoiceNumber = utilities.SafeActions.safeGetText(findTestObject("Pages/Sale/invoiceNumber"), delayBetweenTestSteps): utilities.SafeActions.safeGetText is PASSED&#xD;
&#xD;
2019-11-01 03:14:48 - [MESSAGE][PASSED] - Object 'Object Repository/Pages/Sale/invoiceNumber' is present&#xD;
&#xD;
2019-11-01 03:14:48 - [MESSAGE][PASSED] - Scroll to object 'Object Repository/Pages/Sale/invoiceNumber' successfully&#xD;
&#xD;
2019-11-01 03:14:48 - [MESSAGE][PASSED] - Object 'Object Repository/Pages/Sale/invoiceNumber' is present&#xD;
&#xD;
2019-11-01 03:14:48 - [MESSAGE][PASSED] - Text of object 'Object Repository/Pages/Sale/invoiceNumber' is: '157258166728354'&#xD;
&#xD;
2019-11-01 03:14:48 - [MESSAGE][PASSED] - utilities.SafeActions.safeGetText is PASSED&#xD;
&#xD;
2019-11-01 03:14:48 - [TEST_STEP][PASSED] - pages.Sale.verifyIfAdditionalPromptingIsChecked("Set up Recurring Payment?", delayBetweenTestSteps): pages.Sale.verifyIfAdditionalPromptingIsChecked is PASSED&#xD;
&#xD;
2019-11-01 03:14:49 - [MESSAGE][WARNING] - Object '' is not checked (Root cause: com.kms.katalon.core.exception.StepFailedException: Object '' is not checked&#xD;
	at com.kms.katalon.core.webui.keyword.internal.WebUIKeywordMain.stepFailed(WebUIKeywordMain.groovy:64)&#xD;
	at com.kms.katalon.core.webui.keyword.builtin.VerifyElementCheckedKeyword$_verifyElementChecked_closure1.doCall(VerifyElementCheckedKeyword.groovy:81)&#xD;
	at com.kms.katalon.core.webui.keyword.builtin.VerifyElementCheckedKeyword$_verifyElementChecked_closure1.call(VerifyElementCheckedKeyword.groovy)&#xD;
	at com.kms.katalon.core.webui.keyword.internal.WebUIKeywordMain.runKeyword(WebUIKeywordMain.groovy:20)&#xD;
	at com.kms.katalon.core.webui.keyword.builtin.VerifyElementCheckedKeyword.verifyElementChecked(VerifyElementCheckedKeyword.groovy:92)&#xD;
	at com.kms.katalon.core.webui.keyword.builtin.VerifyElementCheckedKeyword.execute(VerifyElementCheckedKeyword.groovy:68)&#xD;
	at com.kms.katalon.core.keyword.internal.KeywordExecutor.executeKeywordForPlatform(KeywordExecutor.groovy:56)&#xD;
	at com.kms.katalon.core.webui.keyword.WebUiBuiltInKeywords.verifyElementChecked(WebUiBuiltInKeywords.groovy:1352)&#xD;
	at com.kms.katalon.core.webui.keyword.WebUiBuiltInKeywords$verifyElementChecked$10.call(Unknown Source)&#xD;
	at pages.Sale.verifyIfAdditionalPromptingIsChecked(Sale.groovy:71)&#xD;
	at pages.Sale.invokeMethod(Sale.groovy)&#xD;
	at com.kms.katalon.core.main.CustomKeywordDelegatingMetaClass.invokeStaticMethod(CustomKeywordDelegatingMetaClass.java:50)&#xD;
	at VPOS_Sale_Transaction_Retail_RecurringPayment.run(VPOS_Sale_Transaction_Retail_RecurringPayment:83)&#xD;
	at com.kms.katalon.core.main.ScriptEngine.run(ScriptEngine.java:194)&#xD;
	at com.kms.katalon.core.main.ScriptEngine.runScriptAsRawText(ScriptEngine.java:119)&#xD;
	at com.kms.katalon.core.main.TestCaseExecutor.runScript(TestCaseExecutor.java:337)&#xD;
	at com.kms.katalon.core.main.TestCaseExecutor.doExecute(TestCaseExecutor.java:328)&#xD;
	at com.kms.katalon.core.main.TestCaseExecutor.processExecutionPhase(TestCaseExecutor.java:307)&#xD;
	at com.kms.katalon.core.main.TestCaseExecutor.accessMainPhase(TestCaseExecutor.java:299)&#xD;
	at com.kms.katalon.core.main.TestCaseExecutor.execute(TestCaseExecutor.java:233)&#xD;
	at com.kms.katalon.core.main.TestSuiteExecutor.accessTestCaseMainPhase(TestSuiteExecutor.java:169)&#xD;
	at com.kms.katalon.core.main.TestSuiteExecutor.accessTestSuiteMainPhase(TestSuiteExecutor.java:142)&#xD;
	at com.kms.katalon.core.main.TestSuiteExecutor.execute(TestSuiteExecutor.java:91)&#xD;
	at com.kms.katalon.core.main.TestCaseMain.startTestSuite(TestCaseMain.java:157)&#xD;
	at com.kms.katalon.core.main.TestCaseMain$startTestSuite$0.call(Unknown Source)&#xD;
	at TempTestSuite1572595823178.run(TempTestSuite1572595823178.groovy:35)&#xD;
)&#xD;
[[ATTACHMENT|C:\\VPOS_Git_31-10-2019\\VPOS_Internal\\Reports\\20191101_031023\\New Test Suite\\20191101_031023\\1572596088787.png]]&#xD;
&#xD;
2019-11-01 03:14:49 - [MESSAGE][PASSED] - Object: '' is clicked on&#xD;
&#xD;
2019-11-01 03:14:49 - [MESSAGE][INFO] - The specified checkbox is checked Now&#xD;
&#xD;
2019-11-01 03:14:49 - [MESSAGE][PASSED] - pages.Sale.verifyIfAdditionalPromptingIsChecked is PASSED&#xD;
&#xD;
2019-11-01 03:14:49 - [TEST_STEP][PASSED] - utilities.SafeActions.safeClickwithScroll(findTestObject("Pages/Sale/button_Checkout"), "Click on Checkout button", [60]): utilities.SafeActions.safeClickwithScroll is PASSED&#xD;
&#xD;
2019-11-01 03:14:49 - [MESSAGE][PASSED] - Object 'Object Repository/Pages/Sale/button_Checkout' is present&#xD;
&#xD;
2019-11-01 03:14:49 - [MESSAGE][PASSED] - Object 'Object Repository/Pages/Sale/button_Checkout' is visible&#xD;
&#xD;
2019-11-01 03:14:49 - [MESSAGE][INFO] - New Test Suite.ts:waiting until Click on Checkout button is Clickable&#xD;
&#xD;
2019-11-01 03:14:49 - [MESSAGE][PASSED] - Object 'Object Repository/Pages/Sale/button_Checkout' is clickable&#xD;
&#xD;
2019-11-01 03:14:49 - [MESSAGE][PASSED] - Object 'Object Repository/Pages/Sale/button_Checkout' is visible&#xD;
&#xD;
2019-11-01 03:14:50 - [MESSAGE][PASSED] - Object: 'Object Repository/Pages/Sale/button_Checkout' is clicked on&#xD;
&#xD;
2019-11-01 03:14:50 - [MESSAGE][INFO] - New Test Suite.ts: Clicked on the Click on Checkout button&#xD;
&#xD;
2019-11-01 03:14:50 - [MESSAGE][PASSED] - utilities.SafeActions.safeClickwithScroll is PASSED&#xD;
&#xD;
2019-11-01 03:14:50 - [TEST_STEP][PASSED] - pages.Sale.verifyTransactionCompletePage(findTestObject("Pages/Sale/heading_TransactionComplete")): The screen is Transaction Complete screen&#xD;
&#xD;
2019-11-01 03:14:51 - [MESSAGE][PASSED] - Object 'Object Repository/Pages/Sale/heading_TransactionComplete' is present&#xD;
&#xD;
2019-11-01 03:14:51 - [MESSAGE][PASSED] - The screen is Transaction Complete screen&#xD;
&#xD;
2019-11-01 03:14:51 - [TEST_STEP][PASSED] - delay(delayBetweenTestSteps): Delayed 3 second(s)&#xD;
&#xD;
2019-11-01 03:14:54 - [MESSAGE][PASSED] - Delayed 3 second(s)&#xD;
&#xD;
2019-11-01 03:14:54 - [TEST_STEP][PASSED] - scrollToElement(findTestObject("Pages/Sale/label_RecurringPayment_TransactionCompleteScreen"), delayBetweenTestSteps): Scroll to object 'Object Repository/Pages/Sale/label_RecurringPayment_TransactionCompleteScreen' successfully&#xD;
&#xD;
2019-11-01 03:14:54 - [MESSAGE][PASSED] - Scroll to object 'Object Repository/Pages/Sale/label_RecurringPayment_TransactionCompleteScreen' successfully&#xD;
&#xD;
2019-11-01 03:14:54 - [TEST_STEP][PASSED] - utilities.SafeActions.safeClickWithoutScroll(findTestObject("Pages/Sale/date_StartDate_TransactionComplete"), "Click on Date Input", [5]): utilities.SafeActions.safeClickWithoutScroll is PASSED&#xD;
&#xD;
2019-11-01 03:14:55 - [MESSAGE][INFO] - Safe Click Without scroll&#xD;
&#xD;
2019-11-01 03:14:55 - [MESSAGE][INFO] - New Test Suite.ts:waiting until Click on Date Input is Clickable&#xD;
&#xD;
2019-11-01 03:14:55 - [MESSAGE][PASSED] - Object 'Object Repository/Pages/Sale/date_StartDate_TransactionComplete' is clickable&#xD;
&#xD;
2019-11-01 03:14:55 - [MESSAGE][PASSED] - Object 'Object Repository/Pages/Sale/date_StartDate_TransactionComplete' is visible&#xD;
&#xD;
2019-11-01 03:14:55 - [MESSAGE][PASSED] - Object: 'Object Repository/Pages/Sale/date_StartDate_TransactionComplete' is clicked on&#xD;
&#xD;
2019-11-01 03:14:55 - [MESSAGE][INFO] - New Test Suite.ts: click on the Click on Date Input&#xD;
&#xD;
2019-11-01 03:14:55 - [MESSAGE][PASSED] - utilities.SafeActions.safeClickWithoutScroll is PASSED&#xD;
&#xD;
2019-11-01 03:14:55 - [TEST_STEP][PASSED] - pages.Sale.selectMonthYear(findTestObject("Pages/Sale/link_MonthYear"), findTestObject("Pages/Sale/calender_NextButton"), cardMonth, cardYear): pages.Sale.selectMonthYear is PASSED&#xD;
&#xD;
2019-11-01 03:14:56 - [MESSAGE][PASSED] - Text of object 'Object Repository/Pages/Sale/link_MonthYear' is: 'November 2019'&#xD;
&#xD;
2019-11-01 03:14:56 - [MESSAGE][PASSED] - Object: 'Object Repository/Pages/Sale/calender_NextButton' is clicked on&#xD;
&#xD;
2019-11-01 03:14:56 - [MESSAGE][PASSED] - Text of object 'Object Repository/Pages/Sale/link_MonthYear' is: 'December 2019'&#xD;
&#xD;
2019-11-01 03:14:56 - [MESSAGE][PASSED] - Object: 'Object Repository/Pages/Sale/calender_NextButton' is clicked on&#xD;
&#xD;
2019-11-01 03:14:56 - [MESSAGE][PASSED] - Text of object 'Object Repository/Pages/Sale/link_MonthYear' is: 'January 2020'&#xD;
&#xD;
2019-11-01 03:14:56 - [MESSAGE][PASSED] - Object: 'Object Repository/Pages/Sale/calender_NextButton' is clicked on&#xD;
&#xD;
2019-11-01 03:14:56 - [MESSAGE][PASSED] - Text of object 'Object Repository/Pages/Sale/link_MonthYear' is: 'February 2020'&#xD;
&#xD;
2019-11-01 03:14:56 - [MESSAGE][PASSED] - Object: 'Object Repository/Pages/Sale/calender_NextButton' is clicked on&#xD;
&#xD;
2019-11-01 03:14:56 - [MESSAGE][PASSED] - Text of object 'Object Repository/Pages/Sale/link_MonthYear' is: 'March 2020'&#xD;
&#xD;
2019-11-01 03:14:56 - [MESSAGE][PASSED] - Object: 'Object Repository/Pages/Sale/calender_NextButton' is clicked on&#xD;
&#xD;
2019-11-01 03:14:56 - [MESSAGE][PASSED] - Text of object 'Object Repository/Pages/Sale/link_MonthYear' is: 'April 2020'&#xD;
&#xD;
2019-11-01 03:14:57 - [MESSAGE][PASSED] - Object: 'Object Repository/Pages/Sale/calender_NextButton' is clicked on&#xD;
&#xD;
2019-11-01 03:14:57 - [MESSAGE][PASSED] - Text of object 'Object Repository/Pages/Sale/link_MonthYear' is: 'May 2020'&#xD;
&#xD;
2019-11-01 03:14:57 - [MESSAGE][PASSED] - Object: 'Object Repository/Pages/Sale/calender_NextButton' is clicked on&#xD;
&#xD;
2019-11-01 03:14:57 - [MESSAGE][PASSED] - Text of object 'Object Repository/Pages/Sale/link_MonthYear' is: 'June 2020'&#xD;
&#xD;
2019-11-01 03:14:57 - [MESSAGE][PASSED] - Object: 'Object Repository/Pages/Sale/calender_NextButton' is clicked on&#xD;
&#xD;
2019-11-01 03:14:57 - [MESSAGE][PASSED] - Text of object 'Object Repository/Pages/Sale/link_MonthYear' is: 'July 2020'&#xD;
&#xD;
2019-11-01 03:14:57 - [MESSAGE][PASSED] - Object: 'Object Repository/Pages/Sale/calender_NextButton' is clicked on&#xD;
&#xD;
2019-11-01 03:14:57 - [MESSAGE][PASSED] - Text of object 'Object Repository/Pages/Sale/link_MonthYear' is: 'August 2020'&#xD;
&#xD;
2019-11-01 03:14:57 - [MESSAGE][PASSED] - Object: 'Object Repository/Pages/Sale/calender_NextButton' is clicked on&#xD;
&#xD;
2019-11-01 03:14:57 - [MESSAGE][PASSED] - Text of object 'Object Repository/Pages/Sale/link_MonthYear' is: 'September 2020'&#xD;
&#xD;
2019-11-01 03:14:57 - [MESSAGE][PASSED] - Object: 'Object Repository/Pages/Sale/calender_NextButton' is clicked on&#xD;
&#xD;
2019-11-01 03:14:57 - [MESSAGE][PASSED] - Text of object 'Object Repository/Pages/Sale/link_MonthYear' is: 'October 2020'&#xD;
&#xD;
2019-11-01 03:14:57 - [MESSAGE][PASSED] - Object: 'Object Repository/Pages/Sale/calender_NextButton' is clicked on&#xD;
&#xD;
2019-11-01 03:14:58 - [MESSAGE][PASSED] - Text of object 'Object Repository/Pages/Sale/link_MonthYear' is: 'November 2020'&#xD;
&#xD;
2019-11-01 03:14:58 - [MESSAGE][PASSED] - Object: 'Object Repository/Pages/Sale/calender_NextButton' is clicked on&#xD;
&#xD;
2019-11-01 03:14:58 - [MESSAGE][PASSED] - Text of object 'Object Repository/Pages/Sale/link_MonthYear' is: 'December 2020'&#xD;
&#xD;
2019-11-01 03:14:58 - [MESSAGE][PASSED] - Object: 'Object Repository/Pages/Sale/calender_NextButton' is clicked on&#xD;
&#xD;
2019-11-01 03:14:58 - [MESSAGE][PASSED] - Text of object 'Object Repository/Pages/Sale/link_MonthYear' is: 'January 2021'&#xD;
&#xD;
2019-11-01 03:14:58 - [MESSAGE][PASSED] - Object: 'Object Repository/Pages/Sale/calender_NextButton' is clicked on&#xD;
&#xD;
2019-11-01 03:14:58 - [MESSAGE][PASSED] - Text of object 'Object Repository/Pages/Sale/link_MonthYear' is: 'February 2021'&#xD;
&#xD;
2019-11-01 03:14:58 - [MESSAGE][PASSED] - Object: 'Object Repository/Pages/Sale/calender_NextButton' is clicked on&#xD;
&#xD;
2019-11-01 03:14:58 - [MESSAGE][PASSED] - Text of object 'Object Repository/Pages/Sale/link_MonthYear' is: 'March 2021'&#xD;
&#xD;
2019-11-01 03:14:58 - [MESSAGE][PASSED] - Object: 'Object Repository/Pages/Sale/calender_NextButton' is clicked on&#xD;
&#xD;
2019-11-01 03:14:58 - [MESSAGE][PASSED] - Text of object 'Object Repository/Pages/Sale/link_MonthYear' is: 'April 2021'&#xD;
&#xD;
2019-11-01 03:14:58 - [MESSAGE][PASSED] - Object: 'Object Repository/Pages/Sale/calender_NextButton' is clicked on&#xD;
&#xD;
2019-11-01 03:14:58 - [MESSAGE][PASSED] - Text of object 'Object Repository/Pages/Sale/link_MonthYear' is: 'May 2021'&#xD;
&#xD;
2019-11-01 03:14:58 - [MESSAGE][PASSED] - Object: 'Object Repository/Pages/Sale/calender_NextButton' is clicked on&#xD;
&#xD;
2019-11-01 03:14:59 - [MESSAGE][PASSED] - Text of object 'Object Repository/Pages/Sale/link_MonthYear' is: 'June 2021'&#xD;
&#xD;
2019-11-01 03:14:59 - [MESSAGE][PASSED] - Object: 'Object Repository/Pages/Sale/calender_NextButton' is clicked on&#xD;
&#xD;
2019-11-01 03:14:59 - [MESSAGE][PASSED] - Text of object 'Object Repository/Pages/Sale/link_MonthYear' is: 'July 2021'&#xD;
&#xD;
2019-11-01 03:14:59 - [MESSAGE][PASSED] - Object: 'Object Repository/Pages/Sale/calender_NextButton' is clicked on&#xD;
&#xD;
2019-11-01 03:14:59 - [MESSAGE][PASSED] - Text of object 'Object Repository/Pages/Sale/link_MonthYear' is: 'August 2021'&#xD;
&#xD;
2019-11-01 03:14:59 - [MESSAGE][PASSED] - Object: 'Object Repository/Pages/Sale/calender_NextButton' is clicked on&#xD;
&#xD;
2019-11-01 03:14:59 - [MESSAGE][PASSED] - Text of object 'Object Repository/Pages/Sale/link_MonthYear' is: 'September 2021'&#xD;
&#xD;
2019-11-01 03:14:59 - [MESSAGE][PASSED] - Object: 'Object Repository/Pages/Sale/calender_NextButton' is clicked on&#xD;
&#xD;
2019-11-01 03:14:59 - [MESSAGE][PASSED] - Text of object 'Object Repository/Pages/Sale/link_MonthYear' is: 'October 2021'&#xD;
&#xD;
2019-11-01 03:14:59 - [MESSAGE][PASSED] - Object: 'Object Repository/Pages/Sale/calender_NextButton' is clicked on&#xD;
&#xD;
2019-11-01 03:14:59 - [MESSAGE][PASSED] - Text of object 'Object Repository/Pages/Sale/link_MonthYear' is: 'November 2021'&#xD;
&#xD;
2019-11-01 03:14:59 - [MESSAGE][PASSED] - Object: 'Object Repository/Pages/Sale/calender_NextButton' is clicked on&#xD;
&#xD;
2019-11-01 03:14:59 - [MESSAGE][PASSED] - Text of object 'Object Repository/Pages/Sale/link_MonthYear' is: 'December 2021'&#xD;
&#xD;
2019-11-01 03:14:59 - [MESSAGE][PASSED] - Object: 'Object Repository/Pages/Sale/calender_NextButton' is clicked on&#xD;
&#xD;
2019-11-01 03:15:00 - [MESSAGE][PASSED] - Text of object 'Object Repository/Pages/Sale/link_MonthYear' is: 'January 2022'&#xD;
&#xD;
2019-11-01 03:15:00 - [MESSAGE][PASSED] - Object: 'Object Repository/Pages/Sale/calender_NextButton' is clicked on&#xD;
&#xD;
2019-11-01 03:15:00 - [MESSAGE][PASSED] - Text of object 'Object Repository/Pages/Sale/link_MonthYear' is: 'February 2022'&#xD;
&#xD;
2019-11-01 03:15:00 - [MESSAGE][PASSED] - Object: 'Object Repository/Pages/Sale/calender_NextButton' is clicked on&#xD;
&#xD;
2019-11-01 03:15:00 - [MESSAGE][PASSED] - Text of object 'Object Repository/Pages/Sale/link_MonthYear' is: 'March 2022'&#xD;
&#xD;
2019-11-01 03:15:00 - [MESSAGE][PASSED] - Object: 'Object Repository/Pages/Sale/calender_NextButton' is clicked on&#xD;
&#xD;
2019-11-01 03:15:00 - [MESSAGE][PASSED] - Text of object 'Object Repository/Pages/Sale/link_MonthYear' is: 'April 2022'&#xD;
&#xD;
2019-11-01 03:15:00 - [MESSAGE][PASSED] - Object: 'Object Repository/Pages/Sale/calender_NextButton' is clicked on&#xD;
&#xD;
2019-11-01 03:15:00 - [MESSAGE][PASSED] - Text of object 'Object Repository/Pages/Sale/link_MonthYear' is: 'May 2022'&#xD;
&#xD;
2019-11-01 03:15:00 - [MESSAGE][PASSED] - Object: 'Object Repository/Pages/Sale/calender_NextButton' is clicked on&#xD;
&#xD;
2019-11-01 03:15:01 - [MESSAGE][PASSED] - Text of object 'Object Repository/Pages/Sale/link_MonthYear' is: 'June 2022'&#xD;
&#xD;
2019-11-01 03:15:01 - [MESSAGE][PASSED] - Object: 'Object Repository/Pages/Sale/calender_NextButton' is clicked on&#xD;
&#xD;
2019-11-01 03:15:01 - [MESSAGE][PASSED] - Text of object 'Object Repository/Pages/Sale/link_MonthYear' is: 'July 2022'&#xD;
&#xD;
2019-11-01 03:15:01 - [MESSAGE][PASSED] - Object: 'Object Repository/Pages/Sale/calender_NextButton' is clicked on&#xD;
&#xD;
2019-11-01 03:15:01 - [MESSAGE][PASSED] - Text of object 'Object Repository/Pages/Sale/link_MonthYear' is: 'August 2022'&#xD;
&#xD;
2019-11-01 03:15:01 - [MESSAGE][PASSED] - Object: 'Object Repository/Pages/Sale/calender_NextButton' is clicked on&#xD;
&#xD;
2019-11-01 03:15:01 - [MESSAGE][PASSED] - Text of object 'Object Repository/Pages/Sale/link_MonthYear' is: 'September 2022'&#xD;
&#xD;
2019-11-01 03:15:01 - [MESSAGE][PASSED] - pages.Sale.selectMonthYear is PASSED&#xD;
&#xD;
2019-11-01 03:15:01 - [TEST_STEP][NOT_RUN] - utilities.SafeActions.safeClickwithScroll(findTestObject("Pages/Sale/button_SaveAndReturnToSale_TransactionComplete"), "Click on Save and Return To Sale button", [10]): NOT_RUN: utilities.SafeActions.safeClickwithScroll(findTestObject("Pages/Sale/button_SaveAndReturnToSale_TransactionComplete"), "Click on Save and Return To Sale button", [10])&#xD;
&#xD;
2019-11-01 03:15:01 - [MESSAGE][NOT_RUN] - NOT_RUN: utilities.SafeActions.safeClickwithScroll(findTestObject("Pages/Sale/button_SaveAndReturnToSale_TransactionComplete"), "Click on Save and Return To Sale button", [10])&#xD;
&#xD;
2019-11-01 03:15:01 - [TEST_STEP][PASSED] - pages.Sale.selectDate(start_date_Value): pages.Sale.selectDate is PASSED&#xD;
&#xD;
2019-11-01 03:15:01 - [MESSAGE][PASSED] - Object: '' is clicked on&#xD;
&#xD;
2019-11-01 03:15:01 - [MESSAGE][PASSED] - pages.Sale.selectDate is PASSED&#xD;
&#xD;
2019-11-01 03:15:01 - [TEST_STEP][PASSED] - utilities.SafeActions.safeClickWithoutScroll(findTestObject("Pages/Sale/date_EndDate_TransactionComplete"), "Click on Date Input", [5]): utilities.SafeActions.safeClickWithoutScroll is PASSED&#xD;
&#xD;
2019-11-01 03:15:01 - [MESSAGE][INFO] - Safe Click Without scroll&#xD;
&#xD;
2019-11-01 03:15:01 - [MESSAGE][INFO] - New Test Suite.ts:waiting until Click on Date Input is Clickable&#xD;
&#xD;
2019-11-01 03:15:01 - [MESSAGE][PASSED] - Object 'Object Repository/Pages/Sale/date_EndDate_TransactionComplete' is clickable&#xD;
&#xD;
2019-11-01 03:15:01 - [MESSAGE][PASSED] - Object 'Object Repository/Pages/Sale/date_EndDate_TransactionComplete' is visible&#xD;
&#xD;
2019-11-01 03:15:02 - [MESSAGE][PASSED] - Object: 'Object Repository/Pages/Sale/date_EndDate_TransactionComplete' is clicked on&#xD;
&#xD;
2019-11-01 03:15:02 - [MESSAGE][INFO] - New Test Suite.ts: click on the Click on Date Input&#xD;
&#xD;
2019-11-01 03:15:02 - [MESSAGE][PASSED] - utilities.SafeActions.safeClickWithoutScroll is PASSED&#xD;
&#xD;
2019-11-01 03:15:02 - [TEST_STEP][PASSED] - pages.Sale.selectMonthYear(findTestObject("Pages/Sale/link_MonthYear"), findTestObject("Pages/Sale/calender_NextButton"), cardMonth, cardYear): pages.Sale.selectMonthYear is PASSED&#xD;
&#xD;
2019-11-01 03:15:02 - [MESSAGE][PASSED] - Text of object 'Object Repository/Pages/Sale/link_MonthYear' is: 'November 2019'&#xD;
&#xD;
2019-11-01 03:15:03 - [MESSAGE][PASSED] - Object: 'Object Repository/Pages/Sale/calender_NextButton' is clicked on&#xD;
&#xD;
2019-11-01 03:15:03 - [MESSAGE][PASSED] - Text of object 'Object Repository/Pages/Sale/link_MonthYear' is: 'December 2019'&#xD;
&#xD;
2019-11-01 03:15:03 - [MESSAGE][PASSED] - Object: 'Object Repository/Pages/Sale/calender_NextButton' is clicked on&#xD;
&#xD;
2019-11-01 03:15:03 - [MESSAGE][PASSED] - Text of object 'Object Repository/Pages/Sale/link_MonthYear' is: 'January 2020'&#xD;
&#xD;
2019-11-01 03:15:03 - [MESSAGE][PASSED] - Object: 'Object Repository/Pages/Sale/calender_NextButton' is clicked on&#xD;
&#xD;
2019-11-01 03:15:03 - [MESSAGE][PASSED] - Text of object 'Object Repository/Pages/Sale/link_MonthYear' is: 'February 2020'&#xD;
&#xD;
2019-11-01 03:15:03 - [MESSAGE][PASSED] - Object: 'Object Repository/Pages/Sale/calender_NextButton' is clicked on&#xD;
&#xD;
2019-11-01 03:15:03 - [MESSAGE][PASSED] - Text of object 'Object Repository/Pages/Sale/link_MonthYear' is: 'March 2020'&#xD;
&#xD;
2019-11-01 03:15:03 - [MESSAGE][PASSED] - Object: 'Object Repository/Pages/Sale/calender_NextButton' is clicked on&#xD;
&#xD;
2019-11-01 03:15:03 - [MESSAGE][PASSED] - Text of object 'Object Repository/Pages/Sale/link_MonthYear' is: 'April 2020'&#xD;
&#xD;
2019-11-01 03:15:03 - [MESSAGE][PASSED] - Object: 'Object Repository/Pages/Sale/calender_NextButton' is clicked on&#xD;
&#xD;
2019-11-01 03:15:03 - [MESSAGE][PASSED] - Text of object 'Object Repository/Pages/Sale/link_MonthYear' is: 'May 2020'&#xD;
&#xD;
2019-11-01 03:15:04 - [MESSAGE][PASSED] - Object: 'Object Repository/Pages/Sale/calender_NextButton' is clicked on&#xD;
&#xD;
2019-11-01 03:15:04 - [MESSAGE][PASSED] - Text of object 'Object Repository/Pages/Sale/link_MonthYear' is: 'June 2020'&#xD;
&#xD;
2019-11-01 03:15:04 - [MESSAGE][PASSED] - Object: 'Object Repository/Pages/Sale/calender_NextButton' is clicked on&#xD;
&#xD;
2019-11-01 03:15:04 - [MESSAGE][PASSED] - Text of object 'Object Repository/Pages/Sale/link_MonthYear' is: 'July 2020'&#xD;
&#xD;
2019-11-01 03:15:04 - [MESSAGE][PASSED] - Object: 'Object Repository/Pages/Sale/calender_NextButton' is clicked on&#xD;
&#xD;
2019-11-01 03:15:04 - [MESSAGE][PASSED] - Text of object 'Object Repository/Pages/Sale/link_MonthYear' is: 'August 2020'&#xD;
&#xD;
2019-11-01 03:15:04 - [MESSAGE][PASSED] - Object: 'Object Repository/Pages/Sale/calender_NextButton' is clicked on&#xD;
&#xD;
2019-11-01 03:15:04 - [MESSAGE][PASSED] - Text of object 'Object Repository/Pages/Sale/link_MonthYear' is: 'September 2020'&#xD;
&#xD;
2019-11-01 03:15:05 - [MESSAGE][PASSED] - Object: 'Object Repository/Pages/Sale/calender_NextButton' is clicked on&#xD;
&#xD;
2019-11-01 03:15:05 - [MESSAGE][PASSED] - Text of object 'Object Repository/Pages/Sale/link_MonthYear' is: 'October 2020'&#xD;
&#xD;
2019-11-01 03:15:05 - [MESSAGE][PASSED] - Object: 'Object Repository/Pages/Sale/calender_NextButton' is clicked on&#xD;
&#xD;
2019-11-01 03:15:06 - [MESSAGE][PASSED] - Text of object 'Object Repository/Pages/Sale/link_MonthYear' is: 'November 2020'&#xD;
&#xD;
2019-11-01 03:15:06 - [MESSAGE][PASSED] - Object: 'Object Repository/Pages/Sale/calender_NextButton' is clicked on&#xD;
&#xD;
2019-11-01 03:15:06 - [MESSAGE][PASSED] - Text of object 'Object Repository/Pages/Sale/link_MonthYear' is: 'December 2020'&#xD;
&#xD;
2019-11-01 03:15:06 - [MESSAGE][PASSED] - Object: 'Object Repository/Pages/Sale/calender_NextButton' is clicked on&#xD;
&#xD;
2019-11-01 03:15:06 - [MESSAGE][PASSED] - Text of object 'Object Repository/Pages/Sale/link_MonthYear' is: 'January 2021'&#xD;
&#xD;
2019-11-01 03:15:06 - [MESSAGE][PASSED] - Object: 'Object Repository/Pages/Sale/calender_NextButton' is clicked on&#xD;
&#xD;
2019-11-01 03:15:06 - [MESSAGE][PASSED] - Text of object 'Object Repository/Pages/Sale/link_MonthYear' is: 'February 2021'&#xD;
&#xD;
2019-11-01 03:15:06 - [MESSAGE][PASSED] - Object: 'Object Repository/Pages/Sale/calender_NextButton' is clicked on&#xD;
&#xD;
2019-11-01 03:15:06 - [MESSAGE][PASSED] - Text of object 'Object Repository/Pages/Sale/link_MonthYear' is: 'March 2021'&#xD;
&#xD;
2019-11-01 03:15:06 - [MESSAGE][PASSED] - Object: 'Object Repository/Pages/Sale/calender_NextButton' is clicked on&#xD;
&#xD;
2019-11-01 03:15:06 - [MESSAGE][PASSED] - Text of object 'Object Repository/Pages/Sale/link_MonthYear' is: 'April 2021'&#xD;
&#xD;
2019-11-01 03:15:07 - [MESSAGE][PASSED] - Object: 'Object Repository/Pages/Sale/calender_NextButton' is clicked on&#xD;
&#xD;
2019-11-01 03:15:07 - [MESSAGE][PASSED] - Text of object 'Object Repository/Pages/Sale/link_MonthYear' is: 'May 2021'&#xD;
&#xD;
2019-11-01 03:15:07 - [MESSAGE][PASSED] - Object: 'Object Repository/Pages/Sale/calender_NextButton' is clicked on&#xD;
&#xD;
2019-11-01 03:15:07 - [MESSAGE][PASSED] - Text of object 'Object Repository/Pages/Sale/link_MonthYear' is: 'June 2021'&#xD;
&#xD;
2019-11-01 03:15:07 - [MESSAGE][PASSED] - Object: 'Object Repository/Pages/Sale/calender_NextButton' is clicked on&#xD;
&#xD;
2019-11-01 03:15:07 - [MESSAGE][PASSED] - Text of object 'Object Repository/Pages/Sale/link_MonthYear' is: 'July 2021'&#xD;
&#xD;
2019-11-01 03:15:07 - [MESSAGE][PASSED] - Object: 'Object Repository/Pages/Sale/calender_NextButton' is clicked on&#xD;
&#xD;
2019-11-01 03:15:07 - [MESSAGE][PASSED] - Text of object 'Object Repository/Pages/Sale/link_MonthYear' is: 'August 2021'&#xD;
&#xD;
2019-11-01 03:15:08 - [MESSAGE][PASSED] - Object: 'Object Repository/Pages/Sale/calender_NextButton' is clicked on&#xD;
&#xD;
2019-11-01 03:15:08 - [MESSAGE][PASSED] - Text of object 'Object Repository/Pages/Sale/link_MonthYear' is: 'September 2021'&#xD;
&#xD;
2019-11-01 03:15:08 - [MESSAGE][PASSED] - Object: 'Object Repository/Pages/Sale/calender_NextButton' is clicked on&#xD;
&#xD;
2019-11-01 03:15:08 - [MESSAGE][PASSED] - Text of object 'Object Repository/Pages/Sale/link_MonthYear' is: 'October 2021'&#xD;
&#xD;
2019-11-01 03:15:08 - [MESSAGE][PASSED] - Object: 'Object Repository/Pages/Sale/calender_NextButton' is clicked on&#xD;
&#xD;
2019-11-01 03:15:08 - [MESSAGE][PASSED] - Text of object 'Object Repository/Pages/Sale/link_MonthYear' is: 'November 2021'&#xD;
&#xD;
2019-11-01 03:15:08 - [MESSAGE][PASSED] - Object: 'Object Repository/Pages/Sale/calender_NextButton' is clicked on&#xD;
&#xD;
2019-11-01 03:15:08 - [MESSAGE][PASSED] - Text of object 'Object Repository/Pages/Sale/link_MonthYear' is: 'December 2021'&#xD;
&#xD;
2019-11-01 03:15:09 - [MESSAGE][PASSED] - Object: 'Object Repository/Pages/Sale/calender_NextButton' is clicked on&#xD;
&#xD;
2019-11-01 03:15:09 - [MESSAGE][PASSED] - Text of object 'Object Repository/Pages/Sale/link_MonthYear' is: 'January 2022'&#xD;
&#xD;
2019-11-01 03:15:09 - [MESSAGE][PASSED] - Object: 'Object Repository/Pages/Sale/calender_NextButton' is clicked on&#xD;
&#xD;
2019-11-01 03:15:09 - [MESSAGE][PASSED] - Text of object 'Object Repository/Pages/Sale/link_MonthYear' is: 'February 2022'&#xD;
&#xD;
2019-11-01 03:15:10 - [MESSAGE][PASSED] - Object: 'Object Repository/Pages/Sale/calender_NextButton' is clicked on&#xD;
&#xD;
2019-11-01 03:15:10 - [MESSAGE][PASSED] - Text of object 'Object Repository/Pages/Sale/link_MonthYear' is: 'March 2022'&#xD;
&#xD;
2019-11-01 03:15:10 - [MESSAGE][PASSED] - Object: 'Object Repository/Pages/Sale/calender_NextButton' is clicked on&#xD;
&#xD;
2019-11-01 03:15:10 - [MESSAGE][PASSED] - Text of object 'Object Repository/Pages/Sale/link_MonthYear' is: 'April 2022'&#xD;
&#xD;
2019-11-01 03:15:11 - [MESSAGE][PASSED] - Object: 'Object Repository/Pages/Sale/calender_NextButton' is clicked on&#xD;
&#xD;
2019-11-01 03:15:11 - [MESSAGE][PASSED] - Text of object 'Object Repository/Pages/Sale/link_MonthYear' is: 'May 2022'&#xD;
&#xD;
2019-11-01 03:15:11 - [MESSAGE][PASSED] - Object: 'Object Repository/Pages/Sale/calender_NextButton' is clicked on&#xD;
&#xD;
2019-11-01 03:15:11 - [MESSAGE][PASSED] - Text of object 'Object Repository/Pages/Sale/link_MonthYear' is: 'June 2022'&#xD;
&#xD;
2019-11-01 03:15:12 - [MESSAGE][PASSED] - Object: 'Object Repository/Pages/Sale/calender_NextButton' is clicked on&#xD;
&#xD;
2019-11-01 03:15:12 - [MESSAGE][PASSED] - Text of object 'Object Repository/Pages/Sale/link_MonthYear' is: 'July 2022'&#xD;
&#xD;
2019-11-01 03:15:12 - [MESSAGE][PASSED] - Object: 'Object Repository/Pages/Sale/calender_NextButton' is clicked on&#xD;
&#xD;
2019-11-01 03:15:12 - [MESSAGE][PASSED] - Text of object 'Object Repository/Pages/Sale/link_MonthYear' is: 'August 2022'&#xD;
&#xD;
2019-11-01 03:15:12 - [MESSAGE][PASSED] - Object: 'Object Repository/Pages/Sale/calender_NextButton' is clicked on&#xD;
&#xD;
2019-11-01 03:15:12 - [MESSAGE][PASSED] - Text of object 'Object Repository/Pages/Sale/link_MonthYear' is: 'September 2022'&#xD;
&#xD;
2019-11-01 03:15:12 - [MESSAGE][PASSED] - pages.Sale.selectMonthYear is PASSED&#xD;
&#xD;
2019-11-01 03:15:12 - [TEST_STEP][PASSED] - pages.Sale.selectDate(end_date_Value): pages.Sale.selectDate is PASSED&#xD;
&#xD;
2019-11-01 03:15:12 - [MESSAGE][PASSED] - Object: '' is clicked on&#xD;
&#xD;
2019-11-01 03:15:12 - [MESSAGE][PASSED] - pages.Sale.selectDate is PASSED&#xD;
&#xD;
2019-11-01 03:15:12 - [TEST_STEP][PASSED] - utilities.SafeActions.safeSelectOptionInDropDownByVisibleText(findTestObject("Pages/Sale/dropDown_Frequency_TransactionComplete"), "Weekly", "Select By Value", [10]): utilities.SafeActions.safeSelectOptionInDropDownByVisibleText is PASSED&#xD;
&#xD;
2019-11-01 03:15:13 - [MESSAGE][PASSED] - Object 'Object Repository/Pages/Sale/dropDown_Frequency_TransactionComplete' is visible&#xD;
&#xD;
2019-11-01 03:15:13 - [MESSAGE][PASSED] - Object 'Object Repository/Pages/Sale/dropDown_Frequency_TransactionComplete' is present&#xD;
&#xD;
2019-11-01 03:15:13 - [MESSAGE][PASSED] - Object: 'Object Repository/Pages/Sale/dropDown_Frequency_TransactionComplete' is clicked on&#xD;
&#xD;
2019-11-01 03:15:13 - [MESSAGE][PASSED] - All options with label 'Weekly' are selected in object 'Object Repository/Pages/Sale/dropDown_Frequency_TransactionComplete' &#xD;
&#xD;
2019-11-01 03:15:13 - [MESSAGE][PASSED] - utilities.SafeActions.safeSelectOptionInDropDownByVisibleText is PASSED&#xD;
&#xD;
2019-11-01 03:15:13 - [TEST_STEP][NOT_RUN] - utilities.SafeActions.safeType(findTestObject("Pages/Sale/text_PaymentAmount_TransactionComplete"), amountInput, "Enter Amount", [10]): NOT_RUN: utilities.SafeActions.safeType(findTestObject("Pages/Sale/text_PaymentAmount_TransactionComplete"), amountInput, "Enter Amount", [10])&#xD;
&#xD;
2019-11-01 03:15:13 - [MESSAGE][NOT_RUN] - NOT_RUN: utilities.SafeActions.safeType(findTestObject("Pages/Sale/text_PaymentAmount_TransactionComplete"), amountInput, "Enter Amount", [10])&#xD;
&#xD;
2019-11-01 03:15:13 - [TEST_STEP][PASSED] - utilities.SafeActions.safeCheckForElement(findTestObject("Pages/Sale/checkBox_Label_EmailReceipt_TransactionComplete"), 5): utilities.SafeActions.safeCheckForElement is PASSED&#xD;
&#xD;
2019-11-01 03:15:14 - [MESSAGE][PASSED] - Object 'Object Repository/Pages/Sale/checkBox_Label_EmailReceipt_TransactionComplete' is present&#xD;
&#xD;
2019-11-01 03:15:14 - [MESSAGE][PASSED] - Object 'Object Repository/Pages/Sale/checkBox_Label_EmailReceipt_TransactionComplete' is visible&#xD;
&#xD;
2019-11-01 03:15:14 - [MESSAGE][PASSED] - Object 'Object Repository/Pages/Sale/checkBox_Label_EmailReceipt_TransactionComplete' is present&#xD;
&#xD;
2019-11-01 03:15:14 - [MESSAGE][PASSED] - Object 'Object Repository/Pages/Sale/checkBox_Label_EmailReceipt_TransactionComplete' is checked&#xD;
&#xD;
2019-11-01 03:15:14 - [MESSAGE][PASSED] - utilities.SafeActions.safeCheckForElement is PASSED&#xD;
&#xD;
2019-11-01 03:15:14 - [TEST_STEP][PASSED] - utilities.SafeActions.safeType(findTestObject("Pages/Sale/textBox_EmailAddress_TransactionComplete"), emailAddress, "Enter EmailAddress into text box", [5]): utilities.SafeActions.safeType is PASSED&#xD;
&#xD;
2019-11-01 03:15:15 - [MESSAGE][PASSED] - Object 'Object Repository/Pages/Sale/textBox_EmailAddress_TransactionComplete' is present&#xD;
&#xD;
2019-11-01 03:15:15 - [MESSAGE][PASSED] - Scroll to object 'Object Repository/Pages/Sale/textBox_EmailAddress_TransactionComplete' successfully&#xD;
&#xD;
2019-11-01 03:15:15 - [MESSAGE][PASSED] - Object 'Object Repository/Pages/Sale/textBox_EmailAddress_TransactionComplete' is present&#xD;
&#xD;
2019-11-01 03:15:16 - [MESSAGE][PASSED] - Object: 'Object Repository/Pages/Sale/textBox_EmailAddress_TransactionComplete' is clicked on&#xD;
&#xD;
2019-11-01 03:15:16 - [MESSAGE][PASSED] - Text 'Venkatasai.Annam@zenq.com' is set on object 'Object Repository/Pages/Sale/textBox_EmailAddress_TransactionComplete'&#xD;
&#xD;
2019-11-01 03:15:16 - [MESSAGE][PASSED] - utilities.SafeActions.safeType is PASSED&#xD;
&#xD;
2019-11-01 03:15:16 - [TEST_STEP][PASSED] - utilities.SafeActions.safeClickWithoutScroll(findTestObject("Pages/Sale/button_SaveSetup"), "Click on SaveSetup", [delayForElement]): utilities.SafeActions.safeClickWithoutScroll is PASSED&#xD;
&#xD;
2019-11-01 03:15:16 - [MESSAGE][INFO] - Safe Click Without scroll&#xD;
&#xD;
2019-11-01 03:15:16 - [MESSAGE][INFO] - New Test Suite.ts:waiting until Click on SaveSetup is Clickable&#xD;
&#xD;
2019-11-01 03:15:17 - [MESSAGE][PASSED] - Object 'Object Repository/Pages/Sale/button_SaveSetup' is clickable&#xD;
&#xD;
2019-11-01 03:15:17 - [MESSAGE][PASSED] - Object 'Object Repository/Pages/Sale/button_SaveSetup' is visible&#xD;
&#xD;
2019-11-01 03:15:17 - [MESSAGE][PASSED] - Object: 'Object Repository/Pages/Sale/button_SaveSetup' is clicked on&#xD;
&#xD;
2019-11-01 03:15:17 - [MESSAGE][INFO] - New Test Suite.ts: click on the Click on SaveSetup&#xD;
&#xD;
2019-11-01 03:15:17 - [MESSAGE][PASSED] - utilities.SafeActions.safeClickWithoutScroll is PASSED&#xD;
&#xD;
2019-11-01 03:15:17 - [TEST_STEP][PASSED] - delay(2): Delayed 2 second(s)&#xD;
&#xD;
2019-11-01 03:15:19 - [MESSAGE][PASSED] - Delayed 2 second(s)&#xD;
&#xD;
2019-11-01 03:15:19 - [TEST_STEP][PASSED] - popupFromMessage = utilities.SafeActions.safeGetText(findTestObject("Pages/Sale/popupText_AfterClickOn_SaveAndReturnToSale_TransactionComplete"), 5): utilities.SafeActions.safeGetText is PASSED&#xD;
&#xD;
2019-11-01 03:15:20 - [MESSAGE][PASSED] - Object 'Object Repository/Pages/Sale/popupText_AfterClickOn_SaveAndReturnToSale_TransactionComplete' is present&#xD;
&#xD;
2019-11-01 03:15:20 - [MESSAGE][PASSED] - Scroll to object 'Object Repository/Pages/Sale/popupText_AfterClickOn_SaveAndReturnToSale_TransactionComplete' successfully&#xD;
&#xD;
2019-11-01 03:15:20 - [MESSAGE][PASSED] - Object 'Object Repository/Pages/Sale/popupText_AfterClickOn_SaveAndReturnToSale_TransactionComplete' is present&#xD;
&#xD;
2019-11-01 03:15:20 - [MESSAGE][PASSED] - Text of object 'Object Repository/Pages/Sale/popupText_AfterClickOn_SaveAndReturnToSale_TransactionComplete' is: 'Your Setup has been completed.'&#xD;
&#xD;
2019-11-01 03:15:20 - [MESSAGE][PASSED] - utilities.SafeActions.safeGetText is PASSED&#xD;
&#xD;
2019-11-01 03:15:20 - [TEST_STEP][PASSED] - utilities.SafeActions.verifyPopupMessage("Your Setup has been completed.", popupFromMessage): Popup Message : Your Setup has been completed. matched with expected message : Your Setup has been completed.&#xD;
&#xD;
2019-11-01 03:15:20 - [MESSAGE][PASSED] - Popup Message : Your Setup has been completed. matched with expected message : Your Setup has been completed.&#xD;
&#xD;
2019-11-01 03:15:20 - [TEST_STEP][PASSED] - utilities.SafeActions.safeClickWithoutScroll(findTestObject("Pages/Sale/close_TextBox"), "Click on SaveSetup", [delayForElement]): utilities.SafeActions.safeClickWithoutScroll is PASSED&#xD;
&#xD;
2019-11-01 03:15:21 - [MESSAGE][INFO] - Safe Click Without scroll&#xD;
&#xD;
2019-11-01 03:15:21 - [MESSAGE][INFO] - New Test Suite.ts:waiting until Click on SaveSetup is Clickable&#xD;
&#xD;
2019-11-01 03:15:21 - [MESSAGE][PASSED] - Object 'Object Repository/Pages/Sale/close_TextBox' is clickable&#xD;
&#xD;
2019-11-01 03:15:21 - [MESSAGE][PASSED] - Object 'Object Repository/Pages/Sale/close_TextBox' is visible&#xD;
&#xD;
2019-11-01 03:15:22 - [MESSAGE][PASSED] - Object: 'Object Repository/Pages/Sale/close_TextBox' is clicked on&#xD;
&#xD;
2019-11-01 03:15:22 - [MESSAGE][INFO] - New Test Suite.ts: click on the Click on SaveSetup&#xD;
&#xD;
2019-11-01 03:15:22 - [MESSAGE][PASSED] - utilities.SafeActions.safeClickWithoutScroll is PASSED&#xD;
&#xD;
2019-11-01 03:15:22 - [TEST_STEP][PASSED] - utilities.SafeActions.safeClickwithScroll(findTestObject("Pages/Sale/button_ReturnToSale"), "Click on Return To Sale", [15]): utilities.SafeActions.safeClickwithScroll is PASSED&#xD;
&#xD;
2019-11-01 03:15:22 - [MESSAGE][PASSED] - Object 'Object Repository/Pages/Sale/button_ReturnToSale' is present&#xD;
&#xD;
2019-11-01 03:15:22 - [MESSAGE][PASSED] - Object 'Object Repository/Pages/Sale/button_ReturnToSale' is visible&#xD;
&#xD;
2019-11-01 03:15:22 - [MESSAGE][INFO] - New Test Suite.ts:waiting until Click on Return To Sale is Clickable&#xD;
&#xD;
2019-11-01 03:15:22 - [MESSAGE][PASSED] - Object 'Object Repository/Pages/Sale/button_ReturnToSale' is clickable&#xD;
&#xD;
2019-11-01 03:15:22 - [MESSAGE][PASSED] - Object 'Object Repository/Pages/Sale/button_ReturnToSale' is visible&#xD;
&#xD;
2019-11-01 03:15:23 - [MESSAGE][PASSED] - Object: 'Object Repository/Pages/Sale/button_ReturnToSale' is clicked on&#xD;
&#xD;
2019-11-01 03:15:23 - [MESSAGE][INFO] - New Test Suite.ts: Clicked on the Click on Return To Sale&#xD;
&#xD;
2019-11-01 03:15:23 - [MESSAGE][PASSED] - utilities.SafeActions.safeClickwithScroll is PASSED&#xD;
&#xD;
2019-11-01 03:15:23 - [TEST_STEP][PASSED] - delay(5): Delayed 5 second(s)&#xD;
&#xD;
2019-11-01 03:15:28 - [MESSAGE][PASSED] - Delayed 5 second(s)&#xD;
&#xD;
2019-11-01 03:15:28 - [TEST_STEP][PASSED] - utilities.SafeActions.safeClickwithScroll(findTestObject("Pages/Future_Payments/tab_FuturePayments"), "Click on Future Payments Tab", [10]): utilities.SafeActions.safeClickwithScroll is PASSED&#xD;
&#xD;
2019-11-01 03:15:28 - [MESSAGE][PASSED] - Object 'Object Repository/Pages/Future_Payments/tab_FuturePayments' is present&#xD;
&#xD;
2019-11-01 03:15:28 - [MESSAGE][PASSED] - Object 'Object Repository/Pages/Future_Payments/tab_FuturePayments' is visible&#xD;
&#xD;
2019-11-01 03:15:28 - [MESSAGE][INFO] - New Test Suite.ts:waiting until Click on Future Payments Tab is Clickable&#xD;
&#xD;
2019-11-01 03:15:28 - [MESSAGE][PASSED] - Object 'Object Repository/Pages/Future_Payments/tab_FuturePayments' is clickable&#xD;
&#xD;
2019-11-01 03:15:28 - [MESSAGE][PASSED] - Object 'Object Repository/Pages/Future_Payments/tab_FuturePayments' is visible&#xD;
&#xD;
2019-11-01 03:15:29 - [MESSAGE][PASSED] - Object: 'Object Repository/Pages/Future_Payments/tab_FuturePayments' is clicked on&#xD;
&#xD;
2019-11-01 03:15:29 - [MESSAGE][INFO] - New Test Suite.ts: Clicked on the Click on Future Payments Tab&#xD;
&#xD;
2019-11-01 03:15:29 - [MESSAGE][PASSED] - utilities.SafeActions.safeClickwithScroll is PASSED&#xD;
&#xD;
2019-11-01 03:15:29 - [TEST_STEP][PASSED] - delay(2): Delayed 2 second(s)&#xD;
&#xD;
2019-11-01 03:15:31 - [MESSAGE][PASSED] - Delayed 2 second(s)&#xD;
&#xD;
2019-11-01 03:15:31 - [TEST_STEP][PASSED] - utilities.SafeActions.safeClickwithScroll(findTestObject("Pages/Future_Payments/search_Button"), "Search", [10]): utilities.SafeActions.safeClickwithScroll is PASSED&#xD;
&#xD;
2019-11-01 03:15:31 - [MESSAGE][PASSED] - Object 'Object Repository/Pages/Future_Payments/search_Button' is present&#xD;
&#xD;
2019-11-01 03:15:31 - [MESSAGE][PASSED] - Object 'Object Repository/Pages/Future_Payments/search_Button' is visible&#xD;
&#xD;
2019-11-01 03:15:31 - [MESSAGE][INFO] - New Test Suite.ts:waiting until Search is Clickable&#xD;
&#xD;
2019-11-01 03:15:31 - [MESSAGE][PASSED] - Object 'Object Repository/Pages/Future_Payments/search_Button' is clickable&#xD;
&#xD;
2019-11-01 03:15:31 - [MESSAGE][PASSED] - Object 'Object Repository/Pages/Future_Payments/search_Button' is visible&#xD;
&#xD;
2019-11-01 03:15:32 - [MESSAGE][PASSED] - Object: 'Object Repository/Pages/Future_Payments/search_Button' is clicked on&#xD;
&#xD;
2019-11-01 03:15:32 - [MESSAGE][INFO] - New Test Suite.ts: Clicked on the Search&#xD;
&#xD;
2019-11-01 03:15:32 - [MESSAGE][PASSED] - utilities.SafeActions.safeClickwithScroll is PASSED&#xD;
&#xD;
2019-11-01 03:15:32 - [TEST_STEP][PASSED] - println(invoiceNumber): null&#xD;
&#xD;
2019-11-01 03:15:32 - [TEST_STEP][PASSED] - println(total_Amount): null&#xD;
&#xD;
2019-11-01 03:15:32 - [TEST_STEP][PASSED] - scrollToElement(findTestObject("Pages/Future_Payments/invoiceForTransaction"), delayBetweenTestSteps): Scroll to object 'Object Repository/Pages/Future_Payments/invoiceForTransaction' successfully&#xD;
&#xD;
2019-11-01 03:15:32 - [MESSAGE][PASSED] - Scroll to object 'Object Repository/Pages/Future_Payments/invoiceForTransaction' successfully&#xD;
&#xD;
2019-11-01 03:15:32 - [TEST_STEP][PASSED] - pages.Future_Payments.verifyInvoiceRecord(findTestObject("Pages/Future_Payments/footer_NextButton"), findTestObject("Pages/Future_Payments/page_Number"), invoiceNumber, total_Amount): The Transaction is found in page 3&#xD;
&#xD;
2019-11-01 03:15:33 - [MESSAGE][PASSED] - Text of object 'Object Repository/Pages/Future_Payments/page_Number' is: 'Page 1 of 5'&#xD;
&#xD;
2019-11-01 03:15:39 - [MESSAGE][PASSED] - Delayed 5 second(s)&#xD;
&#xD;
2019-11-01 03:15:40 - [MESSAGE][PASSED] - Object: 'Object Repository/Pages/Future_Payments/footer_NextButton' is clicked on&#xD;
&#xD;
2019-11-01 03:15:40 - [MESSAGE][PASSED] - Text of object 'Object Repository/Pages/Future_Payments/page_Number' is: 'Page 2 of 5'&#xD;
&#xD;
2019-11-01 03:15:45 - [MESSAGE][PASSED] - Delayed 5 second(s)&#xD;
&#xD;
2019-11-01 03:15:46 - [MESSAGE][PASSED] - Object: 'Object Repository/Pages/Future_Payments/footer_NextButton' is clicked on&#xD;
&#xD;
2019-11-01 03:15:46 - [MESSAGE][PASSED] - Text of object 'Object Repository/Pages/Future_Payments/page_Number' is: 'Page 3 of 5'&#xD;
&#xD;
2019-11-01 03:15:47 - [MESSAGE][PASSED] - The Transaction is found in page 3&#xD;
&#xD;
2019-11-01 03:15:47 - [TEST_STEP][PASSED] - closeBrowser(): Browser is closed&#xD;
&#xD;
2019-11-01 03:15:48 - [MESSAGE][PASSED] - Browser is closed&#xD;
&#xD;
2019-11-01 03:15:48 - [TEST_STEP][PASSED] - Start listener action : sampleAfterTestCase: null&#xD;
&#xD;
2019-11-01 03:15:48 - [TEST_STEP][PASSED] - println(testCaseContext.getTestCaseId()): null&#xD;
&#xD;
2019-11-01 03:15:48 - [TEST_STEP][PASSED] - println(testCaseContext.getTestCaseStatus()): null&#xD;
&#xD;
2019-11-01 03:15:48 - [TEST_STEP][PASSED] - testCaseName = testCaseContext.getTestCaseId(): null&#xD;
&#xD;
2019-11-01 03:15:48 - [TEST_STEP][PASSED] - strCount = testCaseName.lastIndexOf("/"): null&#xD;
&#xD;
2019-11-01 03:15:48 - [TEST_STEP][PASSED] - testCaseName = testCaseName.substring(strCount): null&#xD;
&#xD;
2019-11-01 03:15:48 - [TEST_STEP][PASSED] - println(testCaseName): null&#xD;
&#xD;
2019-11-01 03:15:48 - [TEST_STEP][PASSED] - if (getTestCaseStatus().equalsIgnoreCase("Error")): null&#xD;
&#xD;
2019-11-01 03:15:48 - [TEST_STEP][PASSED] - Start listener action : sampleAfterTestCase: null</system-out>
            <system-err></system-err>
        </testcase>
        <testcase name="Test Cases/FirstView/Sale/VPOS_Sale_Transaction_Retail_SaveToVault" classname="Test Cases/FirstView/Sale/VPOS_Sale_Transaction_Retail_SaveToVault" status="FAILED">
            <failure type="FAILED" message="Test Cases/FirstView/Sale/VPOS_Sale_Transaction_Retail_SaveToVault FAILED.&#xA;Reason:&#xA;com.kms.katalon.core.exception.StepFailedException: unable to verify the Transaction Complete page&#xD;&#xA;&#x9;at com.kms.katalon.core.util.KeywordUtil.markFailed(KeywordUtil.java:19)&#xD;&#xA;&#x9;at com.kms.katalon.core.util.KeywordUtil$markFailed$1.call(Unknown Source)&#xD;&#xA;&#x9;at pages.Sale.verifyTransactionCompletePage(Sale.groovy:117)&#xD;&#xA;&#x9;at pages.Sale.invokeMethod(Sale.groovy)&#xD;&#xA;&#x9;at com.kms.katalon.core.main.CustomKeywordDelegatingMetaClass.invokeStaticMethod(CustomKeywordDelegatingMetaClass.java:50)&#xD;&#xA;&#x9;at VPOS_Sale_Transaction_Retail_SaveToVault.run(VPOS_Sale_Transaction_Retail_SaveToVault:114)&#xD;&#xA;&#x9;at com.kms.katalon.core.main.ScriptEngine.run(ScriptEngine.java:194)&#xD;&#xA;&#x9;at com.kms.katalon.core.main.ScriptEngine.runScriptAsRawText(ScriptEngine.java:119)&#xD;&#xA;&#x9;at com.kms.katalon.core.main.TestCaseExecutor.runScript(TestCaseExecutor.java:337)&#xD;&#xA;&#x9;at com.kms.katalon.core.main.TestCaseExecutor.doExecute(TestCaseExecutor.java:328)&#xD;&#xA;&#x9;at com.kms.katalon.core.main.TestCaseExecutor.processExecutionPhase(TestCaseExecutor.java:307)&#xD;&#xA;&#x9;at com.kms.katalon.core.main.TestCaseExecutor.accessMainPhase(TestCaseExecutor.java:299)&#xD;&#xA;&#x9;at com.kms.katalon.core.main.TestCaseExecutor.execute(TestCaseExecutor.java:233)&#xD;&#xA;&#x9;at com.kms.katalon.core.main.TestSuiteExecutor.accessTestCaseMainPhase(TestSuiteExecutor.java:169)&#xD;&#xA;&#x9;at com.kms.katalon.core.main.TestSuiteExecutor.accessTestSuiteMainPhase(TestSuiteExecutor.java:142)&#xD;&#xA;&#x9;at com.kms.katalon.core.main.TestSuiteExecutor.execute(TestSuiteExecutor.java:91)&#xD;&#xA;&#x9;at com.kms.katalon.core.main.TestCaseMain.startTestSuite(TestCaseMain.java:157)&#xD;&#xA;&#x9;at com.kms.katalon.core.main.TestCaseMain$startTestSuite$0.call(Unknown Source)&#xD;&#xA;&#x9;at TempTestSuite1572595823178.run(TempTestSuite1572595823178.groovy:35)&#xD;&#xA;"/>
            <system-out>2019-11-01 03:15:48 - [TEST_CASE][FAILED] - Test Cases/FirstView/Sale/VPOS_Sale_Transaction_Retail_SaveToVault: Test Cases/FirstView/Sale/VPOS_Sale_Transaction_Retail_SaveToVault FAILED.
Reason:
com.kms.katalon.core.exception.StepFailedException: unable to verify the Transaction Complete page&#xD;
	at com.kms.katalon.core.util.KeywordUtil.markFailed(KeywordUtil.java:19)&#xD;
	at com.kms.katalon.core.util.KeywordUtil$markFailed$1.call(Unknown Source)&#xD;
	at pages.Sale.verifyTransactionCompletePage(Sale.groovy:117)&#xD;
	at pages.Sale.invokeMethod(Sale.groovy)&#xD;
	at com.kms.katalon.core.main.CustomKeywordDelegatingMetaClass.invokeStaticMethod(CustomKeywordDelegatingMetaClass.java:50)&#xD;
	at VPOS_Sale_Transaction_Retail_SaveToVault.run(VPOS_Sale_Transaction_Retail_SaveToVault:114)&#xD;
	at com.kms.katalon.core.main.ScriptEngine.run(ScriptEngine.java:194)&#xD;
	at com.kms.katalon.core.main.ScriptEngine.runScriptAsRawText(ScriptEngine.java:119)&#xD;
	at com.kms.katalon.core.main.TestCaseExecutor.runScript(TestCaseExecutor.java:337)&#xD;
	at com.kms.katalon.core.main.TestCaseExecutor.doExecute(TestCaseExecutor.java:328)&#xD;
	at com.kms.katalon.core.main.TestCaseExecutor.processExecutionPhase(TestCaseExecutor.java:307)&#xD;
	at com.kms.katalon.core.main.TestCaseExecutor.accessMainPhase(TestCaseExecutor.java:299)&#xD;
	at com.kms.katalon.core.main.TestCaseExecutor.execute(TestCaseExecutor.java:233)&#xD;
	at com.kms.katalon.core.main.TestSuiteExecutor.accessTestCaseMainPhase(TestSuiteExecutor.java:169)&#xD;
	at com.kms.katalon.core.main.TestSuiteExecutor.accessTestSuiteMainPhase(TestSuiteExecutor.java:142)&#xD;
	at com.kms.katalon.core.main.TestSuiteExecutor.execute(TestSuiteExecutor.java:91)&#xD;
	at com.kms.katalon.core.main.TestCaseMain.startTestSuite(TestCaseMain.java:157)&#xD;
	at com.kms.katalon.core.main.TestCaseMain$startTestSuite$0.call(Unknown Source)&#xD;
	at TempTestSuite1572595823178.run(TempTestSuite1572595823178.groovy:35)&#xD;
&#xD;
&#xD;
2019-11-01 03:15:49 - [TEST_STEP][PASSED] - Start listener action : sampleBeforeTestCase: null&#xD;
&#xD;
2019-11-01 03:15:49 - [TEST_STEP][PASSED] - println(testCaseContext.getTestCaseId()): null&#xD;
&#xD;
2019-11-01 03:15:49 - [TEST_STEP][PASSED] - println(testCaseContext.getTestCaseVariables()): null&#xD;
&#xD;
2019-11-01 03:15:49 - [TEST_STEP][NOT_RUN] - utilities.SafeActions.openBrowser(Old_URL, [PageLoadTime]): NOT_RUN: utilities.SafeActions.openBrowser(Old_URL, [PageLoadTime])&#xD;
&#xD;
2019-11-01 03:15:49 - [MESSAGE][NOT_RUN] - NOT_RUN: utilities.SafeActions.openBrowser(Old_URL, [PageLoadTime])&#xD;
&#xD;
2019-11-01 03:15:49 - [TEST_STEP][NOT_RUN] - delay(delayForPageLoad): NOT_RUN: delay(delayForPageLoad)&#xD;
&#xD;
2019-11-01 03:15:49 - [MESSAGE][NOT_RUN] - NOT_RUN: delay(delayForPageLoad)&#xD;
&#xD;
2019-11-01 03:15:49 - [TEST_STEP][NOT_RUN] - utilities.SafeActions.safeSelectOptionInDropDownByVisibleText(findTestObject("Pages/Sale/dropDown_AccountType"), accountType, "Select by Value", [PageLoadTime]): NOT_RUN: utilities.SafeActions.safeSelectOptionInDropDownByVisibleText(findTestObject("Pages/Sale/dropDown_AccountType"), accountType, "Select by Value", [PageLoadTime])&#xD;
&#xD;
2019-11-01 03:15:49 - [MESSAGE][NOT_RUN] - NOT_RUN: utilities.SafeActions.safeSelectOptionInDropDownByVisibleText(findTestObject("Pages/Sale/dropDown_AccountType"), accountType, "Select by Value", [PageLoadTime])&#xD;
&#xD;
2019-11-01 03:15:49 - [TEST_STEP][NOT_RUN] - delay(3): NOT_RUN: delay(3)&#xD;
&#xD;
2019-11-01 03:15:49 - [MESSAGE][NOT_RUN] - NOT_RUN: delay(3)&#xD;
&#xD;
2019-11-01 03:15:49 - [TEST_STEP][PASSED] - utilities.SafeActions.openBrowser(URL, [PageLoadTime]): utilities.SafeActions.openBrowser is PASSED&#xD;
&#xD;
2019-11-01 03:15:49 - [MESSAGE][INFO] - Opening Browser&#xD;
&#xD;
2019-11-01 03:15:49 - [MESSAGE][INFO] - Starting 'Chrome' driver&#xD;
&#xD;
2019-11-01 03:15:57 - [MESSAGE][PASSED] - Browser is opened with url: 'https://q-www-firstview-net.faps.net/MVC/Account/Login'&#xD;
&#xD;
2019-11-01 03:16:01 - [MESSAGE][PASSED] - Current window maximized&#xD;
&#xD;
2019-11-01 03:16:01 - [MESSAGE][INFO] - Browser Launched Successfully&#xD;
&#xD;
2019-11-01 03:16:01 - [MESSAGE][PASSED] - utilities.SafeActions.openBrowser is PASSED&#xD;
&#xD;
2019-11-01 03:16:01 - [TEST_STEP][PASSED] - pages.Login.login(uName, password): pages.Login.login is PASSED&#xD;
&#xD;
2019-11-01 03:16:02 - [MESSAGE][PASSED] - Object 'Object Repository/Pages/Login/userName' is present&#xD;
&#xD;
2019-11-01 03:16:02 - [MESSAGE][PASSED] - Scroll to object 'Object Repository/Pages/Login/userName' successfully&#xD;
&#xD;
2019-11-01 03:16:02 - [MESSAGE][PASSED] - Object 'Object Repository/Pages/Login/userName' is present&#xD;
&#xD;
2019-11-01 03:16:03 - [MESSAGE][PASSED] - Object: 'Object Repository/Pages/Login/userName' is clicked on&#xD;
&#xD;
2019-11-01 03:16:03 - [MESSAGE][PASSED] - Text 'ZenQRetail' is set on object 'Object Repository/Pages/Login/userName'&#xD;
&#xD;
2019-11-01 03:16:03 - [MESSAGE][PASSED] - Object 'Object Repository/Pages/Login/password' is present&#xD;
&#xD;
2019-11-01 03:16:03 - [MESSAGE][PASSED] - Scroll to object 'Object Repository/Pages/Login/password' successfully&#xD;
&#xD;
2019-11-01 03:16:03 - [MESSAGE][PASSED] - Object 'Object Repository/Pages/Login/password' is present&#xD;
&#xD;
2019-11-01 03:16:04 - [MESSAGE][PASSED] - Object: 'Object Repository/Pages/Login/password' is clicked on&#xD;
&#xD;
2019-11-01 03:16:04 - [MESSAGE][PASSED] - Text 'P@ssword1' is set on object 'Object Repository/Pages/Login/password'&#xD;
&#xD;
2019-11-01 03:16:04 - [MESSAGE][INFO] - Safe Click Without scroll&#xD;
&#xD;
2019-11-01 03:16:04 - [MESSAGE][INFO] - New Test Suite.ts:waiting until Click on Login is Clickable&#xD;
&#xD;
2019-11-01 03:16:04 - [MESSAGE][PASSED] - Object 'Object Repository/Pages/Login/login' is clickable&#xD;
&#xD;
2019-11-01 03:16:04 - [MESSAGE][PASSED] - Object 'Object Repository/Pages/Login/login' is visible&#xD;
&#xD;
2019-11-01 03:16:06 - [MESSAGE][PASSED] - Object: 'Object Repository/Pages/Login/login' is clicked on&#xD;
&#xD;
2019-11-01 03:16:06 - [MESSAGE][INFO] - New Test Suite.ts: click on the Click on Login&#xD;
&#xD;
2019-11-01 03:16:06 - [MESSAGE][PASSED] - pages.Login.login is PASSED&#xD;
&#xD;
2019-11-01 03:16:06 - [TEST_STEP][PASSED] - callTestCase(findTestCase("FirstView/Login/TC_SendCode"), [:], STOP_ON_FAILURE): Call Test Case 'Test Cases/FirstView/Login/TC_SendCode' successfully&#xD;
&#xD;
2019-11-01 03:16:06 - [TEST_CASE][PASSED] - Test Cases/FirstView/Login/TC_SendCode: Test Cases/FirstView/Login/TC_SendCode&#xD;
&#xD;
2019-11-01 03:16:07 - [TEST_STEP][PASSED] - flag = pages.SendCode.verifyPage(): pages.SendCode.verifyPage is PASSED&#xD;
&#xD;
2019-11-01 03:16:07 - [MESSAGE][PASSED] - Object 'Object Repository/Pages/SendCodeToValidate/header_SendCodeToValidate' is present and visible in viewport&#xD;
&#xD;
2019-11-01 03:16:07 - [MESSAGE][PASSED] - pages.SendCode.verifyPage is PASSED&#xD;
&#xD;
2019-11-01 03:16:07 - [TEST_STEP][PASSED] - if (flag): pages.SendCode.clickonUserSettings is PASSED&#xD;
&#xD;
2019-11-01 03:16:07 - [TEST_STEP][PASSED] - pages.SendCode.clickonUserSettings(): pages.SendCode.clickonUserSettings is PASSED&#xD;
&#xD;
2019-11-01 03:16:07 - [MESSAGE][PASSED] - Object 'Object Repository/Pages/SendCodeToValidate/link_UserSettings' is present&#xD;
&#xD;
2019-11-01 03:16:07 - [MESSAGE][PASSED] - Object 'Object Repository/Pages/SendCodeToValidate/link_UserSettings' is visible&#xD;
&#xD;
2019-11-01 03:16:07 - [MESSAGE][INFO] - New Test Suite.ts:waiting until Click on User Settings is Clickable&#xD;
&#xD;
2019-11-01 03:16:07 - [MESSAGE][PASSED] - Object 'Object Repository/Pages/SendCodeToValidate/link_UserSettings' is clickable&#xD;
&#xD;
2019-11-01 03:16:07 - [MESSAGE][PASSED] - Object 'Object Repository/Pages/SendCodeToValidate/link_UserSettings' is visible&#xD;
&#xD;
2019-11-01 03:16:09 - [MESSAGE][PASSED] - Object: 'Object Repository/Pages/SendCodeToValidate/link_UserSettings' is clicked on&#xD;
&#xD;
2019-11-01 03:16:09 - [MESSAGE][INFO] - New Test Suite.ts: Clicked on the Click on User Settings&#xD;
&#xD;
2019-11-01 03:16:09 - [MESSAGE][PASSED] - pages.SendCode.clickonUserSettings is PASSED&#xD;
&#xD;
2019-11-01 03:16:09 - [MESSAGE][PASSED] - Call Test Case 'Test Cases/FirstView/Login/TC_SendCode' successfully&#xD;
&#xD;
2019-11-01 03:16:09 - [TEST_STEP][PASSED] - callTestCase(findTestCase("FirstView/Login/TC_FirstView"), [:], STOP_ON_FAILURE): Call Test Case 'Test Cases/FirstView/Login/TC_FirstView' successfully&#xD;
&#xD;
2019-11-01 03:16:09 - [TEST_CASE][PASSED] - Test Cases/FirstView/Login/TC_FirstView: Test Cases/FirstView/Login/TC_FirstView&#xD;
&#xD;
2019-11-01 03:16:09 - [TEST_STEP][NOT_RUN] - utilities.SafeActions.safeClickWithoutScroll(findTestObject("Pages/FirstView/link_Home"), "Click on Home button in First View screen", [PageLoadTime]): NOT_RUN: utilities.SafeActions.safeClickWithoutScroll(findTestObject("Pages/FirstView/link_Home"), "Click on Home button in First View screen", [PageLoadTime])&#xD;
&#xD;
2019-11-01 03:16:09 - [MESSAGE][NOT_RUN] - NOT_RUN: utilities.SafeActions.safeClickWithoutScroll(findTestObject("Pages/FirstView/link_Home"), "Click on Home button in First View screen", [PageLoadTime])&#xD;
&#xD;
2019-11-01 03:16:09 - [TEST_STEP][PASSED] - delay(3): Delayed 3 second(s)&#xD;
&#xD;
2019-11-01 03:16:12 - [MESSAGE][PASSED] - Delayed 3 second(s)&#xD;
&#xD;
2019-11-01 03:16:12 - [TEST_STEP][PASSED] - utilities.SafeActions.javascriptclick(findTestObject("Pages/FirstView/link_Home"), delayForElement): utilities.SafeActions.javascriptclick is PASSED&#xD;
&#xD;
2019-11-01 03:16:13 - [MESSAGE][PASSED] - utilities.SafeActions.javascriptclick is PASSED&#xD;
&#xD;
2019-11-01 03:16:13 - [TEST_STEP][PASSED] - utilities.SafeActions.safeClickWithoutScroll(findTestObject("Pages/FirstView/link_VPOS"), "Click on VPOS button in First View screen", [PageLoadTime]): utilities.SafeActions.safeClickWithoutScroll is PASSED&#xD;
&#xD;
2019-11-01 03:16:13 - [MESSAGE][INFO] - Safe Click Without scroll&#xD;
&#xD;
2019-11-01 03:16:13 - [MESSAGE][INFO] - New Test Suite.ts:waiting until Click on VPOS button in First View screen is Clickable&#xD;
&#xD;
2019-11-01 03:16:13 - [MESSAGE][PASSED] - Object 'Object Repository/Pages/FirstView/link_VPOS' is clickable&#xD;
&#xD;
2019-11-01 03:16:13 - [MESSAGE][PASSED] - Object 'Object Repository/Pages/FirstView/link_VPOS' is visible&#xD;
&#xD;
2019-11-01 03:16:14 - [MESSAGE][PASSED] - Object: 'Object Repository/Pages/FirstView/link_VPOS' is clicked on&#xD;
&#xD;
2019-11-01 03:16:14 - [MESSAGE][INFO] - New Test Suite.ts: click on the Click on VPOS button in First View screen&#xD;
&#xD;
2019-11-01 03:16:14 - [MESSAGE][PASSED] - utilities.SafeActions.safeClickWithoutScroll is PASSED&#xD;
&#xD;
2019-11-01 03:16:14 - [MESSAGE][PASSED] - Call Test Case 'Test Cases/FirstView/Login/TC_FirstView' successfully&#xD;
&#xD;
2019-11-01 03:16:14 - [TEST_STEP][PASSED] - switchToWindowTitle("Transcenter - VPOS"): Switched to window with title: 'Transcenter - VPOS'&#xD;
&#xD;
2019-11-01 03:16:21 - [MESSAGE][PASSED] - Switched to window with title: 'Transcenter - VPOS'&#xD;
&#xD;
2019-11-01 03:16:21 - [TEST_STEP][PASSED] - delay(delayForElement): Delayed 6 second(s)&#xD;
&#xD;
2019-11-01 03:16:27 - [MESSAGE][PASSED] - Delayed 6 second(s)&#xD;
&#xD;
2019-11-01 03:16:27 - [TEST_STEP][PASSED] - pages.Sale.verifyIfEntryModeIsChecked("Sale", "Manually Keyed", PageLoadTime): pages.Sale.verifyIfEntryModeIsChecked is PASSED&#xD;
&#xD;
2019-11-01 03:16:27 - [MESSAGE][PASSED] - Object '' is checked&#xD;
&#xD;
2019-11-01 03:16:27 - [MESSAGE][INFO] - The specified checkbox is checked&#xD;
&#xD;
2019-11-01 03:16:27 - [MESSAGE][PASSED] - pages.Sale.verifyIfEntryModeIsChecked is PASSED&#xD;
&#xD;
2019-11-01 03:16:27 - [TEST_STEP][PASSED] - scrollToElement(findTestObject("Pages/Sale/input_Amount"), PageLoadTime): Scroll to object 'Object Repository/Pages/Sale/input_Amount' successfully&#xD;
&#xD;
2019-11-01 03:16:27 - [MESSAGE][PASSED] - Scroll to object 'Object Repository/Pages/Sale/input_Amount' successfully&#xD;
&#xD;
2019-11-01 03:16:27 - [TEST_STEP][PASSED] - utilities.SafeActions.safeTypeUsingJavascript(findTestObject("Pages/Sale/input_Amount"), amountInput): utilities.SafeActions.safeTypeUsingJavascript is PASSED&#xD;
&#xD;
2019-11-01 03:16:27 - [MESSAGE][PASSED] - utilities.SafeActions.safeTypeUsingJavascript is PASSED&#xD;
&#xD;
2019-11-01 03:16:27 - [TEST_STEP][PASSED] - delay(2): Delayed 2 second(s)&#xD;
&#xD;
2019-11-01 03:16:29 - [MESSAGE][PASSED] - Delayed 2 second(s)&#xD;
&#xD;
2019-11-01 03:16:29 - [TEST_STEP][PASSED] - utilities.SafeActions.safeType(findTestObject("Pages/Sale/input_Amount"), amountInput, "Amount field", [delayForElement]): utilities.SafeActions.safeType is PASSED&#xD;
&#xD;
2019-11-01 03:16:29 - [MESSAGE][PASSED] - Object 'Object Repository/Pages/Sale/input_Amount' is present&#xD;
&#xD;
2019-11-01 03:16:29 - [MESSAGE][PASSED] - Scroll to object 'Object Repository/Pages/Sale/input_Amount' successfully&#xD;
&#xD;
2019-11-01 03:16:29 - [MESSAGE][PASSED] - Object 'Object Repository/Pages/Sale/input_Amount' is present&#xD;
&#xD;
2019-11-01 03:16:30 - [MESSAGE][PASSED] - Object: 'Object Repository/Pages/Sale/input_Amount' is clicked on&#xD;
&#xD;
2019-11-01 03:16:30 - [MESSAGE][PASSED] - Text '550' is set on object 'Object Repository/Pages/Sale/input_Amount'&#xD;
&#xD;
2019-11-01 03:16:30 - [MESSAGE][PASSED] - utilities.SafeActions.safeType is PASSED&#xD;
&#xD;
2019-11-01 03:16:30 - [TEST_STEP][NOT_RUN] - utilities.SafeActions.safeType(findTestObject("Pages/Sale/input_Amount"), amountInput, "Enter Amount into Amount text box", [PageLoadTime]): NOT_RUN: utilities.SafeActions.safeType(findTestObject("Pages/Sale/input_Amount"), amountInput, "Enter Amount into Amount text box", [PageLoadTime])&#xD;
&#xD;
2019-11-01 03:16:30 - [MESSAGE][NOT_RUN] - NOT_RUN: utilities.SafeActions.safeType(findTestObject("Pages/Sale/input_Amount"), amountInput, "Enter Amount into Amount text box", [PageLoadTime])&#xD;
&#xD;
2019-11-01 03:16:30 - [TEST_STEP][PASSED] - total_Amount = utilities.SafeActions.safeGetText(findTestObject("Pages/Sale/total_Amount"), PageLoadTime): utilities.SafeActions.safeGetText is PASSED&#xD;
&#xD;
2019-11-01 03:16:30 - [MESSAGE][PASSED] - Object 'Object Repository/Pages/Sale/total_Amount' is present&#xD;
&#xD;
2019-11-01 03:16:30 - [MESSAGE][PASSED] - Scroll to object 'Object Repository/Pages/Sale/total_Amount' successfully&#xD;
&#xD;
2019-11-01 03:16:30 - [MESSAGE][PASSED] - Object 'Object Repository/Pages/Sale/total_Amount' is present&#xD;
&#xD;
2019-11-01 03:16:31 - [MESSAGE][PASSED] - Text of object 'Object Repository/Pages/Sale/total_Amount' is: '$595.38'&#xD;
&#xD;
2019-11-01 03:16:31 - [MESSAGE][PASSED] - utilities.SafeActions.safeGetText is PASSED&#xD;
&#xD;
2019-11-01 03:16:31 - [TEST_STEP][PASSED] - scrollToElement(findTestObject("Pages/Sale/dropDown_ExpirationMonth"), PageLoadTime): Scroll to object 'Object Repository/Pages/Sale/dropDown_ExpirationMonth' successfully&#xD;
&#xD;
2019-11-01 03:16:31 - [MESSAGE][PASSED] - Scroll to object 'Object Repository/Pages/Sale/dropDown_ExpirationMonth' successfully&#xD;
&#xD;
2019-11-01 03:16:31 - [TEST_STEP][PASSED] - pages.Sale.verifyIfEntryModeIsChecked("Sale", "Card Not Present", PageLoadTime): pages.Sale.verifyIfEntryModeIsChecked is PASSED&#xD;
&#xD;
2019-11-01 03:16:31 - [MESSAGE][PASSED] - Object '' is checked&#xD;
&#xD;
2019-11-01 03:16:31 - [MESSAGE][INFO] - The specified checkbox is checked&#xD;
&#xD;
2019-11-01 03:16:31 - [MESSAGE][PASSED] - pages.Sale.verifyIfEntryModeIsChecked is PASSED&#xD;
&#xD;
2019-11-01 03:16:31 - [TEST_STEP][PASSED] - utilities.SafeActions.safeType(findTestObject("Pages/Sale/input_CardNumber"), visaCardNumber, "Entering Card Number", [PageLoadTime]): utilities.SafeActions.safeType is PASSED&#xD;
&#xD;
2019-11-01 03:16:31 - [MESSAGE][PASSED] - Object 'Object Repository/Pages/Sale/input_CardNumber' is present&#xD;
&#xD;
2019-11-01 03:16:31 - [MESSAGE][PASSED] - Scroll to object 'Object Repository/Pages/Sale/input_CardNumber' successfully&#xD;
&#xD;
2019-11-01 03:16:31 - [MESSAGE][PASSED] - Object 'Object Repository/Pages/Sale/input_CardNumber' is present&#xD;
&#xD;
2019-11-01 03:16:32 - [MESSAGE][PASSED] - Object: 'Object Repository/Pages/Sale/input_CardNumber' is clicked on&#xD;
&#xD;
2019-11-01 03:16:33 - [MESSAGE][PASSED] - Text '4111111111111111' is set on object 'Object Repository/Pages/Sale/input_CardNumber'&#xD;
&#xD;
2019-11-01 03:16:33 - [MESSAGE][PASSED] - utilities.SafeActions.safeType is PASSED&#xD;
&#xD;
2019-11-01 03:16:33 - [TEST_STEP][PASSED] - utilities.SafeActions.safeSelectOptionInDropDownByVisibleText(findTestObject("Pages/Sale/dropDown_ExpirationMonth"), cardMonth, "Select Expiration Month", [PageLoadTime]): utilities.SafeActions.safeSelectOptionInDropDownByVisibleText is PASSED&#xD;
&#xD;
2019-11-01 03:16:33 - [MESSAGE][PASSED] - Object 'Object Repository/Pages/Sale/dropDown_ExpirationMonth' is visible&#xD;
&#xD;
2019-11-01 03:16:33 - [MESSAGE][PASSED] - Object 'Object Repository/Pages/Sale/dropDown_ExpirationMonth' is present&#xD;
&#xD;
2019-11-01 03:16:34 - [MESSAGE][PASSED] - Object: 'Object Repository/Pages/Sale/dropDown_ExpirationMonth' is clicked on&#xD;
&#xD;
2019-11-01 03:16:35 - [MESSAGE][PASSED] - All options with label 'September' are selected in object 'Object Repository/Pages/Sale/dropDown_ExpirationMonth' &#xD;
&#xD;
2019-11-01 03:16:35 - [MESSAGE][PASSED] - utilities.SafeActions.safeSelectOptionInDropDownByVisibleText is PASSED&#xD;
&#xD;
2019-11-01 03:16:35 - [TEST_STEP][PASSED] - utilities.SafeActions.safeSelectOptionInDropDownByVisibleText(findTestObject("Pages/Sale/dropDown_ExpirationYear"), cardYear, "Select Expiration Year", [PageLoadTime]): utilities.SafeActions.safeSelectOptionInDropDownByVisibleText is PASSED&#xD;
&#xD;
2019-11-01 03:16:35 - [MESSAGE][PASSED] - Object 'Object Repository/Pages/Sale/dropDown_ExpirationYear' is visible&#xD;
&#xD;
2019-11-01 03:16:35 - [MESSAGE][PASSED] - Object 'Object Repository/Pages/Sale/dropDown_ExpirationYear' is present&#xD;
&#xD;
2019-11-01 03:16:36 - [MESSAGE][PASSED] - Object: 'Object Repository/Pages/Sale/dropDown_ExpirationYear' is clicked on&#xD;
&#xD;
2019-11-01 03:16:36 - [MESSAGE][PASSED] - All options with label '2023' are selected in object 'Object Repository/Pages/Sale/dropDown_ExpirationYear' &#xD;
&#xD;
2019-11-01 03:16:36 - [MESSAGE][PASSED] - utilities.SafeActions.safeSelectOptionInDropDownByVisibleText is PASSED&#xD;
&#xD;
2019-11-01 03:16:36 - [TEST_STEP][PASSED] - utilities.SafeActions.safeClickWithoutScrollOnLabel(findTestObject("Pages/Sale/label_ExpirationYear"), "Click on Exp Year label", [PageLoadTime]): utilities.SafeActions.safeClickWithoutScrollOnLabel is PASSED&#xD;
&#xD;
2019-11-01 03:16:36 - [MESSAGE][INFO] - Safe Click Without scroll On Label&#xD;
&#xD;
2019-11-01 03:16:36 - [MESSAGE][PASSED] - Object 'Object Repository/Pages/Sale/label_ExpirationYear' is visible&#xD;
&#xD;
2019-11-01 03:16:36 - [MESSAGE][INFO] - New Test Suite.ts: click on the Click on Exp Year label&#xD;
&#xD;
2019-11-01 03:16:37 - [MESSAGE][PASSED] - Object: 'Object Repository/Pages/Sale/label_ExpirationYear' is clicked on&#xD;
&#xD;
2019-11-01 03:16:37 - [MESSAGE][PASSED] - utilities.SafeActions.safeClickWithoutScrollOnLabel is PASSED&#xD;
&#xD;
2019-11-01 03:16:37 - [TEST_STEP][PASSED] - delay(delayBetweenTestSteps): Delayed 3 second(s)&#xD;
&#xD;
2019-11-01 03:16:40 - [MESSAGE][PASSED] - Delayed 3 second(s)&#xD;
&#xD;
2019-11-01 03:16:40 - [TEST_STEP][NOT_RUN] - utilities.SafeActions.safeType(findTestObject("Pages/Sale/input_SecurityCode"), securityCode, "Enter Security code", [delayForElement]): NOT_RUN: utilities.SafeActions.safeType(findTestObject("Pages/Sale/input_SecurityCode"), securityCode, "Enter Security code", [delayForElement])&#xD;
&#xD;
2019-11-01 03:16:40 - [MESSAGE][NOT_RUN] - NOT_RUN: utilities.SafeActions.safeType(findTestObject("Pages/Sale/input_SecurityCode"), securityCode, "Enter Security code", [delayForElement])&#xD;
&#xD;
2019-11-01 03:16:40 - [TEST_STEP][PASSED] - scrollToElement(findTestObject("Pages/Sale/invoiceNumber"), PageLoadTime): Scroll to object 'Object Repository/Pages/Sale/invoiceNumber' successfully&#xD;
&#xD;
2019-11-01 03:16:40 - [MESSAGE][PASSED] - Scroll to object 'Object Repository/Pages/Sale/invoiceNumber' successfully&#xD;
&#xD;
2019-11-01 03:16:40 - [TEST_STEP][PASSED] - invoiceNumber = utilities.SafeActions.safeGetText(findTestObject("Pages/Sale/invoiceNumber"), PageLoadTime): utilities.SafeActions.safeGetText is PASSED&#xD;
&#xD;
2019-11-01 03:16:40 - [MESSAGE][PASSED] - Object 'Object Repository/Pages/Sale/invoiceNumber' is present&#xD;
&#xD;
2019-11-01 03:16:40 - [MESSAGE][PASSED] - Scroll to object 'Object Repository/Pages/Sale/invoiceNumber' successfully&#xD;
&#xD;
2019-11-01 03:16:40 - [MESSAGE][PASSED] - Object 'Object Repository/Pages/Sale/invoiceNumber' is present&#xD;
&#xD;
2019-11-01 03:16:41 - [MESSAGE][PASSED] - Text of object 'Object Repository/Pages/Sale/invoiceNumber' is: '157258178149470'&#xD;
&#xD;
2019-11-01 03:16:41 - [MESSAGE][PASSED] - utilities.SafeActions.safeGetText is PASSED&#xD;
&#xD;
2019-11-01 03:16:41 - [TEST_STEP][PASSED] - pages.Sale.verifyIfAdditionalPromptingIsChecked("Save to Vault?", PageLoadTime): pages.Sale.verifyIfAdditionalPromptingIsChecked is PASSED&#xD;
&#xD;
2019-11-01 03:16:41 - [MESSAGE][WARNING] - Object '' is not checked (Root cause: com.kms.katalon.core.exception.StepFailedException: Object '' is not checked&#xD;
	at com.kms.katalon.core.webui.keyword.internal.WebUIKeywordMain.stepFailed(WebUIKeywordMain.groovy:64)&#xD;
	at com.kms.katalon.core.webui.keyword.builtin.VerifyElementCheckedKeyword$_verifyElementChecked_closure1.doCall(VerifyElementCheckedKeyword.groovy:81)&#xD;
	at com.kms.katalon.core.webui.keyword.builtin.VerifyElementCheckedKeyword$_verifyElementChecked_closure1.call(VerifyElementCheckedKeyword.groovy)&#xD;
	at com.kms.katalon.core.webui.keyword.internal.WebUIKeywordMain.runKeyword(WebUIKeywordMain.groovy:20)&#xD;
	at com.kms.katalon.core.webui.keyword.builtin.VerifyElementCheckedKeyword.verifyElementChecked(VerifyElementCheckedKeyword.groovy:92)&#xD;
	at com.kms.katalon.core.webui.keyword.builtin.VerifyElementCheckedKeyword.execute(VerifyElementCheckedKeyword.groovy:68)&#xD;
	at com.kms.katalon.core.keyword.internal.KeywordExecutor.executeKeywordForPlatform(KeywordExecutor.groovy:56)&#xD;
	at com.kms.katalon.core.webui.keyword.WebUiBuiltInKeywords.verifyElementChecked(WebUiBuiltInKeywords.groovy:1352)&#xD;
	at com.kms.katalon.core.webui.keyword.WebUiBuiltInKeywords$verifyElementChecked$10.call(Unknown Source)&#xD;
	at pages.Sale.verifyIfAdditionalPromptingIsChecked(Sale.groovy:71)&#xD;
	at pages.Sale.invokeMethod(Sale.groovy)&#xD;
	at com.kms.katalon.core.main.CustomKeywordDelegatingMetaClass.invokeStaticMethod(CustomKeywordDelegatingMetaClass.java:50)&#xD;
	at VPOS_Sale_Transaction_Retail_SaveToVault.run(VPOS_Sale_Transaction_Retail_SaveToVault:91)&#xD;
	at com.kms.katalon.core.main.ScriptEngine.run(ScriptEngine.java:194)&#xD;
	at com.kms.katalon.core.main.ScriptEngine.runScriptAsRawText(ScriptEngine.java:119)&#xD;
	at com.kms.katalon.core.main.TestCaseExecutor.runScript(TestCaseExecutor.java:337)&#xD;
	at com.kms.katalon.core.main.TestCaseExecutor.doExecute(TestCaseExecutor.java:328)&#xD;
	at com.kms.katalon.core.main.TestCaseExecutor.processExecutionPhase(TestCaseExecutor.java:307)&#xD;
	at com.kms.katalon.core.main.TestCaseExecutor.accessMainPhase(TestCaseExecutor.java:299)&#xD;
	at com.kms.katalon.core.main.TestCaseExecutor.execute(TestCaseExecutor.java:233)&#xD;
	at com.kms.katalon.core.main.TestSuiteExecutor.accessTestCaseMainPhase(TestSuiteExecutor.java:169)&#xD;
	at com.kms.katalon.core.main.TestSuiteExecutor.accessTestSuiteMainPhase(TestSuiteExecutor.java:142)&#xD;
	at com.kms.katalon.core.main.TestSuiteExecutor.execute(TestSuiteExecutor.java:91)&#xD;
	at com.kms.katalon.core.main.TestCaseMain.startTestSuite(TestCaseMain.java:157)&#xD;
	at com.kms.katalon.core.main.TestCaseMain$startTestSuite$0.call(Unknown Source)&#xD;
	at TempTestSuite1572595823178.run(TempTestSuite1572595823178.groovy:35)&#xD;
)&#xD;
[[ATTACHMENT|C:\\VPOS_Git_31-10-2019\\VPOS_Internal\\Reports\\20191101_031023\\New Test Suite\\20191101_031023\\1572596201262.png]]&#xD;
&#xD;
2019-11-01 03:16:41 - [MESSAGE][PASSED] - Object: '' is clicked on&#xD;
&#xD;
2019-11-01 03:16:41 - [MESSAGE][INFO] - The specified checkbox is checked Now&#xD;
&#xD;
2019-11-01 03:16:41 - [MESSAGE][PASSED] - pages.Sale.verifyIfAdditionalPromptingIsChecked is PASSED&#xD;
&#xD;
2019-11-01 03:16:41 - [TEST_STEP][PASSED] - utilities.SafeActions.safeClickwithScroll(findTestObject("Pages/Sale/button_Checkout"), "Click on Checkout button", [PageLoadTime]): utilities.SafeActions.safeClickwithScroll is PASSED&#xD;
&#xD;
2019-11-01 03:16:41 - [MESSAGE][PASSED] - Object 'Object Repository/Pages/Sale/button_Checkout' is present&#xD;
&#xD;
2019-11-01 03:16:41 - [MESSAGE][PASSED] - Object 'Object Repository/Pages/Sale/button_Checkout' is visible&#xD;
&#xD;
2019-11-01 03:16:41 - [MESSAGE][INFO] - New Test Suite.ts:waiting until Click on Checkout button is Clickable&#xD;
&#xD;
2019-11-01 03:17:42 - [MESSAGE][WARNING] - Object 'Object Repository/Pages/Sale/button_Checkout' is not clickable after 60 second(s)&#xD;
&#xD;
2019-11-01 03:17:42 - [MESSAGE][PASSED] - Object 'Object Repository/Pages/Sale/button_Checkout' is visible&#xD;
&#xD;
2019-11-01 03:17:43 - [MESSAGE][PASSED] - Object: 'Object Repository/Pages/Sale/button_Checkout' is clicked on&#xD;
&#xD;
2019-11-01 03:17:43 - [MESSAGE][INFO] - New Test Suite.ts: Clicked on the Click on Checkout button&#xD;
&#xD;
2019-11-01 03:17:43 - [MESSAGE][PASSED] - utilities.SafeActions.safeClickwithScroll is PASSED&#xD;
&#xD;
2019-11-01 03:17:43 - [TEST_STEP][FAILED] - pages.Sale.verifyTransactionCompletePage(findTestObject("Pages/Sale/heading_TransactionComplete")): com.kms.katalon.core.exception.StepFailedException: unable to verify the Transaction Complete page&#xD;
&#xD;
2019-11-01 03:18:48 - [MESSAGE][INFO] - Unable to find the element located by 'By.xpath: //h5[text()='Transaction Complete']'. Please recheck the objects properties to make sure the desired element is located. &#xD;
&#xD;
2019-11-01 03:18:48 - [MESSAGE][FAILED] - com.kms.katalon.core.webui.exception.WebElementNotFoundException: Web element with id: 'Object Repository/Pages/Sale/heading_TransactionComplete' located by 'By.xpath: //h5[text()='Transaction Complete']' not found (Root cause: com.kms.katalon.core.exception.StepFailedException: com.kms.katalon.core.webui.exception.WebElementNotFoundException: Web element with id: 'Object Repository/Pages/Sale/heading_TransactionComplete' located by 'By.xpath: //h5[text()='Transaction Complete']' not found&#xD;
	at com.kms.katalon.core.webui.keyword.internal.WebUIKeywordMain.stepFailed(WebUIKeywordMain.groovy:64)&#xD;
	at com.kms.katalon.core.webui.keyword.builtin.VerifyElementPresentKeyword$_verifyElementPresent_closure1.doCall(VerifyElementPresentKeyword.groovy:85)&#xD;
	at com.kms.katalon.core.webui.keyword.builtin.VerifyElementPresentKeyword$_verifyElementPresent_closure1.call(VerifyElementPresentKeyword.groovy)&#xD;
	at com.kms.katalon.core.webui.keyword.internal.WebUIKeywordMain.runKeyword(WebUIKeywordMain.groovy:20)&#xD;
	at com.kms.katalon.core.webui.keyword.builtin.VerifyElementPresentKeyword.verifyElementPresent(VerifyElementPresentKeyword.groovy:92)&#xD;
	at com.kms.katalon.core.webui.keyword.builtin.VerifyElementPresentKeyword.execute(VerifyElementPresentKeyword.groovy:68)&#xD;
	at com.kms.katalon.core.keyword.internal.KeywordExecutor.executeKeywordForPlatform(KeywordExecutor.groovy:56)&#xD;
	at com.kms.katalon.core.webui.keyword.WebUiBuiltInKeywords.verifyElementPresent(WebUiBuiltInKeywords.groovy:1434)&#xD;
	at com.kms.katalon.core.webui.keyword.WebUiBuiltInKeywords$verifyElementPresent$3.call(Unknown Source)&#xD;
	at pages.Sale.verifyTransactionCompletePage(Sale.groovy:105)&#xD;
	at pages.Sale.invokeMethod(Sale.groovy)&#xD;
	at com.kms.katalon.core.main.CustomKeywordDelegatingMetaClass.invokeStaticMethod(CustomKeywordDelegatingMetaClass.java:50)&#xD;
	at VPOS_Sale_Transaction_Retail_SaveToVault.run(VPOS_Sale_Transaction_Retail_SaveToVault:114)&#xD;
	at com.kms.katalon.core.main.ScriptEngine.run(ScriptEngine.java:194)&#xD;
	at com.kms.katalon.core.main.ScriptEngine.runScriptAsRawText(ScriptEngine.java:119)&#xD;
	at com.kms.katalon.core.main.TestCaseExecutor.runScript(TestCaseExecutor.java:337)&#xD;
	at com.kms.katalon.core.main.TestCaseExecutor.doExecute(TestCaseExecutor.java:328)&#xD;
	at com.kms.katalon.core.main.TestCaseExecutor.processExecutionPhase(TestCaseExecutor.java:307)&#xD;
	at com.kms.katalon.core.main.TestCaseExecutor.accessMainPhase(TestCaseExecutor.java:299)&#xD;
	at com.kms.katalon.core.main.TestCaseExecutor.execute(TestCaseExecutor.java:233)&#xD;
	at com.kms.katalon.core.main.TestSuiteExecutor.accessTestCaseMainPhase(TestSuiteExecutor.java:169)&#xD;
	at com.kms.katalon.core.main.TestSuiteExecutor.accessTestSuiteMainPhase(TestSuiteExecutor.java:142)&#xD;
	at com.kms.katalon.core.main.TestSuiteExecutor.execute(TestSuiteExecutor.java:91)&#xD;
	at com.kms.katalon.core.main.TestCaseMain.startTestSuite(TestCaseMain.java:157)&#xD;
	at com.kms.katalon.core.main.TestCaseMain$startTestSuite$0.call(Unknown Source)&#xD;
	at TempTestSuite1572595823178.run(TempTestSuite1572595823178.groovy:35)&#xD;
)&#xD;
[[ATTACHMENT|C:\\VPOS_Git_31-10-2019\\VPOS_Internal\\Reports\\20191101_031023\\New Test Suite\\20191101_031023\\1572596328115.png]]&#xD;
&#xD;
2019-11-01 03:18:48 - [MESSAGE][FAILED] - Unable to verify object 'Object Repository/Pages/Sale/heading_TransactionComplete' is present (Root cause: com.kms.katalon.core.exception.StepFailedException: Unable to verify object 'Object Repository/Pages/Sale/heading_TransactionComplete' is present&#xD;
	at com.kms.katalon.core.webui.keyword.internal.WebUIKeywordMain.stepFailed(WebUIKeywordMain.groovy:64)&#xD;
	at com.kms.katalon.core.webui.keyword.internal.WebUIKeywordMain.runKeyword(WebUIKeywordMain.groovy:26)&#xD;
	at com.kms.katalon.core.webui.keyword.builtin.VerifyElementPresentKeyword.verifyElementPresent(VerifyElementPresentKeyword.groovy:92)&#xD;
	at com.kms.katalon.core.webui.keyword.builtin.VerifyElementPresentKeyword.execute(VerifyElementPresentKeyword.groovy:68)&#xD;
	at com.kms.katalon.core.keyword.internal.KeywordExecutor.executeKeywordForPlatform(KeywordExecutor.groovy:56)&#xD;
	at com.kms.katalon.core.webui.keyword.WebUiBuiltInKeywords.verifyElementPresent(WebUiBuiltInKeywords.groovy:1434)&#xD;
	at com.kms.katalon.core.webui.keyword.WebUiBuiltInKeywords$verifyElementPresent$3.call(Unknown Source)&#xD;
	at pages.Sale.verifyTransactionCompletePage(Sale.groovy:105)&#xD;
	at pages.Sale.invokeMethod(Sale.groovy)&#xD;
	at com.kms.katalon.core.main.CustomKeywordDelegatingMetaClass.invokeStaticMethod(CustomKeywordDelegatingMetaClass.java:50)&#xD;
	at VPOS_Sale_Transaction_Retail_SaveToVault.run(VPOS_Sale_Transaction_Retail_SaveToVault:114)&#xD;
	at com.kms.katalon.core.main.ScriptEngine.run(ScriptEngine.java:194)&#xD;
	at com.kms.katalon.core.main.ScriptEngine.runScriptAsRawText(ScriptEngine.java:119)&#xD;
	at com.kms.katalon.core.main.TestCaseExecutor.runScript(TestCaseExecutor.java:337)&#xD;
	at com.kms.katalon.core.main.TestCaseExecutor.doExecute(TestCaseExecutor.java:328)&#xD;
	at com.kms.katalon.core.main.TestCaseExecutor.processExecutionPhase(TestCaseExecutor.java:307)&#xD;
	at com.kms.katalon.core.main.TestCaseExecutor.accessMainPhase(TestCaseExecutor.java:299)&#xD;
	at com.kms.katalon.core.main.TestCaseExecutor.execute(TestCaseExecutor.java:233)&#xD;
	at com.kms.katalon.core.main.TestSuiteExecutor.accessTestCaseMainPhase(TestSuiteExecutor.java:169)&#xD;
	at com.kms.katalon.core.main.TestSuiteExecutor.accessTestSuiteMainPhase(TestSuiteExecutor.java:142)&#xD;
	at com.kms.katalon.core.main.TestSuiteExecutor.execute(TestSuiteExecutor.java:91)&#xD;
	at com.kms.katalon.core.main.TestCaseMain.startTestSuite(TestCaseMain.java:157)&#xD;
	at com.kms.katalon.core.main.TestCaseMain$startTestSuite$0.call(Unknown Source)&#xD;
	at TempTestSuite1572595823178.run(TempTestSuite1572595823178.groovy:35)&#xD;
Caused by: com.kms.katalon.core.exception.StepFailedException: com.kms.katalon.core.webui.exception.WebElementNotFoundException: Web element with id: 'Object Repository/Pages/Sale/heading_TransactionComplete' located by 'By.xpath: //h5[text()='Transaction Complete']' not found&#xD;
	at com.kms.katalon.core.webui.keyword.internal.WebUIKeywordMain.stepFailed(WebUIKeywordMain.groovy:64)&#xD;
	at com.kms.katalon.core.webui.keyword.builtin.VerifyElementPresentKeyword$_verifyElementPresent_closure1.doCall(VerifyElementPresentKeyword.groovy:85)&#xD;
	at com.kms.katalon.core.webui.keyword.builtin.VerifyElementPresentKeyword$_verifyElementPresent_closure1.call(VerifyElementPresentKeyword.groovy)&#xD;
	at com.kms.katalon.core.webui.keyword.internal.WebUIKeywordMain.runKeyword(WebUIKeywordMain.groovy:20)&#xD;
	... 22 more&#xD;
)&#xD;
[[ATTACHMENT|C:\\VPOS_Git_31-10-2019\\VPOS_Internal\\Reports\\20191101_031023\\New Test Suite\\20191101_031023\\1572596328522.png]]&#xD;
&#xD;
2019-11-01 03:18:48 - [MESSAGE][FAILED] - unable to verify the Transaction Complete page&#xD;
&#xD;
2019-11-01 03:18:48 - [MESSAGE][FAILED] - com.kms.katalon.core.exception.StepFailedException: unable to verify the Transaction Complete page&#xD;
&#xD;
2019-11-01 03:18:48 - [TEST_STEP][FAILED] - scrollToElement(findTestObject("Pages/Sale/input_VaultReferenceNumber"), PageLoadTime): Unable to scroll to object 'Object Repository/Pages/Sale/input_VaultReferenceNumber' (Root cause: com.kms.katalon.core.exception.StepFailedException: Unable to scroll to object 'Object Repository/Pages/Sale/input_VaultReferenceNumber'&#xD;
	at com.kms.katalon.core.webui.keyword.internal.WebUIKeywordMain.stepFailed(WebUIKeywordMain.groovy:64)&#xD;
	at com.kms.katalon.core.webui.keyword.internal.WebUIKeywordMain.runKeyword(WebUIKeywordMain.groovy:26)&#xD;
	at com.kms.katalon.core.webui.keyword.builtin.ScrollToElementKeyword.scrollToElement(ScrollToElementKeyword.groovy:88)&#xD;
	at com.kms.katalon.core.webui.keyword.builtin.ScrollToElementKeyword.execute(ScrollToElementKeyword.groovy:68)&#xD;
	at com.kms.katalon.core.keyword.internal.KeywordExecutor.executeKeywordForPlatform(KeywordExecutor.groovy:56)&#xD;
	at com.kms.katalon.core.webui.keyword.WebUiBuiltInKeywords.scrollToElement(WebUiBuiltInKeywords.groovy:2975)&#xD;
	at com.kms.katalon.core.webui.keyword.WebUiBuiltInKeywords$scrollToElement$2.call(Unknown Source)&#xD;
	at VPOS_Sale_Transaction_Retail_SaveToVault.run(VPOS_Sale_Transaction_Retail_SaveToVault:117)&#xD;
	at com.kms.katalon.core.main.ScriptEngine.run(ScriptEngine.java:194)&#xD;
	at com.kms.katalon.core.main.ScriptEngine.runScriptAsRawText(ScriptEngine.java:119)&#xD;
	at com.kms.katalon.core.main.TestCaseExecutor.runScript(TestCaseExecutor.java:337)&#xD;
	at com.kms.katalon.core.main.TestCaseExecutor.doExecute(TestCaseExecutor.java:328)&#xD;
	at com.kms.katalon.core.main.TestCaseExecutor.processExecutionPhase(TestCaseExecutor.java:307)&#xD;
	at com.kms.katalon.core.main.TestCaseExecutor.accessMainPhase(TestCaseExecutor.java:299)&#xD;
	at com.kms.katalon.core.main.TestCaseExecutor.execute(TestCaseExecutor.java:233)&#xD;
	at com.kms.katalon.core.main.TestSuiteExecutor.accessTestCaseMainPhase(TestSuiteExecutor.java:169)&#xD;
	at com.kms.katalon.core.main.TestSuiteExecutor.accessTestSuiteMainPhase(TestSuiteExecutor.java:142)&#xD;
	at com.kms.katalon.core.main.TestSuiteExecutor.execute(TestSuiteExecutor.java:91)&#xD;
	at com.kms.katalon.core.main.TestCaseMain.startTestSuite(TestCaseMain.java:157)&#xD;
	at com.kms.katalon.core.main.TestCaseMain$startTestSuite$0.call(Unknown Source)&#xD;
	at TempTestSuite1572595823178.run(TempTestSuite1572595823178.groovy:35)&#xD;
Caused by: com.kms.katalon.core.webui.exception.WebElementNotFoundException: Web element with id: 'Object Repository/Pages/Sale/input_VaultReferenceNumber' located by 'By.xpath: //input[@id='text-vault-ref-num']' not found&#xD;
	at com.kms.katalon.core.webui.common.WebUiCommonHelper.findWebElement(WebUiCommonHelper.java:1097)&#xD;
	at com.kms.katalon.core.webui.keyword.internal.WebUIAbstractKeyword.findWebElement(WebUIAbstractKeyword.groovy:27)&#xD;
	at com.kms.katalon.core.webui.keyword.internal.WebUIAbstractKeyword.findWebElement(WebUIAbstractKeyword.groovy:26)&#xD;
	at com.kms.katalon.core.webui.keyword.builtin.ScrollToElementKeyword$_scrollToElement_closure1.doCall(ScrollToElementKeyword.groovy:79)&#xD;
	at com.kms.katalon.core.webui.keyword.builtin.ScrollToElementKeyword$_scrollToElement_closure1.call(ScrollToElementKeyword.groovy)&#xD;
	at com.kms.katalon.core.webui.keyword.internal.WebUIKeywordMain.runKeyword(WebUIKeywordMain.groovy:20)&#xD;
	at com.kms.katalon.core.webui.keyword.builtin.ScrollToElementKeyword.scrollToElement(ScrollToElementKeyword.groovy:88)&#xD;
	at com.kms.katalon.core.webui.keyword.builtin.ScrollToElementKeyword.execute(ScrollToElementKeyword.groovy:68)&#xD;
	at com.kms.katalon.core.keyword.internal.KeywordExecutor.executeKeywordForPlatform(KeywordExecutor.groovy:56)&#xD;
	at com.kms.katalon.core.webui.keyword.WebUiBuiltInKeywords.scrollToElement(WebUiBuiltInKeywords.groovy:2975)&#xD;
	at com.kms.katalon.core.webui.keyword.WebUiBuiltInKeywords$scrollToElement$2.call(Unknown Source)&#xD;
	at Script1572524991444.run(Script1572524991444.groovy:117)&#xD;
	... 13 more&#xD;
)&#xD;
&#xD;
2019-11-01 03:19:20 - [MESSAGE][INFO] - Unable to find the element located by 'By.xpath: //input[@id='text-vault-ref-num']'. Please recheck the objects properties to make sure the desired element is located. &#xD;
&#xD;
2019-11-01 03:19:21 - [MESSAGE][FAILED] - Unable to scroll to object 'Object Repository/Pages/Sale/input_VaultReferenceNumber' (Root cause: com.kms.katalon.core.exception.StepFailedException: Unable to scroll to object 'Object Repository/Pages/Sale/input_VaultReferenceNumber'&#xD;
	at com.kms.katalon.core.webui.keyword.internal.WebUIKeywordMain.stepFailed(WebUIKeywordMain.groovy:64)&#xD;
	at com.kms.katalon.core.webui.keyword.internal.WebUIKeywordMain.runKeyword(WebUIKeywordMain.groovy:26)&#xD;
	at com.kms.katalon.core.webui.keyword.builtin.ScrollToElementKeyword.scrollToElement(ScrollToElementKeyword.groovy:88)&#xD;
	at com.kms.katalon.core.webui.keyword.builtin.ScrollToElementKeyword.execute(ScrollToElementKeyword.groovy:68)&#xD;
	at com.kms.katalon.core.keyword.internal.KeywordExecutor.executeKeywordForPlatform(KeywordExecutor.groovy:56)&#xD;
	at com.kms.katalon.core.webui.keyword.WebUiBuiltInKeywords.scrollToElement(WebUiBuiltInKeywords.groovy:2975)&#xD;
	at com.kms.katalon.core.webui.keyword.WebUiBuiltInKeywords$scrollToElement$2.call(Unknown Source)&#xD;
	at VPOS_Sale_Transaction_Retail_SaveToVault.run(VPOS_Sale_Transaction_Retail_SaveToVault:117)&#xD;
	at com.kms.katalon.core.main.ScriptEngine.run(ScriptEngine.java:194)&#xD;
	at com.kms.katalon.core.main.ScriptEngine.runScriptAsRawText(ScriptEngine.java:119)&#xD;
	at com.kms.katalon.core.main.TestCaseExecutor.runScript(TestCaseExecutor.java:337)&#xD;
	at com.kms.katalon.core.main.TestCaseExecutor.doExecute(TestCaseExecutor.java:328)&#xD;
	at com.kms.katalon.core.main.TestCaseExecutor.processExecutionPhase(TestCaseExecutor.java:307)&#xD;
	at com.kms.katalon.core.main.TestCaseExecutor.accessMainPhase(TestCaseExecutor.java:299)&#xD;
	at com.kms.katalon.core.main.TestCaseExecutor.execute(TestCaseExecutor.java:233)&#xD;
	at com.kms.katalon.core.main.TestSuiteExecutor.accessTestCaseMainPhase(TestSuiteExecutor.java:169)&#xD;
	at com.kms.katalon.core.main.TestSuiteExecutor.accessTestSuiteMainPhase(TestSuiteExecutor.java:142)&#xD;
	at com.kms.katalon.core.main.TestSuiteExecutor.execute(TestSuiteExecutor.java:91)&#xD;
	at com.kms.katalon.core.main.TestCaseMain.startTestSuite(TestCaseMain.java:157)&#xD;
	at com.kms.katalon.core.main.TestCaseMain$startTestSuite$0.call(Unknown Source)&#xD;
	at TempTestSuite1572595823178.run(TempTestSuite1572595823178.groovy:35)&#xD;
Caused by: com.kms.katalon.core.webui.exception.WebElementNotFoundException: Web element with id: 'Object Repository/Pages/Sale/input_VaultReferenceNumber' located by 'By.xpath: //input[@id='text-vault-ref-num']' not found&#xD;
	at com.kms.katalon.core.webui.common.WebUiCommonHelper.findWebElement(WebUiCommonHelper.java:1097)&#xD;
	at com.kms.katalon.core.webui.keyword.internal.WebUIAbstractKeyword.findWebElement(WebUIAbstractKeyword.groovy:27)&#xD;
	at com.kms.katalon.core.webui.keyword.internal.WebUIAbstractKeyword.findWebElement(WebUIAbstractKeyword.groovy:26)&#xD;
	at com.kms.katalon.core.webui.keyword.builtin.ScrollToElementKeyword$_scrollToElement_closure1.doCall(ScrollToElementKeyword.groovy:79)&#xD;
	at com.kms.katalon.core.webui.keyword.builtin.ScrollToElementKeyword$_scrollToElement_closure1.call(ScrollToElementKeyword.groovy)&#xD;
	at com.kms.katalon.core.webui.keyword.internal.WebUIKeywordMain.runKeyword(WebUIKeywordMain.groovy:20)&#xD;
	at com.kms.katalon.core.webui.keyword.builtin.ScrollToElementKeyword.scrollToElement(ScrollToElementKeyword.groovy:88)&#xD;
	at com.kms.katalon.core.webui.keyword.builtin.ScrollToElementKeyword.execute(ScrollToElementKeyword.groovy:68)&#xD;
	at com.kms.katalon.core.keyword.internal.KeywordExecutor.executeKeywordForPlatform(KeywordExecutor.groovy:56)&#xD;
	at com.kms.katalon.core.webui.keyword.WebUiBuiltInKeywords.scrollToElement(WebUiBuiltInKeywords.groovy:2975)&#xD;
	at com.kms.katalon.core.webui.keyword.WebUiBuiltInKeywords$scrollToElement$2.call(Unknown Source)&#xD;
	at Script1572524991444.run(Script1572524991444.groovy:117)&#xD;
	... 13 more&#xD;
)&#xD;
[[ATTACHMENT|C:\\VPOS_Git_31-10-2019\\VPOS_Internal\\Reports\\20191101_031023\\New Test Suite\\20191101_031023\\1572596360441.png]]&#xD;
&#xD;
2019-11-01 03:19:21 - [TEST_STEP][PASSED] - Start listener action : sampleAfterTestCase: null&#xD;
&#xD;
2019-11-01 03:19:21 - [TEST_STEP][PASSED] - println(testCaseContext.getTestCaseId()): null&#xD;
&#xD;
2019-11-01 03:19:21 - [TEST_STEP][PASSED] - println(testCaseContext.getTestCaseStatus()): null&#xD;
&#xD;
2019-11-01 03:19:21 - [TEST_STEP][PASSED] - testCaseName = testCaseContext.getTestCaseId(): null&#xD;
&#xD;
2019-11-01 03:19:21 - [TEST_STEP][PASSED] - strCount = testCaseName.lastIndexOf("/"): null&#xD;
&#xD;
2019-11-01 03:19:21 - [TEST_STEP][PASSED] - testCaseName = testCaseName.substring(strCount): null&#xD;
&#xD;
2019-11-01 03:19:21 - [TEST_STEP][PASSED] - println(testCaseName): null&#xD;
&#xD;
2019-11-01 03:19:21 - [TEST_STEP][PASSED] - if (getTestCaseStatus().equalsIgnoreCase("Error")): null&#xD;
&#xD;
2019-11-01 03:19:21 - [TEST_STEP][PASSED] - Start listener action : sampleAfterTestCase: null</system-out>
            <system-err>2019-11-01 03:15:48 - [TEST_CASE][FAILED] - Test Cases/FirstView/Sale/VPOS_Sale_Transaction_Retail_SaveToVault: Test Cases/FirstView/Sale/VPOS_Sale_Transaction_Retail_SaveToVault FAILED.
Reason:
com.kms.katalon.core.exception.StepFailedException: unable to verify the Transaction Complete page&#xD;
	at com.kms.katalon.core.util.KeywordUtil.markFailed(KeywordUtil.java:19)&#xD;
	at com.kms.katalon.core.util.KeywordUtil$markFailed$1.call(Unknown Source)&#xD;
	at pages.Sale.verifyTransactionCompletePage(Sale.groovy:117)&#xD;
	at pages.Sale.invokeMethod(Sale.groovy)&#xD;
	at com.kms.katalon.core.main.CustomKeywordDelegatingMetaClass.invokeStaticMethod(CustomKeywordDelegatingMetaClass.java:50)&#xD;
	at VPOS_Sale_Transaction_Retail_SaveToVault.run(VPOS_Sale_Transaction_Retail_SaveToVault:114)&#xD;
	at com.kms.katalon.core.main.ScriptEngine.run(ScriptEngine.java:194)&#xD;
	at com.kms.katalon.core.main.ScriptEngine.runScriptAsRawText(ScriptEngine.java:119)&#xD;
	at com.kms.katalon.core.main.TestCaseExecutor.runScript(TestCaseExecutor.java:337)&#xD;
	at com.kms.katalon.core.main.TestCaseExecutor.doExecute(TestCaseExecutor.java:328)&#xD;
	at com.kms.katalon.core.main.TestCaseExecutor.processExecutionPhase(TestCaseExecutor.java:307)&#xD;
	at com.kms.katalon.core.main.TestCaseExecutor.accessMainPhase(TestCaseExecutor.java:299)&#xD;
	at com.kms.katalon.core.main.TestCaseExecutor.execute(TestCaseExecutor.java:233)&#xD;
	at com.kms.katalon.core.main.TestSuiteExecutor.accessTestCaseMainPhase(TestSuiteExecutor.java:169)&#xD;
	at com.kms.katalon.core.main.TestSuiteExecutor.accessTestSuiteMainPhase(TestSuiteExecutor.java:142)&#xD;
	at com.kms.katalon.core.main.TestSuiteExecutor.execute(TestSuiteExecutor.java:91)&#xD;
	at com.kms.katalon.core.main.TestCaseMain.startTestSuite(TestCaseMain.java:157)&#xD;
	at com.kms.katalon.core.main.TestCaseMain$startTestSuite$0.call(Unknown Source)&#xD;
	at TempTestSuite1572595823178.run(TempTestSuite1572595823178.groovy:35)</system-err>
        </testcase>
        <testcase name="Test Cases/FirstView/Sale/VPOS_Sale_Transaction_Retail_SetAsFuturePayment" classname="Test Cases/FirstView/Sale/VPOS_Sale_Transaction_Retail_SetAsFuturePayment" status="PASSED">
            <system-out>2019-11-01 03:19:21 - [TEST_CASE][PASSED] - Test Cases/FirstView/Sale/VPOS_Sale_Transaction_Retail_SetAsFuturePayment: Test Cases/FirstView/Sale/VPOS_Sale_Transaction_Retail_SetAsFuturePayment&#xD;
&#xD;
2019-11-01 03:19:21 - [TEST_STEP][PASSED] - Start listener action : sampleBeforeTestCase: null&#xD;
&#xD;
2019-11-01 03:19:21 - [TEST_STEP][PASSED] - println(testCaseContext.getTestCaseId()): null&#xD;
&#xD;
2019-11-01 03:19:21 - [TEST_STEP][PASSED] - println(testCaseContext.getTestCaseVariables()): null&#xD;
&#xD;
2019-11-01 03:19:22 - [TEST_STEP][NOT_RUN] - utilities.SafeActions.openBrowser(Old_URL, [PageLoadTime]): NOT_RUN: utilities.SafeActions.openBrowser(Old_URL, [PageLoadTime])&#xD;
&#xD;
2019-11-01 03:19:22 - [MESSAGE][NOT_RUN] - NOT_RUN: utilities.SafeActions.openBrowser(Old_URL, [PageLoadTime])&#xD;
&#xD;
2019-11-01 03:19:22 - [TEST_STEP][NOT_RUN] - delay(6): NOT_RUN: delay(6)&#xD;
&#xD;
2019-11-01 03:19:22 - [MESSAGE][NOT_RUN] - NOT_RUN: delay(6)&#xD;
&#xD;
2019-11-01 03:19:22 - [TEST_STEP][NOT_RUN] - utilities.SafeActions.safeSelectOptionInDropDownByVisibleText(findTestObject("Pages/Sale/dropDown_AccountType"), "ranjanatest2 - 888814981372/001 Account Type: Retail", "Select by Value", [25]): NOT_RUN: utilities.SafeActions.safeSelectOptionInDropDownByVisibleText(findTestObject("Pages/Sale/dropDown_AccountType"), "ranjanatest2 - 888814981372/001 Account Type: Retail", "Select by Value", [25])&#xD;
&#xD;
2019-11-01 03:19:22 - [MESSAGE][NOT_RUN] - NOT_RUN: utilities.SafeActions.safeSelectOptionInDropDownByVisibleText(findTestObject("Pages/Sale/dropDown_AccountType"), "ranjanatest2 - 888814981372/001 Account Type: Retail", "Select by Value", [25])&#xD;
&#xD;
2019-11-01 03:19:22 - [TEST_STEP][NOT_RUN] - delay(3): NOT_RUN: delay(3)&#xD;
&#xD;
2019-11-01 03:19:22 - [MESSAGE][NOT_RUN] - NOT_RUN: delay(3)&#xD;
&#xD;
2019-11-01 03:19:22 - [TEST_STEP][NOT_RUN] - pages.Sale.verifyIfEntryModeIsChecked("radio-manual", 60): NOT_RUN: pages.Sale.verifyIfEntryModeIsChecked("radio-manual", 60)&#xD;
&#xD;
2019-11-01 03:19:22 - [MESSAGE][NOT_RUN] - NOT_RUN: pages.Sale.verifyIfEntryModeIsChecked("radio-manual", 60)&#xD;
&#xD;
2019-11-01 03:19:22 - [TEST_STEP][PASSED] - utilities.SafeActions.openBrowser(URL, [delayForElement]): utilities.SafeActions.openBrowser is PASSED&#xD;
&#xD;
2019-11-01 03:19:22 - [MESSAGE][INFO] - Opening Browser&#xD;
&#xD;
2019-11-01 03:19:22 - [MESSAGE][WARNING] - A browser is already opened. Closing browser and opening a new one&#xD;
&#xD;
2019-11-01 03:19:27 - [MESSAGE][INFO] - Starting 'Chrome' driver&#xD;
&#xD;
2019-11-01 03:19:36 - [MESSAGE][PASSED] - Browser is opened with url: 'https://q-www-firstview-net.faps.net/MVC/Account/Login'&#xD;
&#xD;
2019-11-01 03:19:41 - [MESSAGE][PASSED] - Current window maximized&#xD;
&#xD;
2019-11-01 03:19:41 - [MESSAGE][INFO] - Browser Launched Successfully&#xD;
&#xD;
2019-11-01 03:19:41 - [MESSAGE][PASSED] - utilities.SafeActions.openBrowser is PASSED&#xD;
&#xD;
2019-11-01 03:19:41 - [TEST_STEP][PASSED] - pages.Login.login(uName, password): pages.Login.login is PASSED&#xD;
&#xD;
2019-11-01 03:19:41 - [MESSAGE][PASSED] - Object 'Object Repository/Pages/Login/userName' is present&#xD;
&#xD;
2019-11-01 03:19:41 - [MESSAGE][PASSED] - Scroll to object 'Object Repository/Pages/Login/userName' successfully&#xD;
&#xD;
2019-11-01 03:19:41 - [MESSAGE][PASSED] - Object 'Object Repository/Pages/Login/userName' is present&#xD;
&#xD;
2019-11-01 03:19:42 - [MESSAGE][PASSED] - Object: 'Object Repository/Pages/Login/userName' is clicked on&#xD;
&#xD;
2019-11-01 03:19:42 - [MESSAGE][PASSED] - Text 'ZenQRetail' is set on object 'Object Repository/Pages/Login/userName'&#xD;
&#xD;
2019-11-01 03:19:42 - [MESSAGE][PASSED] - Object 'Object Repository/Pages/Login/password' is present&#xD;
&#xD;
2019-11-01 03:19:42 - [MESSAGE][PASSED] - Scroll to object 'Object Repository/Pages/Login/password' successfully&#xD;
&#xD;
2019-11-01 03:19:42 - [MESSAGE][PASSED] - Object 'Object Repository/Pages/Login/password' is present&#xD;
&#xD;
2019-11-01 03:19:43 - [MESSAGE][PASSED] - Object: 'Object Repository/Pages/Login/password' is clicked on&#xD;
&#xD;
2019-11-01 03:19:43 - [MESSAGE][PASSED] - Text 'P@ssword1' is set on object 'Object Repository/Pages/Login/password'&#xD;
&#xD;
2019-11-01 03:19:43 - [MESSAGE][INFO] - Safe Click Without scroll&#xD;
&#xD;
2019-11-01 03:19:43 - [MESSAGE][INFO] - New Test Suite.ts:waiting until Click on Login is Clickable&#xD;
&#xD;
2019-11-01 03:19:43 - [MESSAGE][PASSED] - Object 'Object Repository/Pages/Login/login' is clickable&#xD;
&#xD;
2019-11-01 03:19:43 - [MESSAGE][PASSED] - Object 'Object Repository/Pages/Login/login' is visible&#xD;
&#xD;
2019-11-01 03:19:46 - [MESSAGE][PASSED] - Object: 'Object Repository/Pages/Login/login' is clicked on&#xD;
&#xD;
2019-11-01 03:19:46 - [MESSAGE][INFO] - New Test Suite.ts: click on the Click on Login&#xD;
&#xD;
2019-11-01 03:19:46 - [MESSAGE][PASSED] - pages.Login.login is PASSED&#xD;
&#xD;
2019-11-01 03:19:46 - [TEST_STEP][PASSED] - callTestCase(findTestCase("FirstView/Login/TC_SendCode"), [:], STOP_ON_FAILURE): Call Test Case 'Test Cases/FirstView/Login/TC_SendCode' successfully&#xD;
&#xD;
2019-11-01 03:19:46 - [TEST_CASE][PASSED] - Test Cases/FirstView/Login/TC_SendCode: Test Cases/FirstView/Login/TC_SendCode&#xD;
&#xD;
2019-11-01 03:19:46 - [TEST_STEP][PASSED] - flag = pages.SendCode.verifyPage(): pages.SendCode.verifyPage is PASSED&#xD;
&#xD;
2019-11-01 03:19:47 - [MESSAGE][PASSED] - Object 'Object Repository/Pages/SendCodeToValidate/header_SendCodeToValidate' is present and visible in viewport&#xD;
&#xD;
2019-11-01 03:19:47 - [MESSAGE][PASSED] - pages.SendCode.verifyPage is PASSED&#xD;
&#xD;
2019-11-01 03:19:47 - [TEST_STEP][PASSED] - if (flag): pages.SendCode.clickonUserSettings is PASSED&#xD;
&#xD;
2019-11-01 03:19:47 - [TEST_STEP][PASSED] - pages.SendCode.clickonUserSettings(): pages.SendCode.clickonUserSettings is PASSED&#xD;
&#xD;
2019-11-01 03:19:47 - [MESSAGE][PASSED] - Object 'Object Repository/Pages/SendCodeToValidate/link_UserSettings' is present&#xD;
&#xD;
2019-11-01 03:19:47 - [MESSAGE][PASSED] - Object 'Object Repository/Pages/SendCodeToValidate/link_UserSettings' is visible&#xD;
&#xD;
2019-11-01 03:19:47 - [MESSAGE][INFO] - New Test Suite.ts:waiting until Click on User Settings is Clickable&#xD;
&#xD;
2019-11-01 03:19:47 - [MESSAGE][PASSED] - Object 'Object Repository/Pages/SendCodeToValidate/link_UserSettings' is clickable&#xD;
&#xD;
2019-11-01 03:19:47 - [MESSAGE][PASSED] - Object 'Object Repository/Pages/SendCodeToValidate/link_UserSettings' is visible&#xD;
&#xD;
2019-11-01 03:19:49 - [MESSAGE][PASSED] - Object: 'Object Repository/Pages/SendCodeToValidate/link_UserSettings' is clicked on&#xD;
&#xD;
2019-11-01 03:19:49 - [MESSAGE][INFO] - New Test Suite.ts: Clicked on the Click on User Settings&#xD;
&#xD;
2019-11-01 03:19:49 - [MESSAGE][PASSED] - pages.SendCode.clickonUserSettings is PASSED&#xD;
&#xD;
2019-11-01 03:19:49 - [MESSAGE][PASSED] - Call Test Case 'Test Cases/FirstView/Login/TC_SendCode' successfully&#xD;
&#xD;
2019-11-01 03:19:49 - [TEST_STEP][PASSED] - callTestCase(findTestCase("FirstView/Login/TC_FirstView"), [:], STOP_ON_FAILURE): Call Test Case 'Test Cases/FirstView/Login/TC_FirstView' successfully&#xD;
&#xD;
2019-11-01 03:19:49 - [TEST_CASE][PASSED] - Test Cases/FirstView/Login/TC_FirstView: Test Cases/FirstView/Login/TC_FirstView&#xD;
&#xD;
2019-11-01 03:19:49 - [TEST_STEP][NOT_RUN] - utilities.SafeActions.safeClickWithoutScroll(findTestObject("Pages/FirstView/link_Home"), "Click on Home button in First View screen", [PageLoadTime]): NOT_RUN: utilities.SafeActions.safeClickWithoutScroll(findTestObject("Pages/FirstView/link_Home"), "Click on Home button in First View screen", [PageLoadTime])&#xD;
&#xD;
2019-11-01 03:19:49 - [MESSAGE][NOT_RUN] - NOT_RUN: utilities.SafeActions.safeClickWithoutScroll(findTestObject("Pages/FirstView/link_Home"), "Click on Home button in First View screen", [PageLoadTime])&#xD;
&#xD;
2019-11-01 03:19:49 - [TEST_STEP][PASSED] - delay(3): Delayed 3 second(s)&#xD;
&#xD;
2019-11-01 03:19:52 - [MESSAGE][PASSED] - Delayed 3 second(s)&#xD;
&#xD;
2019-11-01 03:19:52 - [TEST_STEP][PASSED] - utilities.SafeActions.javascriptclick(findTestObject("Pages/FirstView/link_Home"), delayForElement): utilities.SafeActions.javascriptclick is PASSED&#xD;
&#xD;
2019-11-01 03:19:53 - [MESSAGE][PASSED] - utilities.SafeActions.javascriptclick is PASSED&#xD;
&#xD;
2019-11-01 03:19:53 - [TEST_STEP][PASSED] - utilities.SafeActions.safeClickWithoutScroll(findTestObject("Pages/FirstView/link_VPOS"), "Click on VPOS button in First View screen", [PageLoadTime]): utilities.SafeActions.safeClickWithoutScroll is PASSED&#xD;
&#xD;
2019-11-01 03:19:53 - [MESSAGE][INFO] - Safe Click Without scroll&#xD;
&#xD;
2019-11-01 03:19:53 - [MESSAGE][INFO] - New Test Suite.ts:waiting until Click on VPOS button in First View screen is Clickable&#xD;
&#xD;
2019-11-01 03:19:53 - [MESSAGE][PASSED] - Object 'Object Repository/Pages/FirstView/link_VPOS' is clickable&#xD;
&#xD;
2019-11-01 03:19:53 - [MESSAGE][PASSED] - Object 'Object Repository/Pages/FirstView/link_VPOS' is visible&#xD;
&#xD;
2019-11-01 03:19:54 - [MESSAGE][PASSED] - Object: 'Object Repository/Pages/FirstView/link_VPOS' is clicked on&#xD;
&#xD;
2019-11-01 03:19:54 - [MESSAGE][INFO] - New Test Suite.ts: click on the Click on VPOS button in First View screen&#xD;
&#xD;
2019-11-01 03:19:54 - [MESSAGE][PASSED] - utilities.SafeActions.safeClickWithoutScroll is PASSED&#xD;
&#xD;
2019-11-01 03:19:54 - [MESSAGE][PASSED] - Call Test Case 'Test Cases/FirstView/Login/TC_FirstView' successfully&#xD;
&#xD;
2019-11-01 03:19:54 - [TEST_STEP][PASSED] - switchToWindowTitle("Transcenter - VPOS"): Switched to window with title: 'Transcenter - VPOS'&#xD;
&#xD;
2019-11-01 03:20:01 - [MESSAGE][PASSED] - Switched to window with title: 'Transcenter - VPOS'&#xD;
&#xD;
2019-11-01 03:20:01 - [TEST_STEP][PASSED] - delay(delayForElement): Delayed 6 second(s)&#xD;
&#xD;
2019-11-01 03:20:07 - [MESSAGE][PASSED] - Delayed 6 second(s)&#xD;
&#xD;
2019-11-01 03:20:07 - [TEST_STEP][PASSED] - pages.Sale.verifyIfEntryModeIsChecked(tabName, entryModeCheckBox, delayBetweenTestSteps): pages.Sale.verifyIfEntryModeIsChecked is PASSED&#xD;
&#xD;
2019-11-01 03:20:07 - [MESSAGE][PASSED] - Object '' is checked&#xD;
&#xD;
2019-11-01 03:20:07 - [MESSAGE][INFO] - The specified checkbox is checked&#xD;
&#xD;
2019-11-01 03:20:07 - [MESSAGE][PASSED] - pages.Sale.verifyIfEntryModeIsChecked is PASSED&#xD;
&#xD;
2019-11-01 03:20:07 - [TEST_STEP][PASSED] - scrollToElement(findTestObject("Pages/Sale/input_Amount"), delayBetweenTestSteps): Scroll to object 'Object Repository/Pages/Sale/input_Amount' successfully&#xD;
&#xD;
2019-11-01 03:20:08 - [MESSAGE][PASSED] - Scroll to object 'Object Repository/Pages/Sale/input_Amount' successfully&#xD;
&#xD;
2019-11-01 03:20:08 - [TEST_STEP][PASSED] - utilities.SafeActions.safeTypeUsingJavascript(findTestObject("Pages/Sale/input_Amount"), amountInput): utilities.SafeActions.safeTypeUsingJavascript is PASSED&#xD;
&#xD;
2019-11-01 03:20:08 - [MESSAGE][PASSED] - utilities.SafeActions.safeTypeUsingJavascript is PASSED&#xD;
&#xD;
2019-11-01 03:20:08 - [TEST_STEP][NOT_RUN] - focus(findTestObject("Pages/Sale/input_Amount")): NOT_RUN: focus(findTestObject("Pages/Sale/input_Amount"))&#xD;
&#xD;
2019-11-01 03:20:08 - [MESSAGE][NOT_RUN] - NOT_RUN: focus(findTestObject("Pages/Sale/input_Amount"))&#xD;
&#xD;
2019-11-01 03:20:08 - [TEST_STEP][PASSED] - delay(2): Delayed 2 second(s)&#xD;
&#xD;
2019-11-01 03:20:10 - [MESSAGE][PASSED] - Delayed 2 second(s)&#xD;
&#xD;
2019-11-01 03:20:10 - [TEST_STEP][PASSED] - utilities.SafeActions.safeType(findTestObject("Pages/Sale/input_Amount"), amountInput, "Amount field", [delayForElement]): utilities.SafeActions.safeType is PASSED&#xD;
&#xD;
2019-11-01 03:20:10 - [MESSAGE][PASSED] - Object 'Object Repository/Pages/Sale/input_Amount' is present&#xD;
&#xD;
2019-11-01 03:20:10 - [MESSAGE][PASSED] - Scroll to object 'Object Repository/Pages/Sale/input_Amount' successfully&#xD;
&#xD;
2019-11-01 03:20:10 - [MESSAGE][PASSED] - Object 'Object Repository/Pages/Sale/input_Amount' is present&#xD;
&#xD;
2019-11-01 03:20:11 - [MESSAGE][PASSED] - Object: 'Object Repository/Pages/Sale/input_Amount' is clicked on&#xD;
&#xD;
2019-11-01 03:20:11 - [MESSAGE][PASSED] - Text '550' is set on object 'Object Repository/Pages/Sale/input_Amount'&#xD;
&#xD;
2019-11-01 03:20:11 - [MESSAGE][PASSED] - utilities.SafeActions.safeType is PASSED&#xD;
&#xD;
2019-11-01 03:20:11 - [TEST_STEP][NOT_RUN] - utilities.SafeActions.safeType(findTestObject("Pages/Sale/input_Amount"), amountInput, "Enter Amount into Amount text box", [20]): NOT_RUN: utilities.SafeActions.safeType(findTestObject("Pages/Sale/input_Amount"), amountInput, "Enter Amount into Amount text box", [20])&#xD;
&#xD;
2019-11-01 03:20:11 - [MESSAGE][NOT_RUN] - NOT_RUN: utilities.SafeActions.safeType(findTestObject("Pages/Sale/input_Amount"), amountInput, "Enter Amount into Amount text box", [20])&#xD;
&#xD;
2019-11-01 03:20:11 - [TEST_STEP][PASSED] - total_Amount = utilities.SafeActions.safeGetText(findTestObject("Pages/Sale/total_Amount"), delayBetweenTestSteps): utilities.SafeActions.safeGetText is PASSED&#xD;
&#xD;
2019-11-01 03:20:11 - [MESSAGE][PASSED] - Object 'Object Repository/Pages/Sale/total_Amount' is present&#xD;
&#xD;
2019-11-01 03:20:11 - [MESSAGE][PASSED] - Scroll to object 'Object Repository/Pages/Sale/total_Amount' successfully&#xD;
&#xD;
2019-11-01 03:20:11 - [MESSAGE][PASSED] - Object 'Object Repository/Pages/Sale/total_Amount' is present&#xD;
&#xD;
2019-11-01 03:20:12 - [MESSAGE][PASSED] - Text of object 'Object Repository/Pages/Sale/total_Amount' is: '$595.38'&#xD;
&#xD;
2019-11-01 03:20:12 - [MESSAGE][PASSED] - utilities.SafeActions.safeGetText is PASSED&#xD;
&#xD;
2019-11-01 03:20:12 - [TEST_STEP][PASSED] - scrollToElement(findTestObject("Pages/Sale/dropDown_ExpirationMonth"), delayBetweenTestSteps): Scroll to object 'Object Repository/Pages/Sale/dropDown_ExpirationMonth' successfully&#xD;
&#xD;
2019-11-01 03:20:12 - [MESSAGE][PASSED] - Scroll to object 'Object Repository/Pages/Sale/dropDown_ExpirationMonth' successfully&#xD;
&#xD;
2019-11-01 03:20:12 - [TEST_STEP][PASSED] - pages.Sale.verifyIfEntryModeIsChecked(tabName, cardInformationCheckBox, delayBetweenTestSteps): pages.Sale.verifyIfEntryModeIsChecked is PASSED&#xD;
&#xD;
2019-11-01 03:20:12 - [MESSAGE][PASSED] - Object '' is checked&#xD;
&#xD;
2019-11-01 03:20:12 - [MESSAGE][INFO] - The specified checkbox is checked&#xD;
&#xD;
2019-11-01 03:20:12 - [MESSAGE][PASSED] - pages.Sale.verifyIfEntryModeIsChecked is PASSED&#xD;
&#xD;
2019-11-01 03:20:12 - [TEST_STEP][PASSED] - utilities.SafeActions.safeType(findTestObject("Pages/Sale/input_CardNumber"), visaCardNumber, "Entering Card Number", [10]): utilities.SafeActions.safeType is PASSED&#xD;
&#xD;
2019-11-01 03:20:12 - [MESSAGE][PASSED] - Object 'Object Repository/Pages/Sale/input_CardNumber' is present&#xD;
&#xD;
2019-11-01 03:20:12 - [MESSAGE][PASSED] - Scroll to object 'Object Repository/Pages/Sale/input_CardNumber' successfully&#xD;
&#xD;
2019-11-01 03:20:12 - [MESSAGE][PASSED] - Object 'Object Repository/Pages/Sale/input_CardNumber' is present&#xD;
&#xD;
2019-11-01 03:20:13 - [MESSAGE][PASSED] - Object: 'Object Repository/Pages/Sale/input_CardNumber' is clicked on&#xD;
&#xD;
2019-11-01 03:20:14 - [MESSAGE][PASSED] - Text '4111111111111111' is set on object 'Object Repository/Pages/Sale/input_CardNumber'&#xD;
&#xD;
2019-11-01 03:20:14 - [MESSAGE][PASSED] - utilities.SafeActions.safeType is PASSED&#xD;
&#xD;
2019-11-01 03:20:14 - [TEST_STEP][PASSED] - delay(delayBetweenTestSteps): Delayed 3 second(s)&#xD;
&#xD;
2019-11-01 03:20:17 - [MESSAGE][PASSED] - Delayed 3 second(s)&#xD;
&#xD;
2019-11-01 03:20:17 - [TEST_STEP][PASSED] - utilities.SafeActions.safeSelectOptionInDropDownByVisibleText(findTestObject("Pages/Sale/dropDown_ExpirationMonth"), cardMonth, "Select Expiration Month", [5]): utilities.SafeActions.safeSelectOptionInDropDownByVisibleText is PASSED&#xD;
&#xD;
2019-11-01 03:20:17 - [MESSAGE][PASSED] - Object 'Object Repository/Pages/Sale/dropDown_ExpirationMonth' is visible&#xD;
&#xD;
2019-11-01 03:20:17 - [MESSAGE][PASSED] - Object 'Object Repository/Pages/Sale/dropDown_ExpirationMonth' is present&#xD;
&#xD;
2019-11-01 03:20:18 - [MESSAGE][PASSED] - Object: 'Object Repository/Pages/Sale/dropDown_ExpirationMonth' is clicked on&#xD;
&#xD;
2019-11-01 03:20:18 - [MESSAGE][PASSED] - All options with label 'September' are selected in object 'Object Repository/Pages/Sale/dropDown_ExpirationMonth' &#xD;
&#xD;
2019-11-01 03:20:18 - [MESSAGE][PASSED] - utilities.SafeActions.safeSelectOptionInDropDownByVisibleText is PASSED&#xD;
&#xD;
2019-11-01 03:20:18 - [TEST_STEP][PASSED] - utilities.SafeActions.safeSelectOptionInDropDownByVisibleText(findTestObject("Pages/Sale/dropDown_ExpirationYear"), cardYear, "Select Expiration Year", [5]): utilities.SafeActions.safeSelectOptionInDropDownByVisibleText is PASSED&#xD;
&#xD;
2019-11-01 03:20:18 - [MESSAGE][PASSED] - Object 'Object Repository/Pages/Sale/dropDown_ExpirationYear' is visible&#xD;
&#xD;
2019-11-01 03:20:18 - [MESSAGE][PASSED] - Object 'Object Repository/Pages/Sale/dropDown_ExpirationYear' is present&#xD;
&#xD;
2019-11-01 03:20:19 - [MESSAGE][PASSED] - Object: 'Object Repository/Pages/Sale/dropDown_ExpirationYear' is clicked on&#xD;
&#xD;
2019-11-01 03:20:19 - [MESSAGE][PASSED] - All options with label '2022' are selected in object 'Object Repository/Pages/Sale/dropDown_ExpirationYear' &#xD;
&#xD;
2019-11-01 03:20:19 - [MESSAGE][PASSED] - utilities.SafeActions.safeSelectOptionInDropDownByVisibleText is PASSED&#xD;
&#xD;
2019-11-01 03:20:19 - [TEST_STEP][PASSED] - delay(delayBetweenTestSteps): Delayed 3 second(s)&#xD;
&#xD;
2019-11-01 03:20:22 - [MESSAGE][PASSED] - Delayed 3 second(s)&#xD;
&#xD;
2019-11-01 03:20:22 - [TEST_STEP][PASSED] - scrollToElement(findTestObject("Pages/Sale/invoiceNumber"), delayBetweenTestSteps): Scroll to object 'Object Repository/Pages/Sale/invoiceNumber' successfully&#xD;
&#xD;
2019-11-01 03:20:22 - [MESSAGE][PASSED] - Scroll to object 'Object Repository/Pages/Sale/invoiceNumber' successfully&#xD;
&#xD;
2019-11-01 03:20:22 - [TEST_STEP][PASSED] - invoiceNumber = utilities.SafeActions.safeGetText(findTestObject("Pages/Sale/invoiceNumber"), delayBetweenTestSteps): utilities.SafeActions.safeGetText is PASSED&#xD;
&#xD;
2019-11-01 03:20:22 - [MESSAGE][PASSED] - Object 'Object Repository/Pages/Sale/invoiceNumber' is present&#xD;
&#xD;
2019-11-01 03:20:23 - [MESSAGE][PASSED] - Scroll to object 'Object Repository/Pages/Sale/invoiceNumber' successfully&#xD;
&#xD;
2019-11-01 03:20:23 - [MESSAGE][PASSED] - Object 'Object Repository/Pages/Sale/invoiceNumber' is present&#xD;
&#xD;
2019-11-01 03:20:23 - [MESSAGE][PASSED] - Text of object 'Object Repository/Pages/Sale/invoiceNumber' is: '157258200255037'&#xD;
&#xD;
2019-11-01 03:20:23 - [MESSAGE][PASSED] - utilities.SafeActions.safeGetText is PASSED&#xD;
&#xD;
2019-11-01 03:20:23 - [TEST_STEP][NOT_RUN] - pages.Sale.verifyIfAdditionalPromptingIsChecked("Set up Recurring Payment?", delayBetweenTestSteps): NOT_RUN: pages.Sale.verifyIfAdditionalPromptingIsChecked("Set up Recurring Payment?", delayBetweenTestSteps)&#xD;
&#xD;
2019-11-01 03:20:23 - [MESSAGE][NOT_RUN] - NOT_RUN: pages.Sale.verifyIfAdditionalPromptingIsChecked("Set up Recurring Payment?", delayBetweenTestSteps)&#xD;
&#xD;
2019-11-01 03:20:23 - [TEST_STEP][NOT_RUN] - scrollToElement(findTestObject("Pages/Sale/input_Amount"), 60): NOT_RUN: scrollToElement(findTestObject("Pages/Sale/input_Amount"), 60)&#xD;
&#xD;
2019-11-01 03:20:23 - [MESSAGE][NOT_RUN] - NOT_RUN: scrollToElement(findTestObject("Pages/Sale/input_Amount"), 60)&#xD;
&#xD;
2019-11-01 03:20:23 - [TEST_STEP][NOT_RUN] - utilities.SafeActions.safeType(findTestObject("Pages/Sale/input_Amount"), "550", "Enter Amount into Amount text box", [20]): NOT_RUN: utilities.SafeActions.safeType(findTestObject("Pages/Sale/input_Amount"), "550", "Enter Amount into Amount text box", [20])&#xD;
&#xD;
2019-11-01 03:20:23 - [MESSAGE][NOT_RUN] - NOT_RUN: utilities.SafeActions.safeType(findTestObject("Pages/Sale/input_Amount"), "550", "Enter Amount into Amount text box", [20])&#xD;
&#xD;
2019-11-01 03:20:23 - [TEST_STEP][NOT_RUN] - total_Amount = utilities.SafeActions.safeGetText(findTestObject("Pages/Sale/total_Amount"), 10): NOT_RUN: total_Amount = utilities.SafeActions.safeGetText(findTestObject("Pages/Sale/total_Amount"), 10)&#xD;
&#xD;
2019-11-01 03:20:23 - [MESSAGE][NOT_RUN] - NOT_RUN: total_Amount = utilities.SafeActions.safeGetText(findTestObject("Pages/Sale/total_Amount"), 10)&#xD;
&#xD;
2019-11-01 03:20:23 - [TEST_STEP][NOT_RUN] - scrollToElement(findTestObject("Pages/Sale/dropDown_ExpirationMonth"), 60): NOT_RUN: scrollToElement(findTestObject("Pages/Sale/dropDown_ExpirationMonth"), 60)&#xD;
&#xD;
2019-11-01 03:20:23 - [MESSAGE][NOT_RUN] - NOT_RUN: scrollToElement(findTestObject("Pages/Sale/dropDown_ExpirationMonth"), 60)&#xD;
&#xD;
2019-11-01 03:20:23 - [TEST_STEP][NOT_RUN] - pages.Sale.verifyIfEntryModeIsChecked("radio-card-not-present", 60): NOT_RUN: pages.Sale.verifyIfEntryModeIsChecked("radio-card-not-present", 60)&#xD;
&#xD;
2019-11-01 03:20:23 - [MESSAGE][NOT_RUN] - NOT_RUN: pages.Sale.verifyIfEntryModeIsChecked("radio-card-not-present", 60)&#xD;
&#xD;
2019-11-01 03:20:23 - [TEST_STEP][NOT_RUN] - utilities.SafeActions.safeType(findTestObject("Pages/Sale/input_CardNumber"), "4111111111111111", "Entering Card Number", [10]): NOT_RUN: utilities.SafeActions.safeType(findTestObject("Pages/Sale/input_CardNumber"), "4111111111111111", "Entering Card Number", [10])&#xD;
&#xD;
2019-11-01 03:20:23 - [MESSAGE][NOT_RUN] - NOT_RUN: utilities.SafeActions.safeType(findTestObject("Pages/Sale/input_CardNumber"), "4111111111111111", "Entering Card Number", [10])&#xD;
&#xD;
2019-11-01 03:20:23 - [TEST_STEP][NOT_RUN] - delay(4): NOT_RUN: delay(4)&#xD;
&#xD;
2019-11-01 03:20:23 - [MESSAGE][NOT_RUN] - NOT_RUN: delay(4)&#xD;
&#xD;
2019-11-01 03:20:23 - [TEST_STEP][NOT_RUN] - utilities.SafeActions.safeSelectOptionInDropDownByVisibleText(findTestObject("Pages/Sale/dropDown_ExpirationMonth"), "September", "Enter Expiration Month", [5]): NOT_RUN: utilities.SafeActions.safeSelectOptionInDropDownByVisibleText(findTestObject("Pages/Sale/dropDown_ExpirationMonth"), "September", "Enter Expiration Month", [5])&#xD;
&#xD;
2019-11-01 03:20:23 - [MESSAGE][NOT_RUN] - NOT_RUN: utilities.SafeActions.safeSelectOptionInDropDownByVisibleText(findTestObject("Pages/Sale/dropDown_ExpirationMonth"), "September", "Enter Expiration Month", [5])&#xD;
&#xD;
2019-11-01 03:20:23 - [TEST_STEP][NOT_RUN] - utilities.SafeActions.safeSelectOptionInDropDownByVisibleText(findTestObject("Pages/Sale/dropDown_ExpirationYear"), "2022", "Enter Expiration Year", [5]): NOT_RUN: utilities.SafeActions.safeSelectOptionInDropDownByVisibleText(findTestObject("Pages/Sale/dropDown_ExpirationYear"), "2022", "Enter Expiration Year", [5])&#xD;
&#xD;
2019-11-01 03:20:23 - [MESSAGE][NOT_RUN] - NOT_RUN: utilities.SafeActions.safeSelectOptionInDropDownByVisibleText(findTestObject("Pages/Sale/dropDown_ExpirationYear"), "2022", "Enter Expiration Year", [5])&#xD;
&#xD;
2019-11-01 03:20:23 - [TEST_STEP][NOT_RUN] - delay(2): NOT_RUN: delay(2)&#xD;
&#xD;
2019-11-01 03:20:23 - [MESSAGE][NOT_RUN] - NOT_RUN: delay(2)&#xD;
&#xD;
2019-11-01 03:20:23 - [TEST_STEP][NOT_RUN] - scrollToElement(findTestObject("Pages/Sale/invoiceNumber"), 10): NOT_RUN: scrollToElement(findTestObject("Pages/Sale/invoiceNumber"), 10)&#xD;
&#xD;
2019-11-01 03:20:23 - [MESSAGE][NOT_RUN] - NOT_RUN: scrollToElement(findTestObject("Pages/Sale/invoiceNumber"), 10)&#xD;
&#xD;
2019-11-01 03:20:23 - [TEST_STEP][NOT_RUN] - invoiceNumber = utilities.SafeActions.safeGetText(findTestObject("Pages/Sale/invoiceNumber"), 10): NOT_RUN: invoiceNumber = utilities.SafeActions.safeGetText(findTestObject("Pages/Sale/invoiceNumber"), 10)&#xD;
&#xD;
2019-11-01 03:20:23 - [MESSAGE][NOT_RUN] - NOT_RUN: invoiceNumber = utilities.SafeActions.safeGetText(findTestObject("Pages/Sale/invoiceNumber"), 10)&#xD;
&#xD;
2019-11-01 03:20:23 - [TEST_STEP][PASSED] - pages.Sale.verifyIfAdditionalPromptingIsChecked("Set as Future Payment?", delayForElement): pages.Sale.verifyIfAdditionalPromptingIsChecked is PASSED&#xD;
&#xD;
2019-11-01 03:20:24 - [MESSAGE][WARNING] - Object '' is not checked (Root cause: com.kms.katalon.core.exception.StepFailedException: Object '' is not checked&#xD;
	at com.kms.katalon.core.webui.keyword.internal.WebUIKeywordMain.stepFailed(WebUIKeywordMain.groovy:64)&#xD;
	at com.kms.katalon.core.webui.keyword.builtin.VerifyElementCheckedKeyword$_verifyElementChecked_closure1.doCall(VerifyElementCheckedKeyword.groovy:81)&#xD;
	at com.kms.katalon.core.webui.keyword.builtin.VerifyElementCheckedKeyword$_verifyElementChecked_closure1.call(VerifyElementCheckedKeyword.groovy)&#xD;
	at com.kms.katalon.core.webui.keyword.internal.WebUIKeywordMain.runKeyword(WebUIKeywordMain.groovy:20)&#xD;
	at com.kms.katalon.core.webui.keyword.builtin.VerifyElementCheckedKeyword.verifyElementChecked(VerifyElementCheckedKeyword.groovy:92)&#xD;
	at com.kms.katalon.core.webui.keyword.builtin.VerifyElementCheckedKeyword.execute(VerifyElementCheckedKeyword.groovy:68)&#xD;
	at com.kms.katalon.core.keyword.internal.KeywordExecutor.executeKeywordForPlatform(KeywordExecutor.groovy:56)&#xD;
	at com.kms.katalon.core.webui.keyword.WebUiBuiltInKeywords.verifyElementChecked(WebUiBuiltInKeywords.groovy:1352)&#xD;
	at com.kms.katalon.core.webui.keyword.WebUiBuiltInKeywords$verifyElementChecked$10.call(Unknown Source)&#xD;
	at pages.Sale.verifyIfAdditionalPromptingIsChecked(Sale.groovy:71)&#xD;
	at pages.Sale.invokeMethod(Sale.groovy)&#xD;
	at com.kms.katalon.core.main.CustomKeywordDelegatingMetaClass.invokeStaticMethod(CustomKeywordDelegatingMetaClass.java:50)&#xD;
	at VPOS_Sale_Transaction_Retail_SetAsFuturePayment.run(VPOS_Sale_Transaction_Retail_SetAsFuturePayment:123)&#xD;
	at com.kms.katalon.core.main.ScriptEngine.run(ScriptEngine.java:194)&#xD;
	at com.kms.katalon.core.main.ScriptEngine.runScriptAsRawText(ScriptEngine.java:119)&#xD;
	at com.kms.katalon.core.main.TestCaseExecutor.runScript(TestCaseExecutor.java:337)&#xD;
	at com.kms.katalon.core.main.TestCaseExecutor.doExecute(TestCaseExecutor.java:328)&#xD;
	at com.kms.katalon.core.main.TestCaseExecutor.processExecutionPhase(TestCaseExecutor.java:307)&#xD;
	at com.kms.katalon.core.main.TestCaseExecutor.accessMainPhase(TestCaseExecutor.java:299)&#xD;
	at com.kms.katalon.core.main.TestCaseExecutor.execute(TestCaseExecutor.java:233)&#xD;
	at com.kms.katalon.core.main.TestSuiteExecutor.accessTestCaseMainPhase(TestSuiteExecutor.java:169)&#xD;
	at com.kms.katalon.core.main.TestSuiteExecutor.accessTestSuiteMainPhase(TestSuiteExecutor.java:142)&#xD;
	at com.kms.katalon.core.main.TestSuiteExecutor.execute(TestSuiteExecutor.java:91)&#xD;
	at com.kms.katalon.core.main.TestCaseMain.startTestSuite(TestCaseMain.java:157)&#xD;
	at com.kms.katalon.core.main.TestCaseMain$startTestSuite$0.call(Unknown Source)&#xD;
	at TempTestSuite1572595823178.run(TempTestSuite1572595823178.groovy:35)&#xD;
)&#xD;
[[ATTACHMENT|C:\\VPOS_Git_31-10-2019\\VPOS_Internal\\Reports\\20191101_031023\\New Test Suite\\20191101_031023\\1572596423777.png]]&#xD;
&#xD;
2019-11-01 03:20:24 - [MESSAGE][PASSED] - Object: '' is clicked on&#xD;
&#xD;
2019-11-01 03:20:24 - [MESSAGE][INFO] - The specified checkbox is checked Now&#xD;
&#xD;
2019-11-01 03:20:24 - [MESSAGE][PASSED] - pages.Sale.verifyIfAdditionalPromptingIsChecked is PASSED&#xD;
&#xD;
2019-11-01 03:20:24 - [TEST_STEP][PASSED] - utilities.SafeActions.safeClickWithoutScroll(findTestObject("Pages/Sale/date_FuturePayment"), "Click on Date Input", [delayBetweenTestSteps]): utilities.SafeActions.safeClickWithoutScroll is PASSED&#xD;
&#xD;
2019-11-01 03:20:24 - [MESSAGE][INFO] - Safe Click Without scroll&#xD;
&#xD;
2019-11-01 03:20:24 - [MESSAGE][INFO] - New Test Suite.ts:waiting until Click on Date Input is Clickable&#xD;
&#xD;
2019-11-01 03:20:24 - [MESSAGE][PASSED] - Object 'Object Repository/Pages/Sale/date_FuturePayment' is clickable&#xD;
&#xD;
2019-11-01 03:20:24 - [MESSAGE][PASSED] - Object 'Object Repository/Pages/Sale/date_FuturePayment' is visible&#xD;
&#xD;
2019-11-01 03:20:25 - [MESSAGE][PASSED] - Object: 'Object Repository/Pages/Sale/date_FuturePayment' is clicked on&#xD;
&#xD;
2019-11-01 03:20:25 - [MESSAGE][INFO] - New Test Suite.ts: click on the Click on Date Input&#xD;
&#xD;
2019-11-01 03:20:25 - [MESSAGE][PASSED] - utilities.SafeActions.safeClickWithoutScroll is PASSED&#xD;
&#xD;
2019-11-01 03:20:25 - [TEST_STEP][PASSED] - pages.Sale.selectMonthYear(findTestObject("Pages/Sale/link_MonthYear"), findTestObject("Pages/Sale/calender_NextButton"), cardMonth, cardYear): pages.Sale.selectMonthYear is PASSED&#xD;
&#xD;
2019-11-01 03:20:26 - [MESSAGE][PASSED] - Text of object 'Object Repository/Pages/Sale/link_MonthYear' is: 'November 2019'&#xD;
&#xD;
2019-11-01 03:20:26 - [MESSAGE][PASSED] - Object: 'Object Repository/Pages/Sale/calender_NextButton' is clicked on&#xD;
&#xD;
2019-11-01 03:20:26 - [MESSAGE][PASSED] - Text of object 'Object Repository/Pages/Sale/link_MonthYear' is: 'December 2019'&#xD;
&#xD;
2019-11-01 03:20:26 - [MESSAGE][PASSED] - Object: 'Object Repository/Pages/Sale/calender_NextButton' is clicked on&#xD;
&#xD;
2019-11-01 03:20:26 - [MESSAGE][PASSED] - Text of object 'Object Repository/Pages/Sale/link_MonthYear' is: 'January 2020'&#xD;
&#xD;
2019-11-01 03:20:26 - [MESSAGE][PASSED] - Object: 'Object Repository/Pages/Sale/calender_NextButton' is clicked on&#xD;
&#xD;
2019-11-01 03:20:26 - [MESSAGE][PASSED] - Text of object 'Object Repository/Pages/Sale/link_MonthYear' is: 'February 2020'&#xD;
&#xD;
2019-11-01 03:20:27 - [MESSAGE][PASSED] - Object: 'Object Repository/Pages/Sale/calender_NextButton' is clicked on&#xD;
&#xD;
2019-11-01 03:20:27 - [MESSAGE][PASSED] - Text of object 'Object Repository/Pages/Sale/link_MonthYear' is: 'March 2020'&#xD;
&#xD;
2019-11-01 03:20:27 - [MESSAGE][PASSED] - Object: 'Object Repository/Pages/Sale/calender_NextButton' is clicked on&#xD;
&#xD;
2019-11-01 03:20:27 - [MESSAGE][PASSED] - Text of object 'Object Repository/Pages/Sale/link_MonthYear' is: 'April 2020'&#xD;
&#xD;
2019-11-01 03:20:27 - [MESSAGE][PASSED] - Object: 'Object Repository/Pages/Sale/calender_NextButton' is clicked on&#xD;
&#xD;
2019-11-01 03:20:27 - [MESSAGE][PASSED] - Text of object 'Object Repository/Pages/Sale/link_MonthYear' is: 'May 2020'&#xD;
&#xD;
2019-11-01 03:20:27 - [MESSAGE][PASSED] - Object: 'Object Repository/Pages/Sale/calender_NextButton' is clicked on&#xD;
&#xD;
2019-11-01 03:20:27 - [MESSAGE][PASSED] - Text of object 'Object Repository/Pages/Sale/link_MonthYear' is: 'June 2020'&#xD;
&#xD;
2019-11-01 03:20:27 - [MESSAGE][PASSED] - Object: 'Object Repository/Pages/Sale/calender_NextButton' is clicked on&#xD;
&#xD;
2019-11-01 03:20:27 - [MESSAGE][PASSED] - Text of object 'Object Repository/Pages/Sale/link_MonthYear' is: 'July 2020'&#xD;
&#xD;
2019-11-01 03:20:27 - [MESSAGE][PASSED] - Object: 'Object Repository/Pages/Sale/calender_NextButton' is clicked on&#xD;
&#xD;
2019-11-01 03:20:27 - [MESSAGE][PASSED] - Text of object 'Object Repository/Pages/Sale/link_MonthYear' is: 'August 2020'&#xD;
&#xD;
2019-11-01 03:20:27 - [MESSAGE][PASSED] - Object: 'Object Repository/Pages/Sale/calender_NextButton' is clicked on&#xD;
&#xD;
2019-11-01 03:20:27 - [MESSAGE][PASSED] - Text of object 'Object Repository/Pages/Sale/link_MonthYear' is: 'September 2020'&#xD;
&#xD;
2019-11-01 03:20:28 - [MESSAGE][PASSED] - Object: 'Object Repository/Pages/Sale/calender_NextButton' is clicked on&#xD;
&#xD;
2019-11-01 03:20:28 - [MESSAGE][PASSED] - Text of object 'Object Repository/Pages/Sale/link_MonthYear' is: 'October 2020'&#xD;
&#xD;
2019-11-01 03:20:28 - [MESSAGE][PASSED] - Object: 'Object Repository/Pages/Sale/calender_NextButton' is clicked on&#xD;
&#xD;
2019-11-01 03:20:28 - [MESSAGE][PASSED] - Text of object 'Object Repository/Pages/Sale/link_MonthYear' is: 'November 2020'&#xD;
&#xD;
2019-11-01 03:20:28 - [MESSAGE][PASSED] - Object: 'Object Repository/Pages/Sale/calender_NextButton' is clicked on&#xD;
&#xD;
2019-11-01 03:20:28 - [MESSAGE][PASSED] - Text of object 'Object Repository/Pages/Sale/link_MonthYear' is: 'December 2020'&#xD;
&#xD;
2019-11-01 03:20:28 - [MESSAGE][PASSED] - Object: 'Object Repository/Pages/Sale/calender_NextButton' is clicked on&#xD;
&#xD;
2019-11-01 03:20:28 - [MESSAGE][PASSED] - Text of object 'Object Repository/Pages/Sale/link_MonthYear' is: 'January 2021'&#xD;
&#xD;
2019-11-01 03:20:28 - [MESSAGE][PASSED] - Object: 'Object Repository/Pages/Sale/calender_NextButton' is clicked on&#xD;
&#xD;
2019-11-01 03:20:28 - [MESSAGE][PASSED] - Text of object 'Object Repository/Pages/Sale/link_MonthYear' is: 'February 2021'&#xD;
&#xD;
2019-11-01 03:20:28 - [MESSAGE][PASSED] - Object: 'Object Repository/Pages/Sale/calender_NextButton' is clicked on&#xD;
&#xD;
2019-11-01 03:20:28 - [MESSAGE][PASSED] - Text of object 'Object Repository/Pages/Sale/link_MonthYear' is: 'March 2021'&#xD;
&#xD;
2019-11-01 03:20:29 - [MESSAGE][PASSED] - Object: 'Object Repository/Pages/Sale/calender_NextButton' is clicked on&#xD;
&#xD;
2019-11-01 03:20:29 - [MESSAGE][PASSED] - Text of object 'Object Repository/Pages/Sale/link_MonthYear' is: 'April 2021'&#xD;
&#xD;
2019-11-01 03:20:29 - [MESSAGE][PASSED] - Object: 'Object Repository/Pages/Sale/calender_NextButton' is clicked on&#xD;
&#xD;
2019-11-01 03:20:29 - [MESSAGE][PASSED] - Text of object 'Object Repository/Pages/Sale/link_MonthYear' is: 'May 2021'&#xD;
&#xD;
2019-11-01 03:20:29 - [MESSAGE][PASSED] - Object: 'Object Repository/Pages/Sale/calender_NextButton' is clicked on&#xD;
&#xD;
2019-11-01 03:20:29 - [MESSAGE][PASSED] - Text of object 'Object Repository/Pages/Sale/link_MonthYear' is: 'June 2021'&#xD;
&#xD;
2019-11-01 03:20:29 - [MESSAGE][PASSED] - Object: 'Object Repository/Pages/Sale/calender_NextButton' is clicked on&#xD;
&#xD;
2019-11-01 03:20:29 - [MESSAGE][PASSED] - Text of object 'Object Repository/Pages/Sale/link_MonthYear' is: 'July 2021'&#xD;
&#xD;
2019-11-01 03:20:29 - [MESSAGE][PASSED] - Object: 'Object Repository/Pages/Sale/calender_NextButton' is clicked on&#xD;
&#xD;
2019-11-01 03:20:29 - [MESSAGE][PASSED] - Text of object 'Object Repository/Pages/Sale/link_MonthYear' is: 'August 2021'&#xD;
&#xD;
2019-11-01 03:20:29 - [MESSAGE][PASSED] - Object: 'Object Repository/Pages/Sale/calender_NextButton' is clicked on&#xD;
&#xD;
2019-11-01 03:20:29 - [MESSAGE][PASSED] - Text of object 'Object Repository/Pages/Sale/link_MonthYear' is: 'September 2021'&#xD;
&#xD;
2019-11-01 03:20:29 - [MESSAGE][PASSED] - Object: 'Object Repository/Pages/Sale/calender_NextButton' is clicked on&#xD;
&#xD;
2019-11-01 03:20:29 - [MESSAGE][PASSED] - Text of object 'Object Repository/Pages/Sale/link_MonthYear' is: 'October 2021'&#xD;
&#xD;
2019-11-01 03:20:29 - [MESSAGE][PASSED] - Object: 'Object Repository/Pages/Sale/calender_NextButton' is clicked on&#xD;
&#xD;
2019-11-01 03:20:30 - [MESSAGE][PASSED] - Text of object 'Object Repository/Pages/Sale/link_MonthYear' is: 'November 2021'&#xD;
&#xD;
2019-11-01 03:20:30 - [MESSAGE][PASSED] - Object: 'Object Repository/Pages/Sale/calender_NextButton' is clicked on&#xD;
&#xD;
2019-11-01 03:20:30 - [MESSAGE][PASSED] - Text of object 'Object Repository/Pages/Sale/link_MonthYear' is: 'December 2021'&#xD;
&#xD;
2019-11-01 03:20:30 - [MESSAGE][PASSED] - Object: 'Object Repository/Pages/Sale/calender_NextButton' is clicked on&#xD;
&#xD;
2019-11-01 03:20:30 - [MESSAGE][PASSED] - Text of object 'Object Repository/Pages/Sale/link_MonthYear' is: 'January 2022'&#xD;
&#xD;
2019-11-01 03:20:30 - [MESSAGE][PASSED] - Object: 'Object Repository/Pages/Sale/calender_NextButton' is clicked on&#xD;
&#xD;
2019-11-01 03:20:30 - [MESSAGE][PASSED] - Text of object 'Object Repository/Pages/Sale/link_MonthYear' is: 'February 2022'&#xD;
&#xD;
2019-11-01 03:20:30 - [MESSAGE][PASSED] - Object: 'Object Repository/Pages/Sale/calender_NextButton' is clicked on&#xD;
&#xD;
2019-11-01 03:20:30 - [MESSAGE][PASSED] - Text of object 'Object Repository/Pages/Sale/link_MonthYear' is: 'March 2022'&#xD;
&#xD;
2019-11-01 03:20:30 - [MESSAGE][PASSED] - Object: 'Object Repository/Pages/Sale/calender_NextButton' is clicked on&#xD;
&#xD;
2019-11-01 03:20:30 - [MESSAGE][PASSED] - Text of object 'Object Repository/Pages/Sale/link_MonthYear' is: 'April 2022'&#xD;
&#xD;
2019-11-01 03:20:30 - [MESSAGE][PASSED] - Object: 'Object Repository/Pages/Sale/calender_NextButton' is clicked on&#xD;
&#xD;
2019-11-01 03:20:31 - [MESSAGE][PASSED] - Text of object 'Object Repository/Pages/Sale/link_MonthYear' is: 'May 2022'&#xD;
&#xD;
2019-11-01 03:20:31 - [MESSAGE][PASSED] - Object: 'Object Repository/Pages/Sale/calender_NextButton' is clicked on&#xD;
&#xD;
2019-11-01 03:20:31 - [MESSAGE][PASSED] - Text of object 'Object Repository/Pages/Sale/link_MonthYear' is: 'June 2022'&#xD;
&#xD;
2019-11-01 03:20:31 - [MESSAGE][PASSED] - Object: 'Object Repository/Pages/Sale/calender_NextButton' is clicked on&#xD;
&#xD;
2019-11-01 03:20:31 - [MESSAGE][PASSED] - Text of object 'Object Repository/Pages/Sale/link_MonthYear' is: 'July 2022'&#xD;
&#xD;
2019-11-01 03:20:31 - [MESSAGE][PASSED] - Object: 'Object Repository/Pages/Sale/calender_NextButton' is clicked on&#xD;
&#xD;
2019-11-01 03:20:31 - [MESSAGE][PASSED] - Text of object 'Object Repository/Pages/Sale/link_MonthYear' is: 'August 2022'&#xD;
&#xD;
2019-11-01 03:20:31 - [MESSAGE][PASSED] - Object: 'Object Repository/Pages/Sale/calender_NextButton' is clicked on&#xD;
&#xD;
2019-11-01 03:20:31 - [MESSAGE][PASSED] - Text of object 'Object Repository/Pages/Sale/link_MonthYear' is: 'September 2022'&#xD;
&#xD;
2019-11-01 03:20:31 - [MESSAGE][PASSED] - pages.Sale.selectMonthYear is PASSED&#xD;
&#xD;
2019-11-01 03:20:31 - [TEST_STEP][PASSED] - pages.Sale.selectDate(start_date_Value): pages.Sale.selectDate is PASSED&#xD;
&#xD;
2019-11-01 03:20:31 - [MESSAGE][PASSED] - Object: '' is clicked on&#xD;
&#xD;
2019-11-01 03:20:31 - [MESSAGE][PASSED] - pages.Sale.selectDate is PASSED&#xD;
&#xD;
2019-11-01 03:20:31 - [TEST_STEP][PASSED] - utilities.SafeActions.safeClickwithScroll(findTestObject("Pages/Sale/button_Checkout"), "Click on Checkout button", [delayBetweenTestSteps]): utilities.SafeActions.safeClickwithScroll is PASSED&#xD;
&#xD;
2019-11-01 03:20:32 - [MESSAGE][PASSED] - Object 'Object Repository/Pages/Sale/button_Checkout' is present&#xD;
&#xD;
2019-11-01 03:20:32 - [MESSAGE][PASSED] - Object 'Object Repository/Pages/Sale/button_Checkout' is visible&#xD;
&#xD;
2019-11-01 03:20:32 - [MESSAGE][INFO] - New Test Suite.ts:waiting until Click on Checkout button is Clickable&#xD;
&#xD;
2019-11-01 03:20:32 - [MESSAGE][PASSED] - Object 'Object Repository/Pages/Sale/button_Checkout' is clickable&#xD;
&#xD;
2019-11-01 03:20:32 - [MESSAGE][PASSED] - Object 'Object Repository/Pages/Sale/button_Checkout' is visible&#xD;
&#xD;
2019-11-01 03:20:33 - [MESSAGE][PASSED] - Object: 'Object Repository/Pages/Sale/button_Checkout' is clicked on&#xD;
&#xD;
2019-11-01 03:20:33 - [MESSAGE][INFO] - New Test Suite.ts: Clicked on the Click on Checkout button&#xD;
&#xD;
2019-11-01 03:20:33 - [MESSAGE][PASSED] - utilities.SafeActions.safeClickwithScroll is PASSED&#xD;
&#xD;
2019-11-01 03:20:33 - [TEST_STEP][PASSED] - pages.Sale.verifyTransactionCompletePage(findTestObject("Pages/Sale/heading_TransactionComplete")): The screen is Transaction Complete screen&#xD;
&#xD;
2019-11-01 03:20:33 - [MESSAGE][PASSED] - Object 'Object Repository/Pages/Sale/heading_TransactionComplete' is present&#xD;
&#xD;
2019-11-01 03:20:34 - [MESSAGE][PASSED] - The screen is Transaction Complete screen&#xD;
&#xD;
2019-11-01 03:20:34 - [TEST_STEP][NOT_RUN] - delay(6): NOT_RUN: delay(6)&#xD;
&#xD;
2019-11-01 03:20:34 - [MESSAGE][NOT_RUN] - NOT_RUN: delay(6)&#xD;
&#xD;
2019-11-01 03:20:34 - [TEST_STEP][PASSED] - utilities.SafeActions.safeClickWithoutScroll(findTestObject("Pages/Sale/button_ReturnToSale"), "Click on Return To Sale", [delayBetweenTestSteps]): utilities.SafeActions.safeClickWithoutScroll is PASSED&#xD;
&#xD;
2019-11-01 03:20:34 - [MESSAGE][INFO] - Safe Click Without scroll&#xD;
&#xD;
2019-11-01 03:20:34 - [MESSAGE][INFO] - New Test Suite.ts:waiting until Click on Return To Sale is Clickable&#xD;
&#xD;
2019-11-01 03:20:34 - [MESSAGE][PASSED] - Object 'Object Repository/Pages/Sale/button_ReturnToSale' is clickable&#xD;
&#xD;
2019-11-01 03:20:34 - [MESSAGE][PASSED] - Object 'Object Repository/Pages/Sale/button_ReturnToSale' is visible&#xD;
&#xD;
2019-11-01 03:20:35 - [MESSAGE][PASSED] - Object: 'Object Repository/Pages/Sale/button_ReturnToSale' is clicked on&#xD;
&#xD;
2019-11-01 03:20:35 - [MESSAGE][INFO] - New Test Suite.ts: click on the Click on Return To Sale&#xD;
&#xD;
2019-11-01 03:20:35 - [MESSAGE][PASSED] - utilities.SafeActions.safeClickWithoutScroll is PASSED&#xD;
&#xD;
2019-11-01 03:20:35 - [TEST_STEP][NOT_RUN] - delay(5): NOT_RUN: delay(5)&#xD;
&#xD;
2019-11-01 03:20:35 - [MESSAGE][NOT_RUN] - NOT_RUN: delay(5)&#xD;
&#xD;
2019-11-01 03:20:35 - [TEST_STEP][PASSED] - utilities.SafeActions.safeClickwithScroll(findTestObject("Pages/Future_Payments/tab_FuturePayments"), "Click on Future Payments Tab", [delayBetweenTestSteps]): utilities.SafeActions.safeClickwithScroll is PASSED&#xD;
&#xD;
2019-11-01 03:20:35 - [MESSAGE][PASSED] - Object 'Object Repository/Pages/Future_Payments/tab_FuturePayments' is present&#xD;
&#xD;
2019-11-01 03:20:35 - [MESSAGE][PASSED] - Object 'Object Repository/Pages/Future_Payments/tab_FuturePayments' is visible&#xD;
&#xD;
2019-11-01 03:20:35 - [MESSAGE][INFO] - New Test Suite.ts:waiting until Click on Future Payments Tab is Clickable&#xD;
&#xD;
2019-11-01 03:20:35 - [MESSAGE][PASSED] - Object 'Object Repository/Pages/Future_Payments/tab_FuturePayments' is clickable&#xD;
&#xD;
2019-11-01 03:20:35 - [MESSAGE][PASSED] - Object 'Object Repository/Pages/Future_Payments/tab_FuturePayments' is visible&#xD;
&#xD;
2019-11-01 03:20:36 - [MESSAGE][PASSED] - Object: 'Object Repository/Pages/Future_Payments/tab_FuturePayments' is clicked on&#xD;
&#xD;
2019-11-01 03:20:36 - [MESSAGE][INFO] - New Test Suite.ts: Clicked on the Click on Future Payments Tab&#xD;
&#xD;
2019-11-01 03:20:36 - [MESSAGE][PASSED] - utilities.SafeActions.safeClickwithScroll is PASSED&#xD;
&#xD;
2019-11-01 03:20:36 - [TEST_STEP][NOT_RUN] - delay(2): NOT_RUN: delay(2)&#xD;
&#xD;
2019-11-01 03:20:36 - [MESSAGE][NOT_RUN] - NOT_RUN: delay(2)&#xD;
&#xD;
2019-11-01 03:20:36 - [TEST_STEP][PASSED] - utilities.SafeActions.safeClickwithScroll(findTestObject("Pages/Future_Payments/search_Button"), "Search", [delayBetweenTestSteps]): utilities.SafeActions.safeClickwithScroll is PASSED&#xD;
&#xD;
2019-11-01 03:20:37 - [MESSAGE][PASSED] - Object 'Object Repository/Pages/Future_Payments/search_Button' is present&#xD;
&#xD;
2019-11-01 03:20:37 - [MESSAGE][PASSED] - Object 'Object Repository/Pages/Future_Payments/search_Button' is visible&#xD;
&#xD;
2019-11-01 03:20:37 - [MESSAGE][INFO] - New Test Suite.ts:waiting until Search is Clickable&#xD;
&#xD;
2019-11-01 03:20:37 - [MESSAGE][PASSED] - Object 'Object Repository/Pages/Future_Payments/search_Button' is clickable&#xD;
&#xD;
2019-11-01 03:20:37 - [MESSAGE][PASSED] - Object 'Object Repository/Pages/Future_Payments/search_Button' is visible&#xD;
&#xD;
2019-11-01 03:20:38 - [MESSAGE][PASSED] - Object: 'Object Repository/Pages/Future_Payments/search_Button' is clicked on&#xD;
&#xD;
2019-11-01 03:20:38 - [MESSAGE][INFO] - New Test Suite.ts: Clicked on the Search&#xD;
&#xD;
2019-11-01 03:20:38 - [MESSAGE][PASSED] - utilities.SafeActions.safeClickwithScroll is PASSED&#xD;
&#xD;
2019-11-01 03:20:38 - [TEST_STEP][PASSED] - println(invoiceNumber): null&#xD;
&#xD;
2019-11-01 03:20:38 - [TEST_STEP][PASSED] - println(total_Amount): null&#xD;
&#xD;
2019-11-01 03:20:38 - [TEST_STEP][PASSED] - scrollToElement(findTestObject("Pages/Future_Payments/invoiceForTransaction"), delayBetweenTestSteps): Scroll to object 'Object Repository/Pages/Future_Payments/invoiceForTransaction' successfully&#xD;
&#xD;
2019-11-01 03:20:38 - [MESSAGE][PASSED] - Scroll to object 'Object Repository/Pages/Future_Payments/invoiceForTransaction' successfully&#xD;
&#xD;
2019-11-01 03:20:38 - [TEST_STEP][PASSED] - pages.Future_Payments.verifyInvoiceRecord(findTestObject("Pages/Future_Payments/footer_NextButton"), findTestObject("Pages/Future_Payments/page_Number"), invoiceNumber, total_Amount): The Transaction is found in page 4&#xD;
&#xD;
2019-11-01 03:20:39 - [MESSAGE][PASSED] - Text of object 'Object Repository/Pages/Future_Payments/page_Number' is: 'Page 1 of 5'&#xD;
&#xD;
2019-11-01 03:20:46 - [MESSAGE][PASSED] - Delayed 5 second(s)&#xD;
&#xD;
2019-11-01 03:20:46 - [MESSAGE][PASSED] - Object: 'Object Repository/Pages/Future_Payments/footer_NextButton' is clicked on&#xD;
&#xD;
2019-11-01 03:20:46 - [MESSAGE][PASSED] - Text of object 'Object Repository/Pages/Future_Payments/page_Number' is: 'Page 2 of 5'&#xD;
&#xD;
2019-11-01 03:20:52 - [MESSAGE][PASSED] - Delayed 5 second(s)&#xD;
&#xD;
2019-11-01 03:20:52 - [MESSAGE][PASSED] - Object: 'Object Repository/Pages/Future_Payments/footer_NextButton' is clicked on&#xD;
&#xD;
2019-11-01 03:20:53 - [MESSAGE][PASSED] - Text of object 'Object Repository/Pages/Future_Payments/page_Number' is: 'Page 3 of 5'&#xD;
&#xD;
2019-11-01 03:20:58 - [MESSAGE][PASSED] - Delayed 5 second(s)&#xD;
&#xD;
2019-11-01 03:20:59 - [MESSAGE][PASSED] - Object: 'Object Repository/Pages/Future_Payments/footer_NextButton' is clicked on&#xD;
&#xD;
2019-11-01 03:20:59 - [MESSAGE][PASSED] - Text of object 'Object Repository/Pages/Future_Payments/page_Number' is: 'Page 4 of 5'&#xD;
&#xD;
2019-11-01 03:21:00 - [MESSAGE][PASSED] - The Transaction is found in page 4&#xD;
&#xD;
2019-11-01 03:21:00 - [TEST_STEP][PASSED] - closeBrowser(): Browser is closed&#xD;
&#xD;
2019-11-01 03:21:02 - [MESSAGE][PASSED] - Browser is closed&#xD;
&#xD;
2019-11-01 03:21:02 - [TEST_STEP][PASSED] - Start listener action : sampleAfterTestCase: null&#xD;
&#xD;
2019-11-01 03:21:02 - [TEST_STEP][PASSED] - println(testCaseContext.getTestCaseId()): null&#xD;
&#xD;
2019-11-01 03:21:02 - [TEST_STEP][PASSED] - println(testCaseContext.getTestCaseStatus()): null&#xD;
&#xD;
2019-11-01 03:21:02 - [TEST_STEP][PASSED] - testCaseName = testCaseContext.getTestCaseId(): null&#xD;
&#xD;
2019-11-01 03:21:02 - [TEST_STEP][PASSED] - strCount = testCaseName.lastIndexOf("/"): null&#xD;
&#xD;
2019-11-01 03:21:02 - [TEST_STEP][PASSED] - testCaseName = testCaseName.substring(strCount): null&#xD;
&#xD;
2019-11-01 03:21:02 - [TEST_STEP][PASSED] - println(testCaseName): null&#xD;
&#xD;
2019-11-01 03:21:02 - [TEST_STEP][PASSED] - if (getTestCaseStatus().equalsIgnoreCase("Error")): null&#xD;
&#xD;
2019-11-01 03:21:02 - [TEST_STEP][PASSED] - Start listener action : sampleAfterTestCase: null</system-out>
            <system-err></system-err>
        </testcase>
        <system-out>2019-11-01 03:10:29 - [TEST_SUITE][INCOMPLETE] - New Test Suite: null</system-out>
        <system-err>2019-11-01 03:10:29 - [TEST_SUITE][INCOMPLETE] - New Test Suite: null</system-err>
    </testsuite>
</testsuites>
