<?xml version="1.0" encoding="UTF-8" standalone="yes"?>
<testsuites name="Sale_TestSuite" time="476" tests="6" failures="0" errors="0">
    <testsuite name="Sale_TestSuite" tests="6" failures="0" errors="0" time="476" timestamp="2019-11-04 09:01:40" hostname="venkata.annam - FW1-D-DTA-ZENQ1" id="Test Suites/FirstView/Sale_TestSuite">
        <properties>
            <property name="deviceName" value=""/>
            <property name="devicePlatform" value=""/>
            <property name="logFolder" value="C:\\VPOS_Git_31-10-2019\\VPOS_Internal\\Reports\\20191104_090133\\FirstView\\Sale_TestSuite\\20191104_090133"/>
            <property name="logFiles" value="C:\\VPOS_Git_31-10-2019\\VPOS_Internal\\Reports\\20191104_090133\\FirstView\\Sale_TestSuite\\20191104_090133\\execution0.log"/>
            <property name="attachments" value="C:\\VPOS_Git_31-10-2019\\VPOS_Internal\\Reports\\20191104_090133\\FirstView\\Sale_TestSuite\\20191104_090133\\1572879932149.png, C:\\VPOS_Git_31-10-2019\\VPOS_Internal\\Reports\\20191104_090133\\FirstView\\Sale_TestSuite\\20191104_090133\\1572880051011.png, C:\\VPOS_Git_31-10-2019\\VPOS_Internal\\Reports\\20191104_090133\\FirstView\\Sale_TestSuite\\20191104_090133\\1572880119780.png"/>
            <property name="hostName" value="venkata.annam - FW1-D-DTA-ZENQ1"/>
            <property name="os" value="Windows 10 64bit"/>
            <property name="katalonVersion" value="6.3.2.4"/>
            <property name="browser" value="Firefox 70.0"/>
            <property name="hostAddress" value="172.25.52.168"/>
            <property name="sessionId" value="ec25b8f0-2b3a-40ed-888f-516485d9f840"/>
            <property name="seleniumVersion" value="3.141.59"/>
            <property name="proxyInformation" value="ProxyInformation{proxyOption=NO_PROXY, proxyServerType=HTTP, password=, proxyServerAddress=, proxyServerPort=0}"/>
            <property name="platform" value="Windows 10"/>
        </properties>
        <testcase name="Test Cases/FirstView/Sale/VPOS_Sale_Transaction_ECommerce_No_AdditionalPrompting" classname="Test Cases/FirstView/Sale/VPOS_Sale_Transaction_ECommerce_No_AdditionalPrompting" status="PASSED">
            <system-out>2019-11-04 09:01:42 - [TEST_CASE][PASSED] - Test Cases/FirstView/Sale/VPOS_Sale_Transaction_ECommerce_No_AdditionalPrompting: Test Cases/FirstView/Sale/VPOS_Sale_Transaction_ECommerce_No_AdditionalPrompting&#xD;
&#xD;
2019-11-04 09:01:43 - [TEST_STEP][PASSED] - Start listener action : sampleBeforeTestCase: null&#xD;
&#xD;
2019-11-04 09:01:43 - [TEST_STEP][PASSED] - println(testCaseContext.getTestCaseId()): null&#xD;
&#xD;
2019-11-04 09:01:43 - [TEST_STEP][PASSED] - println(testCaseContext.getTestCaseVariables()): null&#xD;
&#xD;
2019-11-04 09:01:45 - [TEST_STEP][PASSED] - utilities.SafeActions.openBrowser(URL, [PageLoadTime]): utilities.SafeActions.openBrowser is PASSED&#xD;
&#xD;
2019-11-04 09:01:45 - [MESSAGE][INFO] - Opening Browser&#xD;
&#xD;
2019-11-04 09:01:46 - [MESSAGE][INFO] - Starting 'Firefox' driver&#xD;
&#xD;
2019-11-04 09:01:46 - [MESSAGE][INFO] - Action delay is set to 0 seconds&#xD;
&#xD;
2019-11-04 09:01:58 - [MESSAGE][PASSED] - Browser is opened with url: 'https://q-www-firstview-net.faps.net/MVC/Account/Login'&#xD;
&#xD;
2019-11-04 09:01:58 - [MESSAGE][PASSED] - Current window maximized&#xD;
&#xD;
2019-11-04 09:01:58 - [MESSAGE][INFO] - Browser Launched Successfully&#xD;
&#xD;
2019-11-04 09:01:58 - [MESSAGE][PASSED] - utilities.SafeActions.openBrowser is PASSED&#xD;
&#xD;
2019-11-04 09:01:58 - [TEST_STEP][PASSED] - pages.Login.login(uName, password): pages.Login.login is PASSED&#xD;
&#xD;
2019-11-04 09:01:58 - [MESSAGE][PASSED] - Object 'Object Repository/Pages/Login/userName' is present&#xD;
&#xD;
2019-11-04 09:01:58 - [MESSAGE][PASSED] - Object 'Object Repository/Pages/Login/userName' is present&#xD;
&#xD;
2019-11-04 09:01:59 - [MESSAGE][PASSED] - Object: 'Object Repository/Pages/Login/userName' is clicked on&#xD;
&#xD;
2019-11-04 09:02:00 - [MESSAGE][PASSED] - Text 'ZenQEcom' is set on object 'Object Repository/Pages/Login/userName'&#xD;
&#xD;
2019-11-04 09:02:00 - [MESSAGE][PASSED] - Object 'Object Repository/Pages/Login/password' is present&#xD;
&#xD;
2019-11-04 09:02:00 - [MESSAGE][PASSED] - Object 'Object Repository/Pages/Login/password' is present&#xD;
&#xD;
2019-11-04 09:02:01 - [MESSAGE][PASSED] - Object: 'Object Repository/Pages/Login/password' is clicked on&#xD;
&#xD;
2019-11-04 09:02:01 - [MESSAGE][PASSED] - Text 'P@ssword1' is set on object 'Object Repository/Pages/Login/password'&#xD;
&#xD;
2019-11-04 09:02:01 - [MESSAGE][INFO] - Safe Click Without scroll&#xD;
&#xD;
2019-11-04 09:02:01 - [MESSAGE][INFO] - Sale_TestSuite.ts:waiting until Click on Login is Clickable&#xD;
&#xD;
2019-11-04 09:02:01 - [MESSAGE][PASSED] - Object 'Object Repository/Pages/Login/login' is clickable&#xD;
&#xD;
2019-11-04 09:02:01 - [MESSAGE][PASSED] - Object 'Object Repository/Pages/Login/login' is visible&#xD;
&#xD;
2019-11-04 09:02:04 - [MESSAGE][PASSED] - Object: 'Object Repository/Pages/Login/login' is clicked on&#xD;
&#xD;
2019-11-04 09:02:04 - [MESSAGE][INFO] - Sale_TestSuite.ts: click on the Click on Login&#xD;
&#xD;
2019-11-04 09:02:04 - [MESSAGE][PASSED] - pages.Login.login is PASSED&#xD;
&#xD;
2019-11-04 09:02:04 - [TEST_STEP][PASSED] - callTestCase(findTestCase("FirstView/Login/TC_SendCode"), [:], STOP_ON_FAILURE): Call Test Case 'Test Cases/FirstView/Login/TC_SendCode' successfully&#xD;
&#xD;
2019-11-04 09:02:04 - [TEST_CASE][PASSED] - Test Cases/FirstView/Login/TC_SendCode: Test Cases/FirstView/Login/TC_SendCode&#xD;
&#xD;
2019-11-04 09:02:05 - [TEST_STEP][PASSED] - flag = pages.SendCode.verifyPage(): pages.SendCode.verifyPage is PASSED&#xD;
&#xD;
2019-11-04 09:02:05 - [MESSAGE][PASSED] - Object 'Object Repository/Pages/SendCodeToValidate/header_SendCodeToValidate' is present and visible in viewport&#xD;
&#xD;
2019-11-04 09:02:05 - [MESSAGE][PASSED] - pages.SendCode.verifyPage is PASSED&#xD;
&#xD;
2019-11-04 09:02:05 - [TEST_STEP][PASSED] - if (flag): pages.SendCode.clickonUserSettings is PASSED&#xD;
&#xD;
2019-11-04 09:02:05 - [TEST_STEP][PASSED] - pages.SendCode.clickonUserSettings(): pages.SendCode.clickonUserSettings is PASSED&#xD;
&#xD;
2019-11-04 09:02:05 - [MESSAGE][PASSED] - Object 'Object Repository/Pages/SendCodeToValidate/link_UserSettings' is present&#xD;
&#xD;
2019-11-04 09:02:05 - [MESSAGE][PASSED] - Object 'Object Repository/Pages/SendCodeToValidate/link_UserSettings' is visible&#xD;
&#xD;
2019-11-04 09:02:05 - [MESSAGE][INFO] - Sale_TestSuite.ts:waiting until Click on User Settings is Clickable&#xD;
&#xD;
2019-11-04 09:02:05 - [MESSAGE][PASSED] - Object 'Object Repository/Pages/SendCodeToValidate/link_UserSettings' is clickable&#xD;
&#xD;
2019-11-04 09:02:05 - [MESSAGE][PASSED] - Object 'Object Repository/Pages/SendCodeToValidate/link_UserSettings' is visible&#xD;
&#xD;
2019-11-04 09:02:07 - [MESSAGE][PASSED] - Object: 'Object Repository/Pages/SendCodeToValidate/link_UserSettings' is clicked on&#xD;
&#xD;
2019-11-04 09:02:07 - [MESSAGE][INFO] - Sale_TestSuite.ts: Clicked on the Click on User Settings&#xD;
&#xD;
2019-11-04 09:02:07 - [MESSAGE][PASSED] - pages.SendCode.clickonUserSettings is PASSED&#xD;
&#xD;
2019-11-04 09:02:07 - [MESSAGE][PASSED] - Call Test Case 'Test Cases/FirstView/Login/TC_SendCode' successfully&#xD;
&#xD;
2019-11-04 09:02:07 - [TEST_STEP][PASSED] - callTestCase(findTestCase("FirstView/Login/TC_FirstView"), [:], STOP_ON_FAILURE): Call Test Case 'Test Cases/FirstView/Login/TC_FirstView' successfully&#xD;
&#xD;
2019-11-04 09:02:08 - [TEST_CASE][PASSED] - Test Cases/FirstView/Login/TC_FirstView: Test Cases/FirstView/Login/TC_FirstView&#xD;
&#xD;
2019-11-04 09:02:08 - [TEST_STEP][PASSED] - delay(3): Delayed 3 second(s)&#xD;
&#xD;
2019-11-04 09:02:11 - [MESSAGE][PASSED] - Delayed 3 second(s)&#xD;
&#xD;
2019-11-04 09:02:11 - [TEST_STEP][PASSED] - utilities.SafeActions.javascriptclick(findTestObject("Pages/FirstView/link_Home"), delayForElement): utilities.SafeActions.javascriptclick is PASSED&#xD;
&#xD;
2019-11-04 09:02:12 - [MESSAGE][PASSED] - utilities.SafeActions.javascriptclick is PASSED&#xD;
&#xD;
2019-11-04 09:02:12 - [TEST_STEP][PASSED] - utilities.SafeActions.safeClickWithoutScroll(findTestObject("Pages/FirstView/link_VPOS"), "Click on VPOS button in First View screen", [PageLoadTime]): utilities.SafeActions.safeClickWithoutScroll is PASSED&#xD;
&#xD;
2019-11-04 09:02:12 - [MESSAGE][INFO] - Safe Click Without scroll&#xD;
&#xD;
2019-11-04 09:02:12 - [MESSAGE][INFO] - Sale_TestSuite.ts:waiting until Click on VPOS button in First View screen is Clickable&#xD;
&#xD;
2019-11-04 09:02:13 - [MESSAGE][PASSED] - Object 'Object Repository/Pages/FirstView/link_VPOS' is clickable&#xD;
&#xD;
2019-11-04 09:02:13 - [MESSAGE][PASSED] - Object 'Object Repository/Pages/FirstView/link_VPOS' is visible&#xD;
&#xD;
2019-11-04 09:02:14 - [MESSAGE][PASSED] - Object: 'Object Repository/Pages/FirstView/link_VPOS' is clicked on&#xD;
&#xD;
2019-11-04 09:02:14 - [MESSAGE][INFO] - Sale_TestSuite.ts: click on the Click on VPOS button in First View screen&#xD;
&#xD;
2019-11-04 09:02:14 - [MESSAGE][PASSED] - utilities.SafeActions.safeClickWithoutScroll is PASSED&#xD;
&#xD;
2019-11-04 09:02:14 - [MESSAGE][PASSED] - Call Test Case 'Test Cases/FirstView/Login/TC_FirstView' successfully&#xD;
&#xD;
2019-11-04 09:02:14 - [TEST_STEP][PASSED] - switchToWindowTitle("Transcenter - VPOS"): Switched to window with title: 'Transcenter - VPOS'&#xD;
&#xD;
2019-11-04 09:02:18 - [MESSAGE][PASSED] - Switched to window with title: 'Transcenter - VPOS'&#xD;
&#xD;
2019-11-04 09:02:18 - [TEST_STEP][PASSED] - delay(delayForElement): Delayed 6 second(s)&#xD;
&#xD;
2019-11-04 09:02:24 - [MESSAGE][PASSED] - Delayed 6 second(s)&#xD;
&#xD;
2019-11-04 09:02:24 - [TEST_STEP][PASSED] - pages.Sale.verifyIfEntryModeIsChecked("Sale", "Manually Keyed", delayBetweenTestSteps): pages.Sale.verifyIfEntryModeIsChecked is PASSED&#xD;
&#xD;
2019-11-04 09:02:24 - [MESSAGE][PASSED] - Object '' is checked&#xD;
&#xD;
2019-11-04 09:02:24 - [MESSAGE][INFO] - The specified checkbox is checked&#xD;
&#xD;
2019-11-04 09:02:24 - [MESSAGE][PASSED] - pages.Sale.verifyIfEntryModeIsChecked is PASSED&#xD;
&#xD;
2019-11-04 09:02:24 - [TEST_STEP][PASSED] - scrollToElement(findTestObject("Pages/Sale/input_Amount"), PageLoadTime): Scroll to object 'Object Repository/Pages/Sale/input_Amount' successfully&#xD;
&#xD;
2019-11-04 09:02:25 - [MESSAGE][PASSED] - Scroll to object 'Object Repository/Pages/Sale/input_Amount' successfully&#xD;
&#xD;
2019-11-04 09:02:25 - [TEST_STEP][PASSED] - utilities.SafeActions.safeTypeUsingJavascript(findTestObject("Pages/Sale/input_Amount"), amount): utilities.SafeActions.safeTypeUsingJavascript is PASSED&#xD;
&#xD;
2019-11-04 09:02:25 - [MESSAGE][PASSED] - utilities.SafeActions.safeTypeUsingJavascript is PASSED&#xD;
&#xD;
2019-11-04 09:02:25 - [TEST_STEP][PASSED] - delay(2): Delayed 2 second(s)&#xD;
&#xD;
2019-11-04 09:02:27 - [MESSAGE][PASSED] - Delayed 2 second(s)&#xD;
&#xD;
2019-11-04 09:02:27 - [TEST_STEP][PASSED] - utilities.SafeActions.safeType(findTestObject("Pages/Sale/input_Amount"), amount, "Amount field", [delayForElement]): utilities.SafeActions.safeType is PASSED&#xD;
&#xD;
2019-11-04 09:02:27 - [MESSAGE][PASSED] - Object 'Object Repository/Pages/Sale/input_Amount' is present&#xD;
&#xD;
2019-11-04 09:02:27 - [MESSAGE][PASSED] - Object 'Object Repository/Pages/Sale/input_Amount' is present&#xD;
&#xD;
2019-11-04 09:02:28 - [MESSAGE][PASSED] - Object: 'Object Repository/Pages/Sale/input_Amount' is clicked on&#xD;
&#xD;
2019-11-04 09:02:28 - [MESSAGE][PASSED] - Text '550' is set on object 'Object Repository/Pages/Sale/input_Amount'&#xD;
&#xD;
2019-11-04 09:02:28 - [MESSAGE][PASSED] - utilities.SafeActions.safeType is PASSED&#xD;
&#xD;
2019-11-04 09:02:28 - [TEST_STEP][PASSED] - total_Amount = utilities.SafeActions.safeGetText(findTestObject("Pages/Sale/total_Amount"), PageLoadTime): utilities.SafeActions.safeGetText is PASSED&#xD;
&#xD;
2019-11-04 09:02:28 - [MESSAGE][PASSED] - Object 'Object Repository/Pages/Sale/total_Amount' is present&#xD;
&#xD;
2019-11-04 09:02:28 - [MESSAGE][PASSED] - Scroll to object 'Object Repository/Pages/Sale/total_Amount' successfully&#xD;
&#xD;
2019-11-04 09:02:28 - [MESSAGE][PASSED] - Object 'Object Repository/Pages/Sale/total_Amount' is present&#xD;
&#xD;
2019-11-04 09:02:29 - [MESSAGE][PASSED] - Text of object 'Object Repository/Pages/Sale/total_Amount' is: '$595.38'&#xD;
&#xD;
2019-11-04 09:02:29 - [MESSAGE][PASSED] - utilities.SafeActions.safeGetText is PASSED&#xD;
&#xD;
2019-11-04 09:02:29 - [TEST_STEP][PASSED] - scrollToElement(findTestObject("Pages/Sale/dropDown_ExpirationMonth"), PageLoadTime): Scroll to object 'Object Repository/Pages/Sale/dropDown_ExpirationMonth' successfully&#xD;
&#xD;
2019-11-04 09:02:29 - [MESSAGE][PASSED] - Scroll to object 'Object Repository/Pages/Sale/dropDown_ExpirationMonth' successfully&#xD;
&#xD;
2019-11-04 09:02:29 - [TEST_STEP][PASSED] - pages.Sale.verifyIfEntryModeIsChecked("Sale", "Card Not Present", delayBetweenTestSteps): pages.Sale.verifyIfEntryModeIsChecked is PASSED&#xD;
&#xD;
2019-11-04 09:02:29 - [MESSAGE][PASSED] - Object '' is checked&#xD;
&#xD;
2019-11-04 09:02:29 - [MESSAGE][INFO] - The specified checkbox is checked&#xD;
&#xD;
2019-11-04 09:02:29 - [MESSAGE][PASSED] - pages.Sale.verifyIfEntryModeIsChecked is PASSED&#xD;
&#xD;
2019-11-04 09:02:29 - [TEST_STEP][PASSED] - utilities.SafeActions.safeType(findTestObject("Pages/Sale/input_CardNumber"), visaCardNumber, "Entering Card Number", [PageLoadTime]): utilities.SafeActions.safeType is PASSED&#xD;
&#xD;
2019-11-04 09:02:29 - [MESSAGE][PASSED] - Object 'Object Repository/Pages/Sale/input_CardNumber' is present&#xD;
&#xD;
2019-11-04 09:02:29 - [MESSAGE][PASSED] - Object 'Object Repository/Pages/Sale/input_CardNumber' is present&#xD;
&#xD;
2019-11-04 09:02:30 - [MESSAGE][PASSED] - Object: 'Object Repository/Pages/Sale/input_CardNumber' is clicked on&#xD;
&#xD;
2019-11-04 09:02:31 - [MESSAGE][PASSED] - Text '4111111111111111' is set on object 'Object Repository/Pages/Sale/input_CardNumber'&#xD;
&#xD;
2019-11-04 09:02:31 - [MESSAGE][PASSED] - utilities.SafeActions.safeType is PASSED&#xD;
&#xD;
2019-11-04 09:02:31 - [TEST_STEP][PASSED] - utilities.SafeActions.safeSelectOptionInDropDownByVisibleText(findTestObject("Pages/Sale/dropDown_ExpirationMonth"), cardMonth, "Enter Expiration Month", [PageLoadTime]): utilities.SafeActions.safeSelectOptionInDropDownByVisibleText is PASSED&#xD;
&#xD;
2019-11-04 09:02:31 - [MESSAGE][PASSED] - Object 'Object Repository/Pages/Sale/dropDown_ExpirationMonth' is visible&#xD;
&#xD;
2019-11-04 09:02:31 - [MESSAGE][PASSED] - Object 'Object Repository/Pages/Sale/dropDown_ExpirationMonth' is present&#xD;
&#xD;
2019-11-04 09:02:32 - [MESSAGE][PASSED] - Object: 'Object Repository/Pages/Sale/dropDown_ExpirationMonth' is clicked on&#xD;
&#xD;
2019-11-04 09:02:32 - [MESSAGE][PASSED] - All options with label 'September' are selected in object 'Object Repository/Pages/Sale/dropDown_ExpirationMonth' &#xD;
&#xD;
2019-11-04 09:02:32 - [MESSAGE][PASSED] - utilities.SafeActions.safeSelectOptionInDropDownByVisibleText is PASSED&#xD;
&#xD;
2019-11-04 09:02:32 - [TEST_STEP][PASSED] - utilities.SafeActions.safeSelectOptionInDropDownByVisibleText(findTestObject("Pages/Sale/dropDown_ExpirationYear"), cardYear, "Enter Expiration Year", [PageLoadTime]): utilities.SafeActions.safeSelectOptionInDropDownByVisibleText is PASSED&#xD;
&#xD;
2019-11-04 09:02:32 - [MESSAGE][PASSED] - Object 'Object Repository/Pages/Sale/dropDown_ExpirationYear' is visible&#xD;
&#xD;
2019-11-04 09:02:32 - [MESSAGE][PASSED] - Object 'Object Repository/Pages/Sale/dropDown_ExpirationYear' is present&#xD;
&#xD;
2019-11-04 09:02:33 - [MESSAGE][PASSED] - Object: 'Object Repository/Pages/Sale/dropDown_ExpirationYear' is clicked on&#xD;
&#xD;
2019-11-04 09:02:33 - [MESSAGE][PASSED] - All options with label '2023' are selected in object 'Object Repository/Pages/Sale/dropDown_ExpirationYear' &#xD;
&#xD;
2019-11-04 09:02:33 - [MESSAGE][PASSED] - utilities.SafeActions.safeSelectOptionInDropDownByVisibleText is PASSED&#xD;
&#xD;
2019-11-04 09:02:33 - [TEST_STEP][PASSED] - scrollToElement(findTestObject("Pages/Sale/input_CustomerName"), PageLoadTime): Scroll to object 'Object Repository/Pages/Sale/input_CustomerName' successfully&#xD;
&#xD;
2019-11-04 09:02:33 - [MESSAGE][PASSED] - Scroll to object 'Object Repository/Pages/Sale/input_CustomerName' successfully&#xD;
&#xD;
2019-11-04 09:02:33 - [TEST_STEP][PASSED] - utilities.SafeActions.safeType(findTestObject("Pages/Sale/input_CustomerName"), customerName, "Enter Customer Name", [PageLoadTime]): utilities.SafeActions.safeType is PASSED&#xD;
&#xD;
2019-11-04 09:02:33 - [MESSAGE][PASSED] - Object 'Object Repository/Pages/Sale/input_CustomerName' is present&#xD;
&#xD;
2019-11-04 09:02:33 - [MESSAGE][PASSED] - Object 'Object Repository/Pages/Sale/input_CustomerName' is present&#xD;
&#xD;
2019-11-04 09:02:34 - [MESSAGE][PASSED] - Object: 'Object Repository/Pages/Sale/input_CustomerName' is clicked on&#xD;
&#xD;
2019-11-04 09:02:34 - [MESSAGE][PASSED] - Text 'Venkata Sai' is set on object 'Object Repository/Pages/Sale/input_CustomerName'&#xD;
&#xD;
2019-11-04 09:02:34 - [MESSAGE][PASSED] - utilities.SafeActions.safeType is PASSED&#xD;
&#xD;
2019-11-04 09:02:34 - [TEST_STEP][PASSED] - utilities.SafeActions.safeType(findTestObject("Pages/Sale/input_Address"), address, "Enter Address", [PageLoadTime]): utilities.SafeActions.safeType is PASSED&#xD;
&#xD;
2019-11-04 09:02:34 - [MESSAGE][PASSED] - Object 'Object Repository/Pages/Sale/input_Address' is present&#xD;
&#xD;
2019-11-04 09:02:34 - [MESSAGE][PASSED] - Object 'Object Repository/Pages/Sale/input_Address' is present&#xD;
&#xD;
2019-11-04 09:02:35 - [MESSAGE][PASSED] - Object: 'Object Repository/Pages/Sale/input_Address' is clicked on&#xD;
&#xD;
2019-11-04 09:02:35 - [MESSAGE][PASSED] - Text 'Street123' is set on object 'Object Repository/Pages/Sale/input_Address'&#xD;
&#xD;
2019-11-04 09:02:35 - [MESSAGE][PASSED] - utilities.SafeActions.safeType is PASSED&#xD;
&#xD;
2019-11-04 09:02:35 - [TEST_STEP][PASSED] - utilities.SafeActions.safeType(findTestObject("Pages/Sale/input_PostalCode"), postalCode, "Enter Postal Code", [PageLoadTime]): utilities.SafeActions.safeType is PASSED&#xD;
&#xD;
2019-11-04 09:02:35 - [MESSAGE][PASSED] - Object 'Object Repository/Pages/Sale/input_PostalCode' is present&#xD;
&#xD;
2019-11-04 09:02:35 - [MESSAGE][PASSED] - Object 'Object Repository/Pages/Sale/input_PostalCode' is present&#xD;
&#xD;
2019-11-04 09:02:36 - [MESSAGE][PASSED] - Object: 'Object Repository/Pages/Sale/input_PostalCode' is clicked on&#xD;
&#xD;
2019-11-04 09:02:37 - [MESSAGE][PASSED] - Text '76102' is set on object 'Object Repository/Pages/Sale/input_PostalCode'&#xD;
&#xD;
2019-11-04 09:02:37 - [MESSAGE][PASSED] - utilities.SafeActions.safeType is PASSED&#xD;
&#xD;
2019-11-04 09:02:37 - [TEST_STEP][PASSED] - scrollToElement(findTestObject("Pages/Sale/invoiceNumber"), PageLoadTime): Scroll to object 'Object Repository/Pages/Sale/invoiceNumber' successfully&#xD;
&#xD;
2019-11-04 09:02:37 - [MESSAGE][PASSED] - Scroll to object 'Object Repository/Pages/Sale/invoiceNumber' successfully&#xD;
&#xD;
2019-11-04 09:02:37 - [TEST_STEP][PASSED] - invoiceNumber = utilities.SafeActions.safeGetText(findTestObject("Pages/Sale/invoiceNumber"), PageLoadTime): utilities.SafeActions.safeGetText is PASSED&#xD;
&#xD;
2019-11-04 09:02:37 - [MESSAGE][PASSED] - Object 'Object Repository/Pages/Sale/invoiceNumber' is present&#xD;
&#xD;
2019-11-04 09:02:37 - [MESSAGE][PASSED] - Scroll to object 'Object Repository/Pages/Sale/invoiceNumber' successfully&#xD;
&#xD;
2019-11-04 09:02:37 - [MESSAGE][PASSED] - Object 'Object Repository/Pages/Sale/invoiceNumber' is present&#xD;
&#xD;
2019-11-04 09:02:38 - [MESSAGE][PASSED] - Text of object 'Object Repository/Pages/Sale/invoiceNumber' is: '15728617427295'&#xD;
&#xD;
2019-11-04 09:02:38 - [MESSAGE][PASSED] - utilities.SafeActions.safeGetText is PASSED&#xD;
&#xD;
2019-11-04 09:02:38 - [TEST_STEP][PASSED] - utilities.SafeActions.safeClickwithScroll(findTestObject("Pages/Sale/button_Checkout"), "Click on Checkout button", [PageLoadTime]): utilities.SafeActions.safeClickwithScroll is PASSED&#xD;
&#xD;
2019-11-04 09:02:38 - [MESSAGE][PASSED] - Object 'Object Repository/Pages/Sale/button_Checkout' is present&#xD;
&#xD;
2019-11-04 09:02:38 - [MESSAGE][PASSED] - Object 'Object Repository/Pages/Sale/button_Checkout' is visible&#xD;
&#xD;
2019-11-04 09:02:38 - [MESSAGE][INFO] - Sale_TestSuite.ts:waiting until Click on Checkout button is Clickable&#xD;
&#xD;
2019-11-04 09:02:38 - [MESSAGE][PASSED] - Object 'Object Repository/Pages/Sale/button_Checkout' is clickable&#xD;
&#xD;
2019-11-04 09:02:38 - [MESSAGE][PASSED] - Object 'Object Repository/Pages/Sale/button_Checkout' is visible&#xD;
&#xD;
2019-11-04 09:02:39 - [MESSAGE][PASSED] - Object: 'Object Repository/Pages/Sale/button_Checkout' is clicked on&#xD;
&#xD;
2019-11-04 09:02:39 - [MESSAGE][INFO] - Sale_TestSuite.ts: Clicked on the Click on Checkout button&#xD;
&#xD;
2019-11-04 09:02:39 - [MESSAGE][PASSED] - utilities.SafeActions.safeClickwithScroll is PASSED&#xD;
&#xD;
2019-11-04 09:02:39 - [TEST_STEP][PASSED] - pages.Sale.verifyTransactionCompletePage(findTestObject("Pages/Sale/heading_TransactionComplete")): The screen is Transaction Complete screen&#xD;
&#xD;
2019-11-04 09:02:39 - [MESSAGE][PASSED] - Object 'Object Repository/Pages/Sale/heading_TransactionComplete' is present&#xD;
&#xD;
2019-11-04 09:02:40 - [MESSAGE][PASSED] - The screen is Transaction Complete screen&#xD;
&#xD;
2019-11-04 09:02:40 - [TEST_STEP][PASSED] - transactionCompleteMessage = utilities.SafeActions.safeGetText(findTestObject("Pages/ForceTransactions/approved_TransactionMessage_TransactionComplete_Screen"), delayForElement): utilities.SafeActions.safeGetText is PASSED&#xD;
&#xD;
2019-11-04 09:02:40 - [MESSAGE][PASSED] - Object 'Object Repository/Pages/ForceTransactions/approved_TransactionMessage_TransactionComplete_Screen' is present&#xD;
&#xD;
2019-11-04 09:02:40 - [MESSAGE][PASSED] - Scroll to object 'Object Repository/Pages/ForceTransactions/approved_TransactionMessage_TransactionComplete_Screen' successfully&#xD;
&#xD;
2019-11-04 09:02:40 - [MESSAGE][PASSED] - Object 'Object Repository/Pages/ForceTransactions/approved_TransactionMessage_TransactionComplete_Screen' is present&#xD;
&#xD;
2019-11-04 09:02:41 - [MESSAGE][PASSED] - Text of object 'Object Repository/Pages/ForceTransactions/approved_TransactionMessage_TransactionComplete_Screen' is: ' This 
Sale
 for 
$595.38
 has been Approved'&#xD;
&#xD;
2019-11-04 09:02:41 - [MESSAGE][PASSED] - utilities.SafeActions.safeGetText is PASSED&#xD;
&#xD;
2019-11-04 09:02:41 - [TEST_STEP][PASSED] - println(transactionCompleteMessage): null&#xD;
&#xD;
2019-11-04 09:02:41 - [TEST_STEP][PASSED] - pages.Force_Transaction.verifyStrings(transactionCompleteMessage): Transaction is Successfull in Transaction Complete page&#xD;
&#xD;
2019-11-04 09:02:41 - [MESSAGE][PASSED] - Transaction is Successfull in Transaction Complete page&#xD;
&#xD;
2019-11-04 09:02:41 - [TEST_STEP][PASSED] - utilities.SafeActions.safeClickWithoutScroll(findTestObject("Pages/Sale/button_ReturnToSale"), "Click on Return To Sale", [PageLoadTime]): utilities.SafeActions.safeClickWithoutScroll is PASSED&#xD;
&#xD;
2019-11-04 09:02:41 - [MESSAGE][INFO] - Safe Click Without scroll&#xD;
&#xD;
2019-11-04 09:02:41 - [MESSAGE][INFO] - Sale_TestSuite.ts:waiting until Click on Return To Sale is Clickable&#xD;
&#xD;
2019-11-04 09:02:41 - [MESSAGE][PASSED] - Object 'Object Repository/Pages/Sale/button_ReturnToSale' is clickable&#xD;
&#xD;
2019-11-04 09:02:41 - [MESSAGE][PASSED] - Object 'Object Repository/Pages/Sale/button_ReturnToSale' is visible&#xD;
&#xD;
2019-11-04 09:02:42 - [MESSAGE][PASSED] - Object: 'Object Repository/Pages/Sale/button_ReturnToSale' is clicked on&#xD;
&#xD;
2019-11-04 09:02:42 - [MESSAGE][INFO] - Sale_TestSuite.ts: click on the Click on Return To Sale&#xD;
&#xD;
2019-11-04 09:02:42 - [MESSAGE][PASSED] - utilities.SafeActions.safeClickWithoutScroll is PASSED&#xD;
&#xD;
2019-11-04 09:02:42 - [TEST_STEP][PASSED] - utilities.SafeActions.safeClickWithoutScroll(findTestObject("Pages/Transaction_Management/tab_TransactionManagement"), "Transaction Management Tab", [PageLoadTime]): utilities.SafeActions.safeClickWithoutScroll is PASSED&#xD;
&#xD;
2019-11-04 09:02:42 - [MESSAGE][INFO] - Safe Click Without scroll&#xD;
&#xD;
2019-11-04 09:02:42 - [MESSAGE][INFO] - Sale_TestSuite.ts:waiting until Transaction Management Tab is Clickable&#xD;
&#xD;
2019-11-04 09:02:42 - [MESSAGE][PASSED] - Object 'Object Repository/Pages/Transaction_Management/tab_TransactionManagement' is clickable&#xD;
&#xD;
2019-11-04 09:02:42 - [MESSAGE][PASSED] - Object 'Object Repository/Pages/Transaction_Management/tab_TransactionManagement' is visible&#xD;
&#xD;
2019-11-04 09:02:43 - [MESSAGE][PASSED] - Object: 'Object Repository/Pages/Transaction_Management/tab_TransactionManagement' is clicked on&#xD;
&#xD;
2019-11-04 09:02:43 - [MESSAGE][INFO] - Sale_TestSuite.ts: click on the Transaction Management Tab&#xD;
&#xD;
2019-11-04 09:02:43 - [MESSAGE][PASSED] - utilities.SafeActions.safeClickWithoutScroll is PASSED&#xD;
&#xD;
2019-11-04 09:02:43 - [TEST_STEP][PASSED] - utilities.SafeActions.safeClickwithScroll(findTestObject("Pages/Transaction_Management/button_Search"), "Search", [PageLoadTime]): utilities.SafeActions.safeClickwithScroll is PASSED&#xD;
&#xD;
2019-11-04 09:02:43 - [MESSAGE][PASSED] - Object 'Object Repository/Pages/Transaction_Management/button_Search' is present&#xD;
&#xD;
2019-11-04 09:02:43 - [MESSAGE][PASSED] - Object 'Object Repository/Pages/Transaction_Management/button_Search' is visible&#xD;
&#xD;
2019-11-04 09:02:43 - [MESSAGE][INFO] - Sale_TestSuite.ts:waiting until Search is Clickable&#xD;
&#xD;
2019-11-04 09:02:43 - [MESSAGE][PASSED] - Object 'Object Repository/Pages/Transaction_Management/button_Search' is clickable&#xD;
&#xD;
2019-11-04 09:02:43 - [MESSAGE][PASSED] - Object 'Object Repository/Pages/Transaction_Management/button_Search' is visible&#xD;
&#xD;
2019-11-04 09:02:44 - [MESSAGE][PASSED] - Object: 'Object Repository/Pages/Transaction_Management/button_Search' is clicked on&#xD;
&#xD;
2019-11-04 09:02:44 - [MESSAGE][INFO] - Sale_TestSuite.ts: Clicked on the Search&#xD;
&#xD;
2019-11-04 09:02:44 - [MESSAGE][PASSED] - utilities.SafeActions.safeClickwithScroll is PASSED&#xD;
&#xD;
2019-11-04 09:02:44 - [TEST_STEP][PASSED] - scrollToElement(findTestObject("Pages/Transaction_Management/invoice_ForTransaction"), PageLoadTime): Scroll to object 'Object Repository/Pages/Transaction_Management/invoice_ForTransaction' successfully&#xD;
&#xD;
2019-11-04 09:02:44 - [MESSAGE][PASSED] - Scroll to object 'Object Repository/Pages/Transaction_Management/invoice_ForTransaction' successfully&#xD;
&#xD;
2019-11-04 09:02:44 - [TEST_STEP][PASSED] - pages.Transaction_Management.verifyInvoiceRecord(findTestObject("Pages/Transaction_Management/footer_NextButton"), findTestObject("Pages/Transaction_Management/page_Number"), invoiceNumber, total_Amount): The Transaction is found in page 1&#xD;
&#xD;
2019-11-04 09:02:45 - [MESSAGE][PASSED] - Text of object 'Object Repository/Pages/Transaction_Management/page_Number' is: 'Page 1 of 39'&#xD;
&#xD;
2019-11-04 09:02:47 - [MESSAGE][PASSED] - The Transaction is found in page 1&#xD;
&#xD;
2019-11-04 09:02:47 - [TEST_STEP][PASSED] - closeBrowser(): Browser is closed&#xD;
&#xD;
2019-11-04 09:02:49 - [MESSAGE][PASSED] - Browser is closed&#xD;
&#xD;
2019-11-04 09:02:49 - [TEST_STEP][PASSED] - Start listener action : sampleAfterTestCase: null&#xD;
&#xD;
2019-11-04 09:02:49 - [TEST_STEP][PASSED] - println(testCaseContext.getTestCaseId()): null&#xD;
&#xD;
2019-11-04 09:02:49 - [TEST_STEP][PASSED] - println(testCaseContext.getTestCaseStatus()): null&#xD;
&#xD;
2019-11-04 09:02:49 - [TEST_STEP][PASSED] - testCaseName = testCaseContext.getTestCaseId(): null&#xD;
&#xD;
2019-11-04 09:02:49 - [TEST_STEP][PASSED] - strCount = testCaseName.lastIndexOf("/"): null&#xD;
&#xD;
2019-11-04 09:02:49 - [TEST_STEP][PASSED] - testCaseName = testCaseName.substring(strCount): null&#xD;
&#xD;
2019-11-04 09:02:49 - [TEST_STEP][PASSED] - println(testCaseName): null&#xD;
&#xD;
2019-11-04 09:02:49 - [TEST_STEP][PASSED] - if (getTestCaseStatus().equalsIgnoreCase("Error")): null&#xD;
&#xD;
2019-11-04 09:02:49 - [TEST_STEP][PASSED] - Start listener action : sampleAfterTestCase: null</system-out>
            <system-err></system-err>
        </testcase>
        <testcase name="Test Cases/FirstView/Sale/VPOS_Sale_Transaction_Moto_No_AdditionalPrompting" classname="Test Cases/FirstView/Sale/VPOS_Sale_Transaction_Moto_No_AdditionalPrompting" status="PASSED">
            <system-out>2019-11-04 09:02:49 - [TEST_CASE][PASSED] - Test Cases/FirstView/Sale/VPOS_Sale_Transaction_Moto_No_AdditionalPrompting: Test Cases/FirstView/Sale/VPOS_Sale_Transaction_Moto_No_AdditionalPrompting&#xD;
&#xD;
2019-11-04 09:02:49 - [TEST_STEP][PASSED] - Start listener action : sampleBeforeTestCase: null&#xD;
&#xD;
2019-11-04 09:02:49 - [TEST_STEP][PASSED] - println(testCaseContext.getTestCaseId()): null&#xD;
&#xD;
2019-11-04 09:02:49 - [TEST_STEP][PASSED] - println(testCaseContext.getTestCaseVariables()): null&#xD;
&#xD;
2019-11-04 09:02:50 - [TEST_STEP][PASSED] - utilities.SafeActions.openBrowser(URL, [PageLoadTime]): utilities.SafeActions.openBrowser is PASSED&#xD;
&#xD;
2019-11-04 09:02:50 - [MESSAGE][INFO] - Opening Browser&#xD;
&#xD;
2019-11-04 09:02:50 - [MESSAGE][INFO] - Starting 'Firefox' driver&#xD;
&#xD;
2019-11-04 09:03:05 - [MESSAGE][PASSED] - Browser is opened with url: 'https://q-www-firstview-net.faps.net/MVC/Account/Login'&#xD;
&#xD;
2019-11-04 09:03:05 - [MESSAGE][PASSED] - Current window maximized&#xD;
&#xD;
2019-11-04 09:03:05 - [MESSAGE][INFO] - Browser Launched Successfully&#xD;
&#xD;
2019-11-04 09:03:05 - [MESSAGE][PASSED] - utilities.SafeActions.openBrowser is PASSED&#xD;
&#xD;
2019-11-04 09:03:05 - [TEST_STEP][PASSED] - pages.Login.login(uName, password): pages.Login.login is PASSED&#xD;
&#xD;
2019-11-04 09:03:05 - [MESSAGE][PASSED] - Object 'Object Repository/Pages/Login/userName' is present&#xD;
&#xD;
2019-11-04 09:03:05 - [MESSAGE][PASSED] - Object 'Object Repository/Pages/Login/userName' is present&#xD;
&#xD;
2019-11-04 09:03:06 - [MESSAGE][PASSED] - Object: 'Object Repository/Pages/Login/userName' is clicked on&#xD;
&#xD;
2019-11-04 09:03:06 - [MESSAGE][PASSED] - Text 'ZenQMoto' is set on object 'Object Repository/Pages/Login/userName'&#xD;
&#xD;
2019-11-04 09:03:07 - [MESSAGE][PASSED] - Object 'Object Repository/Pages/Login/password' is present&#xD;
&#xD;
2019-11-04 09:03:07 - [MESSAGE][PASSED] - Object 'Object Repository/Pages/Login/password' is present&#xD;
&#xD;
2019-11-04 09:03:08 - [MESSAGE][PASSED] - Object: 'Object Repository/Pages/Login/password' is clicked on&#xD;
&#xD;
2019-11-04 09:03:08 - [MESSAGE][PASSED] - Text 'P@ssword1' is set on object 'Object Repository/Pages/Login/password'&#xD;
&#xD;
2019-11-04 09:03:08 - [MESSAGE][INFO] - Safe Click Without scroll&#xD;
&#xD;
2019-11-04 09:03:08 - [MESSAGE][INFO] - Sale_TestSuite.ts:waiting until Click on Login is Clickable&#xD;
&#xD;
2019-11-04 09:03:08 - [MESSAGE][PASSED] - Object 'Object Repository/Pages/Login/login' is clickable&#xD;
&#xD;
2019-11-04 09:03:08 - [MESSAGE][PASSED] - Object 'Object Repository/Pages/Login/login' is visible&#xD;
&#xD;
2019-11-04 09:03:11 - [MESSAGE][PASSED] - Object: 'Object Repository/Pages/Login/login' is clicked on&#xD;
&#xD;
2019-11-04 09:03:11 - [MESSAGE][INFO] - Sale_TestSuite.ts: click on the Click on Login&#xD;
&#xD;
2019-11-04 09:03:11 - [MESSAGE][PASSED] - pages.Login.login is PASSED&#xD;
&#xD;
2019-11-04 09:03:11 - [TEST_STEP][PASSED] - callTestCase(findTestCase("FirstView/Login/TC_SendCode"), [:], STOP_ON_FAILURE): Call Test Case 'Test Cases/FirstView/Login/TC_SendCode' successfully&#xD;
&#xD;
2019-11-04 09:03:11 - [TEST_CASE][PASSED] - Test Cases/FirstView/Login/TC_SendCode: Test Cases/FirstView/Login/TC_SendCode&#xD;
&#xD;
2019-11-04 09:03:11 - [TEST_STEP][PASSED] - flag = pages.SendCode.verifyPage(): pages.SendCode.verifyPage is PASSED&#xD;
&#xD;
2019-11-04 09:03:11 - [MESSAGE][PASSED] - Object 'Object Repository/Pages/SendCodeToValidate/header_SendCodeToValidate' is present and visible in viewport&#xD;
&#xD;
2019-11-04 09:03:11 - [MESSAGE][PASSED] - pages.SendCode.verifyPage is PASSED&#xD;
&#xD;
2019-11-04 09:03:11 - [TEST_STEP][PASSED] - if (flag): pages.SendCode.clickonUserSettings is PASSED&#xD;
&#xD;
2019-11-04 09:03:11 - [TEST_STEP][PASSED] - pages.SendCode.clickonUserSettings(): pages.SendCode.clickonUserSettings is PASSED&#xD;
&#xD;
2019-11-04 09:03:11 - [MESSAGE][PASSED] - Object 'Object Repository/Pages/SendCodeToValidate/link_UserSettings' is present&#xD;
&#xD;
2019-11-04 09:03:11 - [MESSAGE][PASSED] - Object 'Object Repository/Pages/SendCodeToValidate/link_UserSettings' is visible&#xD;
&#xD;
2019-11-04 09:03:11 - [MESSAGE][INFO] - Sale_TestSuite.ts:waiting until Click on User Settings is Clickable&#xD;
&#xD;
2019-11-04 09:03:12 - [MESSAGE][PASSED] - Object 'Object Repository/Pages/SendCodeToValidate/link_UserSettings' is clickable&#xD;
&#xD;
2019-11-04 09:03:12 - [MESSAGE][PASSED] - Object 'Object Repository/Pages/SendCodeToValidate/link_UserSettings' is visible&#xD;
&#xD;
2019-11-04 09:03:14 - [MESSAGE][PASSED] - Object: 'Object Repository/Pages/SendCodeToValidate/link_UserSettings' is clicked on&#xD;
&#xD;
2019-11-04 09:03:14 - [MESSAGE][INFO] - Sale_TestSuite.ts: Clicked on the Click on User Settings&#xD;
&#xD;
2019-11-04 09:03:14 - [MESSAGE][PASSED] - pages.SendCode.clickonUserSettings is PASSED&#xD;
&#xD;
2019-11-04 09:03:14 - [MESSAGE][PASSED] - Call Test Case 'Test Cases/FirstView/Login/TC_SendCode' successfully&#xD;
&#xD;
2019-11-04 09:03:14 - [TEST_STEP][PASSED] - utilities.SafeActions.javascriptclick(findTestObject("Pages/FirstView/link_Home"), delayForElement): utilities.SafeActions.javascriptclick is PASSED&#xD;
&#xD;
2019-11-04 09:03:14 - [MESSAGE][PASSED] - utilities.SafeActions.javascriptclick is PASSED&#xD;
&#xD;
2019-11-04 09:03:14 - [TEST_STEP][PASSED] - switchToWindowTitle("Transcenter - VPOS"): Switched to window with title: 'Transcenter - VPOS'&#xD;
&#xD;
2019-11-04 09:03:17 - [MESSAGE][PASSED] - Switched to window with title: 'Transcenter - VPOS'&#xD;
&#xD;
2019-11-04 09:03:17 - [TEST_STEP][PASSED] - delay(delayForElement): Delayed 6 second(s)&#xD;
&#xD;
2019-11-04 09:03:23 - [MESSAGE][PASSED] - Delayed 6 second(s)&#xD;
&#xD;
2019-11-04 09:03:23 - [TEST_STEP][PASSED] - pages.Sale.verifyIfEntryModeIsChecked("Sale", "Manually Keyed", delayBetweenTestSteps): pages.Sale.verifyIfEntryModeIsChecked is PASSED&#xD;
&#xD;
2019-11-04 09:03:23 - [MESSAGE][PASSED] - Object '' is checked&#xD;
&#xD;
2019-11-04 09:03:23 - [MESSAGE][INFO] - The specified checkbox is checked&#xD;
&#xD;
2019-11-04 09:03:23 - [MESSAGE][PASSED] - pages.Sale.verifyIfEntryModeIsChecked is PASSED&#xD;
&#xD;
2019-11-04 09:03:23 - [TEST_STEP][PASSED] - scrollToElement(findTestObject("Pages/Sale/input_Amount"), PageLoadTime): Scroll to object 'Object Repository/Pages/Sale/input_Amount' successfully&#xD;
&#xD;
2019-11-04 09:03:23 - [MESSAGE][PASSED] - Scroll to object 'Object Repository/Pages/Sale/input_Amount' successfully&#xD;
&#xD;
2019-11-04 09:03:23 - [TEST_STEP][PASSED] - utilities.SafeActions.safeTypeUsingJavascript(findTestObject("Pages/Sale/input_Amount"), amount): utilities.SafeActions.safeTypeUsingJavascript is PASSED&#xD;
&#xD;
2019-11-04 09:03:23 - [MESSAGE][PASSED] - utilities.SafeActions.safeTypeUsingJavascript is PASSED&#xD;
&#xD;
2019-11-04 09:03:23 - [TEST_STEP][PASSED] - delay(2): Delayed 2 second(s)&#xD;
&#xD;
2019-11-04 09:03:25 - [MESSAGE][PASSED] - Delayed 2 second(s)&#xD;
&#xD;
2019-11-04 09:03:25 - [TEST_STEP][PASSED] - utilities.SafeActions.safeType(findTestObject("Pages/Sale/input_Amount"), amount, "Amount field", [delayForElement]): utilities.SafeActions.safeType is PASSED&#xD;
&#xD;
2019-11-04 09:03:26 - [MESSAGE][PASSED] - Object 'Object Repository/Pages/Sale/input_Amount' is present&#xD;
&#xD;
2019-11-04 09:03:26 - [MESSAGE][PASSED] - Object 'Object Repository/Pages/Sale/input_Amount' is present&#xD;
&#xD;
2019-11-04 09:03:26 - [MESSAGE][PASSED] - Object: 'Object Repository/Pages/Sale/input_Amount' is clicked on&#xD;
&#xD;
2019-11-04 09:03:27 - [MESSAGE][PASSED] - Text '450' is set on object 'Object Repository/Pages/Sale/input_Amount'&#xD;
&#xD;
2019-11-04 09:03:27 - [MESSAGE][PASSED] - utilities.SafeActions.safeType is PASSED&#xD;
&#xD;
2019-11-04 09:03:27 - [TEST_STEP][PASSED] - scrollToElement(findTestObject("Pages/Sale/dropDown_ExpirationMonth"), PageLoadTime): Scroll to object 'Object Repository/Pages/Sale/dropDown_ExpirationMonth' successfully&#xD;
&#xD;
2019-11-04 09:03:27 - [MESSAGE][PASSED] - Scroll to object 'Object Repository/Pages/Sale/dropDown_ExpirationMonth' successfully&#xD;
&#xD;
2019-11-04 09:03:27 - [TEST_STEP][PASSED] - pages.Sale.verifyIfEntryModeIsChecked("Sale", "Card Not Present", delayBetweenTestSteps): pages.Sale.verifyIfEntryModeIsChecked is PASSED&#xD;
&#xD;
2019-11-04 09:03:27 - [MESSAGE][PASSED] - Object '' is checked&#xD;
&#xD;
2019-11-04 09:03:27 - [MESSAGE][INFO] - The specified checkbox is checked&#xD;
&#xD;
2019-11-04 09:03:27 - [MESSAGE][PASSED] - pages.Sale.verifyIfEntryModeIsChecked is PASSED&#xD;
&#xD;
2019-11-04 09:03:27 - [TEST_STEP][PASSED] - utilities.SafeActions.safeType(findTestObject("Pages/Sale/input_CardNumber"), visaCardNumber, "Entering Card Number", [PageLoadTime]): utilities.SafeActions.safeType is PASSED&#xD;
&#xD;
2019-11-04 09:03:27 - [MESSAGE][PASSED] - Object 'Object Repository/Pages/Sale/input_CardNumber' is present&#xD;
&#xD;
2019-11-04 09:03:27 - [MESSAGE][PASSED] - Object 'Object Repository/Pages/Sale/input_CardNumber' is present&#xD;
&#xD;
2019-11-04 09:03:28 - [MESSAGE][PASSED] - Object: 'Object Repository/Pages/Sale/input_CardNumber' is clicked on&#xD;
&#xD;
2019-11-04 09:03:29 - [MESSAGE][PASSED] - Text '4111111111111111' is set on object 'Object Repository/Pages/Sale/input_CardNumber'&#xD;
&#xD;
2019-11-04 09:03:29 - [MESSAGE][PASSED] - utilities.SafeActions.safeType is PASSED&#xD;
&#xD;
2019-11-04 09:03:29 - [TEST_STEP][PASSED] - utilities.SafeActions.safeSelectOptionInDropDownByVisibleText(findTestObject("Pages/Sale/dropDown_ExpirationMonth"), cardMonth, "Enter Expiration Month", [PageLoadTime]): utilities.SafeActions.safeSelectOptionInDropDownByVisibleText is PASSED&#xD;
&#xD;
2019-11-04 09:03:29 - [MESSAGE][PASSED] - Object 'Object Repository/Pages/Sale/dropDown_ExpirationMonth' is visible&#xD;
&#xD;
2019-11-04 09:03:29 - [MESSAGE][PASSED] - Object 'Object Repository/Pages/Sale/dropDown_ExpirationMonth' is present&#xD;
&#xD;
2019-11-04 09:03:30 - [MESSAGE][PASSED] - Object: 'Object Repository/Pages/Sale/dropDown_ExpirationMonth' is clicked on&#xD;
&#xD;
2019-11-04 09:03:30 - [MESSAGE][PASSED] - All options with label 'September' are selected in object 'Object Repository/Pages/Sale/dropDown_ExpirationMonth' &#xD;
&#xD;
2019-11-04 09:03:30 - [MESSAGE][PASSED] - utilities.SafeActions.safeSelectOptionInDropDownByVisibleText is PASSED&#xD;
&#xD;
2019-11-04 09:03:30 - [TEST_STEP][PASSED] - utilities.SafeActions.safeSelectOptionInDropDownByVisibleText(findTestObject("Pages/Sale/dropDown_ExpirationYear"), cardYear, "Enter Expiration Year", [PageLoadTime]): utilities.SafeActions.safeSelectOptionInDropDownByVisibleText is PASSED&#xD;
&#xD;
2019-11-04 09:03:30 - [MESSAGE][PASSED] - Object 'Object Repository/Pages/Sale/dropDown_ExpirationYear' is visible&#xD;
&#xD;
2019-11-04 09:03:30 - [MESSAGE][PASSED] - Object 'Object Repository/Pages/Sale/dropDown_ExpirationYear' is present&#xD;
&#xD;
2019-11-04 09:03:32 - [MESSAGE][PASSED] - Object: 'Object Repository/Pages/Sale/dropDown_ExpirationYear' is clicked on&#xD;
&#xD;
2019-11-04 09:03:32 - [MESSAGE][PASSED] - All options with label '2023' are selected in object 'Object Repository/Pages/Sale/dropDown_ExpirationYear' &#xD;
&#xD;
2019-11-04 09:03:32 - [MESSAGE][PASSED] - utilities.SafeActions.safeSelectOptionInDropDownByVisibleText is PASSED&#xD;
&#xD;
2019-11-04 09:03:32 - [TEST_STEP][PASSED] - scrollToElement(findTestObject("Pages/Sale/invoiceNumber"), PageLoadTime): Scroll to object 'Object Repository/Pages/Sale/invoiceNumber' successfully&#xD;
&#xD;
2019-11-04 09:03:32 - [MESSAGE][PASSED] - Scroll to object 'Object Repository/Pages/Sale/invoiceNumber' successfully&#xD;
&#xD;
2019-11-04 09:03:32 - [TEST_STEP][PASSED] - invoiceNumber = utilities.SafeActions.safeGetText(findTestObject("Pages/Sale/invoiceNumber"), PageLoadTime): utilities.SafeActions.safeGetText is PASSED&#xD;
&#xD;
2019-11-04 09:03:32 - [MESSAGE][PASSED] - Object 'Object Repository/Pages/Sale/invoiceNumber' is present&#xD;
&#xD;
2019-11-04 09:03:32 - [MESSAGE][PASSED] - Scroll to object 'Object Repository/Pages/Sale/invoiceNumber' successfully&#xD;
&#xD;
2019-11-04 09:03:32 - [MESSAGE][PASSED] - Object 'Object Repository/Pages/Sale/invoiceNumber' is present&#xD;
&#xD;
2019-11-04 09:03:33 - [MESSAGE][PASSED] - Text of object 'Object Repository/Pages/Sale/invoiceNumber' is: '157286180010211'&#xD;
&#xD;
2019-11-04 09:03:33 - [MESSAGE][PASSED] - utilities.SafeActions.safeGetText is PASSED&#xD;
&#xD;
2019-11-04 09:03:33 - [TEST_STEP][PASSED] - utilities.SafeActions.safeClickwithScroll(findTestObject("Pages/Sale/button_Checkout"), "Click on Checkout button", [PageLoadTime]): utilities.SafeActions.safeClickwithScroll is PASSED&#xD;
&#xD;
2019-11-04 09:03:33 - [MESSAGE][PASSED] - Object 'Object Repository/Pages/Sale/button_Checkout' is present&#xD;
&#xD;
2019-11-04 09:03:33 - [MESSAGE][PASSED] - Object 'Object Repository/Pages/Sale/button_Checkout' is visible&#xD;
&#xD;
2019-11-04 09:03:33 - [MESSAGE][INFO] - Sale_TestSuite.ts:waiting until Click on Checkout button is Clickable&#xD;
&#xD;
2019-11-04 09:03:33 - [MESSAGE][PASSED] - Object 'Object Repository/Pages/Sale/button_Checkout' is clickable&#xD;
&#xD;
2019-11-04 09:03:33 - [MESSAGE][PASSED] - Object 'Object Repository/Pages/Sale/button_Checkout' is visible&#xD;
&#xD;
2019-11-04 09:03:34 - [MESSAGE][PASSED] - Object: 'Object Repository/Pages/Sale/button_Checkout' is clicked on&#xD;
&#xD;
2019-11-04 09:03:34 - [MESSAGE][INFO] - Sale_TestSuite.ts: Clicked on the Click on Checkout button&#xD;
&#xD;
2019-11-04 09:03:34 - [MESSAGE][PASSED] - utilities.SafeActions.safeClickwithScroll is PASSED&#xD;
&#xD;
2019-11-04 09:03:34 - [TEST_STEP][PASSED] - pages.Sale.verifyTransactionCompletePage(findTestObject("Pages/Sale/heading_TransactionComplete")): The screen is Transaction Complete screen&#xD;
&#xD;
2019-11-04 09:03:35 - [MESSAGE][PASSED] - Object 'Object Repository/Pages/Sale/heading_TransactionComplete' is present&#xD;
&#xD;
2019-11-04 09:03:35 - [MESSAGE][PASSED] - The screen is Transaction Complete screen&#xD;
&#xD;
2019-11-04 09:03:35 - [TEST_STEP][PASSED] - transactionCompleteMessage = utilities.SafeActions.safeGetText(findTestObject("Pages/ForceTransactions/approved_TransactionMessage_TransactionComplete_Screen"), delayForElement): utilities.SafeActions.safeGetText is PASSED&#xD;
&#xD;
2019-11-04 09:03:35 - [MESSAGE][PASSED] - Object 'Object Repository/Pages/ForceTransactions/approved_TransactionMessage_TransactionComplete_Screen' is present&#xD;
&#xD;
2019-11-04 09:03:35 - [MESSAGE][PASSED] - Scroll to object 'Object Repository/Pages/ForceTransactions/approved_TransactionMessage_TransactionComplete_Screen' successfully&#xD;
&#xD;
2019-11-04 09:03:35 - [MESSAGE][PASSED] - Object 'Object Repository/Pages/ForceTransactions/approved_TransactionMessage_TransactionComplete_Screen' is present&#xD;
&#xD;
2019-11-04 09:03:36 - [MESSAGE][PASSED] - Text of object 'Object Repository/Pages/ForceTransactions/approved_TransactionMessage_TransactionComplete_Screen' is: ' This 
Sale
 for 
$495.00
 has been Approved'&#xD;
&#xD;
2019-11-04 09:03:36 - [MESSAGE][PASSED] - utilities.SafeActions.safeGetText is PASSED&#xD;
&#xD;
2019-11-04 09:03:36 - [TEST_STEP][PASSED] - println(transactionCompleteMessage): null&#xD;
&#xD;
2019-11-04 09:03:36 - [TEST_STEP][PASSED] - pages.Force_Transaction.verifyStrings(transactionCompleteMessage): Transaction is Successfull in Transaction Complete page&#xD;
&#xD;
2019-11-04 09:03:36 - [MESSAGE][PASSED] - Transaction is Successfull in Transaction Complete page&#xD;
&#xD;
2019-11-04 09:03:36 - [TEST_STEP][PASSED] - total_Amount = utilities.SafeActions.safeGetText(findTestObject("Pages/Sale/totalAmount_In_TransactionComplete"), PageLoadTime): utilities.SafeActions.safeGetText is PASSED&#xD;
&#xD;
2019-11-04 09:03:36 - [MESSAGE][PASSED] - Object 'Object Repository/Pages/Sale/totalAmount_In_TransactionComplete' is present&#xD;
&#xD;
2019-11-04 09:03:36 - [MESSAGE][PASSED] - Scroll to object 'Object Repository/Pages/Sale/totalAmount_In_TransactionComplete' successfully&#xD;
&#xD;
2019-11-04 09:03:36 - [MESSAGE][PASSED] - Object 'Object Repository/Pages/Sale/totalAmount_In_TransactionComplete' is present&#xD;
&#xD;
2019-11-04 09:03:37 - [MESSAGE][PASSED] - Text of object 'Object Repository/Pages/Sale/totalAmount_In_TransactionComplete' is: '$495.00'&#xD;
&#xD;
2019-11-04 09:03:37 - [MESSAGE][PASSED] - utilities.SafeActions.safeGetText is PASSED&#xD;
&#xD;
2019-11-04 09:03:37 - [TEST_STEP][PASSED] - utilities.SafeActions.safeClickWithoutScroll(findTestObject("Pages/Sale/button_ReturnToSale"), "Click on Return To Sale", [PageLoadTime]): utilities.SafeActions.safeClickWithoutScroll is PASSED&#xD;
&#xD;
2019-11-04 09:03:37 - [MESSAGE][INFO] - Safe Click Without scroll&#xD;
&#xD;
2019-11-04 09:03:37 - [MESSAGE][INFO] - Sale_TestSuite.ts:waiting until Click on Return To Sale is Clickable&#xD;
&#xD;
2019-11-04 09:03:37 - [MESSAGE][PASSED] - Object 'Object Repository/Pages/Sale/button_ReturnToSale' is clickable&#xD;
&#xD;
2019-11-04 09:03:37 - [MESSAGE][PASSED] - Object 'Object Repository/Pages/Sale/button_ReturnToSale' is visible&#xD;
&#xD;
2019-11-04 09:03:38 - [MESSAGE][PASSED] - Object: 'Object Repository/Pages/Sale/button_ReturnToSale' is clicked on&#xD;
&#xD;
2019-11-04 09:03:38 - [MESSAGE][INFO] - Sale_TestSuite.ts: click on the Click on Return To Sale&#xD;
&#xD;
2019-11-04 09:03:38 - [MESSAGE][PASSED] - utilities.SafeActions.safeClickWithoutScroll is PASSED&#xD;
&#xD;
2019-11-04 09:03:38 - [TEST_STEP][PASSED] - utilities.SafeActions.safeClickWithoutScroll(findTestObject("Pages/Transaction_Management/tab_TransactionManagement"), "Transaction Management Tab", [PageLoadTime]): utilities.SafeActions.safeClickWithoutScroll is PASSED&#xD;
&#xD;
2019-11-04 09:03:38 - [MESSAGE][INFO] - Safe Click Without scroll&#xD;
&#xD;
2019-11-04 09:03:38 - [MESSAGE][INFO] - Sale_TestSuite.ts:waiting until Transaction Management Tab is Clickable&#xD;
&#xD;
2019-11-04 09:03:38 - [MESSAGE][PASSED] - Object 'Object Repository/Pages/Transaction_Management/tab_TransactionManagement' is clickable&#xD;
&#xD;
2019-11-04 09:03:38 - [MESSAGE][PASSED] - Object 'Object Repository/Pages/Transaction_Management/tab_TransactionManagement' is visible&#xD;
&#xD;
2019-11-04 09:03:39 - [MESSAGE][PASSED] - Object: 'Object Repository/Pages/Transaction_Management/tab_TransactionManagement' is clicked on&#xD;
&#xD;
2019-11-04 09:03:39 - [MESSAGE][INFO] - Sale_TestSuite.ts: click on the Transaction Management Tab&#xD;
&#xD;
2019-11-04 09:03:39 - [MESSAGE][PASSED] - utilities.SafeActions.safeClickWithoutScroll is PASSED&#xD;
&#xD;
2019-11-04 09:03:39 - [TEST_STEP][PASSED] - utilities.SafeActions.safeClickwithScroll(findTestObject("Pages/Transaction_Management/button_Search"), "Search", [PageLoadTime]): utilities.SafeActions.safeClickwithScroll is PASSED&#xD;
&#xD;
2019-11-04 09:03:39 - [MESSAGE][PASSED] - Object 'Object Repository/Pages/Transaction_Management/button_Search' is present&#xD;
&#xD;
2019-11-04 09:03:39 - [MESSAGE][PASSED] - Object 'Object Repository/Pages/Transaction_Management/button_Search' is visible&#xD;
&#xD;
2019-11-04 09:03:39 - [MESSAGE][INFO] - Sale_TestSuite.ts:waiting until Search is Clickable&#xD;
&#xD;
2019-11-04 09:03:39 - [MESSAGE][PASSED] - Object 'Object Repository/Pages/Transaction_Management/button_Search' is clickable&#xD;
&#xD;
2019-11-04 09:03:39 - [MESSAGE][PASSED] - Object 'Object Repository/Pages/Transaction_Management/button_Search' is visible&#xD;
&#xD;
2019-11-04 09:03:40 - [MESSAGE][PASSED] - Object: 'Object Repository/Pages/Transaction_Management/button_Search' is clicked on&#xD;
&#xD;
2019-11-04 09:03:40 - [MESSAGE][INFO] - Sale_TestSuite.ts: Clicked on the Search&#xD;
&#xD;
2019-11-04 09:03:40 - [MESSAGE][PASSED] - utilities.SafeActions.safeClickwithScroll is PASSED&#xD;
&#xD;
2019-11-04 09:03:40 - [TEST_STEP][PASSED] - scrollToElement(findTestObject("Pages/Transaction_Management/invoice_ForTransaction"), PageLoadTime): Scroll to object 'Object Repository/Pages/Transaction_Management/invoice_ForTransaction' successfully&#xD;
&#xD;
2019-11-04 09:03:41 - [MESSAGE][PASSED] - Scroll to object 'Object Repository/Pages/Transaction_Management/invoice_ForTransaction' successfully&#xD;
&#xD;
2019-11-04 09:03:41 - [TEST_STEP][PASSED] - pages.Transaction_Management.verifyInvoiceRecord(findTestObject("Pages/Transaction_Management/footer_NextButton"), findTestObject("Pages/Transaction_Management/page_Number"), invoiceNumber, total_Amount): The Transaction is found in page 1&#xD;
&#xD;
2019-11-04 09:03:41 - [MESSAGE][PASSED] - Text of object 'Object Repository/Pages/Transaction_Management/page_Number' is: 'Page 1 of 100'&#xD;
&#xD;
2019-11-04 09:03:43 - [MESSAGE][PASSED] - The Transaction is found in page 1&#xD;
&#xD;
2019-11-04 09:03:43 - [TEST_STEP][PASSED] - closeBrowser(): Browser is closed&#xD;
&#xD;
2019-11-04 09:03:45 - [MESSAGE][PASSED] - Browser is closed&#xD;
&#xD;
2019-11-04 09:03:45 - [TEST_STEP][PASSED] - Start listener action : sampleAfterTestCase: null&#xD;
&#xD;
2019-11-04 09:03:45 - [TEST_STEP][PASSED] - println(testCaseContext.getTestCaseId()): null&#xD;
&#xD;
2019-11-04 09:03:45 - [TEST_STEP][PASSED] - println(testCaseContext.getTestCaseStatus()): null&#xD;
&#xD;
2019-11-04 09:03:45 - [TEST_STEP][PASSED] - testCaseName = testCaseContext.getTestCaseId(): null&#xD;
&#xD;
2019-11-04 09:03:45 - [TEST_STEP][PASSED] - strCount = testCaseName.lastIndexOf("/"): null&#xD;
&#xD;
2019-11-04 09:03:45 - [TEST_STEP][PASSED] - testCaseName = testCaseName.substring(strCount): null&#xD;
&#xD;
2019-11-04 09:03:45 - [TEST_STEP][PASSED] - println(testCaseName): null&#xD;
&#xD;
2019-11-04 09:03:45 - [TEST_STEP][PASSED] - if (getTestCaseStatus().equalsIgnoreCase("Error")): null&#xD;
&#xD;
2019-11-04 09:03:45 - [TEST_STEP][PASSED] - Start listener action : sampleAfterTestCase: null</system-out>
            <system-err></system-err>
        </testcase>
        <testcase name="Test Cases/FirstView/Sale/VPOS_Sale_Transaction_Retail_No_AdditionalPrompting" classname="Test Cases/FirstView/Sale/VPOS_Sale_Transaction_Retail_No_AdditionalPrompting" status="PASSED">
            <system-out>2019-11-04 09:03:45 - [TEST_CASE][PASSED] - Test Cases/FirstView/Sale/VPOS_Sale_Transaction_Retail_No_AdditionalPrompting: Test Cases/FirstView/Sale/VPOS_Sale_Transaction_Retail_No_AdditionalPrompting&#xD;
&#xD;
2019-11-04 09:03:45 - [TEST_STEP][PASSED] - Start listener action : sampleBeforeTestCase: null&#xD;
&#xD;
2019-11-04 09:03:45 - [TEST_STEP][PASSED] - println(testCaseContext.getTestCaseId()): null&#xD;
&#xD;
2019-11-04 09:03:45 - [TEST_STEP][PASSED] - println(testCaseContext.getTestCaseVariables()): null&#xD;
&#xD;
2019-11-04 09:03:45 - [TEST_STEP][PASSED] - utilities.SafeActions.openBrowser(URL, [delayForElement]): utilities.SafeActions.openBrowser is PASSED&#xD;
&#xD;
2019-11-04 09:03:45 - [MESSAGE][INFO] - Opening Browser&#xD;
&#xD;
2019-11-04 09:03:45 - [MESSAGE][INFO] - Starting 'Firefox' driver&#xD;
&#xD;
2019-11-04 09:03:52 - [MESSAGE][PASSED] - Browser is opened with url: 'https://q-www-firstview-net.faps.net/MVC/Account/Login'&#xD;
&#xD;
2019-11-04 09:03:52 - [MESSAGE][PASSED] - Current window maximized&#xD;
&#xD;
2019-11-04 09:03:52 - [MESSAGE][INFO] - Browser Launched Successfully&#xD;
&#xD;
2019-11-04 09:03:52 - [MESSAGE][PASSED] - utilities.SafeActions.openBrowser is PASSED&#xD;
&#xD;
2019-11-04 09:03:52 - [TEST_STEP][PASSED] - pages.Login.login(uName, password): pages.Login.login is PASSED&#xD;
&#xD;
2019-11-04 09:03:52 - [MESSAGE][PASSED] - Object 'Object Repository/Pages/Login/userName' is present&#xD;
&#xD;
2019-11-04 09:03:52 - [MESSAGE][PASSED] - Object 'Object Repository/Pages/Login/userName' is present&#xD;
&#xD;
2019-11-04 09:03:53 - [MESSAGE][PASSED] - Object: 'Object Repository/Pages/Login/userName' is clicked on&#xD;
&#xD;
2019-11-04 09:03:53 - [MESSAGE][PASSED] - Text 'ZenQRetail' is set on object 'Object Repository/Pages/Login/userName'&#xD;
&#xD;
2019-11-04 09:03:53 - [MESSAGE][PASSED] - Object 'Object Repository/Pages/Login/password' is present&#xD;
&#xD;
2019-11-04 09:03:53 - [MESSAGE][PASSED] - Object 'Object Repository/Pages/Login/password' is present&#xD;
&#xD;
2019-11-04 09:03:53 - [MESSAGE][PASSED] - Object: 'Object Repository/Pages/Login/password' is clicked on&#xD;
&#xD;
2019-11-04 09:03:53 - [MESSAGE][PASSED] - Text 'P@ssword1' is set on object 'Object Repository/Pages/Login/password'&#xD;
&#xD;
2019-11-04 09:03:54 - [MESSAGE][INFO] - Safe Click Without scroll&#xD;
&#xD;
2019-11-04 09:03:54 - [MESSAGE][INFO] - Sale_TestSuite.ts:waiting until Click on Login is Clickable&#xD;
&#xD;
2019-11-04 09:03:54 - [MESSAGE][PASSED] - Object 'Object Repository/Pages/Login/login' is clickable&#xD;
&#xD;
2019-11-04 09:03:54 - [MESSAGE][PASSED] - Object 'Object Repository/Pages/Login/login' is visible&#xD;
&#xD;
2019-11-04 09:03:56 - [MESSAGE][PASSED] - Object: 'Object Repository/Pages/Login/login' is clicked on&#xD;
&#xD;
2019-11-04 09:03:56 - [MESSAGE][INFO] - Sale_TestSuite.ts: click on the Click on Login&#xD;
&#xD;
2019-11-04 09:03:56 - [MESSAGE][PASSED] - pages.Login.login is PASSED&#xD;
&#xD;
2019-11-04 09:03:56 - [TEST_STEP][PASSED] - callTestCase(findTestCase("FirstView/Login/TC_SendCode"), [:], STOP_ON_FAILURE): Call Test Case 'Test Cases/FirstView/Login/TC_SendCode' successfully&#xD;
&#xD;
2019-11-04 09:03:56 - [TEST_CASE][PASSED] - Test Cases/FirstView/Login/TC_SendCode: Test Cases/FirstView/Login/TC_SendCode&#xD;
&#xD;
2019-11-04 09:03:56 - [TEST_STEP][PASSED] - flag = pages.SendCode.verifyPage(): pages.SendCode.verifyPage is PASSED&#xD;
&#xD;
2019-11-04 09:03:56 - [MESSAGE][PASSED] - Object 'Object Repository/Pages/SendCodeToValidate/header_SendCodeToValidate' is present and visible in viewport&#xD;
&#xD;
2019-11-04 09:03:56 - [MESSAGE][PASSED] - pages.SendCode.verifyPage is PASSED&#xD;
&#xD;
2019-11-04 09:03:56 - [TEST_STEP][PASSED] - if (flag): pages.SendCode.clickonUserSettings is PASSED&#xD;
&#xD;
2019-11-04 09:03:56 - [TEST_STEP][PASSED] - pages.SendCode.clickonUserSettings(): pages.SendCode.clickonUserSettings is PASSED&#xD;
&#xD;
2019-11-04 09:03:56 - [MESSAGE][PASSED] - Object 'Object Repository/Pages/SendCodeToValidate/link_UserSettings' is present&#xD;
&#xD;
2019-11-04 09:03:57 - [MESSAGE][PASSED] - Object 'Object Repository/Pages/SendCodeToValidate/link_UserSettings' is visible&#xD;
&#xD;
2019-11-04 09:03:57 - [MESSAGE][INFO] - Sale_TestSuite.ts:waiting until Click on User Settings is Clickable&#xD;
&#xD;
2019-11-04 09:03:57 - [MESSAGE][PASSED] - Object 'Object Repository/Pages/SendCodeToValidate/link_UserSettings' is clickable&#xD;
&#xD;
2019-11-04 09:03:57 - [MESSAGE][PASSED] - Object 'Object Repository/Pages/SendCodeToValidate/link_UserSettings' is visible&#xD;
&#xD;
2019-11-04 09:03:58 - [MESSAGE][PASSED] - Object: 'Object Repository/Pages/SendCodeToValidate/link_UserSettings' is clicked on&#xD;
&#xD;
2019-11-04 09:03:58 - [MESSAGE][INFO] - Sale_TestSuite.ts: Clicked on the Click on User Settings&#xD;
&#xD;
2019-11-04 09:03:58 - [MESSAGE][PASSED] - pages.SendCode.clickonUserSettings is PASSED&#xD;
&#xD;
2019-11-04 09:03:58 - [MESSAGE][PASSED] - Call Test Case 'Test Cases/FirstView/Login/TC_SendCode' successfully&#xD;
&#xD;
2019-11-04 09:03:58 - [TEST_STEP][PASSED] - callTestCase(findTestCase("FirstView/Login/TC_FirstView"), [:], STOP_ON_FAILURE): Call Test Case 'Test Cases/FirstView/Login/TC_FirstView' successfully&#xD;
&#xD;
2019-11-04 09:03:58 - [TEST_CASE][PASSED] - Test Cases/FirstView/Login/TC_FirstView: Test Cases/FirstView/Login/TC_FirstView&#xD;
&#xD;
2019-11-04 09:03:58 - [TEST_STEP][PASSED] - delay(3): Delayed 3 second(s)&#xD;
&#xD;
2019-11-04 09:04:01 - [MESSAGE][PASSED] - Delayed 3 second(s)&#xD;
&#xD;
2019-11-04 09:04:01 - [TEST_STEP][PASSED] - utilities.SafeActions.javascriptclick(findTestObject("Pages/FirstView/link_Home"), delayForElement): utilities.SafeActions.javascriptclick is PASSED&#xD;
&#xD;
2019-11-04 09:04:01 - [MESSAGE][PASSED] - utilities.SafeActions.javascriptclick is PASSED&#xD;
&#xD;
2019-11-04 09:04:01 - [TEST_STEP][PASSED] - utilities.SafeActions.safeClickWithoutScroll(findTestObject("Pages/FirstView/link_VPOS"), "Click on VPOS button in First View screen", [PageLoadTime]): utilities.SafeActions.safeClickWithoutScroll is PASSED&#xD;
&#xD;
2019-11-04 09:04:02 - [MESSAGE][INFO] - Safe Click Without scroll&#xD;
&#xD;
2019-11-04 09:04:02 - [MESSAGE][INFO] - Sale_TestSuite.ts:waiting until Click on VPOS button in First View screen is Clickable&#xD;
&#xD;
2019-11-04 09:04:03 - [MESSAGE][PASSED] - Object 'Object Repository/Pages/FirstView/link_VPOS' is clickable&#xD;
&#xD;
2019-11-04 09:04:03 - [MESSAGE][PASSED] - Object 'Object Repository/Pages/FirstView/link_VPOS' is visible&#xD;
&#xD;
2019-11-04 09:04:04 - [MESSAGE][PASSED] - Object: 'Object Repository/Pages/FirstView/link_VPOS' is clicked on&#xD;
&#xD;
2019-11-04 09:04:04 - [MESSAGE][INFO] - Sale_TestSuite.ts: click on the Click on VPOS button in First View screen&#xD;
&#xD;
2019-11-04 09:04:04 - [MESSAGE][PASSED] - utilities.SafeActions.safeClickWithoutScroll is PASSED&#xD;
&#xD;
2019-11-04 09:04:04 - [MESSAGE][PASSED] - Call Test Case 'Test Cases/FirstView/Login/TC_FirstView' successfully&#xD;
&#xD;
2019-11-04 09:04:04 - [TEST_STEP][PASSED] - switchToWindowTitle("Transcenter - VPOS"): Switched to window with title: 'Transcenter - VPOS'&#xD;
&#xD;
2019-11-04 09:04:07 - [MESSAGE][PASSED] - Switched to window with title: 'Transcenter - VPOS'&#xD;
&#xD;
2019-11-04 09:04:07 - [TEST_STEP][PASSED] - delay(delayForElement): Delayed 6 second(s)&#xD;
&#xD;
2019-11-04 09:04:13 - [MESSAGE][PASSED] - Delayed 6 second(s)&#xD;
&#xD;
2019-11-04 09:04:13 - [TEST_STEP][PASSED] - pages.Sale.verifyIfEntryModeIsChecked(tabName, entryModeCheckBox, delayBetweenTestSteps): pages.Sale.verifyIfEntryModeIsChecked is PASSED&#xD;
&#xD;
2019-11-04 09:04:13 - [MESSAGE][PASSED] - Object '' is checked&#xD;
&#xD;
2019-11-04 09:04:13 - [MESSAGE][INFO] - The specified checkbox is checked&#xD;
&#xD;
2019-11-04 09:04:13 - [MESSAGE][PASSED] - pages.Sale.verifyIfEntryModeIsChecked is PASSED&#xD;
&#xD;
2019-11-04 09:04:13 - [TEST_STEP][PASSED] - scrollToElement(findTestObject("Pages/Sale/input_Amount"), delayBetweenTestSteps): Scroll to object 'Object Repository/Pages/Sale/input_Amount' successfully&#xD;
&#xD;
2019-11-04 09:04:13 - [MESSAGE][PASSED] - Scroll to object 'Object Repository/Pages/Sale/input_Amount' successfully&#xD;
&#xD;
2019-11-04 09:04:13 - [TEST_STEP][PASSED] - utilities.SafeActions.safeTypeUsingJavascript(findTestObject("Pages/Sale/input_Amount"), amountInput): utilities.SafeActions.safeTypeUsingJavascript is PASSED&#xD;
&#xD;
2019-11-04 09:04:13 - [MESSAGE][PASSED] - utilities.SafeActions.safeTypeUsingJavascript is PASSED&#xD;
&#xD;
2019-11-04 09:04:13 - [TEST_STEP][PASSED] - delay(2): Delayed 2 second(s)&#xD;
&#xD;
2019-11-04 09:04:15 - [MESSAGE][PASSED] - Delayed 2 second(s)&#xD;
&#xD;
2019-11-04 09:04:15 - [TEST_STEP][PASSED] - utilities.SafeActions.safeType(findTestObject("Pages/Sale/input_Amount"), amountInput, "Amount field", [delayForElement]): utilities.SafeActions.safeType is PASSED&#xD;
&#xD;
2019-11-04 09:04:15 - [MESSAGE][PASSED] - Object 'Object Repository/Pages/Sale/input_Amount' is present&#xD;
&#xD;
2019-11-04 09:04:15 - [MESSAGE][PASSED] - Object 'Object Repository/Pages/Sale/input_Amount' is present&#xD;
&#xD;
2019-11-04 09:04:16 - [MESSAGE][PASSED] - Object: 'Object Repository/Pages/Sale/input_Amount' is clicked on&#xD;
&#xD;
2019-11-04 09:04:16 - [MESSAGE][PASSED] - Text '550' is set on object 'Object Repository/Pages/Sale/input_Amount'&#xD;
&#xD;
2019-11-04 09:04:16 - [MESSAGE][PASSED] - utilities.SafeActions.safeType is PASSED&#xD;
&#xD;
2019-11-04 09:04:16 - [TEST_STEP][PASSED] - scrollToElement(findTestObject("Pages/Sale/dropDown_ExpirationMonth"), delayBetweenTestSteps): Scroll to object 'Object Repository/Pages/Sale/dropDown_ExpirationMonth' successfully&#xD;
&#xD;
2019-11-04 09:04:16 - [MESSAGE][PASSED] - Scroll to object 'Object Repository/Pages/Sale/dropDown_ExpirationMonth' successfully&#xD;
&#xD;
2019-11-04 09:04:16 - [TEST_STEP][PASSED] - total_Amount = utilities.SafeActions.safeGetText(findTestObject("Pages/Sale/total_Amount"), delayBetweenTestSteps): utilities.SafeActions.safeGetText is PASSED&#xD;
&#xD;
2019-11-04 09:04:17 - [MESSAGE][PASSED] - Object 'Object Repository/Pages/Sale/total_Amount' is present&#xD;
&#xD;
2019-11-04 09:04:17 - [MESSAGE][PASSED] - Scroll to object 'Object Repository/Pages/Sale/total_Amount' successfully&#xD;
&#xD;
2019-11-04 09:04:17 - [MESSAGE][PASSED] - Object 'Object Repository/Pages/Sale/total_Amount' is present&#xD;
&#xD;
2019-11-04 09:04:17 - [MESSAGE][PASSED] - Text of object 'Object Repository/Pages/Sale/total_Amount' is: '$595.38'&#xD;
&#xD;
2019-11-04 09:04:17 - [MESSAGE][PASSED] - utilities.SafeActions.safeGetText is PASSED&#xD;
&#xD;
2019-11-04 09:04:17 - [TEST_STEP][PASSED] - println(total_Amount): null&#xD;
&#xD;
2019-11-04 09:04:17 - [TEST_STEP][PASSED] - pages.Sale.verifyIfEntryModeIsChecked(tabName, cardInformationCheckBox, delayBetweenTestSteps): pages.Sale.verifyIfEntryModeIsChecked is PASSED&#xD;
&#xD;
2019-11-04 09:04:17 - [MESSAGE][PASSED] - Object '' is checked&#xD;
&#xD;
2019-11-04 09:04:17 - [MESSAGE][INFO] - The specified checkbox is checked&#xD;
&#xD;
2019-11-04 09:04:17 - [MESSAGE][PASSED] - pages.Sale.verifyIfEntryModeIsChecked is PASSED&#xD;
&#xD;
2019-11-04 09:04:17 - [TEST_STEP][PASSED] - utilities.SafeActions.safeType(findTestObject("Pages/Sale/input_CardNumber"), visaCardNumber, "Entering Card Number", [delayBetweenTestSteps]): utilities.SafeActions.safeType is PASSED&#xD;
&#xD;
2019-11-04 09:04:17 - [MESSAGE][PASSED] - Object 'Object Repository/Pages/Sale/input_CardNumber' is present&#xD;
&#xD;
2019-11-04 09:04:17 - [MESSAGE][PASSED] - Object 'Object Repository/Pages/Sale/input_CardNumber' is present&#xD;
&#xD;
2019-11-04 09:04:18 - [MESSAGE][PASSED] - Object: 'Object Repository/Pages/Sale/input_CardNumber' is clicked on&#xD;
&#xD;
2019-11-04 09:04:19 - [MESSAGE][PASSED] - Text '4111111111111111' is set on object 'Object Repository/Pages/Sale/input_CardNumber'&#xD;
&#xD;
2019-11-04 09:04:19 - [MESSAGE][PASSED] - utilities.SafeActions.safeType is PASSED&#xD;
&#xD;
2019-11-04 09:04:19 - [TEST_STEP][PASSED] - delay(delayBetweenTestSteps): Delayed 3 second(s)&#xD;
&#xD;
2019-11-04 09:04:22 - [MESSAGE][PASSED] - Delayed 3 second(s)&#xD;
&#xD;
2019-11-04 09:04:22 - [TEST_STEP][PASSED] - utilities.SafeActions.safeSelectOptionInDropDownByVisibleText(findTestObject("Pages/Sale/dropDown_ExpirationMonth"), cardMonth, "Enter Month", [delayBetweenTestSteps]): utilities.SafeActions.safeSelectOptionInDropDownByVisibleText is PASSED&#xD;
&#xD;
2019-11-04 09:04:22 - [MESSAGE][PASSED] - Object 'Object Repository/Pages/Sale/dropDown_ExpirationMonth' is visible&#xD;
&#xD;
2019-11-04 09:04:22 - [MESSAGE][PASSED] - Object 'Object Repository/Pages/Sale/dropDown_ExpirationMonth' is present&#xD;
&#xD;
2019-11-04 09:04:23 - [MESSAGE][PASSED] - Object: 'Object Repository/Pages/Sale/dropDown_ExpirationMonth' is clicked on&#xD;
&#xD;
2019-11-04 09:04:23 - [MESSAGE][PASSED] - All options with label 'September' are selected in object 'Object Repository/Pages/Sale/dropDown_ExpirationMonth' &#xD;
&#xD;
2019-11-04 09:04:23 - [MESSAGE][PASSED] - utilities.SafeActions.safeSelectOptionInDropDownByVisibleText is PASSED&#xD;
&#xD;
2019-11-04 09:04:23 - [TEST_STEP][PASSED] - utilities.SafeActions.safeSelectOptionInDropDownByVisibleText(findTestObject("Pages/Sale/dropDown_ExpirationYear"), cardYear, "Select Expiration Year", [delayBetweenTestSteps]): utilities.SafeActions.safeSelectOptionInDropDownByVisibleText is PASSED&#xD;
&#xD;
2019-11-04 09:04:23 - [MESSAGE][PASSED] - Object 'Object Repository/Pages/Sale/dropDown_ExpirationYear' is visible&#xD;
&#xD;
2019-11-04 09:04:23 - [MESSAGE][PASSED] - Object 'Object Repository/Pages/Sale/dropDown_ExpirationYear' is present&#xD;
&#xD;
2019-11-04 09:04:24 - [MESSAGE][PASSED] - Object: 'Object Repository/Pages/Sale/dropDown_ExpirationYear' is clicked on&#xD;
&#xD;
2019-11-04 09:04:24 - [MESSAGE][PASSED] - All options with label '2022' are selected in object 'Object Repository/Pages/Sale/dropDown_ExpirationYear' &#xD;
&#xD;
2019-11-04 09:04:24 - [MESSAGE][PASSED] - utilities.SafeActions.safeSelectOptionInDropDownByVisibleText is PASSED&#xD;
&#xD;
2019-11-04 09:04:24 - [TEST_STEP][PASSED] - utilities.SafeActions.safeClickWithoutScrollOnLabel(findTestObject("Pages/Sale/label_ExpirationYear"), "Click on Exp Year label", [PageLoadTime]): utilities.SafeActions.safeClickWithoutScrollOnLabel is PASSED&#xD;
&#xD;
2019-11-04 09:04:24 - [MESSAGE][INFO] - Safe Click Without scroll On Label&#xD;
&#xD;
2019-11-04 09:04:25 - [MESSAGE][PASSED] - Object 'Object Repository/Pages/Sale/label_ExpirationYear' is visible&#xD;
&#xD;
2019-11-04 09:04:25 - [MESSAGE][INFO] - Sale_TestSuite.ts: click on the Click on Exp Year label&#xD;
&#xD;
2019-11-04 09:04:25 - [MESSAGE][PASSED] - Object: 'Object Repository/Pages/Sale/label_ExpirationYear' is clicked on&#xD;
&#xD;
2019-11-04 09:04:25 - [MESSAGE][PASSED] - utilities.SafeActions.safeClickWithoutScrollOnLabel is PASSED&#xD;
&#xD;
2019-11-04 09:04:25 - [TEST_STEP][PASSED] - delay(delayBetweenTestSteps): Delayed 3 second(s)&#xD;
&#xD;
2019-11-04 09:04:28 - [MESSAGE][PASSED] - Delayed 3 second(s)&#xD;
&#xD;
2019-11-04 09:04:28 - [TEST_STEP][PASSED] - scrollToElement(findTestObject("Pages/Sale/invoiceNumber"), delayBetweenTestSteps): Scroll to object 'Object Repository/Pages/Sale/invoiceNumber' successfully&#xD;
&#xD;
2019-11-04 09:04:29 - [MESSAGE][PASSED] - Scroll to object 'Object Repository/Pages/Sale/invoiceNumber' successfully&#xD;
&#xD;
2019-11-04 09:04:29 - [TEST_STEP][PASSED] - invoiceNumber = utilities.SafeActions.safeGetText(findTestObject("Pages/Sale/invoiceNumber"), delayBetweenTestSteps): utilities.SafeActions.safeGetText is PASSED&#xD;
&#xD;
2019-11-04 09:04:29 - [MESSAGE][PASSED] - Object 'Object Repository/Pages/Sale/invoiceNumber' is present&#xD;
&#xD;
2019-11-04 09:04:29 - [MESSAGE][PASSED] - Scroll to object 'Object Repository/Pages/Sale/invoiceNumber' successfully&#xD;
&#xD;
2019-11-04 09:04:29 - [MESSAGE][PASSED] - Object 'Object Repository/Pages/Sale/invoiceNumber' is present&#xD;
&#xD;
2019-11-04 09:04:29 - [MESSAGE][PASSED] - Text of object 'Object Repository/Pages/Sale/invoiceNumber' is: '157286184936058'&#xD;
&#xD;
2019-11-04 09:04:29 - [MESSAGE][PASSED] - utilities.SafeActions.safeGetText is PASSED&#xD;
&#xD;
2019-11-04 09:04:29 - [TEST_STEP][PASSED] - println(invoiceNumber): null&#xD;
&#xD;
2019-11-04 09:04:29 - [TEST_STEP][PASSED] - utilities.SafeActions.safeClickwithScroll(findTestObject("Pages/Sale/button_Checkout"), "Click on Checkout button", [delayBetweenTestSteps]): utilities.SafeActions.safeClickwithScroll is PASSED&#xD;
&#xD;
2019-11-04 09:04:29 - [MESSAGE][PASSED] - Object 'Object Repository/Pages/Sale/button_Checkout' is present&#xD;
&#xD;
2019-11-04 09:04:29 - [MESSAGE][PASSED] - Object 'Object Repository/Pages/Sale/button_Checkout' is visible&#xD;
&#xD;
2019-11-04 09:04:29 - [MESSAGE][INFO] - Sale_TestSuite.ts:waiting until Click on Checkout button is Clickable&#xD;
&#xD;
2019-11-04 09:04:29 - [MESSAGE][PASSED] - Object 'Object Repository/Pages/Sale/button_Checkout' is clickable&#xD;
&#xD;
2019-11-04 09:04:29 - [MESSAGE][PASSED] - Object 'Object Repository/Pages/Sale/button_Checkout' is visible&#xD;
&#xD;
2019-11-04 09:04:30 - [MESSAGE][PASSED] - Object: 'Object Repository/Pages/Sale/button_Checkout' is clicked on&#xD;
&#xD;
2019-11-04 09:04:30 - [MESSAGE][INFO] - Sale_TestSuite.ts: Clicked on the Click on Checkout button&#xD;
&#xD;
2019-11-04 09:04:30 - [MESSAGE][PASSED] - utilities.SafeActions.safeClickwithScroll is PASSED&#xD;
&#xD;
2019-11-04 09:04:30 - [TEST_STEP][PASSED] - pages.Sale.verifyTransactionCompletePage(findTestObject("Pages/Sale/heading_TransactionComplete")): The screen is Transaction Complete screen&#xD;
&#xD;
2019-11-04 09:04:31 - [MESSAGE][PASSED] - Object 'Object Repository/Pages/Sale/heading_TransactionComplete' is present&#xD;
&#xD;
2019-11-04 09:04:31 - [MESSAGE][PASSED] - The screen is Transaction Complete screen&#xD;
&#xD;
2019-11-04 09:04:31 - [TEST_STEP][PASSED] - transactionCompleteMessage = utilities.SafeActions.safeGetText(findTestObject("Pages/ForceTransactions/approved_TransactionMessage_TransactionComplete_Screen"), delayForElement): utilities.SafeActions.safeGetText is PASSED&#xD;
&#xD;
2019-11-04 09:04:31 - [MESSAGE][PASSED] - Object 'Object Repository/Pages/ForceTransactions/approved_TransactionMessage_TransactionComplete_Screen' is present&#xD;
&#xD;
2019-11-04 09:04:31 - [MESSAGE][PASSED] - Scroll to object 'Object Repository/Pages/ForceTransactions/approved_TransactionMessage_TransactionComplete_Screen' successfully&#xD;
&#xD;
2019-11-04 09:04:31 - [MESSAGE][PASSED] - Object 'Object Repository/Pages/ForceTransactions/approved_TransactionMessage_TransactionComplete_Screen' is present&#xD;
&#xD;
2019-11-04 09:04:32 - [MESSAGE][PASSED] - Text of object 'Object Repository/Pages/ForceTransactions/approved_TransactionMessage_TransactionComplete_Screen' is: ' This 
Sale
 for 
$595.38
 has been Approved'&#xD;
&#xD;
2019-11-04 09:04:32 - [MESSAGE][PASSED] - utilities.SafeActions.safeGetText is PASSED&#xD;
&#xD;
2019-11-04 09:04:32 - [TEST_STEP][PASSED] - println(transactionCompleteMessage): null&#xD;
&#xD;
2019-11-04 09:04:32 - [TEST_STEP][PASSED] - pages.Force_Transaction.verifyStrings(transactionCompleteMessage): Transaction is Successfull in Transaction Complete page&#xD;
&#xD;
2019-11-04 09:04:32 - [MESSAGE][PASSED] - Transaction is Successfull in Transaction Complete page&#xD;
&#xD;
2019-11-04 09:04:32 - [TEST_STEP][PASSED] - delay(delayBetweenTestSteps): Delayed 3 second(s)&#xD;
&#xD;
2019-11-04 09:04:35 - [MESSAGE][PASSED] - Delayed 3 second(s)&#xD;
&#xD;
2019-11-04 09:04:35 - [TEST_STEP][PASSED] - utilities.SafeActions.safeClickWithoutScroll(findTestObject("Pages/Sale/button_ReturnToSale"), "Click on Return To Sale", [delayBetweenTestSteps]): utilities.SafeActions.safeClickWithoutScroll is PASSED&#xD;
&#xD;
2019-11-04 09:04:35 - [MESSAGE][INFO] - Safe Click Without scroll&#xD;
&#xD;
2019-11-04 09:04:35 - [MESSAGE][INFO] - Sale_TestSuite.ts:waiting until Click on Return To Sale is Clickable&#xD;
&#xD;
2019-11-04 09:04:35 - [MESSAGE][PASSED] - Object 'Object Repository/Pages/Sale/button_ReturnToSale' is clickable&#xD;
&#xD;
2019-11-04 09:04:35 - [MESSAGE][PASSED] - Object 'Object Repository/Pages/Sale/button_ReturnToSale' is visible&#xD;
&#xD;
2019-11-04 09:04:36 - [MESSAGE][PASSED] - Object: 'Object Repository/Pages/Sale/button_ReturnToSale' is clicked on&#xD;
&#xD;
2019-11-04 09:04:36 - [MESSAGE][INFO] - Sale_TestSuite.ts: click on the Click on Return To Sale&#xD;
&#xD;
2019-11-04 09:04:36 - [MESSAGE][PASSED] - utilities.SafeActions.safeClickWithoutScroll is PASSED&#xD;
&#xD;
2019-11-04 09:04:36 - [TEST_STEP][PASSED] - utilities.SafeActions.safeClickWithoutScroll(findTestObject("Pages/Transaction_Management/tab_TransactionManagement"), "Transaction Management Tab", [delayBetweenTestSteps]): utilities.SafeActions.safeClickWithoutScroll is PASSED&#xD;
&#xD;
2019-11-04 09:04:36 - [MESSAGE][INFO] - Safe Click Without scroll&#xD;
&#xD;
2019-11-04 09:04:36 - [MESSAGE][INFO] - Sale_TestSuite.ts:waiting until Transaction Management Tab is Clickable&#xD;
&#xD;
2019-11-04 09:04:36 - [MESSAGE][PASSED] - Object 'Object Repository/Pages/Transaction_Management/tab_TransactionManagement' is clickable&#xD;
&#xD;
2019-11-04 09:04:36 - [MESSAGE][PASSED] - Object 'Object Repository/Pages/Transaction_Management/tab_TransactionManagement' is visible&#xD;
&#xD;
2019-11-04 09:04:37 - [MESSAGE][PASSED] - Object: 'Object Repository/Pages/Transaction_Management/tab_TransactionManagement' is clicked on&#xD;
&#xD;
2019-11-04 09:04:37 - [MESSAGE][INFO] - Sale_TestSuite.ts: click on the Transaction Management Tab&#xD;
&#xD;
2019-11-04 09:04:37 - [MESSAGE][PASSED] - utilities.SafeActions.safeClickWithoutScroll is PASSED&#xD;
&#xD;
2019-11-04 09:04:37 - [TEST_STEP][PASSED] - utilities.SafeActions.safeClickwithScroll(findTestObject("Pages/Transaction_Management/button_Search"), "Search", [delayBetweenTestSteps]): utilities.SafeActions.safeClickwithScroll is PASSED&#xD;
&#xD;
2019-11-04 09:04:37 - [MESSAGE][PASSED] - Object 'Object Repository/Pages/Transaction_Management/button_Search' is present&#xD;
&#xD;
2019-11-04 09:04:37 - [MESSAGE][PASSED] - Object 'Object Repository/Pages/Transaction_Management/button_Search' is visible&#xD;
&#xD;
2019-11-04 09:04:37 - [MESSAGE][INFO] - Sale_TestSuite.ts:waiting until Search is Clickable&#xD;
&#xD;
2019-11-04 09:04:37 - [MESSAGE][PASSED] - Object 'Object Repository/Pages/Transaction_Management/button_Search' is clickable&#xD;
&#xD;
2019-11-04 09:04:37 - [MESSAGE][PASSED] - Object 'Object Repository/Pages/Transaction_Management/button_Search' is visible&#xD;
&#xD;
2019-11-04 09:04:39 - [MESSAGE][PASSED] - Object: 'Object Repository/Pages/Transaction_Management/button_Search' is clicked on&#xD;
&#xD;
2019-11-04 09:04:39 - [MESSAGE][INFO] - Sale_TestSuite.ts: Clicked on the Search&#xD;
&#xD;
2019-11-04 09:04:39 - [MESSAGE][PASSED] - utilities.SafeActions.safeClickwithScroll is PASSED&#xD;
&#xD;
2019-11-04 09:04:39 - [TEST_STEP][PASSED] - scrollToElement(findTestObject("Pages/Transaction_Management/invoice_ForTransaction"), delayBetweenTestSteps): Scroll to object 'Object Repository/Pages/Transaction_Management/invoice_ForTransaction' successfully&#xD;
&#xD;
2019-11-04 09:04:39 - [MESSAGE][PASSED] - Scroll to object 'Object Repository/Pages/Transaction_Management/invoice_ForTransaction' successfully&#xD;
&#xD;
2019-11-04 09:04:39 - [TEST_STEP][PASSED] - pages.Transaction_Management.verifyInvoiceRecord(findTestObject("Pages/Transaction_Management/footer_NextButton"), findTestObject("Pages/Transaction_Management/page_Number"), invoiceNumber, total_Amount): The Transaction is found in page 1&#xD;
&#xD;
2019-11-04 09:04:39 - [MESSAGE][PASSED] - Text of object 'Object Repository/Pages/Transaction_Management/page_Number' is: 'Page 1 of 93'&#xD;
&#xD;
2019-11-04 09:04:41 - [MESSAGE][PASSED] - The Transaction is found in page 1&#xD;
&#xD;
2019-11-04 09:04:41 - [TEST_STEP][PASSED] - closeBrowser(): Browser is closed&#xD;
&#xD;
2019-11-04 09:04:43 - [MESSAGE][PASSED] - Browser is closed&#xD;
&#xD;
2019-11-04 09:04:43 - [TEST_STEP][PASSED] - Start listener action : sampleAfterTestCase: null&#xD;
&#xD;
2019-11-04 09:04:43 - [TEST_STEP][PASSED] - println(testCaseContext.getTestCaseId()): null&#xD;
&#xD;
2019-11-04 09:04:43 - [TEST_STEP][PASSED] - println(testCaseContext.getTestCaseStatus()): null&#xD;
&#xD;
2019-11-04 09:04:43 - [TEST_STEP][PASSED] - testCaseName = testCaseContext.getTestCaseId(): null&#xD;
&#xD;
2019-11-04 09:04:43 - [TEST_STEP][PASSED] - strCount = testCaseName.lastIndexOf("/"): null&#xD;
&#xD;
2019-11-04 09:04:43 - [TEST_STEP][PASSED] - testCaseName = testCaseName.substring(strCount): null&#xD;
&#xD;
2019-11-04 09:04:43 - [TEST_STEP][PASSED] - println(testCaseName): null&#xD;
&#xD;
2019-11-04 09:04:43 - [TEST_STEP][PASSED] - if (getTestCaseStatus().equalsIgnoreCase("Error")): null&#xD;
&#xD;
2019-11-04 09:04:43 - [TEST_STEP][PASSED] - Start listener action : sampleAfterTestCase: null</system-out>
            <system-err></system-err>
        </testcase>
        <testcase name="Test Cases/FirstView/Sale/VPOS_Sale_Transaction_Retail_RecurringPayment" classname="Test Cases/FirstView/Sale/VPOS_Sale_Transaction_Retail_RecurringPayment" status="PASSED">
            <system-out>2019-11-04 09:04:43 - [TEST_CASE][PASSED] - Test Cases/FirstView/Sale/VPOS_Sale_Transaction_Retail_RecurringPayment: Test Cases/FirstView/Sale/VPOS_Sale_Transaction_Retail_RecurringPayment&#xD;
&#xD;
2019-11-04 09:04:43 - [TEST_STEP][PASSED] - Start listener action : sampleBeforeTestCase: null&#xD;
&#xD;
2019-11-04 09:04:43 - [TEST_STEP][PASSED] - println(testCaseContext.getTestCaseId()): null&#xD;
&#xD;
2019-11-04 09:04:43 - [TEST_STEP][PASSED] - println(testCaseContext.getTestCaseVariables()): null&#xD;
&#xD;
2019-11-04 09:04:44 - [TEST_STEP][PASSED] - utilities.SafeActions.openBrowser(URL, [delayForElement]): utilities.SafeActions.openBrowser is PASSED&#xD;
&#xD;
2019-11-04 09:04:44 - [MESSAGE][INFO] - Opening Browser&#xD;
&#xD;
2019-11-04 09:04:44 - [MESSAGE][INFO] - Starting 'Firefox' driver&#xD;
&#xD;
2019-11-04 09:04:54 - [MESSAGE][PASSED] - Browser is opened with url: 'https://q-www-firstview-net.faps.net/MVC/Account/Login'&#xD;
&#xD;
2019-11-04 09:04:54 - [MESSAGE][PASSED] - Current window maximized&#xD;
&#xD;
2019-11-04 09:04:54 - [MESSAGE][INFO] - Browser Launched Successfully&#xD;
&#xD;
2019-11-04 09:04:54 - [MESSAGE][PASSED] - utilities.SafeActions.openBrowser is PASSED&#xD;
&#xD;
2019-11-04 09:04:54 - [TEST_STEP][PASSED] - pages.Login.login(uName, password): pages.Login.login is PASSED&#xD;
&#xD;
2019-11-04 09:04:54 - [MESSAGE][PASSED] - Object 'Object Repository/Pages/Login/userName' is present&#xD;
&#xD;
2019-11-04 09:04:54 - [MESSAGE][PASSED] - Object 'Object Repository/Pages/Login/userName' is present&#xD;
&#xD;
2019-11-04 09:04:55 - [MESSAGE][PASSED] - Object: 'Object Repository/Pages/Login/userName' is clicked on&#xD;
&#xD;
2019-11-04 09:04:55 - [MESSAGE][PASSED] - Text 'ZenQRetail' is set on object 'Object Repository/Pages/Login/userName'&#xD;
&#xD;
2019-11-04 09:04:55 - [MESSAGE][PASSED] - Object 'Object Repository/Pages/Login/password' is present&#xD;
&#xD;
2019-11-04 09:04:55 - [MESSAGE][PASSED] - Object 'Object Repository/Pages/Login/password' is present&#xD;
&#xD;
2019-11-04 09:04:56 - [MESSAGE][PASSED] - Object: 'Object Repository/Pages/Login/password' is clicked on&#xD;
&#xD;
2019-11-04 09:04:56 - [MESSAGE][PASSED] - Text 'P@ssword1' is set on object 'Object Repository/Pages/Login/password'&#xD;
&#xD;
2019-11-04 09:04:56 - [MESSAGE][INFO] - Safe Click Without scroll&#xD;
&#xD;
2019-11-04 09:04:56 - [MESSAGE][INFO] - Sale_TestSuite.ts:waiting until Click on Login is Clickable&#xD;
&#xD;
2019-11-04 09:04:56 - [MESSAGE][PASSED] - Object 'Object Repository/Pages/Login/login' is clickable&#xD;
&#xD;
2019-11-04 09:04:56 - [MESSAGE][PASSED] - Object 'Object Repository/Pages/Login/login' is visible&#xD;
&#xD;
2019-11-04 09:04:59 - [MESSAGE][PASSED] - Object: 'Object Repository/Pages/Login/login' is clicked on&#xD;
&#xD;
2019-11-04 09:04:59 - [MESSAGE][INFO] - Sale_TestSuite.ts: click on the Click on Login&#xD;
&#xD;
2019-11-04 09:04:59 - [MESSAGE][PASSED] - pages.Login.login is PASSED&#xD;
&#xD;
2019-11-04 09:04:59 - [TEST_STEP][PASSED] - callTestCase(findTestCase("FirstView/Login/TC_SendCode"), [:], STOP_ON_FAILURE): Call Test Case 'Test Cases/FirstView/Login/TC_SendCode' successfully&#xD;
&#xD;
2019-11-04 09:04:59 - [TEST_CASE][PASSED] - Test Cases/FirstView/Login/TC_SendCode: Test Cases/FirstView/Login/TC_SendCode&#xD;
&#xD;
2019-11-04 09:04:59 - [TEST_STEP][PASSED] - flag = pages.SendCode.verifyPage(): pages.SendCode.verifyPage is PASSED&#xD;
&#xD;
2019-11-04 09:04:59 - [MESSAGE][PASSED] - Object 'Object Repository/Pages/SendCodeToValidate/header_SendCodeToValidate' is present and visible in viewport&#xD;
&#xD;
2019-11-04 09:04:59 - [MESSAGE][PASSED] - pages.SendCode.verifyPage is PASSED&#xD;
&#xD;
2019-11-04 09:04:59 - [TEST_STEP][PASSED] - if (flag): pages.SendCode.clickonUserSettings is PASSED&#xD;
&#xD;
2019-11-04 09:04:59 - [TEST_STEP][PASSED] - pages.SendCode.clickonUserSettings(): pages.SendCode.clickonUserSettings is PASSED&#xD;
&#xD;
2019-11-04 09:04:59 - [MESSAGE][PASSED] - Object 'Object Repository/Pages/SendCodeToValidate/link_UserSettings' is present&#xD;
&#xD;
2019-11-04 09:04:59 - [MESSAGE][PASSED] - Object 'Object Repository/Pages/SendCodeToValidate/link_UserSettings' is visible&#xD;
&#xD;
2019-11-04 09:04:59 - [MESSAGE][INFO] - Sale_TestSuite.ts:waiting until Click on User Settings is Clickable&#xD;
&#xD;
2019-11-04 09:04:59 - [MESSAGE][PASSED] - Object 'Object Repository/Pages/SendCodeToValidate/link_UserSettings' is clickable&#xD;
&#xD;
2019-11-04 09:04:59 - [MESSAGE][PASSED] - Object 'Object Repository/Pages/SendCodeToValidate/link_UserSettings' is visible&#xD;
&#xD;
2019-11-04 09:05:01 - [MESSAGE][PASSED] - Object: 'Object Repository/Pages/SendCodeToValidate/link_UserSettings' is clicked on&#xD;
&#xD;
2019-11-04 09:05:01 - [MESSAGE][INFO] - Sale_TestSuite.ts: Clicked on the Click on User Settings&#xD;
&#xD;
2019-11-04 09:05:01 - [MESSAGE][PASSED] - pages.SendCode.clickonUserSettings is PASSED&#xD;
&#xD;
2019-11-04 09:05:01 - [MESSAGE][PASSED] - Call Test Case 'Test Cases/FirstView/Login/TC_SendCode' successfully&#xD;
&#xD;
2019-11-04 09:05:01 - [TEST_STEP][PASSED] - callTestCase(findTestCase("FirstView/Login/TC_FirstView"), [:], STOP_ON_FAILURE): Call Test Case 'Test Cases/FirstView/Login/TC_FirstView' successfully&#xD;
&#xD;
2019-11-04 09:05:01 - [TEST_CASE][PASSED] - Test Cases/FirstView/Login/TC_FirstView: Test Cases/FirstView/Login/TC_FirstView&#xD;
&#xD;
2019-11-04 09:05:01 - [TEST_STEP][PASSED] - delay(3): Delayed 3 second(s)&#xD;
&#xD;
2019-11-04 09:05:04 - [MESSAGE][PASSED] - Delayed 3 second(s)&#xD;
&#xD;
2019-11-04 09:05:04 - [TEST_STEP][PASSED] - utilities.SafeActions.javascriptclick(findTestObject("Pages/FirstView/link_Home"), delayForElement): utilities.SafeActions.javascriptclick is PASSED&#xD;
&#xD;
2019-11-04 09:05:04 - [MESSAGE][PASSED] - utilities.SafeActions.javascriptclick is PASSED&#xD;
&#xD;
2019-11-04 09:05:04 - [TEST_STEP][PASSED] - utilities.SafeActions.safeClickWithoutScroll(findTestObject("Pages/FirstView/link_VPOS"), "Click on VPOS button in First View screen", [PageLoadTime]): utilities.SafeActions.safeClickWithoutScroll is PASSED&#xD;
&#xD;
2019-11-04 09:05:04 - [MESSAGE][INFO] - Safe Click Without scroll&#xD;
&#xD;
2019-11-04 09:05:04 - [MESSAGE][INFO] - Sale_TestSuite.ts:waiting until Click on VPOS button in First View screen is Clickable&#xD;
&#xD;
2019-11-04 09:05:05 - [MESSAGE][PASSED] - Object 'Object Repository/Pages/FirstView/link_VPOS' is clickable&#xD;
&#xD;
2019-11-04 09:05:06 - [MESSAGE][PASSED] - Object 'Object Repository/Pages/FirstView/link_VPOS' is visible&#xD;
&#xD;
2019-11-04 09:05:07 - [MESSAGE][PASSED] - Object: 'Object Repository/Pages/FirstView/link_VPOS' is clicked on&#xD;
&#xD;
2019-11-04 09:05:07 - [MESSAGE][INFO] - Sale_TestSuite.ts: click on the Click on VPOS button in First View screen&#xD;
&#xD;
2019-11-04 09:05:07 - [MESSAGE][PASSED] - utilities.SafeActions.safeClickWithoutScroll is PASSED&#xD;
&#xD;
2019-11-04 09:05:07 - [MESSAGE][PASSED] - Call Test Case 'Test Cases/FirstView/Login/TC_FirstView' successfully&#xD;
&#xD;
2019-11-04 09:05:07 - [TEST_STEP][PASSED] - switchToWindowTitle("Transcenter - VPOS"): Switched to window with title: 'Transcenter - VPOS'&#xD;
&#xD;
2019-11-04 09:05:10 - [MESSAGE][PASSED] - Switched to window with title: 'Transcenter - VPOS'&#xD;
&#xD;
2019-11-04 09:05:10 - [TEST_STEP][PASSED] - delay(delayForElement): Delayed 6 second(s)&#xD;
&#xD;
2019-11-04 09:05:16 - [MESSAGE][PASSED] - Delayed 6 second(s)&#xD;
&#xD;
2019-11-04 09:05:16 - [TEST_STEP][PASSED] - pages.Sale.verifyIfEntryModeIsChecked(tabName, entryModeCheckBox, delayBetweenTestSteps): pages.Sale.verifyIfEntryModeIsChecked is PASSED&#xD;
&#xD;
2019-11-04 09:05:16 - [MESSAGE][PASSED] - Object '' is checked&#xD;
&#xD;
2019-11-04 09:05:16 - [MESSAGE][INFO] - The specified checkbox is checked&#xD;
&#xD;
2019-11-04 09:05:16 - [MESSAGE][PASSED] - pages.Sale.verifyIfEntryModeIsChecked is PASSED&#xD;
&#xD;
2019-11-04 09:05:16 - [TEST_STEP][PASSED] - scrollToElement(findTestObject("Pages/Sale/input_Amount"), delayBetweenTestSteps): Scroll to object 'Object Repository/Pages/Sale/input_Amount' successfully&#xD;
&#xD;
2019-11-04 09:05:16 - [MESSAGE][PASSED] - Scroll to object 'Object Repository/Pages/Sale/input_Amount' successfully&#xD;
&#xD;
2019-11-04 09:05:16 - [TEST_STEP][PASSED] - utilities.SafeActions.safeTypeUsingJavascript(findTestObject("Pages/Sale/input_Amount"), amountInput): utilities.SafeActions.safeTypeUsingJavascript is PASSED&#xD;
&#xD;
2019-11-04 09:05:16 - [MESSAGE][PASSED] - utilities.SafeActions.safeTypeUsingJavascript is PASSED&#xD;
&#xD;
2019-11-04 09:05:16 - [TEST_STEP][PASSED] - delay(2): Delayed 2 second(s)&#xD;
&#xD;
2019-11-04 09:05:18 - [MESSAGE][PASSED] - Delayed 2 second(s)&#xD;
&#xD;
2019-11-04 09:05:18 - [TEST_STEP][PASSED] - utilities.SafeActions.safeType(findTestObject("Pages/Sale/input_Amount"), amountInput, "Amount field", [delayForElement]): utilities.SafeActions.safeType is PASSED&#xD;
&#xD;
2019-11-04 09:05:19 - [MESSAGE][PASSED] - Object 'Object Repository/Pages/Sale/input_Amount' is present&#xD;
&#xD;
2019-11-04 09:05:19 - [MESSAGE][PASSED] - Object 'Object Repository/Pages/Sale/input_Amount' is present&#xD;
&#xD;
2019-11-04 09:05:19 - [MESSAGE][PASSED] - Object: 'Object Repository/Pages/Sale/input_Amount' is clicked on&#xD;
&#xD;
2019-11-04 09:05:20 - [MESSAGE][PASSED] - Text '550' is set on object 'Object Repository/Pages/Sale/input_Amount'&#xD;
&#xD;
2019-11-04 09:05:20 - [MESSAGE][PASSED] - utilities.SafeActions.safeType is PASSED&#xD;
&#xD;
2019-11-04 09:05:20 - [TEST_STEP][PASSED] - total_Amount = utilities.SafeActions.safeGetText(findTestObject("Pages/Sale/total_Amount"), delayBetweenTestSteps): utilities.SafeActions.safeGetText is PASSED&#xD;
&#xD;
2019-11-04 09:05:20 - [MESSAGE][PASSED] - Object 'Object Repository/Pages/Sale/total_Amount' is present&#xD;
&#xD;
2019-11-04 09:05:20 - [MESSAGE][PASSED] - Scroll to object 'Object Repository/Pages/Sale/total_Amount' successfully&#xD;
&#xD;
2019-11-04 09:05:20 - [MESSAGE][PASSED] - Object 'Object Repository/Pages/Sale/total_Amount' is present&#xD;
&#xD;
2019-11-04 09:05:20 - [MESSAGE][PASSED] - Text of object 'Object Repository/Pages/Sale/total_Amount' is: '$595.38'&#xD;
&#xD;
2019-11-04 09:05:20 - [MESSAGE][PASSED] - utilities.SafeActions.safeGetText is PASSED&#xD;
&#xD;
2019-11-04 09:05:20 - [TEST_STEP][PASSED] - scrollToElement(findTestObject("Pages/Sale/dropDown_ExpirationMonth"), delayBetweenTestSteps): Scroll to object 'Object Repository/Pages/Sale/dropDown_ExpirationMonth' successfully&#xD;
&#xD;
2019-11-04 09:05:20 - [MESSAGE][PASSED] - Scroll to object 'Object Repository/Pages/Sale/dropDown_ExpirationMonth' successfully&#xD;
&#xD;
2019-11-04 09:05:20 - [TEST_STEP][PASSED] - pages.Sale.verifyIfEntryModeIsChecked(tabName, cardInformationCheckBox, delayBetweenTestSteps): pages.Sale.verifyIfEntryModeIsChecked is PASSED&#xD;
&#xD;
2019-11-04 09:05:20 - [MESSAGE][PASSED] - Object '' is checked&#xD;
&#xD;
2019-11-04 09:05:20 - [MESSAGE][INFO] - The specified checkbox is checked&#xD;
&#xD;
2019-11-04 09:05:20 - [MESSAGE][PASSED] - pages.Sale.verifyIfEntryModeIsChecked is PASSED&#xD;
&#xD;
2019-11-04 09:05:20 - [TEST_STEP][PASSED] - utilities.SafeActions.safeType(findTestObject("Pages/Sale/input_CardNumber"), visaCardNumber, "Entering Card Number", [10]): utilities.SafeActions.safeType is PASSED&#xD;
&#xD;
2019-11-04 09:05:21 - [MESSAGE][PASSED] - Object 'Object Repository/Pages/Sale/input_CardNumber' is present&#xD;
&#xD;
2019-11-04 09:05:21 - [MESSAGE][PASSED] - Object 'Object Repository/Pages/Sale/input_CardNumber' is present&#xD;
&#xD;
2019-11-04 09:05:21 - [MESSAGE][PASSED] - Object: 'Object Repository/Pages/Sale/input_CardNumber' is clicked on&#xD;
&#xD;
2019-11-04 09:05:22 - [MESSAGE][PASSED] - Text '4111111111111111' is set on object 'Object Repository/Pages/Sale/input_CardNumber'&#xD;
&#xD;
2019-11-04 09:05:22 - [MESSAGE][PASSED] - utilities.SafeActions.safeType is PASSED&#xD;
&#xD;
2019-11-04 09:05:22 - [TEST_STEP][PASSED] - delay(delayBetweenTestSteps): Delayed 3 second(s)&#xD;
&#xD;
2019-11-04 09:05:25 - [MESSAGE][PASSED] - Delayed 3 second(s)&#xD;
&#xD;
2019-11-04 09:05:25 - [TEST_STEP][PASSED] - utilities.SafeActions.safeSelectOptionInDropDownByVisibleText(findTestObject("Pages/Sale/dropDown_ExpirationMonth"), cardMonth, "Select Expiration Month", [5]): utilities.SafeActions.safeSelectOptionInDropDownByVisibleText is PASSED&#xD;
&#xD;
2019-11-04 09:05:25 - [MESSAGE][PASSED] - Object 'Object Repository/Pages/Sale/dropDown_ExpirationMonth' is visible&#xD;
&#xD;
2019-11-04 09:05:25 - [MESSAGE][PASSED] - Object 'Object Repository/Pages/Sale/dropDown_ExpirationMonth' is present&#xD;
&#xD;
2019-11-04 09:05:26 - [MESSAGE][PASSED] - Object: 'Object Repository/Pages/Sale/dropDown_ExpirationMonth' is clicked on&#xD;
&#xD;
2019-11-04 09:05:26 - [MESSAGE][PASSED] - All options with label 'September' are selected in object 'Object Repository/Pages/Sale/dropDown_ExpirationMonth' &#xD;
&#xD;
2019-11-04 09:05:26 - [MESSAGE][PASSED] - utilities.SafeActions.safeSelectOptionInDropDownByVisibleText is PASSED&#xD;
&#xD;
2019-11-04 09:05:26 - [TEST_STEP][PASSED] - utilities.SafeActions.safeSelectOptionInDropDownByVisibleText(findTestObject("Pages/Sale/dropDown_ExpirationYear"), cardYear, "Select Expiration Year", [5]): utilities.SafeActions.safeSelectOptionInDropDownByVisibleText is PASSED&#xD;
&#xD;
2019-11-04 09:05:26 - [MESSAGE][PASSED] - Object 'Object Repository/Pages/Sale/dropDown_ExpirationYear' is visible&#xD;
&#xD;
2019-11-04 09:05:26 - [MESSAGE][PASSED] - Object 'Object Repository/Pages/Sale/dropDown_ExpirationYear' is present&#xD;
&#xD;
2019-11-04 09:05:27 - [MESSAGE][PASSED] - Object: 'Object Repository/Pages/Sale/dropDown_ExpirationYear' is clicked on&#xD;
&#xD;
2019-11-04 09:05:28 - [MESSAGE][PASSED] - All options with label '2022' are selected in object 'Object Repository/Pages/Sale/dropDown_ExpirationYear' &#xD;
&#xD;
2019-11-04 09:05:28 - [MESSAGE][PASSED] - utilities.SafeActions.safeSelectOptionInDropDownByVisibleText is PASSED&#xD;
&#xD;
2019-11-04 09:05:28 - [TEST_STEP][PASSED] - delay(delayBetweenTestSteps): Delayed 3 second(s)&#xD;
&#xD;
2019-11-04 09:05:31 - [MESSAGE][PASSED] - Delayed 3 second(s)&#xD;
&#xD;
2019-11-04 09:05:31 - [TEST_STEP][PASSED] - scrollToElement(findTestObject("Pages/Sale/invoiceNumber"), delayBetweenTestSteps): Scroll to object 'Object Repository/Pages/Sale/invoiceNumber' successfully&#xD;
&#xD;
2019-11-04 09:05:31 - [MESSAGE][PASSED] - Scroll to object 'Object Repository/Pages/Sale/invoiceNumber' successfully&#xD;
&#xD;
2019-11-04 09:05:31 - [TEST_STEP][PASSED] - invoiceNumber = utilities.SafeActions.safeGetText(findTestObject("Pages/Sale/invoiceNumber"), delayBetweenTestSteps): utilities.SafeActions.safeGetText is PASSED&#xD;
&#xD;
2019-11-04 09:05:31 - [MESSAGE][PASSED] - Object 'Object Repository/Pages/Sale/invoiceNumber' is present&#xD;
&#xD;
2019-11-04 09:05:31 - [MESSAGE][PASSED] - Scroll to object 'Object Repository/Pages/Sale/invoiceNumber' successfully&#xD;
&#xD;
2019-11-04 09:05:31 - [MESSAGE][PASSED] - Object 'Object Repository/Pages/Sale/invoiceNumber' is present&#xD;
&#xD;
2019-11-04 09:05:32 - [MESSAGE][PASSED] - Text of object 'Object Repository/Pages/Sale/invoiceNumber' is: '157286191343406'&#xD;
&#xD;
2019-11-04 09:05:32 - [MESSAGE][PASSED] - utilities.SafeActions.safeGetText is PASSED&#xD;
&#xD;
2019-11-04 09:05:32 - [TEST_STEP][PASSED] - pages.Sale.verifyIfAdditionalPromptingIsChecked("Set up Recurring Payment?", delayBetweenTestSteps): pages.Sale.verifyIfAdditionalPromptingIsChecked is PASSED&#xD;
&#xD;
2019-11-04 09:05:32 - [MESSAGE][WARNING] - Object '' is not checked (Root cause: com.kms.katalon.core.exception.StepFailedException: Object '' is not checked&#xD;
	at com.kms.katalon.core.webui.keyword.internal.WebUIKeywordMain.stepFailed(WebUIKeywordMain.groovy:64)&#xD;
	at com.kms.katalon.core.webui.keyword.builtin.VerifyElementCheckedKeyword$_verifyElementChecked_closure1.doCall(VerifyElementCheckedKeyword.groovy:81)&#xD;
	at com.kms.katalon.core.webui.keyword.builtin.VerifyElementCheckedKeyword$_verifyElementChecked_closure1.call(VerifyElementCheckedKeyword.groovy)&#xD;
	at com.kms.katalon.core.webui.keyword.internal.WebUIKeywordMain.runKeyword(WebUIKeywordMain.groovy:20)&#xD;
	at com.kms.katalon.core.webui.keyword.builtin.VerifyElementCheckedKeyword.verifyElementChecked(VerifyElementCheckedKeyword.groovy:92)&#xD;
	at com.kms.katalon.core.webui.keyword.builtin.VerifyElementCheckedKeyword.execute(VerifyElementCheckedKeyword.groovy:68)&#xD;
	at com.kms.katalon.core.keyword.internal.KeywordExecutor.executeKeywordForPlatform(KeywordExecutor.groovy:56)&#xD;
	at com.kms.katalon.core.webui.keyword.WebUiBuiltInKeywords.verifyElementChecked(WebUiBuiltInKeywords.groovy:1352)&#xD;
	at com.kms.katalon.core.webui.keyword.WebUiBuiltInKeywords$verifyElementChecked$9.call(Unknown Source)&#xD;
	at pages.Sale.verifyIfAdditionalPromptingIsChecked(Sale.groovy:71)&#xD;
	at pages.Sale.invokeMethod(Sale.groovy)&#xD;
	at com.kms.katalon.core.main.CustomKeywordDelegatingMetaClass.invokeStaticMethod(CustomKeywordDelegatingMetaClass.java:50)&#xD;
	at VPOS_Sale_Transaction_Retail_RecurringPayment.run(VPOS_Sale_Transaction_Retail_RecurringPayment:77)&#xD;
	at com.kms.katalon.core.main.ScriptEngine.run(ScriptEngine.java:194)&#xD;
	at com.kms.katalon.core.main.ScriptEngine.runScriptAsRawText(ScriptEngine.java:119)&#xD;
	at com.kms.katalon.core.main.TestCaseExecutor.runScript(TestCaseExecutor.java:337)&#xD;
	at com.kms.katalon.core.main.TestCaseExecutor.doExecute(TestCaseExecutor.java:328)&#xD;
	at com.kms.katalon.core.main.TestCaseExecutor.processExecutionPhase(TestCaseExecutor.java:307)&#xD;
	at com.kms.katalon.core.main.TestCaseExecutor.accessMainPhase(TestCaseExecutor.java:299)&#xD;
	at com.kms.katalon.core.main.TestCaseExecutor.execute(TestCaseExecutor.java:233)&#xD;
	at com.kms.katalon.core.main.TestSuiteExecutor.accessTestCaseMainPhase(TestSuiteExecutor.java:169)&#xD;
	at com.kms.katalon.core.main.TestSuiteExecutor.accessTestSuiteMainPhase(TestSuiteExecutor.java:142)&#xD;
	at com.kms.katalon.core.main.TestSuiteExecutor.execute(TestSuiteExecutor.java:91)&#xD;
	at com.kms.katalon.core.main.TestCaseMain.startTestSuite(TestCaseMain.java:157)&#xD;
	at com.kms.katalon.core.main.TestCaseMain$startTestSuite$0.call(Unknown Source)&#xD;
	at TempTestSuite1572879693870.run(TempTestSuite1572879693870.groovy:35)&#xD;
)&#xD;
[[ATTACHMENT|C:\\VPOS_Git_31-10-2019\\VPOS_Internal\\Reports\\20191104_090133\\FirstView\\Sale_TestSuite\\20191104_090133\\1572879932149.png]]&#xD;
&#xD;
2019-11-04 09:05:32 - [MESSAGE][PASSED] - Object: '' is clicked on&#xD;
&#xD;
2019-11-04 09:05:32 - [MESSAGE][INFO] - The specified checkbox is checked Now&#xD;
&#xD;
2019-11-04 09:05:32 - [MESSAGE][PASSED] - pages.Sale.verifyIfAdditionalPromptingIsChecked is PASSED&#xD;
&#xD;
2019-11-04 09:05:32 - [TEST_STEP][PASSED] - utilities.SafeActions.safeClickwithScroll(findTestObject("Pages/Sale/button_Checkout"), "Click on Checkout button", [60]): utilities.SafeActions.safeClickwithScroll is PASSED&#xD;
&#xD;
2019-11-04 09:05:32 - [MESSAGE][PASSED] - Object 'Object Repository/Pages/Sale/button_Checkout' is present&#xD;
&#xD;
2019-11-04 09:05:32 - [MESSAGE][PASSED] - Object 'Object Repository/Pages/Sale/button_Checkout' is visible&#xD;
&#xD;
2019-11-04 09:05:32 - [MESSAGE][INFO] - Sale_TestSuite.ts:waiting until Click on Checkout button is Clickable&#xD;
&#xD;
2019-11-04 09:05:32 - [MESSAGE][PASSED] - Object 'Object Repository/Pages/Sale/button_Checkout' is clickable&#xD;
&#xD;
2019-11-04 09:05:32 - [MESSAGE][PASSED] - Object 'Object Repository/Pages/Sale/button_Checkout' is visible&#xD;
&#xD;
2019-11-04 09:05:33 - [MESSAGE][PASSED] - Object: 'Object Repository/Pages/Sale/button_Checkout' is clicked on&#xD;
&#xD;
2019-11-04 09:05:33 - [MESSAGE][INFO] - Sale_TestSuite.ts: Clicked on the Click on Checkout button&#xD;
&#xD;
2019-11-04 09:05:33 - [MESSAGE][PASSED] - utilities.SafeActions.safeClickwithScroll is PASSED&#xD;
&#xD;
2019-11-04 09:05:33 - [TEST_STEP][PASSED] - pages.Sale.verifyTransactionCompletePage(findTestObject("Pages/Sale/heading_TransactionComplete")): The screen is Transaction Complete screen&#xD;
&#xD;
2019-11-04 09:05:34 - [MESSAGE][PASSED] - Object 'Object Repository/Pages/Sale/heading_TransactionComplete' is present&#xD;
&#xD;
2019-11-04 09:05:34 - [MESSAGE][PASSED] - The screen is Transaction Complete screen&#xD;
&#xD;
2019-11-04 09:05:34 - [TEST_STEP][PASSED] - transactionCompleteMessage = utilities.SafeActions.safeGetText(findTestObject("Pages/ForceTransactions/approved_TransactionMessage_TransactionComplete_Screen"), delayForElement): utilities.SafeActions.safeGetText is PASSED&#xD;
&#xD;
2019-11-04 09:05:34 - [MESSAGE][PASSED] - Object 'Object Repository/Pages/ForceTransactions/approved_TransactionMessage_TransactionComplete_Screen' is present&#xD;
&#xD;
2019-11-04 09:05:34 - [MESSAGE][PASSED] - Scroll to object 'Object Repository/Pages/ForceTransactions/approved_TransactionMessage_TransactionComplete_Screen' successfully&#xD;
&#xD;
2019-11-04 09:05:34 - [MESSAGE][PASSED] - Object 'Object Repository/Pages/ForceTransactions/approved_TransactionMessage_TransactionComplete_Screen' is present&#xD;
&#xD;
2019-11-04 09:05:35 - [MESSAGE][PASSED] - Text of object 'Object Repository/Pages/ForceTransactions/approved_TransactionMessage_TransactionComplete_Screen' is: ' This 
Sale
 for 
$595.38
 has been Approved'&#xD;
&#xD;
2019-11-04 09:05:35 - [MESSAGE][PASSED] - utilities.SafeActions.safeGetText is PASSED&#xD;
&#xD;
2019-11-04 09:05:35 - [TEST_STEP][PASSED] - println(transactionCompleteMessage): null&#xD;
&#xD;
2019-11-04 09:05:35 - [TEST_STEP][PASSED] - pages.Force_Transaction.verifyStrings(transactionCompleteMessage): Transaction is Successfull in Transaction Complete page&#xD;
&#xD;
2019-11-04 09:05:35 - [MESSAGE][PASSED] - Transaction is Successfull in Transaction Complete page&#xD;
&#xD;
2019-11-04 09:05:35 - [TEST_STEP][PASSED] - delay(delayBetweenTestSteps): Delayed 3 second(s)&#xD;
&#xD;
2019-11-04 09:05:38 - [MESSAGE][PASSED] - Delayed 3 second(s)&#xD;
&#xD;
2019-11-04 09:05:38 - [TEST_STEP][PASSED] - scrollToElement(findTestObject("Pages/Sale/label_RecurringPayment_TransactionCompleteScreen"), delayBetweenTestSteps): Scroll to object 'Object Repository/Pages/Sale/label_RecurringPayment_TransactionCompleteScreen' successfully&#xD;
&#xD;
2019-11-04 09:05:38 - [MESSAGE][PASSED] - Scroll to object 'Object Repository/Pages/Sale/label_RecurringPayment_TransactionCompleteScreen' successfully&#xD;
&#xD;
2019-11-04 09:05:38 - [TEST_STEP][PASSED] - utilities.SafeActions.safeClickWithoutScroll(findTestObject("Pages/Sale/date_StartDate_TransactionComplete"), "Click on Date Input", [5]): utilities.SafeActions.safeClickWithoutScroll is PASSED&#xD;
&#xD;
2019-11-04 09:05:38 - [MESSAGE][INFO] - Safe Click Without scroll&#xD;
&#xD;
2019-11-04 09:05:38 - [MESSAGE][INFO] - Sale_TestSuite.ts:waiting until Click on Date Input is Clickable&#xD;
&#xD;
2019-11-04 09:05:38 - [MESSAGE][PASSED] - Object 'Object Repository/Pages/Sale/date_StartDate_TransactionComplete' is clickable&#xD;
&#xD;
2019-11-04 09:05:38 - [MESSAGE][PASSED] - Object 'Object Repository/Pages/Sale/date_StartDate_TransactionComplete' is visible&#xD;
&#xD;
2019-11-04 09:05:39 - [MESSAGE][PASSED] - Object: 'Object Repository/Pages/Sale/date_StartDate_TransactionComplete' is clicked on&#xD;
&#xD;
2019-11-04 09:05:39 - [MESSAGE][INFO] - Sale_TestSuite.ts: click on the Click on Date Input&#xD;
&#xD;
2019-11-04 09:05:39 - [MESSAGE][PASSED] - utilities.SafeActions.safeClickWithoutScroll is PASSED&#xD;
&#xD;
2019-11-04 09:05:39 - [TEST_STEP][PASSED] - pages.Sale.selectMonthYear(findTestObject("Pages/Sale/link_MonthYear"), findTestObject("Pages/Sale/calender_NextButton"), cardMonth, cardYear): pages.Sale.selectMonthYear is PASSED&#xD;
&#xD;
2019-11-04 09:05:39 - [MESSAGE][PASSED] - Text of object 'Object Repository/Pages/Sale/link_MonthYear' is: 'November 2019'&#xD;
&#xD;
2019-11-04 09:05:40 - [MESSAGE][PASSED] - Object: 'Object Repository/Pages/Sale/calender_NextButton' is clicked on&#xD;
&#xD;
2019-11-04 09:05:40 - [MESSAGE][PASSED] - Text of object 'Object Repository/Pages/Sale/link_MonthYear' is: 'December 2019'&#xD;
&#xD;
2019-11-04 09:05:40 - [MESSAGE][PASSED] - Object: 'Object Repository/Pages/Sale/calender_NextButton' is clicked on&#xD;
&#xD;
2019-11-04 09:05:40 - [MESSAGE][PASSED] - Text of object 'Object Repository/Pages/Sale/link_MonthYear' is: 'January 2020'&#xD;
&#xD;
2019-11-04 09:05:40 - [MESSAGE][PASSED] - Object: 'Object Repository/Pages/Sale/calender_NextButton' is clicked on&#xD;
&#xD;
2019-11-04 09:05:40 - [MESSAGE][PASSED] - Text of object 'Object Repository/Pages/Sale/link_MonthYear' is: 'February 2020'&#xD;
&#xD;
2019-11-04 09:05:40 - [MESSAGE][PASSED] - Object: 'Object Repository/Pages/Sale/calender_NextButton' is clicked on&#xD;
&#xD;
2019-11-04 09:05:40 - [MESSAGE][PASSED] - Text of object 'Object Repository/Pages/Sale/link_MonthYear' is: 'March 2020'&#xD;
&#xD;
2019-11-04 09:05:41 - [MESSAGE][PASSED] - Object: 'Object Repository/Pages/Sale/calender_NextButton' is clicked on&#xD;
&#xD;
2019-11-04 09:05:41 - [MESSAGE][PASSED] - Text of object 'Object Repository/Pages/Sale/link_MonthYear' is: 'April 2020'&#xD;
&#xD;
2019-11-04 09:05:41 - [MESSAGE][PASSED] - Object: 'Object Repository/Pages/Sale/calender_NextButton' is clicked on&#xD;
&#xD;
2019-11-04 09:05:41 - [MESSAGE][PASSED] - Text of object 'Object Repository/Pages/Sale/link_MonthYear' is: 'May 2020'&#xD;
&#xD;
2019-11-04 09:05:41 - [MESSAGE][PASSED] - Object: 'Object Repository/Pages/Sale/calender_NextButton' is clicked on&#xD;
&#xD;
2019-11-04 09:05:41 - [MESSAGE][PASSED] - Text of object 'Object Repository/Pages/Sale/link_MonthYear' is: 'June 2020'&#xD;
&#xD;
2019-11-04 09:05:42 - [MESSAGE][PASSED] - Object: 'Object Repository/Pages/Sale/calender_NextButton' is clicked on&#xD;
&#xD;
2019-11-04 09:05:42 - [MESSAGE][PASSED] - Text of object 'Object Repository/Pages/Sale/link_MonthYear' is: 'July 2020'&#xD;
&#xD;
2019-11-04 09:05:42 - [MESSAGE][PASSED] - Object: 'Object Repository/Pages/Sale/calender_NextButton' is clicked on&#xD;
&#xD;
2019-11-04 09:05:42 - [MESSAGE][PASSED] - Text of object 'Object Repository/Pages/Sale/link_MonthYear' is: 'August 2020'&#xD;
&#xD;
2019-11-04 09:05:42 - [MESSAGE][PASSED] - Object: 'Object Repository/Pages/Sale/calender_NextButton' is clicked on&#xD;
&#xD;
2019-11-04 09:05:42 - [MESSAGE][PASSED] - Text of object 'Object Repository/Pages/Sale/link_MonthYear' is: 'September 2020'&#xD;
&#xD;
2019-11-04 09:05:42 - [MESSAGE][PASSED] - Object: 'Object Repository/Pages/Sale/calender_NextButton' is clicked on&#xD;
&#xD;
2019-11-04 09:05:42 - [MESSAGE][PASSED] - Text of object 'Object Repository/Pages/Sale/link_MonthYear' is: 'October 2020'&#xD;
&#xD;
2019-11-04 09:05:43 - [MESSAGE][PASSED] - Object: 'Object Repository/Pages/Sale/calender_NextButton' is clicked on&#xD;
&#xD;
2019-11-04 09:05:43 - [MESSAGE][PASSED] - Text of object 'Object Repository/Pages/Sale/link_MonthYear' is: 'November 2020'&#xD;
&#xD;
2019-11-04 09:05:43 - [MESSAGE][PASSED] - Object: 'Object Repository/Pages/Sale/calender_NextButton' is clicked on&#xD;
&#xD;
2019-11-04 09:05:43 - [MESSAGE][PASSED] - Text of object 'Object Repository/Pages/Sale/link_MonthYear' is: 'December 2020'&#xD;
&#xD;
2019-11-04 09:05:43 - [MESSAGE][PASSED] - Object: 'Object Repository/Pages/Sale/calender_NextButton' is clicked on&#xD;
&#xD;
2019-11-04 09:05:43 - [MESSAGE][PASSED] - Text of object 'Object Repository/Pages/Sale/link_MonthYear' is: 'January 2021'&#xD;
&#xD;
2019-11-04 09:05:44 - [MESSAGE][PASSED] - Object: 'Object Repository/Pages/Sale/calender_NextButton' is clicked on&#xD;
&#xD;
2019-11-04 09:05:44 - [MESSAGE][PASSED] - Text of object 'Object Repository/Pages/Sale/link_MonthYear' is: 'February 2021'&#xD;
&#xD;
2019-11-04 09:05:44 - [MESSAGE][PASSED] - Object: 'Object Repository/Pages/Sale/calender_NextButton' is clicked on&#xD;
&#xD;
2019-11-04 09:05:44 - [MESSAGE][PASSED] - Text of object 'Object Repository/Pages/Sale/link_MonthYear' is: 'March 2021'&#xD;
&#xD;
2019-11-04 09:05:44 - [MESSAGE][PASSED] - Object: 'Object Repository/Pages/Sale/calender_NextButton' is clicked on&#xD;
&#xD;
2019-11-04 09:05:44 - [MESSAGE][PASSED] - Text of object 'Object Repository/Pages/Sale/link_MonthYear' is: 'April 2021'&#xD;
&#xD;
2019-11-04 09:05:44 - [MESSAGE][PASSED] - Object: 'Object Repository/Pages/Sale/calender_NextButton' is clicked on&#xD;
&#xD;
2019-11-04 09:05:44 - [MESSAGE][PASSED] - Text of object 'Object Repository/Pages/Sale/link_MonthYear' is: 'May 2021'&#xD;
&#xD;
2019-11-04 09:05:45 - [MESSAGE][PASSED] - Object: 'Object Repository/Pages/Sale/calender_NextButton' is clicked on&#xD;
&#xD;
2019-11-04 09:05:45 - [MESSAGE][PASSED] - Text of object 'Object Repository/Pages/Sale/link_MonthYear' is: 'June 2021'&#xD;
&#xD;
2019-11-04 09:05:45 - [MESSAGE][PASSED] - Object: 'Object Repository/Pages/Sale/calender_NextButton' is clicked on&#xD;
&#xD;
2019-11-04 09:05:45 - [MESSAGE][PASSED] - Text of object 'Object Repository/Pages/Sale/link_MonthYear' is: 'July 2021'&#xD;
&#xD;
2019-11-04 09:05:45 - [MESSAGE][PASSED] - Object: 'Object Repository/Pages/Sale/calender_NextButton' is clicked on&#xD;
&#xD;
2019-11-04 09:05:45 - [MESSAGE][PASSED] - Text of object 'Object Repository/Pages/Sale/link_MonthYear' is: 'August 2021'&#xD;
&#xD;
2019-11-04 09:05:46 - [MESSAGE][PASSED] - Object: 'Object Repository/Pages/Sale/calender_NextButton' is clicked on&#xD;
&#xD;
2019-11-04 09:05:46 - [MESSAGE][PASSED] - Text of object 'Object Repository/Pages/Sale/link_MonthYear' is: 'September 2021'&#xD;
&#xD;
2019-11-04 09:05:46 - [MESSAGE][PASSED] - Object: 'Object Repository/Pages/Sale/calender_NextButton' is clicked on&#xD;
&#xD;
2019-11-04 09:05:46 - [MESSAGE][PASSED] - Text of object 'Object Repository/Pages/Sale/link_MonthYear' is: 'October 2021'&#xD;
&#xD;
2019-11-04 09:05:46 - [MESSAGE][PASSED] - Object: 'Object Repository/Pages/Sale/calender_NextButton' is clicked on&#xD;
&#xD;
2019-11-04 09:05:46 - [MESSAGE][PASSED] - Text of object 'Object Repository/Pages/Sale/link_MonthYear' is: 'November 2021'&#xD;
&#xD;
2019-11-04 09:05:46 - [MESSAGE][PASSED] - Object: 'Object Repository/Pages/Sale/calender_NextButton' is clicked on&#xD;
&#xD;
2019-11-04 09:05:46 - [MESSAGE][PASSED] - Text of object 'Object Repository/Pages/Sale/link_MonthYear' is: 'December 2021'&#xD;
&#xD;
2019-11-04 09:05:47 - [MESSAGE][PASSED] - Object: 'Object Repository/Pages/Sale/calender_NextButton' is clicked on&#xD;
&#xD;
2019-11-04 09:05:47 - [MESSAGE][PASSED] - Text of object 'Object Repository/Pages/Sale/link_MonthYear' is: 'January 2022'&#xD;
&#xD;
2019-11-04 09:05:47 - [MESSAGE][PASSED] - Object: 'Object Repository/Pages/Sale/calender_NextButton' is clicked on&#xD;
&#xD;
2019-11-04 09:05:47 - [MESSAGE][PASSED] - Text of object 'Object Repository/Pages/Sale/link_MonthYear' is: 'February 2022'&#xD;
&#xD;
2019-11-04 09:05:47 - [MESSAGE][PASSED] - Object: 'Object Repository/Pages/Sale/calender_NextButton' is clicked on&#xD;
&#xD;
2019-11-04 09:05:47 - [MESSAGE][PASSED] - Text of object 'Object Repository/Pages/Sale/link_MonthYear' is: 'March 2022'&#xD;
&#xD;
2019-11-04 09:05:48 - [MESSAGE][PASSED] - Object: 'Object Repository/Pages/Sale/calender_NextButton' is clicked on&#xD;
&#xD;
2019-11-04 09:05:48 - [MESSAGE][PASSED] - Text of object 'Object Repository/Pages/Sale/link_MonthYear' is: 'April 2022'&#xD;
&#xD;
2019-11-04 09:05:48 - [MESSAGE][PASSED] - Object: 'Object Repository/Pages/Sale/calender_NextButton' is clicked on&#xD;
&#xD;
2019-11-04 09:05:48 - [MESSAGE][PASSED] - Text of object 'Object Repository/Pages/Sale/link_MonthYear' is: 'May 2022'&#xD;
&#xD;
2019-11-04 09:05:48 - [MESSAGE][PASSED] - Object: 'Object Repository/Pages/Sale/calender_NextButton' is clicked on&#xD;
&#xD;
2019-11-04 09:05:48 - [MESSAGE][PASSED] - Text of object 'Object Repository/Pages/Sale/link_MonthYear' is: 'June 2022'&#xD;
&#xD;
2019-11-04 09:05:48 - [MESSAGE][PASSED] - Object: 'Object Repository/Pages/Sale/calender_NextButton' is clicked on&#xD;
&#xD;
2019-11-04 09:05:48 - [MESSAGE][PASSED] - Text of object 'Object Repository/Pages/Sale/link_MonthYear' is: 'July 2022'&#xD;
&#xD;
2019-11-04 09:05:49 - [MESSAGE][PASSED] - Object: 'Object Repository/Pages/Sale/calender_NextButton' is clicked on&#xD;
&#xD;
2019-11-04 09:05:49 - [MESSAGE][PASSED] - Text of object 'Object Repository/Pages/Sale/link_MonthYear' is: 'August 2022'&#xD;
&#xD;
2019-11-04 09:05:49 - [MESSAGE][PASSED] - Object: 'Object Repository/Pages/Sale/calender_NextButton' is clicked on&#xD;
&#xD;
2019-11-04 09:05:49 - [MESSAGE][PASSED] - Text of object 'Object Repository/Pages/Sale/link_MonthYear' is: 'September 2022'&#xD;
&#xD;
2019-11-04 09:05:49 - [MESSAGE][PASSED] - pages.Sale.selectMonthYear is PASSED&#xD;
&#xD;
2019-11-04 09:05:49 - [TEST_STEP][PASSED] - pages.Sale.selectDate(start_date_Value): pages.Sale.selectDate is PASSED&#xD;
&#xD;
2019-11-04 09:05:49 - [MESSAGE][PASSED] - Object: '' is clicked on&#xD;
&#xD;
2019-11-04 09:05:49 - [MESSAGE][PASSED] - pages.Sale.selectDate is PASSED&#xD;
&#xD;
2019-11-04 09:05:49 - [TEST_STEP][PASSED] - utilities.SafeActions.safeClickWithoutScroll(findTestObject("Pages/Sale/date_EndDate_TransactionComplete"), "Click on Date Input", [5]): utilities.SafeActions.safeClickWithoutScroll is PASSED&#xD;
&#xD;
2019-11-04 09:05:49 - [MESSAGE][INFO] - Safe Click Without scroll&#xD;
&#xD;
2019-11-04 09:05:49 - [MESSAGE][INFO] - Sale_TestSuite.ts:waiting until Click on Date Input is Clickable&#xD;
&#xD;
2019-11-04 09:05:49 - [MESSAGE][PASSED] - Object 'Object Repository/Pages/Sale/date_EndDate_TransactionComplete' is clickable&#xD;
&#xD;
2019-11-04 09:05:50 - [MESSAGE][PASSED] - Object 'Object Repository/Pages/Sale/date_EndDate_TransactionComplete' is visible&#xD;
&#xD;
2019-11-04 09:05:50 - [MESSAGE][PASSED] - Object: 'Object Repository/Pages/Sale/date_EndDate_TransactionComplete' is clicked on&#xD;
&#xD;
2019-11-04 09:05:50 - [MESSAGE][INFO] - Sale_TestSuite.ts: click on the Click on Date Input&#xD;
&#xD;
2019-11-04 09:05:50 - [MESSAGE][PASSED] - utilities.SafeActions.safeClickWithoutScroll is PASSED&#xD;
&#xD;
2019-11-04 09:05:50 - [TEST_STEP][PASSED] - pages.Sale.selectMonthYear(findTestObject("Pages/Sale/link_MonthYear"), findTestObject("Pages/Sale/calender_NextButton"), cardMonth, cardYear): pages.Sale.selectMonthYear is PASSED&#xD;
&#xD;
2019-11-04 09:05:51 - [MESSAGE][PASSED] - Text of object 'Object Repository/Pages/Sale/link_MonthYear' is: 'November 2019'&#xD;
&#xD;
2019-11-04 09:05:51 - [MESSAGE][PASSED] - Object: 'Object Repository/Pages/Sale/calender_NextButton' is clicked on&#xD;
&#xD;
2019-11-04 09:05:51 - [MESSAGE][PASSED] - Text of object 'Object Repository/Pages/Sale/link_MonthYear' is: 'December 2019'&#xD;
&#xD;
2019-11-04 09:05:51 - [MESSAGE][PASSED] - Object: 'Object Repository/Pages/Sale/calender_NextButton' is clicked on&#xD;
&#xD;
2019-11-04 09:05:51 - [MESSAGE][PASSED] - Text of object 'Object Repository/Pages/Sale/link_MonthYear' is: 'January 2020'&#xD;
&#xD;
2019-11-04 09:05:51 - [MESSAGE][PASSED] - Object: 'Object Repository/Pages/Sale/calender_NextButton' is clicked on&#xD;
&#xD;
2019-11-04 09:05:51 - [MESSAGE][PASSED] - Text of object 'Object Repository/Pages/Sale/link_MonthYear' is: 'February 2020'&#xD;
&#xD;
2019-11-04 09:05:52 - [MESSAGE][PASSED] - Object: 'Object Repository/Pages/Sale/calender_NextButton' is clicked on&#xD;
&#xD;
2019-11-04 09:05:52 - [MESSAGE][PASSED] - Text of object 'Object Repository/Pages/Sale/link_MonthYear' is: 'March 2020'&#xD;
&#xD;
2019-11-04 09:05:52 - [MESSAGE][PASSED] - Object: 'Object Repository/Pages/Sale/calender_NextButton' is clicked on&#xD;
&#xD;
2019-11-04 09:05:52 - [MESSAGE][PASSED] - Text of object 'Object Repository/Pages/Sale/link_MonthYear' is: 'April 2020'&#xD;
&#xD;
2019-11-04 09:05:52 - [MESSAGE][PASSED] - Object: 'Object Repository/Pages/Sale/calender_NextButton' is clicked on&#xD;
&#xD;
2019-11-04 09:05:52 - [MESSAGE][PASSED] - Text of object 'Object Repository/Pages/Sale/link_MonthYear' is: 'May 2020'&#xD;
&#xD;
2019-11-04 09:05:53 - [MESSAGE][PASSED] - Object: 'Object Repository/Pages/Sale/calender_NextButton' is clicked on&#xD;
&#xD;
2019-11-04 09:05:53 - [MESSAGE][PASSED] - Text of object 'Object Repository/Pages/Sale/link_MonthYear' is: 'June 2020'&#xD;
&#xD;
2019-11-04 09:05:53 - [MESSAGE][PASSED] - Object: 'Object Repository/Pages/Sale/calender_NextButton' is clicked on&#xD;
&#xD;
2019-11-04 09:05:53 - [MESSAGE][PASSED] - Text of object 'Object Repository/Pages/Sale/link_MonthYear' is: 'July 2020'&#xD;
&#xD;
2019-11-04 09:05:53 - [MESSAGE][PASSED] - Object: 'Object Repository/Pages/Sale/calender_NextButton' is clicked on&#xD;
&#xD;
2019-11-04 09:05:53 - [MESSAGE][PASSED] - Text of object 'Object Repository/Pages/Sale/link_MonthYear' is: 'August 2020'&#xD;
&#xD;
2019-11-04 09:05:53 - [MESSAGE][PASSED] - Object: 'Object Repository/Pages/Sale/calender_NextButton' is clicked on&#xD;
&#xD;
2019-11-04 09:05:53 - [MESSAGE][PASSED] - Text of object 'Object Repository/Pages/Sale/link_MonthYear' is: 'September 2020'&#xD;
&#xD;
2019-11-04 09:05:54 - [MESSAGE][PASSED] - Object: 'Object Repository/Pages/Sale/calender_NextButton' is clicked on&#xD;
&#xD;
2019-11-04 09:05:54 - [MESSAGE][PASSED] - Text of object 'Object Repository/Pages/Sale/link_MonthYear' is: 'October 2020'&#xD;
&#xD;
2019-11-04 09:05:54 - [MESSAGE][PASSED] - Object: 'Object Repository/Pages/Sale/calender_NextButton' is clicked on&#xD;
&#xD;
2019-11-04 09:05:54 - [MESSAGE][PASSED] - Text of object 'Object Repository/Pages/Sale/link_MonthYear' is: 'November 2020'&#xD;
&#xD;
2019-11-04 09:05:54 - [MESSAGE][PASSED] - Object: 'Object Repository/Pages/Sale/calender_NextButton' is clicked on&#xD;
&#xD;
2019-11-04 09:05:54 - [MESSAGE][PASSED] - Text of object 'Object Repository/Pages/Sale/link_MonthYear' is: 'December 2020'&#xD;
&#xD;
2019-11-04 09:05:55 - [MESSAGE][PASSED] - Object: 'Object Repository/Pages/Sale/calender_NextButton' is clicked on&#xD;
&#xD;
2019-11-04 09:05:55 - [MESSAGE][PASSED] - Text of object 'Object Repository/Pages/Sale/link_MonthYear' is: 'January 2021'&#xD;
&#xD;
2019-11-04 09:05:55 - [MESSAGE][PASSED] - Object: 'Object Repository/Pages/Sale/calender_NextButton' is clicked on&#xD;
&#xD;
2019-11-04 09:05:55 - [MESSAGE][PASSED] - Text of object 'Object Repository/Pages/Sale/link_MonthYear' is: 'February 2021'&#xD;
&#xD;
2019-11-04 09:05:55 - [MESSAGE][PASSED] - Object: 'Object Repository/Pages/Sale/calender_NextButton' is clicked on&#xD;
&#xD;
2019-11-04 09:05:55 - [MESSAGE][PASSED] - Text of object 'Object Repository/Pages/Sale/link_MonthYear' is: 'March 2021'&#xD;
&#xD;
2019-11-04 09:05:55 - [MESSAGE][PASSED] - Object: 'Object Repository/Pages/Sale/calender_NextButton' is clicked on&#xD;
&#xD;
2019-11-04 09:05:55 - [MESSAGE][PASSED] - Text of object 'Object Repository/Pages/Sale/link_MonthYear' is: 'April 2021'&#xD;
&#xD;
2019-11-04 09:05:56 - [MESSAGE][PASSED] - Object: 'Object Repository/Pages/Sale/calender_NextButton' is clicked on&#xD;
&#xD;
2019-11-04 09:05:56 - [MESSAGE][PASSED] - Text of object 'Object Repository/Pages/Sale/link_MonthYear' is: 'May 2021'&#xD;
&#xD;
2019-11-04 09:05:56 - [MESSAGE][PASSED] - Object: 'Object Repository/Pages/Sale/calender_NextButton' is clicked on&#xD;
&#xD;
2019-11-04 09:05:56 - [MESSAGE][PASSED] - Text of object 'Object Repository/Pages/Sale/link_MonthYear' is: 'June 2021'&#xD;
&#xD;
2019-11-04 09:05:56 - [MESSAGE][PASSED] - Object: 'Object Repository/Pages/Sale/calender_NextButton' is clicked on&#xD;
&#xD;
2019-11-04 09:05:56 - [MESSAGE][PASSED] - Text of object 'Object Repository/Pages/Sale/link_MonthYear' is: 'July 2021'&#xD;
&#xD;
2019-11-04 09:05:57 - [MESSAGE][PASSED] - Object: 'Object Repository/Pages/Sale/calender_NextButton' is clicked on&#xD;
&#xD;
2019-11-04 09:05:57 - [MESSAGE][PASSED] - Text of object 'Object Repository/Pages/Sale/link_MonthYear' is: 'August 2021'&#xD;
&#xD;
2019-11-04 09:05:57 - [MESSAGE][PASSED] - Object: 'Object Repository/Pages/Sale/calender_NextButton' is clicked on&#xD;
&#xD;
2019-11-04 09:05:57 - [MESSAGE][PASSED] - Text of object 'Object Repository/Pages/Sale/link_MonthYear' is: 'September 2021'&#xD;
&#xD;
2019-11-04 09:05:57 - [MESSAGE][PASSED] - Object: 'Object Repository/Pages/Sale/calender_NextButton' is clicked on&#xD;
&#xD;
2019-11-04 09:05:57 - [MESSAGE][PASSED] - Text of object 'Object Repository/Pages/Sale/link_MonthYear' is: 'October 2021'&#xD;
&#xD;
2019-11-04 09:05:57 - [MESSAGE][PASSED] - Object: 'Object Repository/Pages/Sale/calender_NextButton' is clicked on&#xD;
&#xD;
2019-11-04 09:05:57 - [MESSAGE][PASSED] - Text of object 'Object Repository/Pages/Sale/link_MonthYear' is: 'November 2021'&#xD;
&#xD;
2019-11-04 09:05:58 - [MESSAGE][PASSED] - Object: 'Object Repository/Pages/Sale/calender_NextButton' is clicked on&#xD;
&#xD;
2019-11-04 09:05:58 - [MESSAGE][PASSED] - Text of object 'Object Repository/Pages/Sale/link_MonthYear' is: 'December 2021'&#xD;
&#xD;
2019-11-04 09:05:58 - [MESSAGE][PASSED] - Object: 'Object Repository/Pages/Sale/calender_NextButton' is clicked on&#xD;
&#xD;
2019-11-04 09:05:58 - [MESSAGE][PASSED] - Text of object 'Object Repository/Pages/Sale/link_MonthYear' is: 'January 2022'&#xD;
&#xD;
2019-11-04 09:05:58 - [MESSAGE][PASSED] - Object: 'Object Repository/Pages/Sale/calender_NextButton' is clicked on&#xD;
&#xD;
2019-11-04 09:05:58 - [MESSAGE][PASSED] - Text of object 'Object Repository/Pages/Sale/link_MonthYear' is: 'February 2022'&#xD;
&#xD;
2019-11-04 09:05:59 - [MESSAGE][PASSED] - Object: 'Object Repository/Pages/Sale/calender_NextButton' is clicked on&#xD;
&#xD;
2019-11-04 09:05:59 - [MESSAGE][PASSED] - Text of object 'Object Repository/Pages/Sale/link_MonthYear' is: 'March 2022'&#xD;
&#xD;
2019-11-04 09:05:59 - [MESSAGE][PASSED] - Object: 'Object Repository/Pages/Sale/calender_NextButton' is clicked on&#xD;
&#xD;
2019-11-04 09:05:59 - [MESSAGE][PASSED] - Text of object 'Object Repository/Pages/Sale/link_MonthYear' is: 'April 2022'&#xD;
&#xD;
2019-11-04 09:05:59 - [MESSAGE][PASSED] - Object: 'Object Repository/Pages/Sale/calender_NextButton' is clicked on&#xD;
&#xD;
2019-11-04 09:05:59 - [MESSAGE][PASSED] - Text of object 'Object Repository/Pages/Sale/link_MonthYear' is: 'May 2022'&#xD;
&#xD;
2019-11-04 09:05:59 - [MESSAGE][PASSED] - Object: 'Object Repository/Pages/Sale/calender_NextButton' is clicked on&#xD;
&#xD;
2019-11-04 09:05:59 - [MESSAGE][PASSED] - Text of object 'Object Repository/Pages/Sale/link_MonthYear' is: 'June 2022'&#xD;
&#xD;
2019-11-04 09:06:00 - [MESSAGE][PASSED] - Object: 'Object Repository/Pages/Sale/calender_NextButton' is clicked on&#xD;
&#xD;
2019-11-04 09:06:00 - [MESSAGE][PASSED] - Text of object 'Object Repository/Pages/Sale/link_MonthYear' is: 'July 2022'&#xD;
&#xD;
2019-11-04 09:06:00 - [MESSAGE][PASSED] - Object: 'Object Repository/Pages/Sale/calender_NextButton' is clicked on&#xD;
&#xD;
2019-11-04 09:06:00 - [MESSAGE][PASSED] - Text of object 'Object Repository/Pages/Sale/link_MonthYear' is: 'August 2022'&#xD;
&#xD;
2019-11-04 09:06:00 - [MESSAGE][PASSED] - Object: 'Object Repository/Pages/Sale/calender_NextButton' is clicked on&#xD;
&#xD;
2019-11-04 09:06:00 - [MESSAGE][PASSED] - Text of object 'Object Repository/Pages/Sale/link_MonthYear' is: 'September 2022'&#xD;
&#xD;
2019-11-04 09:06:00 - [MESSAGE][PASSED] - pages.Sale.selectMonthYear is PASSED&#xD;
&#xD;
2019-11-04 09:06:00 - [TEST_STEP][PASSED] - pages.Sale.selectDate(end_date_Value): pages.Sale.selectDate is PASSED&#xD;
&#xD;
2019-11-04 09:06:00 - [MESSAGE][PASSED] - Object: '' is clicked on&#xD;
&#xD;
2019-11-04 09:06:00 - [MESSAGE][PASSED] - pages.Sale.selectDate is PASSED&#xD;
&#xD;
2019-11-04 09:06:00 - [TEST_STEP][PASSED] - utilities.SafeActions.safeSelectOptionInDropDownByVisibleText(findTestObject("Pages/Sale/dropDown_Frequency_TransactionComplete"), "Weekly", "Select By Value", [10]): utilities.SafeActions.safeSelectOptionInDropDownByVisibleText is PASSED&#xD;
&#xD;
2019-11-04 09:06:01 - [MESSAGE][PASSED] - Object 'Object Repository/Pages/Sale/dropDown_Frequency_TransactionComplete' is visible&#xD;
&#xD;
2019-11-04 09:06:01 - [MESSAGE][PASSED] - Object 'Object Repository/Pages/Sale/dropDown_Frequency_TransactionComplete' is present&#xD;
&#xD;
2019-11-04 09:06:01 - [MESSAGE][PASSED] - Object: 'Object Repository/Pages/Sale/dropDown_Frequency_TransactionComplete' is clicked on&#xD;
&#xD;
2019-11-04 09:06:02 - [MESSAGE][PASSED] - All options with label 'Weekly' are selected in object 'Object Repository/Pages/Sale/dropDown_Frequency_TransactionComplete' &#xD;
&#xD;
2019-11-04 09:06:02 - [MESSAGE][PASSED] - utilities.SafeActions.safeSelectOptionInDropDownByVisibleText is PASSED&#xD;
&#xD;
2019-11-04 09:06:02 - [TEST_STEP][PASSED] - utilities.SafeActions.safeCheckForElement(findTestObject("Pages/Sale/checkBox_Label_EmailReceipt_TransactionComplete"), 5): utilities.SafeActions.safeCheckForElement is PASSED&#xD;
&#xD;
2019-11-04 09:06:02 - [MESSAGE][PASSED] - Object 'Object Repository/Pages/Sale/checkBox_Label_EmailReceipt_TransactionComplete' is present&#xD;
&#xD;
2019-11-04 09:06:02 - [MESSAGE][PASSED] - Object 'Object Repository/Pages/Sale/checkBox_Label_EmailReceipt_TransactionComplete' is visible&#xD;
&#xD;
2019-11-04 09:06:02 - [MESSAGE][PASSED] - Object 'Object Repository/Pages/Sale/checkBox_Label_EmailReceipt_TransactionComplete' is present&#xD;
&#xD;
2019-11-04 09:06:03 - [MESSAGE][PASSED] - Object 'Object Repository/Pages/Sale/checkBox_Label_EmailReceipt_TransactionComplete' is checked&#xD;
&#xD;
2019-11-04 09:06:03 - [MESSAGE][PASSED] - utilities.SafeActions.safeCheckForElement is PASSED&#xD;
&#xD;
2019-11-04 09:06:03 - [TEST_STEP][PASSED] - utilities.SafeActions.safeType(findTestObject("Pages/Sale/textBox_EmailAddress_TransactionComplete"), emailAddress, "Enter EmailAddress into text box", [5]): utilities.SafeActions.safeType is PASSED&#xD;
&#xD;
2019-11-04 09:06:03 - [MESSAGE][PASSED] - Object 'Object Repository/Pages/Sale/textBox_EmailAddress_TransactionComplete' is present&#xD;
&#xD;
2019-11-04 09:06:03 - [MESSAGE][PASSED] - Object 'Object Repository/Pages/Sale/textBox_EmailAddress_TransactionComplete' is present&#xD;
&#xD;
2019-11-04 09:06:04 - [MESSAGE][PASSED] - Object: 'Object Repository/Pages/Sale/textBox_EmailAddress_TransactionComplete' is clicked on&#xD;
&#xD;
2019-11-04 09:06:04 - [MESSAGE][PASSED] - Text 'Venkatasai.Annam@zenq.com' is set on object 'Object Repository/Pages/Sale/textBox_EmailAddress_TransactionComplete'&#xD;
&#xD;
2019-11-04 09:06:04 - [MESSAGE][PASSED] - utilities.SafeActions.safeType is PASSED&#xD;
&#xD;
2019-11-04 09:06:04 - [TEST_STEP][PASSED] - utilities.SafeActions.safeClickWithoutScroll(findTestObject("Pages/Sale/button_SaveSetup"), "Click on SaveSetup", [delayForElement]): utilities.SafeActions.safeClickWithoutScroll is PASSED&#xD;
&#xD;
2019-11-04 09:06:04 - [MESSAGE][INFO] - Safe Click Without scroll&#xD;
&#xD;
2019-11-04 09:06:04 - [MESSAGE][INFO] - Sale_TestSuite.ts:waiting until Click on SaveSetup is Clickable&#xD;
&#xD;
2019-11-04 09:06:04 - [MESSAGE][PASSED] - Object 'Object Repository/Pages/Sale/button_SaveSetup' is clickable&#xD;
&#xD;
2019-11-04 09:06:04 - [MESSAGE][PASSED] - Object 'Object Repository/Pages/Sale/button_SaveSetup' is visible&#xD;
&#xD;
2019-11-04 09:06:05 - [MESSAGE][PASSED] - Object: 'Object Repository/Pages/Sale/button_SaveSetup' is clicked on&#xD;
&#xD;
2019-11-04 09:06:05 - [MESSAGE][INFO] - Sale_TestSuite.ts: click on the Click on SaveSetup&#xD;
&#xD;
2019-11-04 09:06:05 - [MESSAGE][PASSED] - utilities.SafeActions.safeClickWithoutScroll is PASSED&#xD;
&#xD;
2019-11-04 09:06:05 - [TEST_STEP][PASSED] - delay(2): Delayed 2 second(s)&#xD;
&#xD;
2019-11-04 09:06:07 - [MESSAGE][PASSED] - Delayed 2 second(s)&#xD;
&#xD;
2019-11-04 09:06:07 - [TEST_STEP][PASSED] - popupFromMessage = utilities.SafeActions.safeGetText(findTestObject("Pages/Sale/popupText_AfterClickOn_SaveAndReturnToSale_TransactionComplete"), 5): utilities.SafeActions.safeGetText is PASSED&#xD;
&#xD;
2019-11-04 09:06:07 - [MESSAGE][PASSED] - Object 'Object Repository/Pages/Sale/popupText_AfterClickOn_SaveAndReturnToSale_TransactionComplete' is present&#xD;
&#xD;
2019-11-04 09:06:07 - [MESSAGE][PASSED] - Scroll to object 'Object Repository/Pages/Sale/popupText_AfterClickOn_SaveAndReturnToSale_TransactionComplete' successfully&#xD;
&#xD;
2019-11-04 09:06:07 - [MESSAGE][PASSED] - Object 'Object Repository/Pages/Sale/popupText_AfterClickOn_SaveAndReturnToSale_TransactionComplete' is present&#xD;
&#xD;
2019-11-04 09:06:08 - [MESSAGE][PASSED] - Text of object 'Object Repository/Pages/Sale/popupText_AfterClickOn_SaveAndReturnToSale_TransactionComplete' is: 'Your Setup has been completed.'&#xD;
&#xD;
2019-11-04 09:06:08 - [MESSAGE][PASSED] - utilities.SafeActions.safeGetText is PASSED&#xD;
&#xD;
2019-11-04 09:06:08 - [TEST_STEP][PASSED] - utilities.SafeActions.verifyPopupMessage("Your Setup has been completed.", popupFromMessage): Popup Message : Your Setup has been completed. matched with expected message : Your Setup has been completed.&#xD;
&#xD;
2019-11-04 09:06:08 - [MESSAGE][PASSED] - Popup Message : Your Setup has been completed. matched with expected message : Your Setup has been completed.&#xD;
&#xD;
2019-11-04 09:06:08 - [TEST_STEP][PASSED] - utilities.SafeActions.safeClickWithoutScroll(findTestObject("Pages/Sale/close_TextBox"), "Click on SaveSetup", [delayForElement]): utilities.SafeActions.safeClickWithoutScroll is PASSED&#xD;
&#xD;
2019-11-04 09:06:08 - [MESSAGE][INFO] - Safe Click Without scroll&#xD;
&#xD;
2019-11-04 09:06:08 - [MESSAGE][INFO] - Sale_TestSuite.ts:waiting until Click on SaveSetup is Clickable&#xD;
&#xD;
2019-11-04 09:06:08 - [MESSAGE][PASSED] - Object 'Object Repository/Pages/Sale/close_TextBox' is clickable&#xD;
&#xD;
2019-11-04 09:06:08 - [MESSAGE][PASSED] - Object 'Object Repository/Pages/Sale/close_TextBox' is visible&#xD;
&#xD;
2019-11-04 09:06:09 - [MESSAGE][PASSED] - Object: 'Object Repository/Pages/Sale/close_TextBox' is clicked on&#xD;
&#xD;
2019-11-04 09:06:09 - [MESSAGE][INFO] - Sale_TestSuite.ts: click on the Click on SaveSetup&#xD;
&#xD;
2019-11-04 09:06:09 - [MESSAGE][PASSED] - utilities.SafeActions.safeClickWithoutScroll is PASSED&#xD;
&#xD;
2019-11-04 09:06:09 - [TEST_STEP][PASSED] - utilities.SafeActions.safeClickwithScroll(findTestObject("Pages/Sale/button_ReturnToSale"), "Click on Return To Sale", [15]): utilities.SafeActions.safeClickwithScroll is PASSED&#xD;
&#xD;
2019-11-04 09:06:09 - [MESSAGE][PASSED] - Object 'Object Repository/Pages/Sale/button_ReturnToSale' is present&#xD;
&#xD;
2019-11-04 09:06:09 - [MESSAGE][PASSED] - Object 'Object Repository/Pages/Sale/button_ReturnToSale' is visible&#xD;
&#xD;
2019-11-04 09:06:09 - [MESSAGE][INFO] - Sale_TestSuite.ts:waiting until Click on Return To Sale is Clickable&#xD;
&#xD;
2019-11-04 09:06:09 - [MESSAGE][PASSED] - Object 'Object Repository/Pages/Sale/button_ReturnToSale' is clickable&#xD;
&#xD;
2019-11-04 09:06:09 - [MESSAGE][PASSED] - Object 'Object Repository/Pages/Sale/button_ReturnToSale' is visible&#xD;
&#xD;
2019-11-04 09:06:10 - [MESSAGE][PASSED] - Object: 'Object Repository/Pages/Sale/button_ReturnToSale' is clicked on&#xD;
&#xD;
2019-11-04 09:06:10 - [MESSAGE][INFO] - Sale_TestSuite.ts: Clicked on the Click on Return To Sale&#xD;
&#xD;
2019-11-04 09:06:10 - [MESSAGE][PASSED] - utilities.SafeActions.safeClickwithScroll is PASSED&#xD;
&#xD;
2019-11-04 09:06:10 - [TEST_STEP][PASSED] - delay(5): Delayed 5 second(s)&#xD;
&#xD;
2019-11-04 09:06:15 - [MESSAGE][PASSED] - Delayed 5 second(s)&#xD;
&#xD;
2019-11-04 09:06:15 - [TEST_STEP][PASSED] - utilities.SafeActions.safeClickwithScroll(findTestObject("Pages/Future_Payments/tab_FuturePayments"), "Click on Future Payments Tab", [10]): utilities.SafeActions.safeClickwithScroll is PASSED&#xD;
&#xD;
2019-11-04 09:06:15 - [MESSAGE][PASSED] - Object 'Object Repository/Pages/Future_Payments/tab_FuturePayments' is present&#xD;
&#xD;
2019-11-04 09:06:15 - [MESSAGE][PASSED] - Object 'Object Repository/Pages/Future_Payments/tab_FuturePayments' is visible&#xD;
&#xD;
2019-11-04 09:06:15 - [MESSAGE][INFO] - Sale_TestSuite.ts:waiting until Click on Future Payments Tab is Clickable&#xD;
&#xD;
2019-11-04 09:06:15 - [MESSAGE][PASSED] - Object 'Object Repository/Pages/Future_Payments/tab_FuturePayments' is clickable&#xD;
&#xD;
2019-11-04 09:06:15 - [MESSAGE][PASSED] - Object 'Object Repository/Pages/Future_Payments/tab_FuturePayments' is visible&#xD;
&#xD;
2019-11-04 09:06:16 - [MESSAGE][PASSED] - Object: 'Object Repository/Pages/Future_Payments/tab_FuturePayments' is clicked on&#xD;
&#xD;
2019-11-04 09:06:16 - [MESSAGE][INFO] - Sale_TestSuite.ts: Clicked on the Click on Future Payments Tab&#xD;
&#xD;
2019-11-04 09:06:16 - [MESSAGE][PASSED] - utilities.SafeActions.safeClickwithScroll is PASSED&#xD;
&#xD;
2019-11-04 09:06:16 - [TEST_STEP][PASSED] - delay(2): Delayed 2 second(s)&#xD;
&#xD;
2019-11-04 09:06:18 - [MESSAGE][PASSED] - Delayed 2 second(s)&#xD;
&#xD;
2019-11-04 09:06:18 - [TEST_STEP][PASSED] - utilities.SafeActions.safeClickwithScroll(findTestObject("Pages/Future_Payments/search_Button"), "Search", [10]): utilities.SafeActions.safeClickwithScroll is PASSED&#xD;
&#xD;
2019-11-04 09:06:18 - [MESSAGE][PASSED] - Object 'Object Repository/Pages/Future_Payments/search_Button' is present&#xD;
&#xD;
2019-11-04 09:06:18 - [MESSAGE][PASSED] - Object 'Object Repository/Pages/Future_Payments/search_Button' is visible&#xD;
&#xD;
2019-11-04 09:06:18 - [MESSAGE][INFO] - Sale_TestSuite.ts:waiting until Search is Clickable&#xD;
&#xD;
2019-11-04 09:06:18 - [MESSAGE][PASSED] - Object 'Object Repository/Pages/Future_Payments/search_Button' is clickable&#xD;
&#xD;
2019-11-04 09:06:18 - [MESSAGE][PASSED] - Object 'Object Repository/Pages/Future_Payments/search_Button' is visible&#xD;
&#xD;
2019-11-04 09:06:19 - [MESSAGE][PASSED] - Object: 'Object Repository/Pages/Future_Payments/search_Button' is clicked on&#xD;
&#xD;
2019-11-04 09:06:19 - [MESSAGE][INFO] - Sale_TestSuite.ts: Clicked on the Search&#xD;
&#xD;
2019-11-04 09:06:19 - [MESSAGE][PASSED] - utilities.SafeActions.safeClickwithScroll is PASSED&#xD;
&#xD;
2019-11-04 09:06:19 - [TEST_STEP][PASSED] - println(invoiceNumber): null&#xD;
&#xD;
2019-11-04 09:06:19 - [TEST_STEP][PASSED] - println(total_Amount): null&#xD;
&#xD;
2019-11-04 09:06:19 - [TEST_STEP][PASSED] - scrollToElement(findTestObject("Pages/Future_Payments/invoiceForTransaction"), delayBetweenTestSteps): Scroll to object 'Object Repository/Pages/Future_Payments/invoiceForTransaction' successfully&#xD;
&#xD;
2019-11-04 09:06:19 - [MESSAGE][PASSED] - Scroll to object 'Object Repository/Pages/Future_Payments/invoiceForTransaction' successfully&#xD;
&#xD;
2019-11-04 09:06:19 - [TEST_STEP][PASSED] - pages.Future_Payments.verifyInvoiceRecord(findTestObject("Pages/Future_Payments/footer_NextButton"), findTestObject("Pages/Future_Payments/page_Number"), invoiceNumber, total_Amount): The Transaction is found in page 5&#xD;
&#xD;
2019-11-04 09:06:20 - [MESSAGE][PASSED] - Text of object 'Object Repository/Pages/Future_Payments/page_Number' is: 'Page 1 of 10'&#xD;
&#xD;
2019-11-04 09:06:25 - [MESSAGE][PASSED] - Delayed 5 second(s)&#xD;
&#xD;
2019-11-04 09:06:26 - [MESSAGE][PASSED] - Object: 'Object Repository/Pages/Future_Payments/footer_NextButton' is clicked on&#xD;
&#xD;
2019-11-04 09:06:26 - [MESSAGE][PASSED] - Text of object 'Object Repository/Pages/Future_Payments/page_Number' is: 'Page 2 of 10'&#xD;
&#xD;
2019-11-04 09:06:32 - [MESSAGE][PASSED] - Delayed 5 second(s)&#xD;
&#xD;
2019-11-04 09:06:33 - [MESSAGE][PASSED] - Object: 'Object Repository/Pages/Future_Payments/footer_NextButton' is clicked on&#xD;
&#xD;
2019-11-04 09:06:33 - [MESSAGE][PASSED] - Text of object 'Object Repository/Pages/Future_Payments/page_Number' is: 'Page 3 of 10'&#xD;
&#xD;
2019-11-04 09:06:38 - [MESSAGE][PASSED] - Delayed 5 second(s)&#xD;
&#xD;
2019-11-04 09:06:39 - [MESSAGE][PASSED] - Object: 'Object Repository/Pages/Future_Payments/footer_NextButton' is clicked on&#xD;
&#xD;
2019-11-04 09:06:39 - [MESSAGE][PASSED] - Text of object 'Object Repository/Pages/Future_Payments/page_Number' is: 'Page 4 of 10'&#xD;
&#xD;
2019-11-04 09:06:44 - [MESSAGE][PASSED] - Delayed 5 second(s)&#xD;
&#xD;
2019-11-04 09:06:45 - [MESSAGE][PASSED] - Object: 'Object Repository/Pages/Future_Payments/footer_NextButton' is clicked on&#xD;
&#xD;
2019-11-04 09:06:45 - [MESSAGE][PASSED] - Text of object 'Object Repository/Pages/Future_Payments/page_Number' is: 'Page 5 of 10'&#xD;
&#xD;
2019-11-04 09:06:46 - [MESSAGE][PASSED] - The Transaction is found in page 5&#xD;
&#xD;
2019-11-04 09:06:46 - [TEST_STEP][PASSED] - closeBrowser(): Browser is closed&#xD;
&#xD;
2019-11-04 09:06:48 - [MESSAGE][PASSED] - Browser is closed&#xD;
&#xD;
2019-11-04 09:06:48 - [TEST_STEP][PASSED] - Start listener action : sampleAfterTestCase: null&#xD;
&#xD;
2019-11-04 09:06:48 - [TEST_STEP][PASSED] - println(testCaseContext.getTestCaseId()): null&#xD;
&#xD;
2019-11-04 09:06:48 - [TEST_STEP][PASSED] - println(testCaseContext.getTestCaseStatus()): null&#xD;
&#xD;
2019-11-04 09:06:48 - [TEST_STEP][PASSED] - testCaseName = testCaseContext.getTestCaseId(): null&#xD;
&#xD;
2019-11-04 09:06:48 - [TEST_STEP][PASSED] - strCount = testCaseName.lastIndexOf("/"): null&#xD;
&#xD;
2019-11-04 09:06:48 - [TEST_STEP][PASSED] - testCaseName = testCaseName.substring(strCount): null&#xD;
&#xD;
2019-11-04 09:06:48 - [TEST_STEP][PASSED] - println(testCaseName): null&#xD;
&#xD;
2019-11-04 09:06:48 - [TEST_STEP][PASSED] - if (getTestCaseStatus().equalsIgnoreCase("Error")): null&#xD;
&#xD;
2019-11-04 09:06:48 - [TEST_STEP][PASSED] - Start listener action : sampleAfterTestCase: null</system-out>
            <system-err></system-err>
        </testcase>
        <testcase name="Test Cases/FirstView/Sale/VPOS_Sale_Transaction_Retail_SaveToVault" classname="Test Cases/FirstView/Sale/VPOS_Sale_Transaction_Retail_SaveToVault" status="PASSED">
            <system-out>2019-11-04 09:06:48 - [TEST_CASE][PASSED] - Test Cases/FirstView/Sale/VPOS_Sale_Transaction_Retail_SaveToVault: Test Cases/FirstView/Sale/VPOS_Sale_Transaction_Retail_SaveToVault&#xD;
&#xD;
2019-11-04 09:06:48 - [TEST_STEP][PASSED] - Start listener action : sampleBeforeTestCase: null&#xD;
&#xD;
2019-11-04 09:06:48 - [TEST_STEP][PASSED] - println(testCaseContext.getTestCaseId()): null&#xD;
&#xD;
2019-11-04 09:06:48 - [TEST_STEP][PASSED] - println(testCaseContext.getTestCaseVariables()): null&#xD;
&#xD;
2019-11-04 09:06:49 - [TEST_STEP][PASSED] - utilities.SafeActions.openBrowser(URL, [PageLoadTime]): utilities.SafeActions.openBrowser is PASSED&#xD;
&#xD;
2019-11-04 09:06:49 - [MESSAGE][INFO] - Opening Browser&#xD;
&#xD;
2019-11-04 09:06:49 - [MESSAGE][INFO] - Starting 'Firefox' driver&#xD;
&#xD;
2019-11-04 09:06:57 - [MESSAGE][PASSED] - Browser is opened with url: 'https://q-www-firstview-net.faps.net/MVC/Account/Login'&#xD;
&#xD;
2019-11-04 09:06:57 - [MESSAGE][PASSED] - Current window maximized&#xD;
&#xD;
2019-11-04 09:06:57 - [MESSAGE][INFO] - Browser Launched Successfully&#xD;
&#xD;
2019-11-04 09:06:57 - [MESSAGE][PASSED] - utilities.SafeActions.openBrowser is PASSED&#xD;
&#xD;
2019-11-04 09:06:57 - [TEST_STEP][PASSED] - pages.Login.login(uName, password): pages.Login.login is PASSED&#xD;
&#xD;
2019-11-04 09:06:57 - [MESSAGE][PASSED] - Object 'Object Repository/Pages/Login/userName' is present&#xD;
&#xD;
2019-11-04 09:06:57 - [MESSAGE][PASSED] - Object 'Object Repository/Pages/Login/userName' is present&#xD;
&#xD;
2019-11-04 09:06:58 - [MESSAGE][PASSED] - Object: 'Object Repository/Pages/Login/userName' is clicked on&#xD;
&#xD;
2019-11-04 09:06:58 - [MESSAGE][PASSED] - Text 'ZenQRetail' is set on object 'Object Repository/Pages/Login/userName'&#xD;
&#xD;
2019-11-04 09:06:58 - [MESSAGE][PASSED] - Object 'Object Repository/Pages/Login/password' is present&#xD;
&#xD;
2019-11-04 09:06:58 - [MESSAGE][PASSED] - Object 'Object Repository/Pages/Login/password' is present&#xD;
&#xD;
2019-11-04 09:06:59 - [MESSAGE][PASSED] - Object: 'Object Repository/Pages/Login/password' is clicked on&#xD;
&#xD;
2019-11-04 09:06:59 - [MESSAGE][PASSED] - Text 'P@ssword1' is set on object 'Object Repository/Pages/Login/password'&#xD;
&#xD;
2019-11-04 09:06:59 - [MESSAGE][INFO] - Safe Click Without scroll&#xD;
&#xD;
2019-11-04 09:06:59 - [MESSAGE][INFO] - Sale_TestSuite.ts:waiting until Click on Login is Clickable&#xD;
&#xD;
2019-11-04 09:06:59 - [MESSAGE][PASSED] - Object 'Object Repository/Pages/Login/login' is clickable&#xD;
&#xD;
2019-11-04 09:06:59 - [MESSAGE][PASSED] - Object 'Object Repository/Pages/Login/login' is visible&#xD;
&#xD;
2019-11-04 09:07:01 - [MESSAGE][PASSED] - Object: 'Object Repository/Pages/Login/login' is clicked on&#xD;
&#xD;
2019-11-04 09:07:01 - [MESSAGE][INFO] - Sale_TestSuite.ts: click on the Click on Login&#xD;
&#xD;
2019-11-04 09:07:01 - [MESSAGE][PASSED] - pages.Login.login is PASSED&#xD;
&#xD;
2019-11-04 09:07:01 - [TEST_STEP][PASSED] - callTestCase(findTestCase("FirstView/Login/TC_SendCode"), [:], STOP_ON_FAILURE): Call Test Case 'Test Cases/FirstView/Login/TC_SendCode' successfully&#xD;
&#xD;
2019-11-04 09:07:01 - [TEST_CASE][PASSED] - Test Cases/FirstView/Login/TC_SendCode: Test Cases/FirstView/Login/TC_SendCode&#xD;
&#xD;
2019-11-04 09:07:01 - [TEST_STEP][PASSED] - flag = pages.SendCode.verifyPage(): pages.SendCode.verifyPage is PASSED&#xD;
&#xD;
2019-11-04 09:07:01 - [MESSAGE][PASSED] - Object 'Object Repository/Pages/SendCodeToValidate/header_SendCodeToValidate' is present and visible in viewport&#xD;
&#xD;
2019-11-04 09:07:01 - [MESSAGE][PASSED] - pages.SendCode.verifyPage is PASSED&#xD;
&#xD;
2019-11-04 09:07:01 - [TEST_STEP][PASSED] - if (flag): pages.SendCode.clickonUserSettings is PASSED&#xD;
&#xD;
2019-11-04 09:07:01 - [TEST_STEP][PASSED] - pages.SendCode.clickonUserSettings(): pages.SendCode.clickonUserSettings is PASSED&#xD;
&#xD;
2019-11-04 09:07:02 - [MESSAGE][PASSED] - Object 'Object Repository/Pages/SendCodeToValidate/link_UserSettings' is present&#xD;
&#xD;
2019-11-04 09:07:02 - [MESSAGE][PASSED] - Object 'Object Repository/Pages/SendCodeToValidate/link_UserSettings' is visible&#xD;
&#xD;
2019-11-04 09:07:02 - [MESSAGE][INFO] - Sale_TestSuite.ts:waiting until Click on User Settings is Clickable&#xD;
&#xD;
2019-11-04 09:07:02 - [MESSAGE][PASSED] - Object 'Object Repository/Pages/SendCodeToValidate/link_UserSettings' is clickable&#xD;
&#xD;
2019-11-04 09:07:02 - [MESSAGE][PASSED] - Object 'Object Repository/Pages/SendCodeToValidate/link_UserSettings' is visible&#xD;
&#xD;
2019-11-04 09:07:03 - [MESSAGE][PASSED] - Object: 'Object Repository/Pages/SendCodeToValidate/link_UserSettings' is clicked on&#xD;
&#xD;
2019-11-04 09:07:03 - [MESSAGE][INFO] - Sale_TestSuite.ts: Clicked on the Click on User Settings&#xD;
&#xD;
2019-11-04 09:07:03 - [MESSAGE][PASSED] - pages.SendCode.clickonUserSettings is PASSED&#xD;
&#xD;
2019-11-04 09:07:03 - [MESSAGE][PASSED] - Call Test Case 'Test Cases/FirstView/Login/TC_SendCode' successfully&#xD;
&#xD;
2019-11-04 09:07:03 - [TEST_STEP][PASSED] - callTestCase(findTestCase("FirstView/Login/TC_FirstView"), [:], STOP_ON_FAILURE): Call Test Case 'Test Cases/FirstView/Login/TC_FirstView' successfully&#xD;
&#xD;
2019-11-04 09:07:03 - [TEST_CASE][PASSED] - Test Cases/FirstView/Login/TC_FirstView: Test Cases/FirstView/Login/TC_FirstView&#xD;
&#xD;
2019-11-04 09:07:03 - [TEST_STEP][PASSED] - delay(3): Delayed 3 second(s)&#xD;
&#xD;
2019-11-04 09:07:06 - [MESSAGE][PASSED] - Delayed 3 second(s)&#xD;
&#xD;
2019-11-04 09:07:06 - [TEST_STEP][PASSED] - utilities.SafeActions.javascriptclick(findTestObject("Pages/FirstView/link_Home"), delayForElement): utilities.SafeActions.javascriptclick is PASSED&#xD;
&#xD;
2019-11-04 09:07:06 - [MESSAGE][PASSED] - utilities.SafeActions.javascriptclick is PASSED&#xD;
&#xD;
2019-11-04 09:07:06 - [TEST_STEP][PASSED] - utilities.SafeActions.safeClickWithoutScroll(findTestObject("Pages/FirstView/link_VPOS"), "Click on VPOS button in First View screen", [PageLoadTime]): utilities.SafeActions.safeClickWithoutScroll is PASSED&#xD;
&#xD;
2019-11-04 09:07:06 - [MESSAGE][INFO] - Safe Click Without scroll&#xD;
&#xD;
2019-11-04 09:07:06 - [MESSAGE][INFO] - Sale_TestSuite.ts:waiting until Click on VPOS button in First View screen is Clickable&#xD;
&#xD;
2019-11-04 09:07:08 - [MESSAGE][PASSED] - Object 'Object Repository/Pages/FirstView/link_VPOS' is clickable&#xD;
&#xD;
2019-11-04 09:07:08 - [MESSAGE][PASSED] - Object 'Object Repository/Pages/FirstView/link_VPOS' is visible&#xD;
&#xD;
2019-11-04 09:07:09 - [MESSAGE][PASSED] - Object: 'Object Repository/Pages/FirstView/link_VPOS' is clicked on&#xD;
&#xD;
2019-11-04 09:07:09 - [MESSAGE][INFO] - Sale_TestSuite.ts: click on the Click on VPOS button in First View screen&#xD;
&#xD;
2019-11-04 09:07:09 - [MESSAGE][PASSED] - utilities.SafeActions.safeClickWithoutScroll is PASSED&#xD;
&#xD;
2019-11-04 09:07:09 - [MESSAGE][PASSED] - Call Test Case 'Test Cases/FirstView/Login/TC_FirstView' successfully&#xD;
&#xD;
2019-11-04 09:07:09 - [TEST_STEP][PASSED] - switchToWindowTitle("Transcenter - VPOS"): Switched to window with title: 'Transcenter - VPOS'&#xD;
&#xD;
2019-11-04 09:07:12 - [MESSAGE][PASSED] - Switched to window with title: 'Transcenter - VPOS'&#xD;
&#xD;
2019-11-04 09:07:12 - [TEST_STEP][PASSED] - delay(delayForElement): Delayed 6 second(s)&#xD;
&#xD;
2019-11-04 09:07:18 - [MESSAGE][PASSED] - Delayed 6 second(s)&#xD;
&#xD;
2019-11-04 09:07:18 - [TEST_STEP][PASSED] - pages.Sale.verifyIfEntryModeIsChecked("Sale", "Manually Keyed", PageLoadTime): pages.Sale.verifyIfEntryModeIsChecked is PASSED&#xD;
&#xD;
2019-11-04 09:07:18 - [MESSAGE][PASSED] - Object '' is checked&#xD;
&#xD;
2019-11-04 09:07:18 - [MESSAGE][INFO] - The specified checkbox is checked&#xD;
&#xD;
2019-11-04 09:07:18 - [MESSAGE][PASSED] - pages.Sale.verifyIfEntryModeIsChecked is PASSED&#xD;
&#xD;
2019-11-04 09:07:18 - [TEST_STEP][PASSED] - scrollToElement(findTestObject("Pages/Sale/input_Amount"), PageLoadTime): Scroll to object 'Object Repository/Pages/Sale/input_Amount' successfully&#xD;
&#xD;
2019-11-04 09:07:18 - [MESSAGE][PASSED] - Scroll to object 'Object Repository/Pages/Sale/input_Amount' successfully&#xD;
&#xD;
2019-11-04 09:07:18 - [TEST_STEP][PASSED] - utilities.SafeActions.safeTypeUsingJavascript(findTestObject("Pages/Sale/input_Amount"), amountInput): utilities.SafeActions.safeTypeUsingJavascript is PASSED&#xD;
&#xD;
2019-11-04 09:07:18 - [MESSAGE][PASSED] - utilities.SafeActions.safeTypeUsingJavascript is PASSED&#xD;
&#xD;
2019-11-04 09:07:18 - [TEST_STEP][PASSED] - delay(2): Delayed 2 second(s)&#xD;
&#xD;
2019-11-04 09:07:20 - [MESSAGE][PASSED] - Delayed 2 second(s)&#xD;
&#xD;
2019-11-04 09:07:20 - [TEST_STEP][PASSED] - utilities.SafeActions.safeType(findTestObject("Pages/Sale/input_Amount"), amountInput, "Amount field", [delayForElement]): utilities.SafeActions.safeType is PASSED&#xD;
&#xD;
2019-11-04 09:07:20 - [MESSAGE][PASSED] - Object 'Object Repository/Pages/Sale/input_Amount' is present&#xD;
&#xD;
2019-11-04 09:07:20 - [MESSAGE][PASSED] - Object 'Object Repository/Pages/Sale/input_Amount' is present&#xD;
&#xD;
2019-11-04 09:07:21 - [MESSAGE][PASSED] - Object: 'Object Repository/Pages/Sale/input_Amount' is clicked on&#xD;
&#xD;
2019-11-04 09:07:21 - [MESSAGE][PASSED] - Text '550' is set on object 'Object Repository/Pages/Sale/input_Amount'&#xD;
&#xD;
2019-11-04 09:07:21 - [MESSAGE][PASSED] - utilities.SafeActions.safeType is PASSED&#xD;
&#xD;
2019-11-04 09:07:21 - [TEST_STEP][PASSED] - total_Amount = utilities.SafeActions.safeGetText(findTestObject("Pages/Sale/total_Amount"), PageLoadTime): utilities.SafeActions.safeGetText is PASSED&#xD;
&#xD;
2019-11-04 09:07:21 - [MESSAGE][PASSED] - Object 'Object Repository/Pages/Sale/total_Amount' is present&#xD;
&#xD;
2019-11-04 09:07:21 - [MESSAGE][PASSED] - Scroll to object 'Object Repository/Pages/Sale/total_Amount' successfully&#xD;
&#xD;
2019-11-04 09:07:21 - [MESSAGE][PASSED] - Object 'Object Repository/Pages/Sale/total_Amount' is present&#xD;
&#xD;
2019-11-04 09:07:22 - [MESSAGE][PASSED] - Text of object 'Object Repository/Pages/Sale/total_Amount' is: '$595.38'&#xD;
&#xD;
2019-11-04 09:07:22 - [MESSAGE][PASSED] - utilities.SafeActions.safeGetText is PASSED&#xD;
&#xD;
2019-11-04 09:07:22 - [TEST_STEP][PASSED] - scrollToElement(findTestObject("Pages/Sale/dropDown_ExpirationMonth"), PageLoadTime): Scroll to object 'Object Repository/Pages/Sale/dropDown_ExpirationMonth' successfully&#xD;
&#xD;
2019-11-04 09:07:22 - [MESSAGE][PASSED] - Scroll to object 'Object Repository/Pages/Sale/dropDown_ExpirationMonth' successfully&#xD;
&#xD;
2019-11-04 09:07:22 - [TEST_STEP][PASSED] - pages.Sale.verifyIfEntryModeIsChecked("Sale", "Card Not Present", PageLoadTime): pages.Sale.verifyIfEntryModeIsChecked is PASSED&#xD;
&#xD;
2019-11-04 09:07:22 - [MESSAGE][PASSED] - Object '' is checked&#xD;
&#xD;
2019-11-04 09:07:22 - [MESSAGE][INFO] - The specified checkbox is checked&#xD;
&#xD;
2019-11-04 09:07:22 - [MESSAGE][PASSED] - pages.Sale.verifyIfEntryModeIsChecked is PASSED&#xD;
&#xD;
2019-11-04 09:07:22 - [TEST_STEP][PASSED] - utilities.SafeActions.safeType(findTestObject("Pages/Sale/input_CardNumber"), visaCardNumber, "Entering Card Number", [PageLoadTime]): utilities.SafeActions.safeType is PASSED&#xD;
&#xD;
2019-11-04 09:07:22 - [MESSAGE][PASSED] - Object 'Object Repository/Pages/Sale/input_CardNumber' is present&#xD;
&#xD;
2019-11-04 09:07:22 - [MESSAGE][PASSED] - Object 'Object Repository/Pages/Sale/input_CardNumber' is present&#xD;
&#xD;
2019-11-04 09:07:23 - [MESSAGE][PASSED] - Object: 'Object Repository/Pages/Sale/input_CardNumber' is clicked on&#xD;
&#xD;
2019-11-04 09:07:23 - [MESSAGE][PASSED] - Text '4111111111111111' is set on object 'Object Repository/Pages/Sale/input_CardNumber'&#xD;
&#xD;
2019-11-04 09:07:23 - [MESSAGE][PASSED] - utilities.SafeActions.safeType is PASSED&#xD;
&#xD;
2019-11-04 09:07:23 - [TEST_STEP][PASSED] - utilities.SafeActions.safeSelectOptionInDropDownByVisibleText(findTestObject("Pages/Sale/dropDown_ExpirationMonth"), cardMonth, "Select Expiration Month", [PageLoadTime]): utilities.SafeActions.safeSelectOptionInDropDownByVisibleText is PASSED&#xD;
&#xD;
2019-11-04 09:07:23 - [MESSAGE][PASSED] - Object 'Object Repository/Pages/Sale/dropDown_ExpirationMonth' is visible&#xD;
&#xD;
2019-11-04 09:07:23 - [MESSAGE][PASSED] - Object 'Object Repository/Pages/Sale/dropDown_ExpirationMonth' is present&#xD;
&#xD;
2019-11-04 09:07:24 - [MESSAGE][PASSED] - Object: 'Object Repository/Pages/Sale/dropDown_ExpirationMonth' is clicked on&#xD;
&#xD;
2019-11-04 09:07:24 - [MESSAGE][PASSED] - All options with label 'September' are selected in object 'Object Repository/Pages/Sale/dropDown_ExpirationMonth' &#xD;
&#xD;
2019-11-04 09:07:24 - [MESSAGE][PASSED] - utilities.SafeActions.safeSelectOptionInDropDownByVisibleText is PASSED&#xD;
&#xD;
2019-11-04 09:07:24 - [TEST_STEP][PASSED] - utilities.SafeActions.safeSelectOptionInDropDownByVisibleText(findTestObject("Pages/Sale/dropDown_ExpirationYear"), cardYear, "Select Expiration Year", [PageLoadTime]): utilities.SafeActions.safeSelectOptionInDropDownByVisibleText is PASSED&#xD;
&#xD;
2019-11-04 09:07:25 - [MESSAGE][PASSED] - Object 'Object Repository/Pages/Sale/dropDown_ExpirationYear' is visible&#xD;
&#xD;
2019-11-04 09:07:25 - [MESSAGE][PASSED] - Object 'Object Repository/Pages/Sale/dropDown_ExpirationYear' is present&#xD;
&#xD;
2019-11-04 09:07:25 - [MESSAGE][PASSED] - Object: 'Object Repository/Pages/Sale/dropDown_ExpirationYear' is clicked on&#xD;
&#xD;
2019-11-04 09:07:26 - [MESSAGE][PASSED] - All options with label '2023' are selected in object 'Object Repository/Pages/Sale/dropDown_ExpirationYear' &#xD;
&#xD;
2019-11-04 09:07:26 - [MESSAGE][PASSED] - utilities.SafeActions.safeSelectOptionInDropDownByVisibleText is PASSED&#xD;
&#xD;
2019-11-04 09:07:26 - [TEST_STEP][PASSED] - utilities.SafeActions.safeClickWithoutScrollOnLabel(findTestObject("Pages/Sale/label_ExpirationYear"), "Click on Exp Year label", [PageLoadTime]): utilities.SafeActions.safeClickWithoutScrollOnLabel is PASSED&#xD;
&#xD;
2019-11-04 09:07:26 - [MESSAGE][INFO] - Safe Click Without scroll On Label&#xD;
&#xD;
2019-11-04 09:07:26 - [MESSAGE][PASSED] - Object 'Object Repository/Pages/Sale/label_ExpirationYear' is visible&#xD;
&#xD;
2019-11-04 09:07:26 - [MESSAGE][INFO] - Sale_TestSuite.ts: click on the Click on Exp Year label&#xD;
&#xD;
2019-11-04 09:07:27 - [MESSAGE][PASSED] - Object: 'Object Repository/Pages/Sale/label_ExpirationYear' is clicked on&#xD;
&#xD;
2019-11-04 09:07:27 - [MESSAGE][PASSED] - utilities.SafeActions.safeClickWithoutScrollOnLabel is PASSED&#xD;
&#xD;
2019-11-04 09:07:27 - [TEST_STEP][PASSED] - delay(delayBetweenTestSteps): Delayed 3 second(s)&#xD;
&#xD;
2019-11-04 09:07:30 - [MESSAGE][PASSED] - Delayed 3 second(s)&#xD;
&#xD;
2019-11-04 09:07:30 - [TEST_STEP][PASSED] - scrollToElement(findTestObject("Pages/Sale/invoiceNumber"), PageLoadTime): Scroll to object 'Object Repository/Pages/Sale/invoiceNumber' successfully&#xD;
&#xD;
2019-11-04 09:07:30 - [MESSAGE][PASSED] - Scroll to object 'Object Repository/Pages/Sale/invoiceNumber' successfully&#xD;
&#xD;
2019-11-04 09:07:30 - [TEST_STEP][PASSED] - invoiceNumber = utilities.SafeActions.safeGetText(findTestObject("Pages/Sale/invoiceNumber"), PageLoadTime): utilities.SafeActions.safeGetText is PASSED&#xD;
&#xD;
2019-11-04 09:07:30 - [MESSAGE][PASSED] - Object 'Object Repository/Pages/Sale/invoiceNumber' is present&#xD;
&#xD;
2019-11-04 09:07:30 - [MESSAGE][PASSED] - Scroll to object 'Object Repository/Pages/Sale/invoiceNumber' successfully&#xD;
&#xD;
2019-11-04 09:07:30 - [MESSAGE][PASSED] - Object 'Object Repository/Pages/Sale/invoiceNumber' is present&#xD;
&#xD;
2019-11-04 09:07:30 - [MESSAGE][PASSED] - Text of object 'Object Repository/Pages/Sale/invoiceNumber' is: '157286203421006'&#xD;
&#xD;
2019-11-04 09:07:30 - [MESSAGE][PASSED] - utilities.SafeActions.safeGetText is PASSED&#xD;
&#xD;
2019-11-04 09:07:30 - [TEST_STEP][PASSED] - pages.Sale.verifyIfAdditionalPromptingIsChecked("Save to Vault?", PageLoadTime): pages.Sale.verifyIfAdditionalPromptingIsChecked is PASSED&#xD;
&#xD;
2019-11-04 09:07:31 - [MESSAGE][WARNING] - Object '' is not checked (Root cause: com.kms.katalon.core.exception.StepFailedException: Object '' is not checked&#xD;
	at com.kms.katalon.core.webui.keyword.internal.WebUIKeywordMain.stepFailed(WebUIKeywordMain.groovy:64)&#xD;
	at com.kms.katalon.core.webui.keyword.builtin.VerifyElementCheckedKeyword$_verifyElementChecked_closure1.doCall(VerifyElementCheckedKeyword.groovy:81)&#xD;
	at com.kms.katalon.core.webui.keyword.builtin.VerifyElementCheckedKeyword$_verifyElementChecked_closure1.call(VerifyElementCheckedKeyword.groovy)&#xD;
	at com.kms.katalon.core.webui.keyword.internal.WebUIKeywordMain.runKeyword(WebUIKeywordMain.groovy:20)&#xD;
	at com.kms.katalon.core.webui.keyword.builtin.VerifyElementCheckedKeyword.verifyElementChecked(VerifyElementCheckedKeyword.groovy:92)&#xD;
	at com.kms.katalon.core.webui.keyword.builtin.VerifyElementCheckedKeyword.execute(VerifyElementCheckedKeyword.groovy:68)&#xD;
	at com.kms.katalon.core.keyword.internal.KeywordExecutor.executeKeywordForPlatform(KeywordExecutor.groovy:56)&#xD;
	at com.kms.katalon.core.webui.keyword.WebUiBuiltInKeywords.verifyElementChecked(WebUiBuiltInKeywords.groovy:1352)&#xD;
	at com.kms.katalon.core.webui.keyword.WebUiBuiltInKeywords$verifyElementChecked$9.call(Unknown Source)&#xD;
	at pages.Sale.verifyIfAdditionalPromptingIsChecked(Sale.groovy:71)&#xD;
	at pages.Sale.invokeMethod(Sale.groovy)&#xD;
	at com.kms.katalon.core.main.CustomKeywordDelegatingMetaClass.invokeStaticMethod(CustomKeywordDelegatingMetaClass.java:50)&#xD;
	at VPOS_Sale_Transaction_Retail_SaveToVault.run(VPOS_Sale_Transaction_Retail_SaveToVault:84)&#xD;
	at com.kms.katalon.core.main.ScriptEngine.run(ScriptEngine.java:194)&#xD;
	at com.kms.katalon.core.main.ScriptEngine.runScriptAsRawText(ScriptEngine.java:119)&#xD;
	at com.kms.katalon.core.main.TestCaseExecutor.runScript(TestCaseExecutor.java:337)&#xD;
	at com.kms.katalon.core.main.TestCaseExecutor.doExecute(TestCaseExecutor.java:328)&#xD;
	at com.kms.katalon.core.main.TestCaseExecutor.processExecutionPhase(TestCaseExecutor.java:307)&#xD;
	at com.kms.katalon.core.main.TestCaseExecutor.accessMainPhase(TestCaseExecutor.java:299)&#xD;
	at com.kms.katalon.core.main.TestCaseExecutor.execute(TestCaseExecutor.java:233)&#xD;
	at com.kms.katalon.core.main.TestSuiteExecutor.accessTestCaseMainPhase(TestSuiteExecutor.java:169)&#xD;
	at com.kms.katalon.core.main.TestSuiteExecutor.accessTestSuiteMainPhase(TestSuiteExecutor.java:142)&#xD;
	at com.kms.katalon.core.main.TestSuiteExecutor.execute(TestSuiteExecutor.java:91)&#xD;
	at com.kms.katalon.core.main.TestCaseMain.startTestSuite(TestCaseMain.java:157)&#xD;
	at com.kms.katalon.core.main.TestCaseMain$startTestSuite$0.call(Unknown Source)&#xD;
	at TempTestSuite1572879693870.run(TempTestSuite1572879693870.groovy:35)&#xD;
)&#xD;
[[ATTACHMENT|C:\\VPOS_Git_31-10-2019\\VPOS_Internal\\Reports\\20191104_090133\\FirstView\\Sale_TestSuite\\20191104_090133\\1572880051011.png]]&#xD;
&#xD;
2019-11-04 09:07:31 - [MESSAGE][PASSED] - Object: '' is clicked on&#xD;
&#xD;
2019-11-04 09:07:31 - [MESSAGE][INFO] - The specified checkbox is checked Now&#xD;
&#xD;
2019-11-04 09:07:31 - [MESSAGE][PASSED] - pages.Sale.verifyIfAdditionalPromptingIsChecked is PASSED&#xD;
&#xD;
2019-11-04 09:07:31 - [TEST_STEP][PASSED] - delay(delayForElement): Delayed 6 second(s)&#xD;
&#xD;
2019-11-04 09:07:37 - [MESSAGE][PASSED] - Delayed 6 second(s)&#xD;
&#xD;
2019-11-04 09:07:37 - [TEST_STEP][PASSED] - utilities.SafeActions.safeClickwithScroll(findTestObject("Pages/Sale/button_Checkout"), "Click on Checkout button", [PageLoadTime]): utilities.SafeActions.safeClickwithScroll is PASSED&#xD;
&#xD;
2019-11-04 09:07:37 - [MESSAGE][PASSED] - Object 'Object Repository/Pages/Sale/button_Checkout' is present&#xD;
&#xD;
2019-11-04 09:07:37 - [MESSAGE][PASSED] - Object 'Object Repository/Pages/Sale/button_Checkout' is visible&#xD;
&#xD;
2019-11-04 09:07:37 - [MESSAGE][INFO] - Sale_TestSuite.ts:waiting until Click on Checkout button is Clickable&#xD;
&#xD;
2019-11-04 09:07:37 - [MESSAGE][PASSED] - Object 'Object Repository/Pages/Sale/button_Checkout' is clickable&#xD;
&#xD;
2019-11-04 09:07:37 - [MESSAGE][PASSED] - Object 'Object Repository/Pages/Sale/button_Checkout' is visible&#xD;
&#xD;
2019-11-04 09:07:38 - [MESSAGE][PASSED] - Object: 'Object Repository/Pages/Sale/button_Checkout' is clicked on&#xD;
&#xD;
2019-11-04 09:07:38 - [MESSAGE][INFO] - Sale_TestSuite.ts: Clicked on the Click on Checkout button&#xD;
&#xD;
2019-11-04 09:07:38 - [MESSAGE][PASSED] - utilities.SafeActions.safeClickwithScroll is PASSED&#xD;
&#xD;
2019-11-04 09:07:38 - [TEST_STEP][PASSED] - pages.Sale.verifyTransactionCompletePage(findTestObject("Pages/Sale/heading_TransactionComplete")): The screen is Transaction Complete screen&#xD;
&#xD;
2019-11-04 09:07:38 - [MESSAGE][PASSED] - Object 'Object Repository/Pages/Sale/heading_TransactionComplete' is present&#xD;
&#xD;
2019-11-04 09:07:39 - [MESSAGE][PASSED] - The screen is Transaction Complete screen&#xD;
&#xD;
2019-11-04 09:07:39 - [TEST_STEP][PASSED] - transactionCompleteMessage = utilities.SafeActions.safeGetText(findTestObject("Pages/ForceTransactions/approved_TransactionMessage_TransactionComplete_Screen"), delayForElement): utilities.SafeActions.safeGetText is PASSED&#xD;
&#xD;
2019-11-04 09:07:39 - [MESSAGE][PASSED] - Object 'Object Repository/Pages/ForceTransactions/approved_TransactionMessage_TransactionComplete_Screen' is present&#xD;
&#xD;
2019-11-04 09:07:39 - [MESSAGE][PASSED] - Scroll to object 'Object Repository/Pages/ForceTransactions/approved_TransactionMessage_TransactionComplete_Screen' successfully&#xD;
&#xD;
2019-11-04 09:07:39 - [MESSAGE][PASSED] - Object 'Object Repository/Pages/ForceTransactions/approved_TransactionMessage_TransactionComplete_Screen' is present&#xD;
&#xD;
2019-11-04 09:07:40 - [MESSAGE][PASSED] - Text of object 'Object Repository/Pages/ForceTransactions/approved_TransactionMessage_TransactionComplete_Screen' is: ' This 
Sale
 for 
$595.38
 has been Approved'&#xD;
&#xD;
2019-11-04 09:07:40 - [MESSAGE][PASSED] - utilities.SafeActions.safeGetText is PASSED&#xD;
&#xD;
2019-11-04 09:07:40 - [TEST_STEP][PASSED] - println(transactionCompleteMessage): null&#xD;
&#xD;
2019-11-04 09:07:40 - [TEST_STEP][PASSED] - pages.Force_Transaction.verifyStrings(transactionCompleteMessage): Transaction is Successfull in Transaction Complete page&#xD;
&#xD;
2019-11-04 09:07:40 - [MESSAGE][PASSED] - Transaction is Successfull in Transaction Complete page&#xD;
&#xD;
2019-11-04 09:07:40 - [TEST_STEP][PASSED] - scrollToElement(findTestObject("Pages/Sale/input_VaultReferenceNumber"), PageLoadTime): Scroll to object 'Object Repository/Pages/Sale/input_VaultReferenceNumber' successfully&#xD;
&#xD;
2019-11-04 09:07:40 - [MESSAGE][PASSED] - Scroll to object 'Object Repository/Pages/Sale/input_VaultReferenceNumber' successfully&#xD;
&#xD;
2019-11-04 09:07:40 - [TEST_STEP][PASSED] - vaultReference = utilities.SafeActions.timeWithMilliSeconds(): utilities.SafeActions.timeWithMilliSeconds is PASSED&#xD;
&#xD;
2019-11-04 09:07:40 - [MESSAGE][PASSED] - utilities.SafeActions.timeWithMilliSeconds is PASSED&#xD;
&#xD;
2019-11-04 09:07:40 - [TEST_STEP][PASSED] - utilities.SafeActions.safeType(findTestObject("Pages/Sale/input_VaultReferenceNumber"), vaultReference, "Enter Vault Reference Number", [PageLoadTime]): utilities.SafeActions.safeType is PASSED&#xD;
&#xD;
2019-11-04 09:07:40 - [MESSAGE][PASSED] - Object 'Object Repository/Pages/Sale/input_VaultReferenceNumber' is present&#xD;
&#xD;
2019-11-04 09:07:40 - [MESSAGE][PASSED] - Object 'Object Repository/Pages/Sale/input_VaultReferenceNumber' is present&#xD;
&#xD;
2019-11-04 09:07:41 - [MESSAGE][PASSED] - Object: 'Object Repository/Pages/Sale/input_VaultReferenceNumber' is clicked on&#xD;
&#xD;
2019-11-04 09:07:41 - [MESSAGE][PASSED] - Text '2019-11-04 09:07:40.294' is set on object 'Object Repository/Pages/Sale/input_VaultReferenceNumber'&#xD;
&#xD;
2019-11-04 09:07:41 - [MESSAGE][PASSED] - utilities.SafeActions.safeType is PASSED&#xD;
&#xD;
2019-11-04 09:07:41 - [TEST_STEP][PASSED] - utilities.SafeActions.safeClickWithoutScroll(findTestObject("Pages/Sale/button_SaveToVault"), "Click on Save To Vault button", [PageLoadTime]): utilities.SafeActions.safeClickWithoutScroll is PASSED&#xD;
&#xD;
2019-11-04 09:07:41 - [MESSAGE][INFO] - Safe Click Without scroll&#xD;
&#xD;
2019-11-04 09:07:41 - [MESSAGE][INFO] - Sale_TestSuite.ts:waiting until Click on Save To Vault button is Clickable&#xD;
&#xD;
2019-11-04 09:07:41 - [MESSAGE][PASSED] - Object 'Object Repository/Pages/Sale/button_SaveToVault' is clickable&#xD;
&#xD;
2019-11-04 09:07:41 - [MESSAGE][PASSED] - Object 'Object Repository/Pages/Sale/button_SaveToVault' is visible&#xD;
&#xD;
2019-11-04 09:07:42 - [MESSAGE][PASSED] - Object: 'Object Repository/Pages/Sale/button_SaveToVault' is clicked on&#xD;
&#xD;
2019-11-04 09:07:42 - [MESSAGE][INFO] - Sale_TestSuite.ts: click on the Click on Save To Vault button&#xD;
&#xD;
2019-11-04 09:07:42 - [MESSAGE][PASSED] - utilities.SafeActions.safeClickWithoutScroll is PASSED&#xD;
&#xD;
2019-11-04 09:07:42 - [TEST_STEP][PASSED] - popupFromMessage = utilities.SafeActions.safeGetText(findTestObject("Pages/Sale/popupAfterClickOn_SaveToVault"), PageLoadTime): utilities.SafeActions.safeGetText is PASSED&#xD;
&#xD;
2019-11-04 09:07:42 - [MESSAGE][PASSED] - Object 'Object Repository/Pages/Sale/popupAfterClickOn_SaveToVault' is present&#xD;
&#xD;
2019-11-04 09:07:42 - [MESSAGE][PASSED] - Scroll to object 'Object Repository/Pages/Sale/popupAfterClickOn_SaveToVault' successfully&#xD;
&#xD;
2019-11-04 09:07:42 - [MESSAGE][PASSED] - Object 'Object Repository/Pages/Sale/popupAfterClickOn_SaveToVault' is present&#xD;
&#xD;
2019-11-04 09:07:43 - [MESSAGE][PASSED] - Text of object 'Object Repository/Pages/Sale/popupAfterClickOn_SaveToVault' is: 'Successfully Saved to Vault: Reference Number: 2019-11-04 09:07:40.294'&#xD;
&#xD;
2019-11-04 09:07:43 - [MESSAGE][PASSED] - utilities.SafeActions.safeGetText is PASSED&#xD;
&#xD;
2019-11-04 09:07:43 - [TEST_STEP][PASSED] - saveToVaultPopUpMessage = "Successfully Saved to Vault: Reference Number:" + " " + vaultReference: null&#xD;
&#xD;
2019-11-04 09:07:43 - [TEST_STEP][PASSED] - utilities.SafeActions.verifyPopupMessage(saveToVaultPopUpMessage, popupFromMessage): Popup Message : Successfully Saved to Vault: Reference Number: 2019-11-04 09:07:40.294 matched with expected message : Successfully Saved to Vault: Reference Number: 2019-11-04 09:07:40.294&#xD;
&#xD;
2019-11-04 09:07:43 - [MESSAGE][PASSED] - Popup Message : Successfully Saved to Vault: Reference Number: 2019-11-04 09:07:40.294 matched with expected message : Successfully Saved to Vault: Reference Number: 2019-11-04 09:07:40.294&#xD;
&#xD;
2019-11-04 09:07:43 - [TEST_STEP][PASSED] - utilities.SafeActions.safeClickWithoutScroll(findTestObject("Pages/Sale/close_TextBox"), "Click on Close", [PageLoadTime]): utilities.SafeActions.safeClickWithoutScroll is PASSED&#xD;
&#xD;
2019-11-04 09:07:43 - [MESSAGE][INFO] - Safe Click Without scroll&#xD;
&#xD;
2019-11-04 09:07:43 - [MESSAGE][INFO] - Sale_TestSuite.ts:waiting until Click on Close is Clickable&#xD;
&#xD;
2019-11-04 09:07:43 - [MESSAGE][PASSED] - Object 'Object Repository/Pages/Sale/close_TextBox' is clickable&#xD;
&#xD;
2019-11-04 09:07:43 - [MESSAGE][PASSED] - Object 'Object Repository/Pages/Sale/close_TextBox' is visible&#xD;
&#xD;
2019-11-04 09:07:44 - [MESSAGE][PASSED] - Object: 'Object Repository/Pages/Sale/close_TextBox' is clicked on&#xD;
&#xD;
2019-11-04 09:07:44 - [MESSAGE][INFO] - Sale_TestSuite.ts: click on the Click on Close&#xD;
&#xD;
2019-11-04 09:07:44 - [MESSAGE][PASSED] - utilities.SafeActions.safeClickWithoutScroll is PASSED&#xD;
&#xD;
2019-11-04 09:07:44 - [TEST_STEP][PASSED] - utilities.SafeActions.safeClickwithScroll(findTestObject("Pages/Sale/button_ReturnToSale"), "Click on Return To Sale", [PageLoadTime]): utilities.SafeActions.safeClickwithScroll is PASSED&#xD;
&#xD;
2019-11-04 09:07:44 - [MESSAGE][PASSED] - Object 'Object Repository/Pages/Sale/button_ReturnToSale' is present&#xD;
&#xD;
2019-11-04 09:07:44 - [MESSAGE][PASSED] - Object 'Object Repository/Pages/Sale/button_ReturnToSale' is visible&#xD;
&#xD;
2019-11-04 09:07:44 - [MESSAGE][INFO] - Sale_TestSuite.ts:waiting until Click on Return To Sale is Clickable&#xD;
&#xD;
2019-11-04 09:07:44 - [MESSAGE][PASSED] - Object 'Object Repository/Pages/Sale/button_ReturnToSale' is clickable&#xD;
&#xD;
2019-11-04 09:07:44 - [MESSAGE][PASSED] - Object 'Object Repository/Pages/Sale/button_ReturnToSale' is visible&#xD;
&#xD;
2019-11-04 09:07:45 - [MESSAGE][PASSED] - Object: 'Object Repository/Pages/Sale/button_ReturnToSale' is clicked on&#xD;
&#xD;
2019-11-04 09:07:45 - [MESSAGE][INFO] - Sale_TestSuite.ts: Clicked on the Click on Return To Sale&#xD;
&#xD;
2019-11-04 09:07:45 - [MESSAGE][PASSED] - utilities.SafeActions.safeClickwithScroll is PASSED&#xD;
&#xD;
2019-11-04 09:07:45 - [TEST_STEP][PASSED] - utilities.SafeActions.safeClickwithScroll(findTestObject("Pages/FirstPayVault/tab_FirstPayVault"), "First Pay Vault Tab", [PageLoadTime]): utilities.SafeActions.safeClickwithScroll is PASSED&#xD;
&#xD;
2019-11-04 09:07:45 - [MESSAGE][PASSED] - Object 'Object Repository/Pages/FirstPayVault/tab_FirstPayVault' is present&#xD;
&#xD;
2019-11-04 09:07:45 - [MESSAGE][PASSED] - Object 'Object Repository/Pages/FirstPayVault/tab_FirstPayVault' is visible&#xD;
&#xD;
2019-11-04 09:07:45 - [MESSAGE][INFO] - Sale_TestSuite.ts:waiting until First Pay Vault Tab is Clickable&#xD;
&#xD;
2019-11-04 09:07:45 - [MESSAGE][PASSED] - Object 'Object Repository/Pages/FirstPayVault/tab_FirstPayVault' is clickable&#xD;
&#xD;
2019-11-04 09:07:46 - [MESSAGE][PASSED] - Object 'Object Repository/Pages/FirstPayVault/tab_FirstPayVault' is visible&#xD;
&#xD;
2019-11-04 09:07:46 - [MESSAGE][PASSED] - Object: 'Object Repository/Pages/FirstPayVault/tab_FirstPayVault' is clicked on&#xD;
&#xD;
2019-11-04 09:07:46 - [MESSAGE][INFO] - Sale_TestSuite.ts: Clicked on the First Pay Vault Tab&#xD;
&#xD;
2019-11-04 09:07:46 - [MESSAGE][PASSED] - utilities.SafeActions.safeClickwithScroll is PASSED&#xD;
&#xD;
2019-11-04 09:07:46 - [TEST_STEP][PASSED] - utilities.SafeActions.safeClickwithScroll(findTestObject("Pages/FirstPayVault/button_SearchVault"), "Click on Search Vault", [PageLoadTime]): utilities.SafeActions.safeClickwithScroll is PASSED&#xD;
&#xD;
2019-11-04 09:07:46 - [MESSAGE][PASSED] - Object 'Object Repository/Pages/FirstPayVault/button_SearchVault' is present&#xD;
&#xD;
2019-11-04 09:07:46 - [MESSAGE][PASSED] - Object 'Object Repository/Pages/FirstPayVault/button_SearchVault' is visible&#xD;
&#xD;
2019-11-04 09:07:46 - [MESSAGE][INFO] - Sale_TestSuite.ts:waiting until Click on Search Vault is Clickable&#xD;
&#xD;
2019-11-04 09:07:47 - [MESSAGE][PASSED] - Object 'Object Repository/Pages/FirstPayVault/button_SearchVault' is clickable&#xD;
&#xD;
2019-11-04 09:07:47 - [MESSAGE][PASSED] - Object 'Object Repository/Pages/FirstPayVault/button_SearchVault' is visible&#xD;
&#xD;
2019-11-04 09:07:48 - [MESSAGE][PASSED] - Object: 'Object Repository/Pages/FirstPayVault/button_SearchVault' is clicked on&#xD;
&#xD;
2019-11-04 09:07:48 - [MESSAGE][INFO] - Sale_TestSuite.ts: Clicked on the Click on Search Vault&#xD;
&#xD;
2019-11-04 09:07:48 - [MESSAGE][PASSED] - utilities.SafeActions.safeClickwithScroll is PASSED&#xD;
&#xD;
2019-11-04 09:07:48 - [TEST_STEP][PASSED] - utilities.SafeActions.safeClickWithoutScroll(findTestObject("Pages/FirstPayVault/button_Search"), "Click On Search button", [PageLoadTime]): utilities.SafeActions.safeClickWithoutScroll is PASSED&#xD;
&#xD;
2019-11-04 09:07:48 - [MESSAGE][INFO] - Safe Click Without scroll&#xD;
&#xD;
2019-11-04 09:07:48 - [MESSAGE][INFO] - Sale_TestSuite.ts:waiting until Click On Search button is Clickable&#xD;
&#xD;
2019-11-04 09:07:48 - [MESSAGE][PASSED] - Object 'Object Repository/Pages/FirstPayVault/button_Search' is clickable&#xD;
&#xD;
2019-11-04 09:07:48 - [MESSAGE][PASSED] - Object 'Object Repository/Pages/FirstPayVault/button_Search' is visible&#xD;
&#xD;
2019-11-04 09:07:49 - [MESSAGE][PASSED] - Object: 'Object Repository/Pages/FirstPayVault/button_Search' is clicked on&#xD;
&#xD;
2019-11-04 09:07:49 - [MESSAGE][INFO] - Sale_TestSuite.ts: click on the Click On Search button&#xD;
&#xD;
2019-11-04 09:07:49 - [MESSAGE][PASSED] - utilities.SafeActions.safeClickWithoutScroll is PASSED&#xD;
&#xD;
2019-11-04 09:07:49 - [TEST_STEP][PASSED] - scrollToElement(findTestObject("Pages/Transaction_Management/invoice_ForTransaction"), PageLoadTime): Scroll to object 'Object Repository/Pages/Transaction_Management/invoice_ForTransaction' successfully&#xD;
&#xD;
2019-11-04 09:07:52 - [MESSAGE][PASSED] - Scroll to object 'Object Repository/Pages/Transaction_Management/invoice_ForTransaction' successfully&#xD;
&#xD;
2019-11-04 09:07:52 - [TEST_STEP][PASSED] - pages.FirstPayVault.verifyInvoiceRecord(findTestObject("Pages/FirstPayVault/footer_NextButton"), findTestObject("Pages/FirstPayVault/page_Number"), vaultReference): The Vault is found in page 1&#xD;
&#xD;
2019-11-04 09:07:52 - [MESSAGE][PASSED] - Text of object 'Object Repository/Pages/FirstPayVault/page_Number' is: 'Page 1 of 47'&#xD;
&#xD;
2019-11-04 09:07:52 - [MESSAGE][PASSED] - The Vault is found in page 1&#xD;
&#xD;
2019-11-04 09:07:53 - [TEST_STEP][PASSED] - closeBrowser(): Browser is closed&#xD;
&#xD;
2019-11-04 09:07:54 - [MESSAGE][PASSED] - Browser is closed&#xD;
&#xD;
2019-11-04 09:07:54 - [TEST_STEP][PASSED] - Start listener action : sampleAfterTestCase: null&#xD;
&#xD;
2019-11-04 09:07:54 - [TEST_STEP][PASSED] - println(testCaseContext.getTestCaseId()): null&#xD;
&#xD;
2019-11-04 09:07:54 - [TEST_STEP][PASSED] - println(testCaseContext.getTestCaseStatus()): null&#xD;
&#xD;
2019-11-04 09:07:54 - [TEST_STEP][PASSED] - testCaseName = testCaseContext.getTestCaseId(): null&#xD;
&#xD;
2019-11-04 09:07:54 - [TEST_STEP][PASSED] - strCount = testCaseName.lastIndexOf("/"): null&#xD;
&#xD;
2019-11-04 09:07:54 - [TEST_STEP][PASSED] - testCaseName = testCaseName.substring(strCount): null&#xD;
&#xD;
2019-11-04 09:07:54 - [TEST_STEP][PASSED] - println(testCaseName): null&#xD;
&#xD;
2019-11-04 09:07:54 - [TEST_STEP][PASSED] - if (getTestCaseStatus().equalsIgnoreCase("Error")): null&#xD;
&#xD;
2019-11-04 09:07:54 - [TEST_STEP][PASSED] - Start listener action : sampleAfterTestCase: null</system-out>
            <system-err></system-err>
        </testcase>
        <testcase name="Test Cases/FirstView/Sale/VPOS_Sale_Transaction_Retail_SetAsFuturePayment" classname="Test Cases/FirstView/Sale/VPOS_Sale_Transaction_Retail_SetAsFuturePayment" status="PASSED">
            <system-out>2019-11-04 09:07:54 - [TEST_CASE][PASSED] - Test Cases/FirstView/Sale/VPOS_Sale_Transaction_Retail_SetAsFuturePayment: Test Cases/FirstView/Sale/VPOS_Sale_Transaction_Retail_SetAsFuturePayment&#xD;
&#xD;
2019-11-04 09:07:55 - [TEST_STEP][PASSED] - Start listener action : sampleBeforeTestCase: null&#xD;
&#xD;
2019-11-04 09:07:55 - [TEST_STEP][PASSED] - println(testCaseContext.getTestCaseId()): null&#xD;
&#xD;
2019-11-04 09:07:55 - [TEST_STEP][PASSED] - println(testCaseContext.getTestCaseVariables()): null&#xD;
&#xD;
2019-11-04 09:07:55 - [TEST_STEP][PASSED] - utilities.SafeActions.openBrowser(URL, [delayForElement]): utilities.SafeActions.openBrowser is PASSED&#xD;
&#xD;
2019-11-04 09:07:55 - [MESSAGE][INFO] - Opening Browser&#xD;
&#xD;
2019-11-04 09:07:55 - [MESSAGE][INFO] - Starting 'Firefox' driver&#xD;
&#xD;
2019-11-04 09:08:03 - [MESSAGE][PASSED] - Browser is opened with url: 'https://q-www-firstview-net.faps.net/MVC/Account/Login'&#xD;
&#xD;
2019-11-04 09:08:03 - [MESSAGE][PASSED] - Current window maximized&#xD;
&#xD;
2019-11-04 09:08:03 - [MESSAGE][INFO] - Browser Launched Successfully&#xD;
&#xD;
2019-11-04 09:08:03 - [MESSAGE][PASSED] - utilities.SafeActions.openBrowser is PASSED&#xD;
&#xD;
2019-11-04 09:08:03 - [TEST_STEP][PASSED] - pages.Login.login(uName, password): pages.Login.login is PASSED&#xD;
&#xD;
2019-11-04 09:08:03 - [MESSAGE][PASSED] - Object 'Object Repository/Pages/Login/userName' is present&#xD;
&#xD;
2019-11-04 09:08:03 - [MESSAGE][PASSED] - Object 'Object Repository/Pages/Login/userName' is present&#xD;
&#xD;
2019-11-04 09:08:04 - [MESSAGE][PASSED] - Object: 'Object Repository/Pages/Login/userName' is clicked on&#xD;
&#xD;
2019-11-04 09:08:04 - [MESSAGE][PASSED] - Text 'ZenQRetail' is set on object 'Object Repository/Pages/Login/userName'&#xD;
&#xD;
2019-11-04 09:08:04 - [MESSAGE][PASSED] - Object 'Object Repository/Pages/Login/password' is present&#xD;
&#xD;
2019-11-04 09:08:04 - [MESSAGE][PASSED] - Object 'Object Repository/Pages/Login/password' is present&#xD;
&#xD;
2019-11-04 09:08:05 - [MESSAGE][PASSED] - Object: 'Object Repository/Pages/Login/password' is clicked on&#xD;
&#xD;
2019-11-04 09:08:05 - [MESSAGE][PASSED] - Text 'P@ssword1' is set on object 'Object Repository/Pages/Login/password'&#xD;
&#xD;
2019-11-04 09:08:05 - [MESSAGE][INFO] - Safe Click Without scroll&#xD;
&#xD;
2019-11-04 09:08:05 - [MESSAGE][INFO] - Sale_TestSuite.ts:waiting until Click on Login is Clickable&#xD;
&#xD;
2019-11-04 09:08:05 - [MESSAGE][PASSED] - Object 'Object Repository/Pages/Login/login' is clickable&#xD;
&#xD;
2019-11-04 09:08:05 - [MESSAGE][PASSED] - Object 'Object Repository/Pages/Login/login' is visible&#xD;
&#xD;
2019-11-04 09:08:08 - [MESSAGE][PASSED] - Object: 'Object Repository/Pages/Login/login' is clicked on&#xD;
&#xD;
2019-11-04 09:08:08 - [MESSAGE][INFO] - Sale_TestSuite.ts: click on the Click on Login&#xD;
&#xD;
2019-11-04 09:08:08 - [MESSAGE][PASSED] - pages.Login.login is PASSED&#xD;
&#xD;
2019-11-04 09:08:08 - [TEST_STEP][PASSED] - callTestCase(findTestCase("FirstView/Login/TC_SendCode"), [:], STOP_ON_FAILURE): Call Test Case 'Test Cases/FirstView/Login/TC_SendCode' successfully&#xD;
&#xD;
2019-11-04 09:08:08 - [TEST_CASE][PASSED] - Test Cases/FirstView/Login/TC_SendCode: Test Cases/FirstView/Login/TC_SendCode&#xD;
&#xD;
2019-11-04 09:08:08 - [TEST_STEP][PASSED] - flag = pages.SendCode.verifyPage(): pages.SendCode.verifyPage is PASSED&#xD;
&#xD;
2019-11-04 09:08:08 - [MESSAGE][PASSED] - Object 'Object Repository/Pages/SendCodeToValidate/header_SendCodeToValidate' is present and visible in viewport&#xD;
&#xD;
2019-11-04 09:08:08 - [MESSAGE][PASSED] - pages.SendCode.verifyPage is PASSED&#xD;
&#xD;
2019-11-04 09:08:08 - [TEST_STEP][PASSED] - if (flag): pages.SendCode.clickonUserSettings is PASSED&#xD;
&#xD;
2019-11-04 09:08:08 - [TEST_STEP][PASSED] - pages.SendCode.clickonUserSettings(): pages.SendCode.clickonUserSettings is PASSED&#xD;
&#xD;
2019-11-04 09:08:08 - [MESSAGE][PASSED] - Object 'Object Repository/Pages/SendCodeToValidate/link_UserSettings' is present&#xD;
&#xD;
2019-11-04 09:08:08 - [MESSAGE][PASSED] - Object 'Object Repository/Pages/SendCodeToValidate/link_UserSettings' is visible&#xD;
&#xD;
2019-11-04 09:08:08 - [MESSAGE][INFO] - Sale_TestSuite.ts:waiting until Click on User Settings is Clickable&#xD;
&#xD;
2019-11-04 09:08:08 - [MESSAGE][PASSED] - Object 'Object Repository/Pages/SendCodeToValidate/link_UserSettings' is clickable&#xD;
&#xD;
2019-11-04 09:08:08 - [MESSAGE][PASSED] - Object 'Object Repository/Pages/SendCodeToValidate/link_UserSettings' is visible&#xD;
&#xD;
2019-11-04 09:08:10 - [MESSAGE][PASSED] - Object: 'Object Repository/Pages/SendCodeToValidate/link_UserSettings' is clicked on&#xD;
&#xD;
2019-11-04 09:08:10 - [MESSAGE][INFO] - Sale_TestSuite.ts: Clicked on the Click on User Settings&#xD;
&#xD;
2019-11-04 09:08:10 - [MESSAGE][PASSED] - pages.SendCode.clickonUserSettings is PASSED&#xD;
&#xD;
2019-11-04 09:08:10 - [MESSAGE][PASSED] - Call Test Case 'Test Cases/FirstView/Login/TC_SendCode' successfully&#xD;
&#xD;
2019-11-04 09:08:10 - [TEST_STEP][PASSED] - callTestCase(findTestCase("FirstView/Login/TC_FirstView"), [:], STOP_ON_FAILURE): Call Test Case 'Test Cases/FirstView/Login/TC_FirstView' successfully&#xD;
&#xD;
2019-11-04 09:08:10 - [TEST_CASE][PASSED] - Test Cases/FirstView/Login/TC_FirstView: Test Cases/FirstView/Login/TC_FirstView&#xD;
&#xD;
2019-11-04 09:08:10 - [TEST_STEP][PASSED] - delay(3): Delayed 3 second(s)&#xD;
&#xD;
2019-11-04 09:08:13 - [MESSAGE][PASSED] - Delayed 3 second(s)&#xD;
&#xD;
2019-11-04 09:08:13 - [TEST_STEP][PASSED] - utilities.SafeActions.javascriptclick(findTestObject("Pages/FirstView/link_Home"), delayForElement): utilities.SafeActions.javascriptclick is PASSED&#xD;
&#xD;
2019-11-04 09:08:13 - [MESSAGE][PASSED] - utilities.SafeActions.javascriptclick is PASSED&#xD;
&#xD;
2019-11-04 09:08:13 - [TEST_STEP][PASSED] - utilities.SafeActions.safeClickWithoutScroll(findTestObject("Pages/FirstView/link_VPOS"), "Click on VPOS button in First View screen", [PageLoadTime]): utilities.SafeActions.safeClickWithoutScroll is PASSED&#xD;
&#xD;
2019-11-04 09:08:13 - [MESSAGE][INFO] - Safe Click Without scroll&#xD;
&#xD;
2019-11-04 09:08:13 - [MESSAGE][INFO] - Sale_TestSuite.ts:waiting until Click on VPOS button in First View screen is Clickable&#xD;
&#xD;
2019-11-04 09:08:14 - [MESSAGE][PASSED] - Object 'Object Repository/Pages/FirstView/link_VPOS' is clickable&#xD;
&#xD;
2019-11-04 09:08:14 - [MESSAGE][PASSED] - Object 'Object Repository/Pages/FirstView/link_VPOS' is visible&#xD;
&#xD;
2019-11-04 09:08:15 - [MESSAGE][PASSED] - Object: 'Object Repository/Pages/FirstView/link_VPOS' is clicked on&#xD;
&#xD;
2019-11-04 09:08:15 - [MESSAGE][INFO] - Sale_TestSuite.ts: click on the Click on VPOS button in First View screen&#xD;
&#xD;
2019-11-04 09:08:15 - [MESSAGE][PASSED] - utilities.SafeActions.safeClickWithoutScroll is PASSED&#xD;
&#xD;
2019-11-04 09:08:15 - [MESSAGE][PASSED] - Call Test Case 'Test Cases/FirstView/Login/TC_FirstView' successfully&#xD;
&#xD;
2019-11-04 09:08:15 - [TEST_STEP][PASSED] - switchToWindowTitle("Transcenter - VPOS"): Switched to window with title: 'Transcenter - VPOS'&#xD;
&#xD;
2019-11-04 09:08:19 - [MESSAGE][PASSED] - Switched to window with title: 'Transcenter - VPOS'&#xD;
&#xD;
2019-11-04 09:08:19 - [TEST_STEP][PASSED] - delay(delayForElement): Delayed 6 second(s)&#xD;
&#xD;
2019-11-04 09:08:25 - [MESSAGE][PASSED] - Delayed 6 second(s)&#xD;
&#xD;
2019-11-04 09:08:25 - [TEST_STEP][PASSED] - pages.Sale.verifyIfEntryModeIsChecked(tabName, entryModeCheckBox, delayBetweenTestSteps): pages.Sale.verifyIfEntryModeIsChecked is PASSED&#xD;
&#xD;
2019-11-04 09:08:25 - [MESSAGE][PASSED] - Object '' is checked&#xD;
&#xD;
2019-11-04 09:08:25 - [MESSAGE][INFO] - The specified checkbox is checked&#xD;
&#xD;
2019-11-04 09:08:25 - [MESSAGE][PASSED] - pages.Sale.verifyIfEntryModeIsChecked is PASSED&#xD;
&#xD;
2019-11-04 09:08:25 - [TEST_STEP][PASSED] - scrollToElement(findTestObject("Pages/Sale/input_Amount"), delayBetweenTestSteps): Scroll to object 'Object Repository/Pages/Sale/input_Amount' successfully&#xD;
&#xD;
2019-11-04 09:08:25 - [MESSAGE][PASSED] - Scroll to object 'Object Repository/Pages/Sale/input_Amount' successfully&#xD;
&#xD;
2019-11-04 09:08:25 - [TEST_STEP][PASSED] - utilities.SafeActions.safeTypeUsingJavascript(findTestObject("Pages/Sale/input_Amount"), amountInput): utilities.SafeActions.safeTypeUsingJavascript is PASSED&#xD;
&#xD;
2019-11-04 09:08:25 - [MESSAGE][PASSED] - utilities.SafeActions.safeTypeUsingJavascript is PASSED&#xD;
&#xD;
2019-11-04 09:08:25 - [TEST_STEP][PASSED] - delay(2): Delayed 2 second(s)&#xD;
&#xD;
2019-11-04 09:08:27 - [MESSAGE][PASSED] - Delayed 2 second(s)&#xD;
&#xD;
2019-11-04 09:08:27 - [TEST_STEP][PASSED] - utilities.SafeActions.safeType(findTestObject("Pages/Sale/input_Amount"), amountInput, "Amount field", [delayForElement]): utilities.SafeActions.safeType is PASSED&#xD;
&#xD;
2019-11-04 09:08:27 - [MESSAGE][PASSED] - Object 'Object Repository/Pages/Sale/input_Amount' is present&#xD;
&#xD;
2019-11-04 09:08:27 - [MESSAGE][PASSED] - Object 'Object Repository/Pages/Sale/input_Amount' is present&#xD;
&#xD;
2019-11-04 09:08:28 - [MESSAGE][PASSED] - Object: 'Object Repository/Pages/Sale/input_Amount' is clicked on&#xD;
&#xD;
2019-11-04 09:08:28 - [MESSAGE][PASSED] - Text '550' is set on object 'Object Repository/Pages/Sale/input_Amount'&#xD;
&#xD;
2019-11-04 09:08:28 - [MESSAGE][PASSED] - utilities.SafeActions.safeType is PASSED&#xD;
&#xD;
2019-11-04 09:08:28 - [TEST_STEP][PASSED] - total_Amount = utilities.SafeActions.safeGetText(findTestObject("Pages/Sale/total_Amount"), delayBetweenTestSteps): utilities.SafeActions.safeGetText is PASSED&#xD;
&#xD;
2019-11-04 09:08:28 - [MESSAGE][PASSED] - Object 'Object Repository/Pages/Sale/total_Amount' is present&#xD;
&#xD;
2019-11-04 09:08:28 - [MESSAGE][PASSED] - Scroll to object 'Object Repository/Pages/Sale/total_Amount' successfully&#xD;
&#xD;
2019-11-04 09:08:28 - [MESSAGE][PASSED] - Object 'Object Repository/Pages/Sale/total_Amount' is present&#xD;
&#xD;
2019-11-04 09:08:29 - [MESSAGE][PASSED] - Text of object 'Object Repository/Pages/Sale/total_Amount' is: '$595.38'&#xD;
&#xD;
2019-11-04 09:08:29 - [MESSAGE][PASSED] - utilities.SafeActions.safeGetText is PASSED&#xD;
&#xD;
2019-11-04 09:08:29 - [TEST_STEP][PASSED] - scrollToElement(findTestObject("Pages/Sale/dropDown_ExpirationMonth"), delayBetweenTestSteps): Scroll to object 'Object Repository/Pages/Sale/dropDown_ExpirationMonth' successfully&#xD;
&#xD;
2019-11-04 09:08:29 - [MESSAGE][PASSED] - Scroll to object 'Object Repository/Pages/Sale/dropDown_ExpirationMonth' successfully&#xD;
&#xD;
2019-11-04 09:08:29 - [TEST_STEP][PASSED] - pages.Sale.verifyIfEntryModeIsChecked(tabName, cardInformationCheckBox, delayBetweenTestSteps): pages.Sale.verifyIfEntryModeIsChecked is PASSED&#xD;
&#xD;
2019-11-04 09:08:29 - [MESSAGE][PASSED] - Object '' is checked&#xD;
&#xD;
2019-11-04 09:08:29 - [MESSAGE][INFO] - The specified checkbox is checked&#xD;
&#xD;
2019-11-04 09:08:29 - [MESSAGE][PASSED] - pages.Sale.verifyIfEntryModeIsChecked is PASSED&#xD;
&#xD;
2019-11-04 09:08:29 - [TEST_STEP][PASSED] - utilities.SafeActions.safeType(findTestObject("Pages/Sale/input_CardNumber"), visaCardNumber, "Entering Card Number", [10]): utilities.SafeActions.safeType is PASSED&#xD;
&#xD;
2019-11-04 09:08:29 - [MESSAGE][PASSED] - Object 'Object Repository/Pages/Sale/input_CardNumber' is present&#xD;
&#xD;
2019-11-04 09:08:29 - [MESSAGE][PASSED] - Object 'Object Repository/Pages/Sale/input_CardNumber' is present&#xD;
&#xD;
2019-11-04 09:08:30 - [MESSAGE][PASSED] - Object: 'Object Repository/Pages/Sale/input_CardNumber' is clicked on&#xD;
&#xD;
2019-11-04 09:08:30 - [MESSAGE][PASSED] - Text '4111111111111111' is set on object 'Object Repository/Pages/Sale/input_CardNumber'&#xD;
&#xD;
2019-11-04 09:08:30 - [MESSAGE][PASSED] - utilities.SafeActions.safeType is PASSED&#xD;
&#xD;
2019-11-04 09:08:30 - [TEST_STEP][PASSED] - delay(delayBetweenTestSteps): Delayed 3 second(s)&#xD;
&#xD;
2019-11-04 09:08:33 - [MESSAGE][PASSED] - Delayed 3 second(s)&#xD;
&#xD;
2019-11-04 09:08:33 - [TEST_STEP][PASSED] - utilities.SafeActions.safeSelectOptionInDropDownByVisibleText(findTestObject("Pages/Sale/dropDown_ExpirationMonth"), cardMonth, "Select Expiration Month", [5]): utilities.SafeActions.safeSelectOptionInDropDownByVisibleText is PASSED&#xD;
&#xD;
2019-11-04 09:08:33 - [MESSAGE][PASSED] - Object 'Object Repository/Pages/Sale/dropDown_ExpirationMonth' is visible&#xD;
&#xD;
2019-11-04 09:08:33 - [MESSAGE][PASSED] - Object 'Object Repository/Pages/Sale/dropDown_ExpirationMonth' is present&#xD;
&#xD;
2019-11-04 09:08:34 - [MESSAGE][PASSED] - Object: 'Object Repository/Pages/Sale/dropDown_ExpirationMonth' is clicked on&#xD;
&#xD;
2019-11-04 09:08:34 - [MESSAGE][PASSED] - All options with label 'September' are selected in object 'Object Repository/Pages/Sale/dropDown_ExpirationMonth' &#xD;
&#xD;
2019-11-04 09:08:34 - [MESSAGE][PASSED] - utilities.SafeActions.safeSelectOptionInDropDownByVisibleText is PASSED&#xD;
&#xD;
2019-11-04 09:08:34 - [TEST_STEP][PASSED] - utilities.SafeActions.safeSelectOptionInDropDownByVisibleText(findTestObject("Pages/Sale/dropDown_ExpirationYear"), cardYear, "Select Expiration Year", [5]): utilities.SafeActions.safeSelectOptionInDropDownByVisibleText is PASSED&#xD;
&#xD;
2019-11-04 09:08:34 - [MESSAGE][PASSED] - Object 'Object Repository/Pages/Sale/dropDown_ExpirationYear' is visible&#xD;
&#xD;
2019-11-04 09:08:34 - [MESSAGE][PASSED] - Object 'Object Repository/Pages/Sale/dropDown_ExpirationYear' is present&#xD;
&#xD;
2019-11-04 09:08:35 - [MESSAGE][PASSED] - Object: 'Object Repository/Pages/Sale/dropDown_ExpirationYear' is clicked on&#xD;
&#xD;
2019-11-04 09:08:35 - [MESSAGE][PASSED] - All options with label '2022' are selected in object 'Object Repository/Pages/Sale/dropDown_ExpirationYear' &#xD;
&#xD;
2019-11-04 09:08:35 - [MESSAGE][PASSED] - utilities.SafeActions.safeSelectOptionInDropDownByVisibleText is PASSED&#xD;
&#xD;
2019-11-04 09:08:35 - [TEST_STEP][PASSED] - delay(delayBetweenTestSteps): Delayed 3 second(s)&#xD;
&#xD;
2019-11-04 09:08:38 - [MESSAGE][PASSED] - Delayed 3 second(s)&#xD;
&#xD;
2019-11-04 09:08:38 - [TEST_STEP][PASSED] - scrollToElement(findTestObject("Pages/Sale/invoiceNumber"), delayBetweenTestSteps): Scroll to object 'Object Repository/Pages/Sale/invoiceNumber' successfully&#xD;
&#xD;
2019-11-04 09:08:39 - [MESSAGE][PASSED] - Scroll to object 'Object Repository/Pages/Sale/invoiceNumber' successfully&#xD;
&#xD;
2019-11-04 09:08:39 - [TEST_STEP][PASSED] - invoiceNumber = utilities.SafeActions.safeGetText(findTestObject("Pages/Sale/invoiceNumber"), delayBetweenTestSteps): utilities.SafeActions.safeGetText is PASSED&#xD;
&#xD;
2019-11-04 09:08:39 - [MESSAGE][PASSED] - Object 'Object Repository/Pages/Sale/invoiceNumber' is present&#xD;
&#xD;
2019-11-04 09:08:39 - [MESSAGE][PASSED] - Scroll to object 'Object Repository/Pages/Sale/invoiceNumber' successfully&#xD;
&#xD;
2019-11-04 09:08:39 - [MESSAGE][PASSED] - Object 'Object Repository/Pages/Sale/invoiceNumber' is present&#xD;
&#xD;
2019-11-04 09:08:39 - [MESSAGE][PASSED] - Text of object 'Object Repository/Pages/Sale/invoiceNumber' is: '157286210146439'&#xD;
&#xD;
2019-11-04 09:08:39 - [MESSAGE][PASSED] - utilities.SafeActions.safeGetText is PASSED&#xD;
&#xD;
2019-11-04 09:08:39 - [TEST_STEP][PASSED] - pages.Sale.verifyIfAdditionalPromptingIsChecked("Set as Future Payment?", delayForElement): pages.Sale.verifyIfAdditionalPromptingIsChecked is PASSED&#xD;
&#xD;
2019-11-04 09:08:39 - [MESSAGE][WARNING] - Object '' is not checked (Root cause: com.kms.katalon.core.exception.StepFailedException: Object '' is not checked&#xD;
	at com.kms.katalon.core.webui.keyword.internal.WebUIKeywordMain.stepFailed(WebUIKeywordMain.groovy:64)&#xD;
	at com.kms.katalon.core.webui.keyword.builtin.VerifyElementCheckedKeyword$_verifyElementChecked_closure1.doCall(VerifyElementCheckedKeyword.groovy:81)&#xD;
	at com.kms.katalon.core.webui.keyword.builtin.VerifyElementCheckedKeyword$_verifyElementChecked_closure1.call(VerifyElementCheckedKeyword.groovy)&#xD;
	at com.kms.katalon.core.webui.keyword.internal.WebUIKeywordMain.runKeyword(WebUIKeywordMain.groovy:20)&#xD;
	at com.kms.katalon.core.webui.keyword.builtin.VerifyElementCheckedKeyword.verifyElementChecked(VerifyElementCheckedKeyword.groovy:92)&#xD;
	at com.kms.katalon.core.webui.keyword.builtin.VerifyElementCheckedKeyword.execute(VerifyElementCheckedKeyword.groovy:68)&#xD;
	at com.kms.katalon.core.keyword.internal.KeywordExecutor.executeKeywordForPlatform(KeywordExecutor.groovy:56)&#xD;
	at com.kms.katalon.core.webui.keyword.WebUiBuiltInKeywords.verifyElementChecked(WebUiBuiltInKeywords.groovy:1352)&#xD;
	at com.kms.katalon.core.webui.keyword.WebUiBuiltInKeywords$verifyElementChecked$9.call(Unknown Source)&#xD;
	at pages.Sale.verifyIfAdditionalPromptingIsChecked(Sale.groovy:71)&#xD;
	at pages.Sale.invokeMethod(Sale.groovy)&#xD;
	at com.kms.katalon.core.main.CustomKeywordDelegatingMetaClass.invokeStaticMethod(CustomKeywordDelegatingMetaClass.java:50)&#xD;
	at VPOS_Sale_Transaction_Retail_SetAsFuturePayment.run(VPOS_Sale_Transaction_Retail_SetAsFuturePayment:77)&#xD;
	at com.kms.katalon.core.main.ScriptEngine.run(ScriptEngine.java:194)&#xD;
	at com.kms.katalon.core.main.ScriptEngine.runScriptAsRawText(ScriptEngine.java:119)&#xD;
	at com.kms.katalon.core.main.TestCaseExecutor.runScript(TestCaseExecutor.java:337)&#xD;
	at com.kms.katalon.core.main.TestCaseExecutor.doExecute(TestCaseExecutor.java:328)&#xD;
	at com.kms.katalon.core.main.TestCaseExecutor.processExecutionPhase(TestCaseExecutor.java:307)&#xD;
	at com.kms.katalon.core.main.TestCaseExecutor.accessMainPhase(TestCaseExecutor.java:299)&#xD;
	at com.kms.katalon.core.main.TestCaseExecutor.execute(TestCaseExecutor.java:233)&#xD;
	at com.kms.katalon.core.main.TestSuiteExecutor.accessTestCaseMainPhase(TestSuiteExecutor.java:169)&#xD;
	at com.kms.katalon.core.main.TestSuiteExecutor.accessTestSuiteMainPhase(TestSuiteExecutor.java:142)&#xD;
	at com.kms.katalon.core.main.TestSuiteExecutor.execute(TestSuiteExecutor.java:91)&#xD;
	at com.kms.katalon.core.main.TestCaseMain.startTestSuite(TestCaseMain.java:157)&#xD;
	at com.kms.katalon.core.main.TestCaseMain$startTestSuite$0.call(Unknown Source)&#xD;
	at TempTestSuite1572879693870.run(TempTestSuite1572879693870.groovy:35)&#xD;
)&#xD;
[[ATTACHMENT|C:\\VPOS_Git_31-10-2019\\VPOS_Internal\\Reports\\20191104_090133\\FirstView\\Sale_TestSuite\\20191104_090133\\1572880119780.png]]&#xD;
&#xD;
2019-11-04 09:08:40 - [MESSAGE][PASSED] - Object: '' is clicked on&#xD;
&#xD;
2019-11-04 09:08:40 - [MESSAGE][INFO] - The specified checkbox is checked Now&#xD;
&#xD;
2019-11-04 09:08:40 - [MESSAGE][PASSED] - pages.Sale.verifyIfAdditionalPromptingIsChecked is PASSED&#xD;
&#xD;
2019-11-04 09:08:40 - [TEST_STEP][PASSED] - utilities.SafeActions.safeClickWithoutScroll(findTestObject("Pages/Sale/date_FuturePayment"), "Click on Date Input", [delayBetweenTestSteps]): utilities.SafeActions.safeClickWithoutScroll is PASSED&#xD;
&#xD;
2019-11-04 09:08:40 - [MESSAGE][INFO] - Safe Click Without scroll&#xD;
&#xD;
2019-11-04 09:08:40 - [MESSAGE][INFO] - Sale_TestSuite.ts:waiting until Click on Date Input is Clickable&#xD;
&#xD;
2019-11-04 09:08:40 - [MESSAGE][PASSED] - Object 'Object Repository/Pages/Sale/date_FuturePayment' is clickable&#xD;
&#xD;
2019-11-04 09:08:40 - [MESSAGE][PASSED] - Object 'Object Repository/Pages/Sale/date_FuturePayment' is visible&#xD;
&#xD;
2019-11-04 09:08:41 - [MESSAGE][PASSED] - Object: 'Object Repository/Pages/Sale/date_FuturePayment' is clicked on&#xD;
&#xD;
2019-11-04 09:08:41 - [MESSAGE][INFO] - Sale_TestSuite.ts: click on the Click on Date Input&#xD;
&#xD;
2019-11-04 09:08:41 - [MESSAGE][PASSED] - utilities.SafeActions.safeClickWithoutScroll is PASSED&#xD;
&#xD;
2019-11-04 09:08:41 - [TEST_STEP][PASSED] - pages.Sale.selectMonthYear(findTestObject("Pages/Sale/link_MonthYear"), findTestObject("Pages/Sale/calender_NextButton"), cardMonth, cardYear): pages.Sale.selectMonthYear is PASSED&#xD;
&#xD;
2019-11-04 09:08:41 - [MESSAGE][PASSED] - Text of object 'Object Repository/Pages/Sale/link_MonthYear' is: 'November 2019'&#xD;
&#xD;
2019-11-04 09:08:41 - [MESSAGE][PASSED] - Object: 'Object Repository/Pages/Sale/calender_NextButton' is clicked on&#xD;
&#xD;
2019-11-04 09:08:41 - [MESSAGE][PASSED] - Text of object 'Object Repository/Pages/Sale/link_MonthYear' is: 'December 2019'&#xD;
&#xD;
2019-11-04 09:08:41 - [MESSAGE][PASSED] - Object: 'Object Repository/Pages/Sale/calender_NextButton' is clicked on&#xD;
&#xD;
2019-11-04 09:08:41 - [MESSAGE][PASSED] - Text of object 'Object Repository/Pages/Sale/link_MonthYear' is: 'January 2020'&#xD;
&#xD;
2019-11-04 09:08:42 - [MESSAGE][PASSED] - Object: 'Object Repository/Pages/Sale/calender_NextButton' is clicked on&#xD;
&#xD;
2019-11-04 09:08:42 - [MESSAGE][PASSED] - Text of object 'Object Repository/Pages/Sale/link_MonthYear' is: 'February 2020'&#xD;
&#xD;
2019-11-04 09:08:42 - [MESSAGE][PASSED] - Object: 'Object Repository/Pages/Sale/calender_NextButton' is clicked on&#xD;
&#xD;
2019-11-04 09:08:42 - [MESSAGE][PASSED] - Text of object 'Object Repository/Pages/Sale/link_MonthYear' is: 'March 2020'&#xD;
&#xD;
2019-11-04 09:08:42 - [MESSAGE][PASSED] - Object: 'Object Repository/Pages/Sale/calender_NextButton' is clicked on&#xD;
&#xD;
2019-11-04 09:08:42 - [MESSAGE][PASSED] - Text of object 'Object Repository/Pages/Sale/link_MonthYear' is: 'April 2020'&#xD;
&#xD;
2019-11-04 09:08:42 - [MESSAGE][PASSED] - Object: 'Object Repository/Pages/Sale/calender_NextButton' is clicked on&#xD;
&#xD;
2019-11-04 09:08:42 - [MESSAGE][PASSED] - Text of object 'Object Repository/Pages/Sale/link_MonthYear' is: 'May 2020'&#xD;
&#xD;
2019-11-04 09:08:43 - [MESSAGE][PASSED] - Object: 'Object Repository/Pages/Sale/calender_NextButton' is clicked on&#xD;
&#xD;
2019-11-04 09:08:43 - [MESSAGE][PASSED] - Text of object 'Object Repository/Pages/Sale/link_MonthYear' is: 'June 2020'&#xD;
&#xD;
2019-11-04 09:08:43 - [MESSAGE][PASSED] - Object: 'Object Repository/Pages/Sale/calender_NextButton' is clicked on&#xD;
&#xD;
2019-11-04 09:08:43 - [MESSAGE][PASSED] - Text of object 'Object Repository/Pages/Sale/link_MonthYear' is: 'July 2020'&#xD;
&#xD;
2019-11-04 09:08:43 - [MESSAGE][PASSED] - Object: 'Object Repository/Pages/Sale/calender_NextButton' is clicked on&#xD;
&#xD;
2019-11-04 09:08:43 - [MESSAGE][PASSED] - Text of object 'Object Repository/Pages/Sale/link_MonthYear' is: 'August 2020'&#xD;
&#xD;
2019-11-04 09:08:44 - [MESSAGE][PASSED] - Object: 'Object Repository/Pages/Sale/calender_NextButton' is clicked on&#xD;
&#xD;
2019-11-04 09:08:44 - [MESSAGE][PASSED] - Text of object 'Object Repository/Pages/Sale/link_MonthYear' is: 'September 2020'&#xD;
&#xD;
2019-11-04 09:08:44 - [MESSAGE][PASSED] - Object: 'Object Repository/Pages/Sale/calender_NextButton' is clicked on&#xD;
&#xD;
2019-11-04 09:08:44 - [MESSAGE][PASSED] - Text of object 'Object Repository/Pages/Sale/link_MonthYear' is: 'October 2020'&#xD;
&#xD;
2019-11-04 09:08:44 - [MESSAGE][PASSED] - Object: 'Object Repository/Pages/Sale/calender_NextButton' is clicked on&#xD;
&#xD;
2019-11-04 09:08:44 - [MESSAGE][PASSED] - Text of object 'Object Repository/Pages/Sale/link_MonthYear' is: 'November 2020'&#xD;
&#xD;
2019-11-04 09:08:44 - [MESSAGE][PASSED] - Object: 'Object Repository/Pages/Sale/calender_NextButton' is clicked on&#xD;
&#xD;
2019-11-04 09:08:44 - [MESSAGE][PASSED] - Text of object 'Object Repository/Pages/Sale/link_MonthYear' is: 'December 2020'&#xD;
&#xD;
2019-11-04 09:08:45 - [MESSAGE][PASSED] - Object: 'Object Repository/Pages/Sale/calender_NextButton' is clicked on&#xD;
&#xD;
2019-11-04 09:08:45 - [MESSAGE][PASSED] - Text of object 'Object Repository/Pages/Sale/link_MonthYear' is: 'January 2021'&#xD;
&#xD;
2019-11-04 09:08:45 - [MESSAGE][PASSED] - Object: 'Object Repository/Pages/Sale/calender_NextButton' is clicked on&#xD;
&#xD;
2019-11-04 09:08:45 - [MESSAGE][PASSED] - Text of object 'Object Repository/Pages/Sale/link_MonthYear' is: 'February 2021'&#xD;
&#xD;
2019-11-04 09:08:45 - [MESSAGE][PASSED] - Object: 'Object Repository/Pages/Sale/calender_NextButton' is clicked on&#xD;
&#xD;
2019-11-04 09:08:45 - [MESSAGE][PASSED] - Text of object 'Object Repository/Pages/Sale/link_MonthYear' is: 'March 2021'&#xD;
&#xD;
2019-11-04 09:08:45 - [MESSAGE][PASSED] - Object: 'Object Repository/Pages/Sale/calender_NextButton' is clicked on&#xD;
&#xD;
2019-11-04 09:08:45 - [MESSAGE][PASSED] - Text of object 'Object Repository/Pages/Sale/link_MonthYear' is: 'April 2021'&#xD;
&#xD;
2019-11-04 09:08:46 - [MESSAGE][PASSED] - Object: 'Object Repository/Pages/Sale/calender_NextButton' is clicked on&#xD;
&#xD;
2019-11-04 09:08:46 - [MESSAGE][PASSED] - Text of object 'Object Repository/Pages/Sale/link_MonthYear' is: 'May 2021'&#xD;
&#xD;
2019-11-04 09:08:46 - [MESSAGE][PASSED] - Object: 'Object Repository/Pages/Sale/calender_NextButton' is clicked on&#xD;
&#xD;
2019-11-04 09:08:46 - [MESSAGE][PASSED] - Text of object 'Object Repository/Pages/Sale/link_MonthYear' is: 'June 2021'&#xD;
&#xD;
2019-11-04 09:08:46 - [MESSAGE][PASSED] - Object: 'Object Repository/Pages/Sale/calender_NextButton' is clicked on&#xD;
&#xD;
2019-11-04 09:08:46 - [MESSAGE][PASSED] - Text of object 'Object Repository/Pages/Sale/link_MonthYear' is: 'July 2021'&#xD;
&#xD;
2019-11-04 09:08:46 - [MESSAGE][PASSED] - Object: 'Object Repository/Pages/Sale/calender_NextButton' is clicked on&#xD;
&#xD;
2019-11-04 09:08:46 - [MESSAGE][PASSED] - Text of object 'Object Repository/Pages/Sale/link_MonthYear' is: 'August 2021'&#xD;
&#xD;
2019-11-04 09:08:47 - [MESSAGE][PASSED] - Object: 'Object Repository/Pages/Sale/calender_NextButton' is clicked on&#xD;
&#xD;
2019-11-04 09:08:47 - [MESSAGE][PASSED] - Text of object 'Object Repository/Pages/Sale/link_MonthYear' is: 'September 2021'&#xD;
&#xD;
2019-11-04 09:08:47 - [MESSAGE][PASSED] - Object: 'Object Repository/Pages/Sale/calender_NextButton' is clicked on&#xD;
&#xD;
2019-11-04 09:08:47 - [MESSAGE][PASSED] - Text of object 'Object Repository/Pages/Sale/link_MonthYear' is: 'October 2021'&#xD;
&#xD;
2019-11-04 09:08:47 - [MESSAGE][PASSED] - Object: 'Object Repository/Pages/Sale/calender_NextButton' is clicked on&#xD;
&#xD;
2019-11-04 09:08:47 - [MESSAGE][PASSED] - Text of object 'Object Repository/Pages/Sale/link_MonthYear' is: 'November 2021'&#xD;
&#xD;
2019-11-04 09:08:47 - [MESSAGE][PASSED] - Object: 'Object Repository/Pages/Sale/calender_NextButton' is clicked on&#xD;
&#xD;
2019-11-04 09:08:47 - [MESSAGE][PASSED] - Text of object 'Object Repository/Pages/Sale/link_MonthYear' is: 'December 2021'&#xD;
&#xD;
2019-11-04 09:08:48 - [MESSAGE][PASSED] - Object: 'Object Repository/Pages/Sale/calender_NextButton' is clicked on&#xD;
&#xD;
2019-11-04 09:08:48 - [MESSAGE][PASSED] - Text of object 'Object Repository/Pages/Sale/link_MonthYear' is: 'January 2022'&#xD;
&#xD;
2019-11-04 09:08:48 - [MESSAGE][PASSED] - Object: 'Object Repository/Pages/Sale/calender_NextButton' is clicked on&#xD;
&#xD;
2019-11-04 09:08:48 - [MESSAGE][PASSED] - Text of object 'Object Repository/Pages/Sale/link_MonthYear' is: 'February 2022'&#xD;
&#xD;
2019-11-04 09:08:48 - [MESSAGE][PASSED] - Object: 'Object Repository/Pages/Sale/calender_NextButton' is clicked on&#xD;
&#xD;
2019-11-04 09:08:48 - [MESSAGE][PASSED] - Text of object 'Object Repository/Pages/Sale/link_MonthYear' is: 'March 2022'&#xD;
&#xD;
2019-11-04 09:08:48 - [MESSAGE][PASSED] - Object: 'Object Repository/Pages/Sale/calender_NextButton' is clicked on&#xD;
&#xD;
2019-11-04 09:08:48 - [MESSAGE][PASSED] - Text of object 'Object Repository/Pages/Sale/link_MonthYear' is: 'April 2022'&#xD;
&#xD;
2019-11-04 09:08:49 - [MESSAGE][PASSED] - Object: 'Object Repository/Pages/Sale/calender_NextButton' is clicked on&#xD;
&#xD;
2019-11-04 09:08:49 - [MESSAGE][PASSED] - Text of object 'Object Repository/Pages/Sale/link_MonthYear' is: 'May 2022'&#xD;
&#xD;
2019-11-04 09:08:49 - [MESSAGE][PASSED] - Object: 'Object Repository/Pages/Sale/calender_NextButton' is clicked on&#xD;
&#xD;
2019-11-04 09:08:49 - [MESSAGE][PASSED] - Text of object 'Object Repository/Pages/Sale/link_MonthYear' is: 'June 2022'&#xD;
&#xD;
2019-11-04 09:08:49 - [MESSAGE][PASSED] - Object: 'Object Repository/Pages/Sale/calender_NextButton' is clicked on&#xD;
&#xD;
2019-11-04 09:08:49 - [MESSAGE][PASSED] - Text of object 'Object Repository/Pages/Sale/link_MonthYear' is: 'July 2022'&#xD;
&#xD;
2019-11-04 09:08:49 - [MESSAGE][PASSED] - Object: 'Object Repository/Pages/Sale/calender_NextButton' is clicked on&#xD;
&#xD;
2019-11-04 09:08:49 - [MESSAGE][PASSED] - Text of object 'Object Repository/Pages/Sale/link_MonthYear' is: 'August 2022'&#xD;
&#xD;
2019-11-04 09:08:50 - [MESSAGE][PASSED] - Object: 'Object Repository/Pages/Sale/calender_NextButton' is clicked on&#xD;
&#xD;
2019-11-04 09:08:50 - [MESSAGE][PASSED] - Text of object 'Object Repository/Pages/Sale/link_MonthYear' is: 'September 2022'&#xD;
&#xD;
2019-11-04 09:08:50 - [MESSAGE][PASSED] - pages.Sale.selectMonthYear is PASSED&#xD;
&#xD;
2019-11-04 09:08:50 - [TEST_STEP][PASSED] - pages.Sale.selectDate(start_date_Value): pages.Sale.selectDate is PASSED&#xD;
&#xD;
2019-11-04 09:08:50 - [MESSAGE][PASSED] - Object: '' is clicked on&#xD;
&#xD;
2019-11-04 09:08:50 - [MESSAGE][PASSED] - pages.Sale.selectDate is PASSED&#xD;
&#xD;
2019-11-04 09:08:50 - [TEST_STEP][PASSED] - utilities.SafeActions.safeClickwithScroll(findTestObject("Pages/Sale/button_Checkout"), "Click on Checkout button", [delayBetweenTestSteps]): utilities.SafeActions.safeClickwithScroll is PASSED&#xD;
&#xD;
2019-11-04 09:08:50 - [MESSAGE][PASSED] - Object 'Object Repository/Pages/Sale/button_Checkout' is present&#xD;
&#xD;
2019-11-04 09:08:50 - [MESSAGE][PASSED] - Object 'Object Repository/Pages/Sale/button_Checkout' is visible&#xD;
&#xD;
2019-11-04 09:08:50 - [MESSAGE][INFO] - Sale_TestSuite.ts:waiting until Click on Checkout button is Clickable&#xD;
&#xD;
2019-11-04 09:08:50 - [MESSAGE][PASSED] - Object 'Object Repository/Pages/Sale/button_Checkout' is clickable&#xD;
&#xD;
2019-11-04 09:08:50 - [MESSAGE][PASSED] - Object 'Object Repository/Pages/Sale/button_Checkout' is visible&#xD;
&#xD;
2019-11-04 09:08:51 - [MESSAGE][PASSED] - Object: 'Object Repository/Pages/Sale/button_Checkout' is clicked on&#xD;
&#xD;
2019-11-04 09:08:51 - [MESSAGE][INFO] - Sale_TestSuite.ts: Clicked on the Click on Checkout button&#xD;
&#xD;
2019-11-04 09:08:51 - [MESSAGE][PASSED] - utilities.SafeActions.safeClickwithScroll is PASSED&#xD;
&#xD;
2019-11-04 09:08:51 - [TEST_STEP][PASSED] - pages.Sale.verifyTransactionCompletePage(findTestObject("Pages/Sale/heading_TransactionComplete")): The screen is Transaction Complete screen&#xD;
&#xD;
2019-11-04 09:08:51 - [MESSAGE][PASSED] - Object 'Object Repository/Pages/Sale/heading_TransactionComplete' is present&#xD;
&#xD;
2019-11-04 09:08:52 - [MESSAGE][PASSED] - The screen is Transaction Complete screen&#xD;
&#xD;
2019-11-04 09:08:52 - [TEST_STEP][PASSED] - transactionCompleteMessage = utilities.SafeActions.safeGetText(findTestObject("Pages/ForceTransactions/approved_TransactionMessage_TransactionComplete_Screen"), delayForElement): utilities.SafeActions.safeGetText is PASSED&#xD;
&#xD;
2019-11-04 09:08:52 - [MESSAGE][PASSED] - Object 'Object Repository/Pages/ForceTransactions/approved_TransactionMessage_TransactionComplete_Screen' is present&#xD;
&#xD;
2019-11-04 09:08:52 - [MESSAGE][PASSED] - Scroll to object 'Object Repository/Pages/ForceTransactions/approved_TransactionMessage_TransactionComplete_Screen' successfully&#xD;
&#xD;
2019-11-04 09:08:52 - [MESSAGE][PASSED] - Object 'Object Repository/Pages/ForceTransactions/approved_TransactionMessage_TransactionComplete_Screen' is present&#xD;
&#xD;
2019-11-04 09:08:52 - [MESSAGE][PASSED] - Text of object 'Object Repository/Pages/ForceTransactions/approved_TransactionMessage_TransactionComplete_Screen' is: ' This 
Sale
 for 
$595.38
 has been Approved'&#xD;
&#xD;
2019-11-04 09:08:52 - [MESSAGE][PASSED] - utilities.SafeActions.safeGetText is PASSED&#xD;
&#xD;
2019-11-04 09:08:52 - [TEST_STEP][PASSED] - println(transactionCompleteMessage): null&#xD;
&#xD;
2019-11-04 09:08:52 - [TEST_STEP][PASSED] - pages.Force_Transaction.verifyStrings(transactionCompleteMessage): Transaction is Successfull in Transaction Complete page&#xD;
&#xD;
2019-11-04 09:08:52 - [MESSAGE][PASSED] - Transaction is Successfull in Transaction Complete page&#xD;
&#xD;
2019-11-04 09:08:52 - [TEST_STEP][PASSED] - utilities.SafeActions.safeClickWithoutScroll(findTestObject("Pages/Sale/button_ReturnToSale"), "Click on Return To Sale", [delayBetweenTestSteps]): utilities.SafeActions.safeClickWithoutScroll is PASSED&#xD;
&#xD;
2019-11-04 09:08:53 - [MESSAGE][INFO] - Safe Click Without scroll&#xD;
&#xD;
2019-11-04 09:08:53 - [MESSAGE][INFO] - Sale_TestSuite.ts:waiting until Click on Return To Sale is Clickable&#xD;
&#xD;
2019-11-04 09:08:53 - [MESSAGE][PASSED] - Object 'Object Repository/Pages/Sale/button_ReturnToSale' is clickable&#xD;
&#xD;
2019-11-04 09:08:53 - [MESSAGE][PASSED] - Object 'Object Repository/Pages/Sale/button_ReturnToSale' is visible&#xD;
&#xD;
2019-11-04 09:08:54 - [MESSAGE][PASSED] - Object: 'Object Repository/Pages/Sale/button_ReturnToSale' is clicked on&#xD;
&#xD;
2019-11-04 09:08:54 - [MESSAGE][INFO] - Sale_TestSuite.ts: click on the Click on Return To Sale&#xD;
&#xD;
2019-11-04 09:08:54 - [MESSAGE][PASSED] - utilities.SafeActions.safeClickWithoutScroll is PASSED&#xD;
&#xD;
2019-11-04 09:08:54 - [TEST_STEP][PASSED] - utilities.SafeActions.safeClickwithScroll(findTestObject("Pages/Future_Payments/tab_FuturePayments"), "Click on Future Payments Tab", [delayBetweenTestSteps]): utilities.SafeActions.safeClickwithScroll is PASSED&#xD;
&#xD;
2019-11-04 09:08:54 - [MESSAGE][PASSED] - Object 'Object Repository/Pages/Future_Payments/tab_FuturePayments' is present&#xD;
&#xD;
2019-11-04 09:08:54 - [MESSAGE][PASSED] - Object 'Object Repository/Pages/Future_Payments/tab_FuturePayments' is visible&#xD;
&#xD;
2019-11-04 09:08:54 - [MESSAGE][INFO] - Sale_TestSuite.ts:waiting until Click on Future Payments Tab is Clickable&#xD;
&#xD;
2019-11-04 09:08:54 - [MESSAGE][PASSED] - Object 'Object Repository/Pages/Future_Payments/tab_FuturePayments' is clickable&#xD;
&#xD;
2019-11-04 09:08:54 - [MESSAGE][PASSED] - Object 'Object Repository/Pages/Future_Payments/tab_FuturePayments' is visible&#xD;
&#xD;
2019-11-04 09:08:55 - [MESSAGE][PASSED] - Object: 'Object Repository/Pages/Future_Payments/tab_FuturePayments' is clicked on&#xD;
&#xD;
2019-11-04 09:08:55 - [MESSAGE][INFO] - Sale_TestSuite.ts: Clicked on the Click on Future Payments Tab&#xD;
&#xD;
2019-11-04 09:08:55 - [MESSAGE][PASSED] - utilities.SafeActions.safeClickwithScroll is PASSED&#xD;
&#xD;
2019-11-04 09:08:55 - [TEST_STEP][PASSED] - utilities.SafeActions.safeClickwithScroll(findTestObject("Pages/Future_Payments/search_Button"), "Search", [delayBetweenTestSteps]): utilities.SafeActions.safeClickwithScroll is PASSED&#xD;
&#xD;
2019-11-04 09:08:55 - [MESSAGE][PASSED] - Object 'Object Repository/Pages/Future_Payments/search_Button' is present&#xD;
&#xD;
2019-11-04 09:08:55 - [MESSAGE][PASSED] - Object 'Object Repository/Pages/Future_Payments/search_Button' is visible&#xD;
&#xD;
2019-11-04 09:08:55 - [MESSAGE][INFO] - Sale_TestSuite.ts:waiting until Search is Clickable&#xD;
&#xD;
2019-11-04 09:08:55 - [MESSAGE][PASSED] - Object 'Object Repository/Pages/Future_Payments/search_Button' is clickable&#xD;
&#xD;
2019-11-04 09:08:55 - [MESSAGE][PASSED] - Object 'Object Repository/Pages/Future_Payments/search_Button' is visible&#xD;
&#xD;
2019-11-04 09:08:56 - [MESSAGE][PASSED] - Object: 'Object Repository/Pages/Future_Payments/search_Button' is clicked on&#xD;
&#xD;
2019-11-04 09:08:56 - [MESSAGE][INFO] - Sale_TestSuite.ts: Clicked on the Search&#xD;
&#xD;
2019-11-04 09:08:56 - [MESSAGE][PASSED] - utilities.SafeActions.safeClickwithScroll is PASSED&#xD;
&#xD;
2019-11-04 09:08:56 - [TEST_STEP][PASSED] - println(invoiceNumber): null&#xD;
&#xD;
2019-11-04 09:08:56 - [TEST_STEP][PASSED] - println(total_Amount): null&#xD;
&#xD;
2019-11-04 09:08:56 - [TEST_STEP][PASSED] - scrollToElement(findTestObject("Pages/Future_Payments/invoiceForTransaction"), delayBetweenTestSteps): Scroll to object 'Object Repository/Pages/Future_Payments/invoiceForTransaction' successfully&#xD;
&#xD;
2019-11-04 09:08:56 - [MESSAGE][PASSED] - Scroll to object 'Object Repository/Pages/Future_Payments/invoiceForTransaction' successfully&#xD;
&#xD;
2019-11-04 09:08:56 - [TEST_STEP][PASSED] - pages.Future_Payments.verifyInvoiceRecord(findTestObject("Pages/Future_Payments/footer_NextButton"), findTestObject("Pages/Future_Payments/page_Number"), invoiceNumber, total_Amount): The Transaction is found in page 7&#xD;
&#xD;
2019-11-04 09:08:56 - [MESSAGE][PASSED] - Text of object 'Object Repository/Pages/Future_Payments/page_Number' is: 'Page 1 of 10'&#xD;
&#xD;
2019-11-04 09:09:02 - [MESSAGE][PASSED] - Delayed 5 second(s)&#xD;
&#xD;
2019-11-04 09:09:02 - [MESSAGE][PASSED] - Object: 'Object Repository/Pages/Future_Payments/footer_NextButton' is clicked on&#xD;
&#xD;
2019-11-04 09:09:02 - [MESSAGE][PASSED] - Text of object 'Object Repository/Pages/Future_Payments/page_Number' is: 'Page 2 of 10'&#xD;
&#xD;
2019-11-04 09:09:08 - [MESSAGE][PASSED] - Delayed 5 second(s)&#xD;
&#xD;
2019-11-04 09:09:09 - [MESSAGE][PASSED] - Object: 'Object Repository/Pages/Future_Payments/footer_NextButton' is clicked on&#xD;
&#xD;
2019-11-04 09:09:09 - [MESSAGE][PASSED] - Text of object 'Object Repository/Pages/Future_Payments/page_Number' is: 'Page 3 of 10'&#xD;
&#xD;
2019-11-04 09:09:14 - [MESSAGE][PASSED] - Delayed 5 second(s)&#xD;
&#xD;
2019-11-04 09:09:15 - [MESSAGE][PASSED] - Object: 'Object Repository/Pages/Future_Payments/footer_NextButton' is clicked on&#xD;
&#xD;
2019-11-04 09:09:15 - [MESSAGE][PASSED] - Text of object 'Object Repository/Pages/Future_Payments/page_Number' is: 'Page 4 of 10'&#xD;
&#xD;
2019-11-04 09:09:20 - [MESSAGE][PASSED] - Delayed 5 second(s)&#xD;
&#xD;
2019-11-04 09:09:21 - [MESSAGE][PASSED] - Object: 'Object Repository/Pages/Future_Payments/footer_NextButton' is clicked on&#xD;
&#xD;
2019-11-04 09:09:21 - [MESSAGE][PASSED] - Text of object 'Object Repository/Pages/Future_Payments/page_Number' is: 'Page 5 of 10'&#xD;
&#xD;
2019-11-04 09:09:26 - [MESSAGE][PASSED] - Delayed 5 second(s)&#xD;
&#xD;
2019-11-04 09:09:27 - [MESSAGE][PASSED] - Object: 'Object Repository/Pages/Future_Payments/footer_NextButton' is clicked on&#xD;
&#xD;
2019-11-04 09:09:27 - [MESSAGE][PASSED] - Text of object 'Object Repository/Pages/Future_Payments/page_Number' is: 'Page 6 of 10'&#xD;
&#xD;
2019-11-04 09:09:33 - [MESSAGE][PASSED] - Delayed 5 second(s)&#xD;
&#xD;
2019-11-04 09:09:33 - [MESSAGE][PASSED] - Object: 'Object Repository/Pages/Future_Payments/footer_NextButton' is clicked on&#xD;
&#xD;
2019-11-04 09:09:33 - [MESSAGE][PASSED] - Text of object 'Object Repository/Pages/Future_Payments/page_Number' is: 'Page 7 of 10'&#xD;
&#xD;
2019-11-04 09:09:35 - [MESSAGE][PASSED] - The Transaction is found in page 7&#xD;
&#xD;
2019-11-04 09:09:35 - [TEST_STEP][PASSED] - closeBrowser(): Browser is closed&#xD;
&#xD;
2019-11-04 09:09:36 - [MESSAGE][PASSED] - Browser is closed&#xD;
&#xD;
2019-11-04 09:09:36 - [TEST_STEP][PASSED] - Start listener action : sampleAfterTestCase: null&#xD;
&#xD;
2019-11-04 09:09:36 - [TEST_STEP][PASSED] - println(testCaseContext.getTestCaseId()): null&#xD;
&#xD;
2019-11-04 09:09:36 - [TEST_STEP][PASSED] - println(testCaseContext.getTestCaseStatus()): null&#xD;
&#xD;
2019-11-04 09:09:36 - [TEST_STEP][PASSED] - testCaseName = testCaseContext.getTestCaseId(): null&#xD;
&#xD;
2019-11-04 09:09:36 - [TEST_STEP][PASSED] - strCount = testCaseName.lastIndexOf("/"): null&#xD;
&#xD;
2019-11-04 09:09:36 - [TEST_STEP][PASSED] - testCaseName = testCaseName.substring(strCount): null&#xD;
&#xD;
2019-11-04 09:09:36 - [TEST_STEP][PASSED] - println(testCaseName): null&#xD;
&#xD;
2019-11-04 09:09:36 - [TEST_STEP][PASSED] - if (getTestCaseStatus().equalsIgnoreCase("Error")): null&#xD;
&#xD;
2019-11-04 09:09:36 - [TEST_STEP][PASSED] - Start listener action : sampleAfterTestCase: null</system-out>
            <system-err></system-err>
        </testcase>
        <system-out>2019-11-04 09:01:40 - [TEST_SUITE][INCOMPLETE] - Sale_TestSuite: null</system-out>
        <system-err>2019-11-04 09:01:40 - [TEST_SUITE][INCOMPLETE] - Sale_TestSuite: null</system-err>
    </testsuite>
</testsuites>
