<?xml version="1.0" encoding="UTF-8" standalone="yes"?>
<testsuites name="Sale" time="350" tests="6" failures="1" errors="0">
    <testsuite name="Sale" tests="6" failures="1" errors="0" time="350" timestamp="2019-09-17 08:55:07" hostname="venkata.annam - FW1-D-DTA-ZENQ1" id="Test Suites/FirstView/Sale">
        <properties>
            <property name="deviceName" value=""/>
            <property name="devicePlatform" value=""/>
            <property name="logFolder" value="C:\\Users\\venkata.annam\\Katalon Studio\\VPOS\\VPOS_Automation\\Reports\\20190917_085503\\FirstView\\Sale\\20190917_085503"/>
            <property name="logFiles" value="C:\\Users\\venkata.annam\\Katalon Studio\\VPOS\\VPOS_Automation\\Reports\\20190917_085503\\FirstView\\Sale\\20190917_085503\\execution0.log"/>
            <property name="attachments" value="C:\\Users\\venkata.annam\\Katalon Studio\\VPOS\\VPOS_Automation\\Reports\\20190917_085503\\FirstView\\Sale\\20190917_085503\\1568728539708.png, C:\\Users\\venkata.annam\\Katalon Studio\\VPOS\\VPOS_Automation\\Reports\\20190917_085503\\FirstView\\Sale\\20190917_085503\\1568728826052.png, C:\\Users\\venkata.annam\\Katalon Studio\\VPOS\\VPOS_Automation\\Reports\\20190917_085503\\FirstView\\Sale\\20190917_085503\\1568728826145.png, C:\\Users\\venkata.annam\\Katalon Studio\\VPOS\\VPOS_Automation\\Reports\\20190917_085503\\FirstView\\Sale\\20190917_085503\\1568728857852.png"/>
            <property name="hostName" value="venkata.annam - FW1-D-DTA-ZENQ1"/>
            <property name="os" value="Windows 10 64bit"/>
            <property name="katalonVersion" value="6.3.2.4"/>
            <property name="browser" value="Firefox 68.0"/>
            <property name="hostAddress" value="172.25.52.168"/>
            <property name="sessionId" value="053da2e6-3041-4912-9427-e77c14261206"/>
            <property name="seleniumVersion" value="3.141.59"/>
            <property name="proxyInformation" value="ProxyInformation{proxyOption=NO_PROXY, proxyServerType=HTTP, password=, proxyServerAddress=, proxyServerPort=0}"/>
            <property name="platform" value="Windows 10"/>
        </properties>
        <testcase name="Test Cases/FirstView/Sale/TC_Sales_003" classname="Test Cases/FirstView/Sale/TC_Sales_003" status="PASSED">
            <system-out>2019-09-17 08:55:07 - [TEST_CASE][PASSED] - Test Cases/FirstView/Sale/TC_Sales_003: Test Cases/FirstView/Sale/TC_Sales_003&#xD;
&#xD;
2019-09-17 08:55:09 - [TEST_STEP][PASSED] - utilities.SafeActions.openBrowser(URL, [PageLoadTime]): utilities.SafeActions.openBrowser is PASSED&#xD;
&#xD;
2019-09-17 08:55:09 - [MESSAGE][INFO] - Opening Browser&#xD;
&#xD;
2019-09-17 08:55:10 - [MESSAGE][INFO] - Starting 'Firefox' driver&#xD;
&#xD;
2019-09-17 08:55:10 - [MESSAGE][INFO] - Action delay is set to 0 seconds&#xD;
&#xD;
2019-09-17 08:55:20 - [MESSAGE][PASSED] - Browser is opened with url: 'http://172.25.48.28/secure/VPOS/VPOS/Vpos'&#xD;
&#xD;
2019-09-17 08:55:20 - [MESSAGE][PASSED] - Current window maximized&#xD;
&#xD;
2019-09-17 08:55:20 - [MESSAGE][INFO] - Browser Launched Successfully&#xD;
&#xD;
2019-09-17 08:55:20 - [MESSAGE][PASSED] - utilities.SafeActions.openBrowser is PASSED&#xD;
&#xD;
2019-09-17 08:55:20 - [TEST_STEP][PASSED] - delay(delayForPageLoad): Delayed 6 second(s)&#xD;
&#xD;
2019-09-17 08:55:26 - [MESSAGE][PASSED] - Delayed 6 second(s)&#xD;
&#xD;
2019-09-17 08:55:26 - [TEST_STEP][PASSED] - utilities.SafeActions.safeSelectOptionInDropDownByVisibleText(findTestObject("Pages/Sale/dropDown_AccountType"), accountType, "Select by Value", [25]): utilities.SafeActions.safeSelectOptionInDropDownByVisibleText is PASSED&#xD;
&#xD;
2019-09-17 08:55:26 - [MESSAGE][PASSED] - Object 'Object Repository/Pages/Sale/dropDown_AccountType' is present&#xD;
&#xD;
2019-09-17 08:55:26 - [MESSAGE][PASSED] - Object: 'Object Repository/Pages/Sale/dropDown_AccountType' is clicked on&#xD;
&#xD;
2019-09-17 08:55:27 - [MESSAGE][PASSED] - All options with label 'ranjanatest2 - 888814981372/001 Account Type: Retail' are selected in object 'Object Repository/Pages/Sale/dropDown_AccountType' &#xD;
&#xD;
2019-09-17 08:55:27 - [MESSAGE][PASSED] - utilities.SafeActions.safeSelectOptionInDropDownByVisibleText is PASSED&#xD;
&#xD;
2019-09-17 08:55:27 - [TEST_STEP][PASSED] - delay(3): Delayed 3 second(s)&#xD;
&#xD;
2019-09-17 08:55:30 - [MESSAGE][PASSED] - Delayed 3 second(s)&#xD;
&#xD;
2019-09-17 08:55:30 - [TEST_STEP][PASSED] - pages.Sale.verifyIfEntryModeIsChecked("Sale", "Manually Keyed", 5): pages.Sale.verifyIfEntryModeIsChecked is PASSED&#xD;
&#xD;
2019-09-17 08:55:30 - [MESSAGE][PASSED] - Object '' is checked&#xD;
&#xD;
2019-09-17 08:55:30 - [MESSAGE][INFO] - The specified checkbox is checked&#xD;
&#xD;
2019-09-17 08:55:30 - [MESSAGE][PASSED] - pages.Sale.verifyIfEntryModeIsChecked is PASSED&#xD;
&#xD;
2019-09-17 08:55:30 - [TEST_STEP][PASSED] - scrollToElement(findTestObject("Pages/Sale/input_Amount"), 60): Scroll to object 'Object Repository/Pages/Sale/input_Amount' successfully&#xD;
&#xD;
2019-09-17 08:55:30 - [MESSAGE][PASSED] - Scroll to object 'Object Repository/Pages/Sale/input_Amount' successfully&#xD;
&#xD;
2019-09-17 08:55:30 - [TEST_STEP][PASSED] - utilities.SafeActions.safeType(findTestObject("Pages/Sale/input_Amount"), "550", "Enter Amount into Amount text box", [20]): utilities.SafeActions.safeType is PASSED&#xD;
&#xD;
2019-09-17 08:55:30 - [MESSAGE][PASSED] - Object 'Object Repository/Pages/Sale/input_Amount' is present&#xD;
&#xD;
2019-09-17 08:55:30 - [MESSAGE][PASSED] - Object: 'Object Repository/Pages/Sale/input_Amount' is clicked on&#xD;
&#xD;
2019-09-17 08:55:30 - [MESSAGE][PASSED] - Text '550' is set on object 'Object Repository/Pages/Sale/input_Amount'&#xD;
&#xD;
2019-09-17 08:55:30 - [MESSAGE][PASSED] - utilities.SafeActions.safeType is PASSED&#xD;
&#xD;
2019-09-17 08:55:30 - [TEST_STEP][PASSED] - total_Amount = utilities.SafeActions.safeGetText(findTestObject("Pages/Sale/total_Amount"), 10): utilities.SafeActions.safeGetText is PASSED&#xD;
&#xD;
2019-09-17 08:55:31 - [MESSAGE][PASSED] - Object 'Object Repository/Pages/Sale/total_Amount' is present&#xD;
&#xD;
2019-09-17 08:55:31 - [MESSAGE][PASSED] - Text of object 'Object Repository/Pages/Sale/total_Amount' is: '$605.00'&#xD;
&#xD;
2019-09-17 08:55:31 - [MESSAGE][PASSED] - utilities.SafeActions.safeGetText is PASSED&#xD;
&#xD;
2019-09-17 08:55:31 - [TEST_STEP][PASSED] - scrollToElement(findTestObject("Pages/Sale/dropDown_ExpirationMonth"), 60): Scroll to object 'Object Repository/Pages/Sale/dropDown_ExpirationMonth' successfully&#xD;
&#xD;
2019-09-17 08:55:31 - [MESSAGE][PASSED] - Scroll to object 'Object Repository/Pages/Sale/dropDown_ExpirationMonth' successfully&#xD;
&#xD;
2019-09-17 08:55:31 - [TEST_STEP][PASSED] - pages.Sale.verifyIfEntryModeIsChecked("Sale", "Card Not Present", 5): pages.Sale.verifyIfEntryModeIsChecked is PASSED&#xD;
&#xD;
2019-09-17 08:55:31 - [MESSAGE][PASSED] - Object '' is checked&#xD;
&#xD;
2019-09-17 08:55:31 - [MESSAGE][INFO] - The specified checkbox is checked&#xD;
&#xD;
2019-09-17 08:55:31 - [MESSAGE][PASSED] - pages.Sale.verifyIfEntryModeIsChecked is PASSED&#xD;
&#xD;
2019-09-17 08:55:31 - [TEST_STEP][PASSED] - utilities.SafeActions.safeType(findTestObject("Pages/Sale/input_CardNumber"), "4111111111111111", "Entering Card Number", [10]): utilities.SafeActions.safeType is PASSED&#xD;
&#xD;
2019-09-17 08:55:31 - [MESSAGE][PASSED] - Object 'Object Repository/Pages/Sale/input_CardNumber' is present&#xD;
&#xD;
2019-09-17 08:55:31 - [MESSAGE][PASSED] - Object: 'Object Repository/Pages/Sale/input_CardNumber' is clicked on&#xD;
&#xD;
2019-09-17 08:55:31 - [MESSAGE][PASSED] - Text '4111111111111111' is set on object 'Object Repository/Pages/Sale/input_CardNumber'&#xD;
&#xD;
2019-09-17 08:55:31 - [MESSAGE][PASSED] - utilities.SafeActions.safeType is PASSED&#xD;
&#xD;
2019-09-17 08:55:31 - [TEST_STEP][PASSED] - delay(4): Delayed 4 second(s)&#xD;
&#xD;
2019-09-17 08:55:35 - [MESSAGE][PASSED] - Delayed 4 second(s)&#xD;
&#xD;
2019-09-17 08:55:35 - [TEST_STEP][PASSED] - utilities.SafeActions.safeSelectOptionInDropDownByVisibleText(findTestObject("Pages/Sale/dropDown_ExpirationMonth"), "September", "Select Expiration Month", [5]): utilities.SafeActions.safeSelectOptionInDropDownByVisibleText is PASSED&#xD;
&#xD;
2019-09-17 08:55:36 - [MESSAGE][PASSED] - Object 'Object Repository/Pages/Sale/dropDown_ExpirationMonth' is present&#xD;
&#xD;
2019-09-17 08:55:36 - [MESSAGE][PASSED] - Object: 'Object Repository/Pages/Sale/dropDown_ExpirationMonth' is clicked on&#xD;
&#xD;
2019-09-17 08:55:36 - [MESSAGE][PASSED] - All options with label 'September' are selected in object 'Object Repository/Pages/Sale/dropDown_ExpirationMonth' &#xD;
&#xD;
2019-09-17 08:55:36 - [MESSAGE][PASSED] - utilities.SafeActions.safeSelectOptionInDropDownByVisibleText is PASSED&#xD;
&#xD;
2019-09-17 08:55:36 - [TEST_STEP][PASSED] - utilities.SafeActions.safeSelectOptionInDropDownByVisibleText(findTestObject("Pages/Sale/dropDown_ExpirationYear"), "2022", "Select Expiration Year", [5]): utilities.SafeActions.safeSelectOptionInDropDownByVisibleText is PASSED&#xD;
&#xD;
2019-09-17 08:55:36 - [MESSAGE][PASSED] - Object 'Object Repository/Pages/Sale/dropDown_ExpirationYear' is present&#xD;
&#xD;
2019-09-17 08:55:36 - [MESSAGE][PASSED] - Object: 'Object Repository/Pages/Sale/dropDown_ExpirationYear' is clicked on&#xD;
&#xD;
2019-09-17 08:55:37 - [MESSAGE][PASSED] - All options with label '2022' are selected in object 'Object Repository/Pages/Sale/dropDown_ExpirationYear' &#xD;
&#xD;
2019-09-17 08:55:37 - [MESSAGE][PASSED] - utilities.SafeActions.safeSelectOptionInDropDownByVisibleText is PASSED&#xD;
&#xD;
2019-09-17 08:55:37 - [TEST_STEP][PASSED] - delay(2): Delayed 2 second(s)&#xD;
&#xD;
2019-09-17 08:55:39 - [MESSAGE][PASSED] - Delayed 2 second(s)&#xD;
&#xD;
2019-09-17 08:55:39 - [TEST_STEP][PASSED] - scrollToElement(findTestObject("Pages/Sale/invoiceNumber"), 10): Scroll to object 'Object Repository/Pages/Sale/invoiceNumber' successfully&#xD;
&#xD;
2019-09-17 08:55:39 - [MESSAGE][PASSED] - Scroll to object 'Object Repository/Pages/Sale/invoiceNumber' successfully&#xD;
&#xD;
2019-09-17 08:55:39 - [TEST_STEP][PASSED] - invoiceNumber = utilities.SafeActions.safeGetText(findTestObject("Pages/Sale/invoiceNumber"), 10): utilities.SafeActions.safeGetText is PASSED&#xD;
&#xD;
2019-09-17 08:55:39 - [MESSAGE][PASSED] - Object 'Object Repository/Pages/Sale/invoiceNumber' is present&#xD;
&#xD;
2019-09-17 08:55:39 - [MESSAGE][PASSED] - Text of object 'Object Repository/Pages/Sale/invoiceNumber' is: '156871412122652'&#xD;
&#xD;
2019-09-17 08:55:39 - [MESSAGE][PASSED] - utilities.SafeActions.safeGetText is PASSED&#xD;
&#xD;
2019-09-17 08:55:39 - [TEST_STEP][PASSED] - pages.Sale.verifyIfAdditionalPromptingIsChecked("Save to Vault?", 10): pages.Sale.verifyIfAdditionalPromptingIsChecked is PASSED&#xD;
&#xD;
2019-09-17 08:55:39 - [MESSAGE][WARNING] - Object '' is not checked (Root cause: com.kms.katalon.core.exception.StepFailedException: Object '' is not checked&#xD;
	at com.kms.katalon.core.webui.keyword.internal.WebUIKeywordMain.stepFailed(WebUIKeywordMain.groovy:64)&#xD;
	at com.kms.katalon.core.webui.keyword.builtin.VerifyElementCheckedKeyword$_verifyElementChecked_closure1.doCall(VerifyElementCheckedKeyword.groovy:81)&#xD;
	at com.kms.katalon.core.webui.keyword.builtin.VerifyElementCheckedKeyword$_verifyElementChecked_closure1.call(VerifyElementCheckedKeyword.groovy)&#xD;
	at com.kms.katalon.core.webui.keyword.internal.WebUIKeywordMain.runKeyword(WebUIKeywordMain.groovy:20)&#xD;
	at com.kms.katalon.core.webui.keyword.builtin.VerifyElementCheckedKeyword.verifyElementChecked(VerifyElementCheckedKeyword.groovy:92)&#xD;
	at com.kms.katalon.core.webui.keyword.builtin.VerifyElementCheckedKeyword.execute(VerifyElementCheckedKeyword.groovy:68)&#xD;
	at com.kms.katalon.core.keyword.internal.KeywordExecutor.executeKeywordForPlatform(KeywordExecutor.groovy:56)&#xD;
	at com.kms.katalon.core.webui.keyword.WebUiBuiltInKeywords.verifyElementChecked(WebUiBuiltInKeywords.groovy:1352)&#xD;
	at com.kms.katalon.core.webui.keyword.WebUiBuiltInKeywords$verifyElementChecked$8.call(Unknown Source)&#xD;
	at pages.Sale.verifyIfAdditionalPromptingIsChecked(Sale.groovy:63)&#xD;
	at pages.Sale.invokeMethod(Sale.groovy)&#xD;
	at com.kms.katalon.core.main.CustomKeywordDelegatingMetaClass.invokeStaticMethod(CustomKeywordDelegatingMetaClass.java:50)&#xD;
	at TC_Sales_003.run(TC_Sales_003:62)&#xD;
	at com.kms.katalon.core.main.ScriptEngine.run(ScriptEngine.java:194)&#xD;
	at com.kms.katalon.core.main.ScriptEngine.runScriptAsRawText(ScriptEngine.java:119)&#xD;
	at com.kms.katalon.core.main.TestCaseExecutor.runScript(TestCaseExecutor.java:337)&#xD;
	at com.kms.katalon.core.main.TestCaseExecutor.doExecute(TestCaseExecutor.java:328)&#xD;
	at com.kms.katalon.core.main.TestCaseExecutor.processExecutionPhase(TestCaseExecutor.java:307)&#xD;
	at com.kms.katalon.core.main.TestCaseExecutor.accessMainPhase(TestCaseExecutor.java:299)&#xD;
	at com.kms.katalon.core.main.TestCaseExecutor.execute(TestCaseExecutor.java:233)&#xD;
	at com.kms.katalon.core.main.TestSuiteExecutor.accessTestCaseMainPhase(TestSuiteExecutor.java:169)&#xD;
	at com.kms.katalon.core.main.TestSuiteExecutor.accessTestSuiteMainPhase(TestSuiteExecutor.java:142)&#xD;
	at com.kms.katalon.core.main.TestSuiteExecutor.execute(TestSuiteExecutor.java:91)&#xD;
	at com.kms.katalon.core.main.TestCaseMain.startTestSuite(TestCaseMain.java:157)&#xD;
	at com.kms.katalon.core.main.TestCaseMain$startTestSuite$0.call(Unknown Source)&#xD;
	at TempTestSuite1568728503087.run(TempTestSuite1568728503087.groovy:35)&#xD;
)&#xD;
[[ATTACHMENT|C:\\Users\\venkata.annam\\Katalon Studio\\VPOS\\VPOS_Automation\\Reports\\20190917_085503\\FirstView\\Sale\\20190917_085503\\1568728539708.png]]&#xD;
&#xD;
2019-09-17 08:55:40 - [MESSAGE][PASSED] - Object: '' is clicked on&#xD;
&#xD;
2019-09-17 08:55:40 - [MESSAGE][INFO] - The specified checkbox is checked Now&#xD;
&#xD;
2019-09-17 08:55:40 - [MESSAGE][PASSED] - pages.Sale.verifyIfAdditionalPromptingIsChecked is PASSED&#xD;
&#xD;
2019-09-17 08:55:40 - [TEST_STEP][PASSED] - utilities.SafeActions.safeClickwithScroll(findTestObject("Pages/Sale/button_Checkout"), "Click on Checkout button", [60]): utilities.SafeActions.safeClickwithScroll is PASSED&#xD;
&#xD;
2019-09-17 08:55:40 - [MESSAGE][PASSED] - Scroll to object 'Object Repository/Pages/Sale/button_Checkout' successfully&#xD;
&#xD;
2019-09-17 08:55:40 - [MESSAGE][INFO] - Sale.ts:waiting until Click on Checkout button is Clickable&#xD;
&#xD;
2019-09-17 08:55:40 - [MESSAGE][PASSED] - Object 'Object Repository/Pages/Sale/button_Checkout' is clickable&#xD;
&#xD;
2019-09-17 08:55:40 - [MESSAGE][PASSED] - Object 'Object Repository/Pages/Sale/button_Checkout' is visible&#xD;
&#xD;
2019-09-17 08:55:40 - [MESSAGE][PASSED] - Object: 'Object Repository/Pages/Sale/button_Checkout' is clicked on&#xD;
&#xD;
2019-09-17 08:55:40 - [MESSAGE][INFO] - Sale.ts: Clicked on the Click on Checkout button&#xD;
&#xD;
2019-09-17 08:55:40 - [MESSAGE][PASSED] - utilities.SafeActions.safeClickwithScroll is PASSED&#xD;
&#xD;
2019-09-17 08:55:40 - [TEST_STEP][PASSED] - pages.Sale.verifyTransactionCompletePage(findTestObject("Pages/Sale/heading_TransactionComplete")): The screen is Transaction Complete screen&#xD;
&#xD;
2019-09-17 08:55:41 - [MESSAGE][PASSED] - Object 'Object Repository/Pages/Sale/heading_TransactionComplete' is present&#xD;
&#xD;
2019-09-17 08:55:41 - [MESSAGE][PASSED] - The screen is Transaction Complete screen&#xD;
&#xD;
2019-09-17 08:55:41 - [TEST_STEP][PASSED] - delay(6): Delayed 6 second(s)&#xD;
&#xD;
2019-09-17 08:55:47 - [MESSAGE][PASSED] - Delayed 6 second(s)&#xD;
&#xD;
2019-09-17 08:55:47 - [TEST_STEP][PASSED] - scrollToElement(findTestObject("Pages/Sale/input_VaultReferenceNumber"), 10): Scroll to object 'Object Repository/Pages/Sale/input_VaultReferenceNumber' successfully&#xD;
&#xD;
2019-09-17 08:55:47 - [MESSAGE][PASSED] - Scroll to object 'Object Repository/Pages/Sale/input_VaultReferenceNumber' successfully&#xD;
&#xD;
2019-09-17 08:55:47 - [TEST_STEP][PASSED] - utilities.SafeActions.safeType(findTestObject("Pages/Sale/input_VaultReferenceNumber"), vaultReference, "Enter Vault Reference Number", [5]): utilities.SafeActions.safeType is PASSED&#xD;
&#xD;
2019-09-17 08:55:47 - [MESSAGE][PASSED] - Object 'Object Repository/Pages/Sale/input_VaultReferenceNumber' is present&#xD;
&#xD;
2019-09-17 08:55:47 - [MESSAGE][PASSED] - Object: 'Object Repository/Pages/Sale/input_VaultReferenceNumber' is clicked on&#xD;
&#xD;
2019-09-17 08:55:47 - [MESSAGE][PASSED] - Text 'TestVaultReference' is set on object 'Object Repository/Pages/Sale/input_VaultReferenceNumber'&#xD;
&#xD;
2019-09-17 08:55:47 - [MESSAGE][PASSED] - utilities.SafeActions.safeType is PASSED&#xD;
&#xD;
2019-09-17 08:55:47 - [TEST_STEP][PASSED] - utilities.SafeActions.safeClickwithScroll(findTestObject("Pages/Sale/button_SaveAndReturnToSale_TransactionComplete"), "Click on Save and Return To Sale button", [10]): utilities.SafeActions.safeClickwithScroll is PASSED&#xD;
&#xD;
2019-09-17 08:55:48 - [MESSAGE][PASSED] - Scroll to object 'Object Repository/Pages/Sale/button_SaveAndReturnToSale_TransactionComplete' successfully&#xD;
&#xD;
2019-09-17 08:55:48 - [MESSAGE][INFO] - Sale.ts:waiting until Click on Save and Return To Sale button is Clickable&#xD;
&#xD;
2019-09-17 08:55:48 - [MESSAGE][PASSED] - Object 'Object Repository/Pages/Sale/button_SaveAndReturnToSale_TransactionComplete' is clickable&#xD;
&#xD;
2019-09-17 08:55:48 - [MESSAGE][PASSED] - Object 'Object Repository/Pages/Sale/button_SaveAndReturnToSale_TransactionComplete' is visible&#xD;
&#xD;
2019-09-17 08:55:48 - [MESSAGE][PASSED] - Object: 'Object Repository/Pages/Sale/button_SaveAndReturnToSale_TransactionComplete' is clicked on&#xD;
&#xD;
2019-09-17 08:55:48 - [MESSAGE][INFO] - Sale.ts: Clicked on the Click on Save and Return To Sale button&#xD;
&#xD;
2019-09-17 08:55:48 - [MESSAGE][PASSED] - utilities.SafeActions.safeClickwithScroll is PASSED&#xD;
&#xD;
2019-09-17 08:55:48 - [TEST_STEP][PASSED] - popupFromMessage = utilities.SafeActions.safeGetText(findTestObject("Pages/Sale/popupText_AfterClickOn_SaveAndReturnToSale_TransactionComplete"), 5): utilities.SafeActions.safeGetText is PASSED&#xD;
&#xD;
2019-09-17 08:55:48 - [MESSAGE][PASSED] - Object 'Object Repository/Pages/Sale/popupText_AfterClickOn_SaveAndReturnToSale_TransactionComplete' is present&#xD;
&#xD;
2019-09-17 08:55:48 - [MESSAGE][PASSED] - Text of object 'Object Repository/Pages/Sale/popupText_AfterClickOn_SaveAndReturnToSale_TransactionComplete' is: 'Successfully Saved to Vault. Please click ok to return to sale screen.'&#xD;
&#xD;
2019-09-17 08:55:48 - [MESSAGE][PASSED] - utilities.SafeActions.safeGetText is PASSED&#xD;
&#xD;
2019-09-17 08:55:48 - [TEST_STEP][PASSED] - utilities.SafeActions.verifyPopupMessage("Successfully Saved to Vault. Please click ok to return to sale screen.", popupFromMessage): Popup Message : Successfully Saved to Vault. Please click ok to return to sale screen. matched with expected message : Successfully Saved to Vault. Please click ok to return to sale screen.&#xD;
&#xD;
2019-09-17 08:55:48 - [MESSAGE][PASSED] - Popup Message : Successfully Saved to Vault. Please click ok to return to sale screen. matched with expected message : Successfully Saved to Vault. Please click ok to return to sale screen.&#xD;
&#xD;
2019-09-17 08:55:48 - [TEST_STEP][PASSED] - delay(3): Delayed 3 second(s)&#xD;
&#xD;
2019-09-17 08:55:51 - [MESSAGE][PASSED] - Delayed 3 second(s)&#xD;
&#xD;
2019-09-17 08:55:51 - [TEST_STEP][PASSED] - utilities.SafeActions.safeClickWithoutScroll(findTestObject("Pages/Sale/button_OK_PopupAfterClickOnSaveAndReturnToSale_TransactionComplete"), "Click on OK", [15]): utilities.SafeActions.safeClickWithoutScroll is PASSED&#xD;
&#xD;
2019-09-17 08:55:51 - [MESSAGE][INFO] - Safe Click Without scroll&#xD;
&#xD;
2019-09-17 08:55:51 - [MESSAGE][INFO] - Sale.ts:waiting until Click on OK is Clickable&#xD;
&#xD;
2019-09-17 08:55:51 - [MESSAGE][PASSED] - Object 'Object Repository/Pages/Sale/button_OK_PopupAfterClickOnSaveAndReturnToSale_TransactionComplete' is clickable&#xD;
&#xD;
2019-09-17 08:55:51 - [MESSAGE][PASSED] - Object 'Object Repository/Pages/Sale/button_OK_PopupAfterClickOnSaveAndReturnToSale_TransactionComplete' is visible&#xD;
&#xD;
2019-09-17 08:55:52 - [MESSAGE][PASSED] - Object: 'Object Repository/Pages/Sale/button_OK_PopupAfterClickOnSaveAndReturnToSale_TransactionComplete' is clicked on&#xD;
&#xD;
2019-09-17 08:55:52 - [MESSAGE][INFO] - Sale.ts: click on the Click on OK&#xD;
&#xD;
2019-09-17 08:55:52 - [MESSAGE][PASSED] - utilities.SafeActions.safeClickWithoutScroll is PASSED&#xD;
&#xD;
2019-09-17 08:55:52 - [TEST_STEP][PASSED] - delay(5): Delayed 5 second(s)&#xD;
&#xD;
2019-09-17 08:55:57 - [MESSAGE][PASSED] - Delayed 5 second(s)&#xD;
&#xD;
2019-09-17 08:55:57 - [TEST_STEP][PASSED] - utilities.SafeActions.safeClickwithScroll(findTestObject("Pages/FirstPayVault/tab_FirstPayVault"), "First Pay Vault Tab", [10]): utilities.SafeActions.safeClickwithScroll is PASSED&#xD;
&#xD;
2019-09-17 08:55:57 - [MESSAGE][PASSED] - Scroll to object 'Object Repository/Pages/FirstPayVault/tab_FirstPayVault' successfully&#xD;
&#xD;
2019-09-17 08:55:57 - [MESSAGE][INFO] - Sale.ts:waiting until First Pay Vault Tab is Clickable&#xD;
&#xD;
2019-09-17 08:55:57 - [MESSAGE][PASSED] - Object 'Object Repository/Pages/FirstPayVault/tab_FirstPayVault' is clickable&#xD;
&#xD;
2019-09-17 08:55:57 - [MESSAGE][PASSED] - Object 'Object Repository/Pages/FirstPayVault/tab_FirstPayVault' is visible&#xD;
&#xD;
2019-09-17 08:55:57 - [MESSAGE][PASSED] - Object: 'Object Repository/Pages/FirstPayVault/tab_FirstPayVault' is clicked on&#xD;
&#xD;
2019-09-17 08:55:57 - [MESSAGE][INFO] - Sale.ts: Clicked on the First Pay Vault Tab&#xD;
&#xD;
2019-09-17 08:55:57 - [MESSAGE][PASSED] - utilities.SafeActions.safeClickwithScroll is PASSED&#xD;
&#xD;
2019-09-17 08:55:57 - [TEST_STEP][PASSED] - utilities.SafeActions.safeClickwithScroll(findTestObject("Pages/FirstPayVault/button_SearchVault"), "Click on Search Vault", [10]): utilities.SafeActions.safeClickwithScroll is PASSED&#xD;
&#xD;
2019-09-17 08:55:57 - [MESSAGE][PASSED] - Scroll to object 'Object Repository/Pages/FirstPayVault/button_SearchVault' successfully&#xD;
&#xD;
2019-09-17 08:55:57 - [MESSAGE][INFO] - Sale.ts:waiting until Click on Search Vault is Clickable&#xD;
&#xD;
2019-09-17 08:55:57 - [MESSAGE][PASSED] - Object 'Object Repository/Pages/FirstPayVault/button_SearchVault' is clickable&#xD;
&#xD;
2019-09-17 08:55:57 - [MESSAGE][PASSED] - Object 'Object Repository/Pages/FirstPayVault/button_SearchVault' is visible&#xD;
&#xD;
2019-09-17 08:55:58 - [MESSAGE][PASSED] - Object: 'Object Repository/Pages/FirstPayVault/button_SearchVault' is clicked on&#xD;
&#xD;
2019-09-17 08:55:58 - [MESSAGE][INFO] - Sale.ts: Clicked on the Click on Search Vault&#xD;
&#xD;
2019-09-17 08:55:58 - [MESSAGE][PASSED] - utilities.SafeActions.safeClickwithScroll is PASSED&#xD;
&#xD;
2019-09-17 08:55:58 - [TEST_STEP][PASSED] - utilities.SafeActions.safeClickWithoutScroll(findTestObject("Pages/FirstPayVault/button_Search"), "Click On Search button", [5]): utilities.SafeActions.safeClickWithoutScroll is PASSED&#xD;
&#xD;
2019-09-17 08:55:58 - [MESSAGE][INFO] - Safe Click Without scroll&#xD;
&#xD;
2019-09-17 08:55:58 - [MESSAGE][INFO] - Sale.ts:waiting until Click On Search button is Clickable&#xD;
&#xD;
2019-09-17 08:55:58 - [MESSAGE][PASSED] - Object 'Object Repository/Pages/FirstPayVault/button_Search' is clickable&#xD;
&#xD;
2019-09-17 08:55:58 - [MESSAGE][PASSED] - Object 'Object Repository/Pages/FirstPayVault/button_Search' is visible&#xD;
&#xD;
2019-09-17 08:55:58 - [MESSAGE][PASSED] - Object: 'Object Repository/Pages/FirstPayVault/button_Search' is clicked on&#xD;
&#xD;
2019-09-17 08:55:58 - [MESSAGE][INFO] - Sale.ts: click on the Click On Search button&#xD;
&#xD;
2019-09-17 08:55:58 - [MESSAGE][PASSED] - utilities.SafeActions.safeClickWithoutScroll is PASSED&#xD;
&#xD;
2019-09-17 08:55:58 - [TEST_STEP][PASSED] - scrollToElement(findTestObject("Pages/Transaction_Management/invoice_ForTransaction"), 5): Scroll to object 'Object Repository/Pages/Transaction_Management/invoice_ForTransaction' successfully&#xD;
&#xD;
2019-09-17 08:55:59 - [MESSAGE][PASSED] - Scroll to object 'Object Repository/Pages/Transaction_Management/invoice_ForTransaction' successfully&#xD;
&#xD;
2019-09-17 08:55:59 - [TEST_STEP][PASSED] - pages.FirstPayVault.verifyInvoiceRecord(findTestObject("Pages/FirstPayVault/footer_NextButton"), findTestObject("Pages/FirstPayVault/page_Number"), vaultReference): The Vault is found in page 1&#xD;
&#xD;
2019-09-17 08:55:59 - [MESSAGE][PASSED] - Text of object 'Object Repository/Pages/FirstPayVault/page_Number' is: 'Page 1 of 11'&#xD;
&#xD;
2019-09-17 08:55:59 - [MESSAGE][PASSED] - The Vault is found in page 1&#xD;
&#xD;
2019-09-17 08:55:59 - [TEST_STEP][PASSED] - delay(2): Delayed 2 second(s)&#xD;
&#xD;
2019-09-17 08:56:01 - [MESSAGE][PASSED] - Delayed 2 second(s)&#xD;
&#xD;
2019-09-17 08:56:01 - [TEST_STEP][PASSED] - pages.FirstPayVault.deleteInvoiceRecord(findTestObject("Pages/FirstPayVault/footer_NextButton"), findTestObject("Pages/FirstPayVault/page_Number"), findTestObject("Pages/FirstPayVault/button_deleteFromVault"), vaultReference): Object: 'Object Repository/Pages/FirstPayVault/button_deleteFromVault' is clicked on&#xD;
&#xD;
2019-09-17 08:56:01 - [MESSAGE][PASSED] - Text of object 'Object Repository/Pages/FirstPayVault/page_Number' is: 'Page 1 of 11'&#xD;
&#xD;
2019-09-17 08:56:01 - [MESSAGE][PASSED] - The Vault is found in page 1&#xD;
&#xD;
2019-09-17 08:56:03 - [MESSAGE][PASSED] - Delayed 2 second(s)&#xD;
&#xD;
2019-09-17 08:56:08 - [MESSAGE][PASSED] - Delayed 4 second(s)&#xD;
&#xD;
2019-09-17 08:56:08 - [MESSAGE][PASSED] - Object: 'Object Repository/Pages/FirstPayVault/button_deleteFromVault' is clicked on&#xD;
&#xD;
2019-09-17 08:56:08 - [TEST_STEP][PASSED] - delay(delayBetweenTestSteps): Delayed 3 second(s)&#xD;
&#xD;
2019-09-17 08:56:11 - [MESSAGE][PASSED] - Delayed 3 second(s)&#xD;
&#xD;
2019-09-17 08:56:11 - [TEST_STEP][PASSED] - deleteVaultPopupMessage = utilities.SafeActions.safeGetText(findTestObject("Pages/FirstPayVault/alertMessageAfterDeleteVault"), delayBetweenTestSteps): utilities.SafeActions.safeGetText is PASSED&#xD;
&#xD;
2019-09-17 08:56:11 - [MESSAGE][PASSED] - Object 'Object Repository/Pages/FirstPayVault/alertMessageAfterDeleteVault' is present&#xD;
&#xD;
2019-09-17 08:56:11 - [MESSAGE][PASSED] - Text of object 'Object Repository/Pages/FirstPayVault/alertMessageAfterDeleteVault' is: 'Vault Deletion successfully completed'&#xD;
&#xD;
2019-09-17 08:56:11 - [MESSAGE][PASSED] - utilities.SafeActions.safeGetText is PASSED&#xD;
&#xD;
2019-09-17 08:56:11 - [TEST_STEP][PASSED] - utilities.SafeActions.verifyPopupMessage("Vault Deletion successfully completed", deleteVaultPopupMessage): Popup Message : Vault Deletion successfully completed matched with expected message : Vault Deletion successfully completed&#xD;
&#xD;
2019-09-17 08:56:11 - [MESSAGE][PASSED] - Popup Message : Vault Deletion successfully completed matched with expected message : Vault Deletion successfully completed&#xD;
&#xD;
2019-09-17 08:56:11 - [TEST_STEP][PASSED] - utilities.SafeActions.safeClickWithoutScroll(findTestObject("Pages/FirstPayVault/closeLocatorForDeletePopupMessage"), "Click on Close button", [5]): utilities.SafeActions.safeClickWithoutScroll is PASSED&#xD;
&#xD;
2019-09-17 08:56:11 - [MESSAGE][INFO] - Safe Click Without scroll&#xD;
&#xD;
2019-09-17 08:56:11 - [MESSAGE][INFO] - Sale.ts:waiting until Click on Close button is Clickable&#xD;
&#xD;
2019-09-17 08:56:11 - [MESSAGE][PASSED] - Object 'Object Repository/Pages/FirstPayVault/closeLocatorForDeletePopupMessage' is clickable&#xD;
&#xD;
2019-09-17 08:56:11 - [MESSAGE][PASSED] - Object 'Object Repository/Pages/FirstPayVault/closeLocatorForDeletePopupMessage' is visible&#xD;
&#xD;
2019-09-17 08:56:11 - [MESSAGE][PASSED] - Object: 'Object Repository/Pages/FirstPayVault/closeLocatorForDeletePopupMessage' is clicked on&#xD;
&#xD;
2019-09-17 08:56:11 - [MESSAGE][INFO] - Sale.ts: click on the Click on Close button&#xD;
&#xD;
2019-09-17 08:56:11 - [MESSAGE][PASSED] - utilities.SafeActions.safeClickWithoutScroll is PASSED&#xD;
&#xD;
2019-09-17 08:56:11 - [TEST_STEP][PASSED] - closeBrowser(): Browser is closed&#xD;
&#xD;
2019-09-17 08:56:13 - [MESSAGE][PASSED] - Browser is closed&#xD;
&#xD;
2019-09-17 08:56:13 - [TEST_STEP][PASSED] - Start listener action : sampleAfterTestCase: null</system-out>
            <system-err></system-err>
        </testcase>
        <testcase name="Test Cases/FirstView/Sale/TC_Sales_005" classname="Test Cases/FirstView/Sale/TC_Sales_005" status="PASSED">
            <system-out>2019-09-17 08:56:13 - [TEST_CASE][PASSED] - Test Cases/FirstView/Sale/TC_Sales_005: Test Cases/FirstView/Sale/TC_Sales_005&#xD;
&#xD;
2019-09-17 08:56:14 - [TEST_STEP][PASSED] - utilities.SafeActions.openBrowser(URL, [PageLoadTime]): utilities.SafeActions.openBrowser is PASSED&#xD;
&#xD;
2019-09-17 08:56:14 - [MESSAGE][INFO] - Opening Browser&#xD;
&#xD;
2019-09-17 08:56:14 - [MESSAGE][INFO] - Starting 'Firefox' driver&#xD;
&#xD;
2019-09-17 08:56:21 - [MESSAGE][PASSED] - Browser is opened with url: 'http://172.25.48.28/secure/VPOS/VPOS/Vpos'&#xD;
&#xD;
2019-09-17 08:56:21 - [MESSAGE][PASSED] - Current window maximized&#xD;
&#xD;
2019-09-17 08:56:21 - [MESSAGE][INFO] - Browser Launched Successfully&#xD;
&#xD;
2019-09-17 08:56:21 - [MESSAGE][PASSED] - utilities.SafeActions.openBrowser is PASSED&#xD;
&#xD;
2019-09-17 08:56:21 - [TEST_STEP][PASSED] - delay(6): Delayed 6 second(s)&#xD;
&#xD;
2019-09-17 08:56:27 - [MESSAGE][PASSED] - Delayed 6 second(s)&#xD;
&#xD;
2019-09-17 08:56:27 - [TEST_STEP][PASSED] - utilities.SafeActions.safeSelectOptionInDropDownByVisibleText(findTestObject("Pages/Sale/dropDown_AccountType"), "ranjanatest2 - 888814981372/002 Account Type: Ecommerce", "Select by Value", [25]): utilities.SafeActions.safeSelectOptionInDropDownByVisibleText is PASSED&#xD;
&#xD;
2019-09-17 08:56:27 - [MESSAGE][PASSED] - Object 'Object Repository/Pages/Sale/dropDown_AccountType' is present&#xD;
&#xD;
2019-09-17 08:56:28 - [MESSAGE][PASSED] - Object: 'Object Repository/Pages/Sale/dropDown_AccountType' is clicked on&#xD;
&#xD;
2019-09-17 08:56:28 - [MESSAGE][PASSED] - All options with label 'ranjanatest2 - 888814981372/002 Account Type: Ecommerce' are selected in object 'Object Repository/Pages/Sale/dropDown_AccountType' &#xD;
&#xD;
2019-09-17 08:56:28 - [MESSAGE][PASSED] - utilities.SafeActions.safeSelectOptionInDropDownByVisibleText is PASSED&#xD;
&#xD;
2019-09-17 08:56:28 - [TEST_STEP][PASSED] - delay(3): Delayed 3 second(s)&#xD;
&#xD;
2019-09-17 08:56:31 - [MESSAGE][PASSED] - Delayed 3 second(s)&#xD;
&#xD;
2019-09-17 08:56:31 - [TEST_STEP][PASSED] - pages.Sale.verifyIfEntryModeIsChecked("Sale", "Manually Keyed", delayBetweenTestSteps): pages.Sale.verifyIfEntryModeIsChecked is PASSED&#xD;
&#xD;
2019-09-17 08:56:31 - [MESSAGE][PASSED] - Object '' is checked&#xD;
&#xD;
2019-09-17 08:56:31 - [MESSAGE][INFO] - The specified checkbox is checked&#xD;
&#xD;
2019-09-17 08:56:31 - [MESSAGE][PASSED] - pages.Sale.verifyIfEntryModeIsChecked is PASSED&#xD;
&#xD;
2019-09-17 08:56:31 - [TEST_STEP][PASSED] - scrollToElement(findTestObject("Pages/Sale/input_Amount"), 60): Scroll to object 'Object Repository/Pages/Sale/input_Amount' successfully&#xD;
&#xD;
2019-09-17 08:56:31 - [MESSAGE][PASSED] - Scroll to object 'Object Repository/Pages/Sale/input_Amount' successfully&#xD;
&#xD;
2019-09-17 08:56:31 - [TEST_STEP][PASSED] - utilities.SafeActions.safeType(findTestObject("Pages/Sale/input_Amount"), "550", "Enter Amount into Amount text box", [20]): utilities.SafeActions.safeType is PASSED&#xD;
&#xD;
2019-09-17 08:56:31 - [MESSAGE][PASSED] - Object 'Object Repository/Pages/Sale/input_Amount' is present&#xD;
&#xD;
2019-09-17 08:56:32 - [MESSAGE][PASSED] - Object: 'Object Repository/Pages/Sale/input_Amount' is clicked on&#xD;
&#xD;
2019-09-17 08:56:32 - [MESSAGE][PASSED] - Text '550' is set on object 'Object Repository/Pages/Sale/input_Amount'&#xD;
&#xD;
2019-09-17 08:56:32 - [MESSAGE][PASSED] - utilities.SafeActions.safeType is PASSED&#xD;
&#xD;
2019-09-17 08:56:32 - [TEST_STEP][PASSED] - total_Amount = utilities.SafeActions.safeGetText(findTestObject("Pages/Sale/total_Amount"), 10): utilities.SafeActions.safeGetText is PASSED&#xD;
&#xD;
2019-09-17 08:56:32 - [MESSAGE][PASSED] - Object 'Object Repository/Pages/Sale/total_Amount' is present&#xD;
&#xD;
2019-09-17 08:56:32 - [MESSAGE][PASSED] - Text of object 'Object Repository/Pages/Sale/total_Amount' is: '$605.00'&#xD;
&#xD;
2019-09-17 08:56:32 - [MESSAGE][PASSED] - utilities.SafeActions.safeGetText is PASSED&#xD;
&#xD;
2019-09-17 08:56:32 - [TEST_STEP][PASSED] - scrollToElement(findTestObject("Pages/Sale/dropDown_ExpirationMonth"), 60): Scroll to object 'Object Repository/Pages/Sale/dropDown_ExpirationMonth' successfully&#xD;
&#xD;
2019-09-17 08:56:32 - [MESSAGE][PASSED] - Scroll to object 'Object Repository/Pages/Sale/dropDown_ExpirationMonth' successfully&#xD;
&#xD;
2019-09-17 08:56:32 - [TEST_STEP][PASSED] - pages.Sale.verifyIfEntryModeIsChecked("Sale", "Card Not Present", delayBetweenTestSteps): pages.Sale.verifyIfEntryModeIsChecked is PASSED&#xD;
&#xD;
2019-09-17 08:56:32 - [MESSAGE][PASSED] - Object '' is checked&#xD;
&#xD;
2019-09-17 08:56:32 - [MESSAGE][INFO] - The specified checkbox is checked&#xD;
&#xD;
2019-09-17 08:56:32 - [MESSAGE][PASSED] - pages.Sale.verifyIfEntryModeIsChecked is PASSED&#xD;
&#xD;
2019-09-17 08:56:32 - [TEST_STEP][PASSED] - utilities.SafeActions.safeType(findTestObject("Pages/Sale/input_CardNumber"), "4111111111111111", "Entering Card Number", [10]): utilities.SafeActions.safeType is PASSED&#xD;
&#xD;
2019-09-17 08:56:32 - [MESSAGE][PASSED] - Object 'Object Repository/Pages/Sale/input_CardNumber' is present&#xD;
&#xD;
2019-09-17 08:56:32 - [MESSAGE][PASSED] - Object: 'Object Repository/Pages/Sale/input_CardNumber' is clicked on&#xD;
&#xD;
2019-09-17 08:56:33 - [MESSAGE][PASSED] - Text '4111111111111111' is set on object 'Object Repository/Pages/Sale/input_CardNumber'&#xD;
&#xD;
2019-09-17 08:56:33 - [MESSAGE][PASSED] - utilities.SafeActions.safeType is PASSED&#xD;
&#xD;
2019-09-17 08:56:33 - [TEST_STEP][PASSED] - delay(4): Delayed 4 second(s)&#xD;
&#xD;
2019-09-17 08:56:37 - [MESSAGE][PASSED] - Delayed 4 second(s)&#xD;
&#xD;
2019-09-17 08:56:37 - [TEST_STEP][PASSED] - utilities.SafeActions.safeSelectOptionInDropDownByVisibleText(findTestObject("Pages/Sale/dropDown_ExpirationMonth"), "September", "Enter Expiration Month", [5]): utilities.SafeActions.safeSelectOptionInDropDownByVisibleText is PASSED&#xD;
&#xD;
2019-09-17 08:56:37 - [MESSAGE][PASSED] - Object 'Object Repository/Pages/Sale/dropDown_ExpirationMonth' is present&#xD;
&#xD;
2019-09-17 08:56:37 - [MESSAGE][PASSED] - Object: 'Object Repository/Pages/Sale/dropDown_ExpirationMonth' is clicked on&#xD;
&#xD;
2019-09-17 08:56:37 - [MESSAGE][PASSED] - All options with label 'September' are selected in object 'Object Repository/Pages/Sale/dropDown_ExpirationMonth' &#xD;
&#xD;
2019-09-17 08:56:37 - [MESSAGE][PASSED] - utilities.SafeActions.safeSelectOptionInDropDownByVisibleText is PASSED&#xD;
&#xD;
2019-09-17 08:56:37 - [TEST_STEP][PASSED] - utilities.SafeActions.safeSelectOptionInDropDownByVisibleText(findTestObject("Pages/Sale/dropDown_ExpirationYear"), "2022", "Enter Expiration Year", [5]): utilities.SafeActions.safeSelectOptionInDropDownByVisibleText is PASSED&#xD;
&#xD;
2019-09-17 08:56:37 - [MESSAGE][PASSED] - Object 'Object Repository/Pages/Sale/dropDown_ExpirationYear' is present&#xD;
&#xD;
2019-09-17 08:56:38 - [MESSAGE][PASSED] - Object: 'Object Repository/Pages/Sale/dropDown_ExpirationYear' is clicked on&#xD;
&#xD;
2019-09-17 08:56:38 - [MESSAGE][PASSED] - All options with label '2022' are selected in object 'Object Repository/Pages/Sale/dropDown_ExpirationYear' &#xD;
&#xD;
2019-09-17 08:56:38 - [MESSAGE][PASSED] - utilities.SafeActions.safeSelectOptionInDropDownByVisibleText is PASSED&#xD;
&#xD;
2019-09-17 08:56:38 - [TEST_STEP][PASSED] - delay(2): Delayed 2 second(s)&#xD;
&#xD;
2019-09-17 08:56:40 - [MESSAGE][PASSED] - Delayed 2 second(s)&#xD;
&#xD;
2019-09-17 08:56:40 - [TEST_STEP][PASSED] - scrollToElement(findTestObject("Pages/Sale/input_CustomerName"), 5): Scroll to object 'Object Repository/Pages/Sale/input_CustomerName' successfully&#xD;
&#xD;
2019-09-17 08:56:40 - [MESSAGE][PASSED] - Scroll to object 'Object Repository/Pages/Sale/input_CustomerName' successfully&#xD;
&#xD;
2019-09-17 08:56:40 - [TEST_STEP][PASSED] - utilities.SafeActions.safeType(findTestObject("Pages/Sale/input_CustomerName"), "Venkata Sai", "Enter Customer Name", [5]): utilities.SafeActions.safeType is PASSED&#xD;
&#xD;
2019-09-17 08:56:40 - [MESSAGE][PASSED] - Object 'Object Repository/Pages/Sale/input_CustomerName' is present&#xD;
&#xD;
2019-09-17 08:56:40 - [MESSAGE][PASSED] - Object: 'Object Repository/Pages/Sale/input_CustomerName' is clicked on&#xD;
&#xD;
2019-09-17 08:56:41 - [MESSAGE][PASSED] - Text 'Venkata Sai' is set on object 'Object Repository/Pages/Sale/input_CustomerName'&#xD;
&#xD;
2019-09-17 08:56:41 - [MESSAGE][PASSED] - utilities.SafeActions.safeType is PASSED&#xD;
&#xD;
2019-09-17 08:56:41 - [TEST_STEP][PASSED] - utilities.SafeActions.safeType(findTestObject("Pages/Sale/input_Address"), "Street12334", "Enter Address", [5]): utilities.SafeActions.safeType is PASSED&#xD;
&#xD;
2019-09-17 08:56:41 - [MESSAGE][PASSED] - Object 'Object Repository/Pages/Sale/input_Address' is present&#xD;
&#xD;
2019-09-17 08:56:41 - [MESSAGE][PASSED] - Object: 'Object Repository/Pages/Sale/input_Address' is clicked on&#xD;
&#xD;
2019-09-17 08:56:41 - [MESSAGE][PASSED] - Text 'Street12334' is set on object 'Object Repository/Pages/Sale/input_Address'&#xD;
&#xD;
2019-09-17 08:56:41 - [MESSAGE][PASSED] - utilities.SafeActions.safeType is PASSED&#xD;
&#xD;
2019-09-17 08:56:41 - [TEST_STEP][PASSED] - utilities.SafeActions.safeType(findTestObject("Pages/Sale/input_PostalCode"), "76102", "Enter Postal Code", [5]): utilities.SafeActions.safeType is PASSED&#xD;
&#xD;
2019-09-17 08:56:41 - [MESSAGE][PASSED] - Object 'Object Repository/Pages/Sale/input_PostalCode' is present&#xD;
&#xD;
2019-09-17 08:56:41 - [MESSAGE][PASSED] - Object: 'Object Repository/Pages/Sale/input_PostalCode' is clicked on&#xD;
&#xD;
2019-09-17 08:56:41 - [MESSAGE][PASSED] - Text '76102' is set on object 'Object Repository/Pages/Sale/input_PostalCode'&#xD;
&#xD;
2019-09-17 08:56:41 - [MESSAGE][PASSED] - utilities.SafeActions.safeType is PASSED&#xD;
&#xD;
2019-09-17 08:56:41 - [TEST_STEP][PASSED] - scrollToElement(findTestObject("Pages/Sale/invoiceNumber"), 10): Scroll to object 'Object Repository/Pages/Sale/invoiceNumber' successfully&#xD;
&#xD;
2019-09-17 08:56:42 - [MESSAGE][PASSED] - Scroll to object 'Object Repository/Pages/Sale/invoiceNumber' successfully&#xD;
&#xD;
2019-09-17 08:56:42 - [TEST_STEP][PASSED] - invoiceNumber = utilities.SafeActions.safeGetText(findTestObject("Pages/Sale/invoiceNumber"), 10): utilities.SafeActions.safeGetText is PASSED&#xD;
&#xD;
2019-09-17 08:56:42 - [MESSAGE][PASSED] - Object 'Object Repository/Pages/Sale/invoiceNumber' is present&#xD;
&#xD;
2019-09-17 08:56:42 - [MESSAGE][PASSED] - Text of object 'Object Repository/Pages/Sale/invoiceNumber' is: '15687141837347'&#xD;
&#xD;
2019-09-17 08:56:42 - [MESSAGE][PASSED] - utilities.SafeActions.safeGetText is PASSED&#xD;
&#xD;
2019-09-17 08:56:42 - [TEST_STEP][PASSED] - utilities.SafeActions.safeClickwithScroll(findTestObject("Pages/Sale/button_Checkout"), "Click on Checkout button", [60]): utilities.SafeActions.safeClickwithScroll is PASSED&#xD;
&#xD;
2019-09-17 08:56:42 - [MESSAGE][PASSED] - Scroll to object 'Object Repository/Pages/Sale/button_Checkout' successfully&#xD;
&#xD;
2019-09-17 08:56:42 - [MESSAGE][INFO] - Sale.ts:waiting until Click on Checkout button is Clickable&#xD;
&#xD;
2019-09-17 08:56:42 - [MESSAGE][PASSED] - Object 'Object Repository/Pages/Sale/button_Checkout' is clickable&#xD;
&#xD;
2019-09-17 08:56:42 - [MESSAGE][PASSED] - Object 'Object Repository/Pages/Sale/button_Checkout' is visible&#xD;
&#xD;
2019-09-17 08:56:42 - [MESSAGE][PASSED] - Object: 'Object Repository/Pages/Sale/button_Checkout' is clicked on&#xD;
&#xD;
2019-09-17 08:56:42 - [MESSAGE][INFO] - Sale.ts: Clicked on the Click on Checkout button&#xD;
&#xD;
2019-09-17 08:56:42 - [MESSAGE][PASSED] - utilities.SafeActions.safeClickwithScroll is PASSED&#xD;
&#xD;
2019-09-17 08:56:42 - [TEST_STEP][PASSED] - pages.Sale.verifyTransactionCompletePage(findTestObject("Pages/Sale/heading_TransactionComplete")): The screen is Transaction Complete screen&#xD;
&#xD;
2019-09-17 08:56:42 - [MESSAGE][PASSED] - Object 'Object Repository/Pages/Sale/heading_TransactionComplete' is present&#xD;
&#xD;
2019-09-17 08:56:42 - [MESSAGE][PASSED] - The screen is Transaction Complete screen&#xD;
&#xD;
2019-09-17 08:56:42 - [TEST_STEP][PASSED] - delay(6): Delayed 6 second(s)&#xD;
&#xD;
2019-09-17 08:56:48 - [MESSAGE][PASSED] - Delayed 6 second(s)&#xD;
&#xD;
2019-09-17 08:56:48 - [TEST_STEP][PASSED] - utilities.SafeActions.safeClickWithoutScroll(findTestObject("Pages/Sale/button_ReturnToSale"), "Click on Return To Sale", [10]): utilities.SafeActions.safeClickWithoutScroll is PASSED&#xD;
&#xD;
2019-09-17 08:56:48 - [MESSAGE][INFO] - Safe Click Without scroll&#xD;
&#xD;
2019-09-17 08:56:48 - [MESSAGE][INFO] - Sale.ts:waiting until Click on Return To Sale is Clickable&#xD;
&#xD;
2019-09-17 08:56:48 - [MESSAGE][PASSED] - Object 'Object Repository/Pages/Sale/button_ReturnToSale' is clickable&#xD;
&#xD;
2019-09-17 08:56:49 - [MESSAGE][PASSED] - Object 'Object Repository/Pages/Sale/button_ReturnToSale' is visible&#xD;
&#xD;
2019-09-17 08:56:49 - [MESSAGE][PASSED] - Object: 'Object Repository/Pages/Sale/button_ReturnToSale' is clicked on&#xD;
&#xD;
2019-09-17 08:56:49 - [MESSAGE][INFO] - Sale.ts: click on the Click on Return To Sale&#xD;
&#xD;
2019-09-17 08:56:49 - [MESSAGE][PASSED] - utilities.SafeActions.safeClickWithoutScroll is PASSED&#xD;
&#xD;
2019-09-17 08:56:49 - [TEST_STEP][PASSED] - utilities.SafeActions.safeClickWithoutScroll(findTestObject("Pages/Transaction_Management/tab_TransactionManagement"), "Transaction Management Tab", [10]): utilities.SafeActions.safeClickWithoutScroll is PASSED&#xD;
&#xD;
2019-09-17 08:56:49 - [MESSAGE][INFO] - Safe Click Without scroll&#xD;
&#xD;
2019-09-17 08:56:49 - [MESSAGE][INFO] - Sale.ts:waiting until Transaction Management Tab is Clickable&#xD;
&#xD;
2019-09-17 08:56:49 - [MESSAGE][PASSED] - Object 'Object Repository/Pages/Transaction_Management/tab_TransactionManagement' is clickable&#xD;
&#xD;
2019-09-17 08:56:49 - [MESSAGE][PASSED] - Object 'Object Repository/Pages/Transaction_Management/tab_TransactionManagement' is visible&#xD;
&#xD;
2019-09-17 08:56:49 - [MESSAGE][PASSED] - Object: 'Object Repository/Pages/Transaction_Management/tab_TransactionManagement' is clicked on&#xD;
&#xD;
2019-09-17 08:56:49 - [MESSAGE][INFO] - Sale.ts: click on the Transaction Management Tab&#xD;
&#xD;
2019-09-17 08:56:49 - [MESSAGE][PASSED] - utilities.SafeActions.safeClickWithoutScroll is PASSED&#xD;
&#xD;
2019-09-17 08:56:49 - [TEST_STEP][PASSED] - utilities.SafeActions.safeClickwithScroll(findTestObject("Pages/Transaction_Management/button_Search"), "Search", [10]): utilities.SafeActions.safeClickwithScroll is PASSED&#xD;
&#xD;
2019-09-17 08:56:49 - [MESSAGE][PASSED] - Scroll to object 'Object Repository/Pages/Transaction_Management/button_Search' successfully&#xD;
&#xD;
2019-09-17 08:56:49 - [MESSAGE][INFO] - Sale.ts:waiting until Search is Clickable&#xD;
&#xD;
2019-09-17 08:56:49 - [MESSAGE][PASSED] - Object 'Object Repository/Pages/Transaction_Management/button_Search' is clickable&#xD;
&#xD;
2019-09-17 08:56:49 - [MESSAGE][PASSED] - Object 'Object Repository/Pages/Transaction_Management/button_Search' is visible&#xD;
&#xD;
2019-09-17 08:56:50 - [MESSAGE][PASSED] - Object: 'Object Repository/Pages/Transaction_Management/button_Search' is clicked on&#xD;
&#xD;
2019-09-17 08:56:50 - [MESSAGE][INFO] - Sale.ts: Clicked on the Search&#xD;
&#xD;
2019-09-17 08:56:50 - [MESSAGE][PASSED] - utilities.SafeActions.safeClickwithScroll is PASSED&#xD;
&#xD;
2019-09-17 08:56:50 - [TEST_STEP][PASSED] - scrollToElement(findTestObject("Pages/Transaction_Management/invoice_ForTransaction"), 5): Scroll to object 'Object Repository/Pages/Transaction_Management/invoice_ForTransaction' successfully&#xD;
&#xD;
2019-09-17 08:56:50 - [MESSAGE][PASSED] - Scroll to object 'Object Repository/Pages/Transaction_Management/invoice_ForTransaction' successfully&#xD;
&#xD;
2019-09-17 08:56:50 - [TEST_STEP][PASSED] - pages.Transaction_Management.verifyInvoiceRecord(findTestObject("Pages/Transaction_Management/footer_NextButton"), findTestObject("Pages/Transaction_Management/page_Number"), invoiceNumber, total_Amount): The Transaction is found in page 1&#xD;
&#xD;
2019-09-17 08:56:50 - [MESSAGE][PASSED] - Text of object 'Object Repository/Pages/Transaction_Management/page_Number' is: 'Page 1 of 100'&#xD;
&#xD;
2019-09-17 08:56:50 - [MESSAGE][PASSED] - The Transaction is found in page 1&#xD;
&#xD;
2019-09-17 08:56:50 - [TEST_STEP][PASSED] - closeBrowser(): Browser is closed&#xD;
&#xD;
2019-09-17 08:56:52 - [MESSAGE][PASSED] - Browser is closed&#xD;
&#xD;
2019-09-17 08:56:52 - [TEST_STEP][PASSED] - Start listener action : sampleAfterTestCase: null</system-out>
            <system-err></system-err>
        </testcase>
        <testcase name="Test Cases/FirstView/Sale/TC_Sales_006" classname="Test Cases/FirstView/Sale/TC_Sales_006" status="PASSED">
            <system-out>2019-09-17 08:56:52 - [TEST_CASE][PASSED] - Test Cases/FirstView/Sale/TC_Sales_006: Test Cases/FirstView/Sale/TC_Sales_006&#xD;
&#xD;
2019-09-17 08:56:52 - [TEST_STEP][PASSED] - utilities.SafeActions.openBrowser(URL, [PageLoadTime]): utilities.SafeActions.openBrowser is PASSED&#xD;
&#xD;
2019-09-17 08:56:52 - [MESSAGE][INFO] - Opening Browser&#xD;
&#xD;
2019-09-17 08:56:52 - [MESSAGE][INFO] - Starting 'Firefox' driver&#xD;
&#xD;
2019-09-17 08:57:02 - [MESSAGE][PASSED] - Browser is opened with url: 'http://172.25.48.28/secure/VPOS/VPOS/Vpos'&#xD;
&#xD;
2019-09-17 08:57:02 - [MESSAGE][PASSED] - Current window maximized&#xD;
&#xD;
2019-09-17 08:57:02 - [MESSAGE][INFO] - Browser Launched Successfully&#xD;
&#xD;
2019-09-17 08:57:02 - [MESSAGE][PASSED] - utilities.SafeActions.openBrowser is PASSED&#xD;
&#xD;
2019-09-17 08:57:02 - [TEST_STEP][PASSED] - delay(6): Delayed 6 second(s)&#xD;
&#xD;
2019-09-17 08:57:08 - [MESSAGE][PASSED] - Delayed 6 second(s)&#xD;
&#xD;
2019-09-17 08:57:08 - [TEST_STEP][PASSED] - utilities.SafeActions.safeSelectOptionInDropDownByVisibleText(findTestObject("Pages/Sale/dropDown_AccountType"), "ranjanatest2 - 888814981372/003 Account Type: Moto", "Select by Value", [25]): utilities.SafeActions.safeSelectOptionInDropDownByVisibleText is PASSED&#xD;
&#xD;
2019-09-17 08:57:08 - [MESSAGE][PASSED] - Object 'Object Repository/Pages/Sale/dropDown_AccountType' is present&#xD;
&#xD;
2019-09-17 08:57:08 - [MESSAGE][PASSED] - Object: 'Object Repository/Pages/Sale/dropDown_AccountType' is clicked on&#xD;
&#xD;
2019-09-17 08:57:08 - [MESSAGE][PASSED] - All options with label 'ranjanatest2 - 888814981372/003 Account Type: Moto' are selected in object 'Object Repository/Pages/Sale/dropDown_AccountType' &#xD;
&#xD;
2019-09-17 08:57:08 - [MESSAGE][PASSED] - utilities.SafeActions.safeSelectOptionInDropDownByVisibleText is PASSED&#xD;
&#xD;
2019-09-17 08:57:08 - [TEST_STEP][PASSED] - delay(3): Delayed 3 second(s)&#xD;
&#xD;
2019-09-17 08:57:11 - [MESSAGE][PASSED] - Delayed 3 second(s)&#xD;
&#xD;
2019-09-17 08:57:11 - [TEST_STEP][PASSED] - pages.Sale.verifyIfEntryModeIsChecked("Sale", "Manually Keyed", delayBetweenTestSteps): pages.Sale.verifyIfEntryModeIsChecked is PASSED&#xD;
&#xD;
2019-09-17 08:57:11 - [MESSAGE][PASSED] - Object '' is checked&#xD;
&#xD;
2019-09-17 08:57:11 - [MESSAGE][INFO] - The specified checkbox is checked&#xD;
&#xD;
2019-09-17 08:57:11 - [MESSAGE][PASSED] - pages.Sale.verifyIfEntryModeIsChecked is PASSED&#xD;
&#xD;
2019-09-17 08:57:11 - [TEST_STEP][PASSED] - scrollToElement(findTestObject("Pages/Sale/input_Amount"), 60): Scroll to object 'Object Repository/Pages/Sale/input_Amount' successfully&#xD;
&#xD;
2019-09-17 08:57:11 - [MESSAGE][PASSED] - Scroll to object 'Object Repository/Pages/Sale/input_Amount' successfully&#xD;
&#xD;
2019-09-17 08:57:12 - [TEST_STEP][PASSED] - utilities.SafeActions.safeType(findTestObject("Pages/Sale/input_Amount"), "550", "Enter Amount into Amount text box", [20]): utilities.SafeActions.safeType is PASSED&#xD;
&#xD;
2019-09-17 08:57:12 - [MESSAGE][PASSED] - Object 'Object Repository/Pages/Sale/input_Amount' is present&#xD;
&#xD;
2019-09-17 08:57:12 - [MESSAGE][PASSED] - Object: 'Object Repository/Pages/Sale/input_Amount' is clicked on&#xD;
&#xD;
2019-09-17 08:57:12 - [MESSAGE][PASSED] - Text '550' is set on object 'Object Repository/Pages/Sale/input_Amount'&#xD;
&#xD;
2019-09-17 08:57:12 - [MESSAGE][PASSED] - utilities.SafeActions.safeType is PASSED&#xD;
&#xD;
2019-09-17 08:57:12 - [TEST_STEP][PASSED] - total_Amount = utilities.SafeActions.safeGetText(findTestObject("Pages/Sale/total_Amount"), 10): utilities.SafeActions.safeGetText is PASSED&#xD;
&#xD;
2019-09-17 08:57:12 - [MESSAGE][PASSED] - Object 'Object Repository/Pages/Sale/total_Amount' is present&#xD;
&#xD;
2019-09-17 08:57:12 - [MESSAGE][PASSED] - Text of object 'Object Repository/Pages/Sale/total_Amount' is: '$605.00'&#xD;
&#xD;
2019-09-17 08:57:12 - [MESSAGE][PASSED] - utilities.SafeActions.safeGetText is PASSED&#xD;
&#xD;
2019-09-17 08:57:12 - [TEST_STEP][PASSED] - scrollToElement(findTestObject("Pages/Sale/dropDown_ExpirationMonth"), 60): Scroll to object 'Object Repository/Pages/Sale/dropDown_ExpirationMonth' successfully&#xD;
&#xD;
2019-09-17 08:57:12 - [MESSAGE][PASSED] - Scroll to object 'Object Repository/Pages/Sale/dropDown_ExpirationMonth' successfully&#xD;
&#xD;
2019-09-17 08:57:12 - [TEST_STEP][PASSED] - pages.Sale.verifyIfEntryModeIsChecked("Sale", "Card Not Present", delayBetweenTestSteps): pages.Sale.verifyIfEntryModeIsChecked is PASSED&#xD;
&#xD;
2019-09-17 08:57:12 - [MESSAGE][PASSED] - Object '' is checked&#xD;
&#xD;
2019-09-17 08:57:12 - [MESSAGE][INFO] - The specified checkbox is checked&#xD;
&#xD;
2019-09-17 08:57:12 - [MESSAGE][PASSED] - pages.Sale.verifyIfEntryModeIsChecked is PASSED&#xD;
&#xD;
2019-09-17 08:57:12 - [TEST_STEP][PASSED] - utilities.SafeActions.safeType(findTestObject("Pages/Sale/input_CardNumber"), "4111111111111111", "Entering Card Number", [10]): utilities.SafeActions.safeType is PASSED&#xD;
&#xD;
2019-09-17 08:57:12 - [MESSAGE][PASSED] - Object 'Object Repository/Pages/Sale/input_CardNumber' is present&#xD;
&#xD;
2019-09-17 08:57:13 - [MESSAGE][PASSED] - Object: 'Object Repository/Pages/Sale/input_CardNumber' is clicked on&#xD;
&#xD;
2019-09-17 08:57:13 - [MESSAGE][PASSED] - Text '4111111111111111' is set on object 'Object Repository/Pages/Sale/input_CardNumber'&#xD;
&#xD;
2019-09-17 08:57:13 - [MESSAGE][PASSED] - utilities.SafeActions.safeType is PASSED&#xD;
&#xD;
2019-09-17 08:57:13 - [TEST_STEP][PASSED] - delay(4): Delayed 4 second(s)&#xD;
&#xD;
2019-09-17 08:57:17 - [MESSAGE][PASSED] - Delayed 4 second(s)&#xD;
&#xD;
2019-09-17 08:57:17 - [TEST_STEP][PASSED] - utilities.SafeActions.safeSelectOptionInDropDownByVisibleText(findTestObject("Pages/Sale/dropDown_ExpirationMonth"), "September", "Enter Expiration Month", [5]): utilities.SafeActions.safeSelectOptionInDropDownByVisibleText is PASSED&#xD;
&#xD;
2019-09-17 08:57:17 - [MESSAGE][PASSED] - Object 'Object Repository/Pages/Sale/dropDown_ExpirationMonth' is present&#xD;
&#xD;
2019-09-17 08:57:17 - [MESSAGE][PASSED] - Object: 'Object Repository/Pages/Sale/dropDown_ExpirationMonth' is clicked on&#xD;
&#xD;
2019-09-17 08:57:18 - [MESSAGE][PASSED] - All options with label 'September' are selected in object 'Object Repository/Pages/Sale/dropDown_ExpirationMonth' &#xD;
&#xD;
2019-09-17 08:57:18 - [MESSAGE][PASSED] - utilities.SafeActions.safeSelectOptionInDropDownByVisibleText is PASSED&#xD;
&#xD;
2019-09-17 08:57:18 - [TEST_STEP][PASSED] - utilities.SafeActions.safeSelectOptionInDropDownByVisibleText(findTestObject("Pages/Sale/dropDown_ExpirationYear"), "2022", "Enter Expiration Year", [5]): utilities.SafeActions.safeSelectOptionInDropDownByVisibleText is PASSED&#xD;
&#xD;
2019-09-17 08:57:18 - [MESSAGE][PASSED] - Object 'Object Repository/Pages/Sale/dropDown_ExpirationYear' is present&#xD;
&#xD;
2019-09-17 08:57:18 - [MESSAGE][PASSED] - Object: 'Object Repository/Pages/Sale/dropDown_ExpirationYear' is clicked on&#xD;
&#xD;
2019-09-17 08:57:18 - [MESSAGE][PASSED] - All options with label '2022' are selected in object 'Object Repository/Pages/Sale/dropDown_ExpirationYear' &#xD;
&#xD;
2019-09-17 08:57:18 - [MESSAGE][PASSED] - utilities.SafeActions.safeSelectOptionInDropDownByVisibleText is PASSED&#xD;
&#xD;
2019-09-17 08:57:18 - [TEST_STEP][PASSED] - delay(2): Delayed 2 second(s)&#xD;
&#xD;
2019-09-17 08:57:20 - [MESSAGE][PASSED] - Delayed 2 second(s)&#xD;
&#xD;
2019-09-17 08:57:20 - [TEST_STEP][PASSED] - scrollToElement(findTestObject("Pages/Sale/invoiceNumber"), 10): Scroll to object 'Object Repository/Pages/Sale/invoiceNumber' successfully&#xD;
&#xD;
2019-09-17 08:57:20 - [MESSAGE][PASSED] - Scroll to object 'Object Repository/Pages/Sale/invoiceNumber' successfully&#xD;
&#xD;
2019-09-17 08:57:20 - [TEST_STEP][PASSED] - invoiceNumber = utilities.SafeActions.safeGetText(findTestObject("Pages/Sale/invoiceNumber"), 10): utilities.SafeActions.safeGetText is PASSED&#xD;
&#xD;
2019-09-17 08:57:21 - [MESSAGE][PASSED] - Object 'Object Repository/Pages/Sale/invoiceNumber' is present&#xD;
&#xD;
2019-09-17 08:57:21 - [MESSAGE][PASSED] - Text of object 'Object Repository/Pages/Sale/invoiceNumber' is: '156871422354983'&#xD;
&#xD;
2019-09-17 08:57:21 - [MESSAGE][PASSED] - utilities.SafeActions.safeGetText is PASSED&#xD;
&#xD;
2019-09-17 08:57:21 - [TEST_STEP][PASSED] - utilities.SafeActions.safeClickwithScroll(findTestObject("Pages/Sale/button_Checkout"), "Click on Checkout button", [60]): utilities.SafeActions.safeClickwithScroll is PASSED&#xD;
&#xD;
2019-09-17 08:57:21 - [MESSAGE][PASSED] - Scroll to object 'Object Repository/Pages/Sale/button_Checkout' successfully&#xD;
&#xD;
2019-09-17 08:57:21 - [MESSAGE][INFO] - Sale.ts:waiting until Click on Checkout button is Clickable&#xD;
&#xD;
2019-09-17 08:57:21 - [MESSAGE][PASSED] - Object 'Object Repository/Pages/Sale/button_Checkout' is clickable&#xD;
&#xD;
2019-09-17 08:57:21 - [MESSAGE][PASSED] - Object 'Object Repository/Pages/Sale/button_Checkout' is visible&#xD;
&#xD;
2019-09-17 08:57:21 - [MESSAGE][PASSED] - Object: 'Object Repository/Pages/Sale/button_Checkout' is clicked on&#xD;
&#xD;
2019-09-17 08:57:21 - [MESSAGE][INFO] - Sale.ts: Clicked on the Click on Checkout button&#xD;
&#xD;
2019-09-17 08:57:21 - [MESSAGE][PASSED] - utilities.SafeActions.safeClickwithScroll is PASSED&#xD;
&#xD;
2019-09-17 08:57:21 - [TEST_STEP][PASSED] - pages.Sale.verifyTransactionCompletePage(findTestObject("Pages/Sale/heading_TransactionComplete")): The screen is Transaction Complete screen&#xD;
&#xD;
2019-09-17 08:57:21 - [MESSAGE][PASSED] - Object 'Object Repository/Pages/Sale/heading_TransactionComplete' is present&#xD;
&#xD;
2019-09-17 08:57:21 - [MESSAGE][PASSED] - The screen is Transaction Complete screen&#xD;
&#xD;
2019-09-17 08:57:21 - [TEST_STEP][PASSED] - delay(6): Delayed 6 second(s)&#xD;
&#xD;
2019-09-17 08:57:27 - [MESSAGE][PASSED] - Delayed 6 second(s)&#xD;
&#xD;
2019-09-17 08:57:27 - [TEST_STEP][PASSED] - utilities.SafeActions.safeClickWithoutScroll(findTestObject("Pages/Sale/button_ReturnToSale"), "Click on Return To Sale", [10]): utilities.SafeActions.safeClickWithoutScroll is PASSED&#xD;
&#xD;
2019-09-17 08:57:27 - [MESSAGE][INFO] - Safe Click Without scroll&#xD;
&#xD;
2019-09-17 08:57:27 - [MESSAGE][INFO] - Sale.ts:waiting until Click on Return To Sale is Clickable&#xD;
&#xD;
2019-09-17 08:57:27 - [MESSAGE][PASSED] - Object 'Object Repository/Pages/Sale/button_ReturnToSale' is clickable&#xD;
&#xD;
2019-09-17 08:57:28 - [MESSAGE][PASSED] - Object 'Object Repository/Pages/Sale/button_ReturnToSale' is visible&#xD;
&#xD;
2019-09-17 08:57:28 - [MESSAGE][PASSED] - Object: 'Object Repository/Pages/Sale/button_ReturnToSale' is clicked on&#xD;
&#xD;
2019-09-17 08:57:28 - [MESSAGE][INFO] - Sale.ts: click on the Click on Return To Sale&#xD;
&#xD;
2019-09-17 08:57:28 - [MESSAGE][PASSED] - utilities.SafeActions.safeClickWithoutScroll is PASSED&#xD;
&#xD;
2019-09-17 08:57:28 - [TEST_STEP][PASSED] - utilities.SafeActions.safeClickWithoutScroll(findTestObject("Pages/Transaction_Management/tab_TransactionManagement"), "Transaction Management Tab", [10]): utilities.SafeActions.safeClickWithoutScroll is PASSED&#xD;
&#xD;
2019-09-17 08:57:28 - [MESSAGE][INFO] - Safe Click Without scroll&#xD;
&#xD;
2019-09-17 08:57:28 - [MESSAGE][INFO] - Sale.ts:waiting until Transaction Management Tab is Clickable&#xD;
&#xD;
2019-09-17 08:57:28 - [MESSAGE][PASSED] - Object 'Object Repository/Pages/Transaction_Management/tab_TransactionManagement' is clickable&#xD;
&#xD;
2019-09-17 08:57:28 - [MESSAGE][PASSED] - Object 'Object Repository/Pages/Transaction_Management/tab_TransactionManagement' is visible&#xD;
&#xD;
2019-09-17 08:57:29 - [MESSAGE][PASSED] - Object: 'Object Repository/Pages/Transaction_Management/tab_TransactionManagement' is clicked on&#xD;
&#xD;
2019-09-17 08:57:29 - [MESSAGE][INFO] - Sale.ts: click on the Transaction Management Tab&#xD;
&#xD;
2019-09-17 08:57:29 - [MESSAGE][PASSED] - utilities.SafeActions.safeClickWithoutScroll is PASSED&#xD;
&#xD;
2019-09-17 08:57:29 - [TEST_STEP][PASSED] - utilities.SafeActions.safeClickwithScroll(findTestObject("Pages/Transaction_Management/button_Search"), "Search", [10]): utilities.SafeActions.safeClickwithScroll is PASSED&#xD;
&#xD;
2019-09-17 08:57:29 - [MESSAGE][PASSED] - Scroll to object 'Object Repository/Pages/Transaction_Management/button_Search' successfully&#xD;
&#xD;
2019-09-17 08:57:29 - [MESSAGE][INFO] - Sale.ts:waiting until Search is Clickable&#xD;
&#xD;
2019-09-17 08:57:29 - [MESSAGE][PASSED] - Object 'Object Repository/Pages/Transaction_Management/button_Search' is clickable&#xD;
&#xD;
2019-09-17 08:57:29 - [MESSAGE][PASSED] - Object 'Object Repository/Pages/Transaction_Management/button_Search' is visible&#xD;
&#xD;
2019-09-17 08:57:31 - [MESSAGE][PASSED] - Object: 'Object Repository/Pages/Transaction_Management/button_Search' is clicked on&#xD;
&#xD;
2019-09-17 08:57:31 - [MESSAGE][INFO] - Sale.ts: Clicked on the Search&#xD;
&#xD;
2019-09-17 08:57:31 - [MESSAGE][PASSED] - utilities.SafeActions.safeClickwithScroll is PASSED&#xD;
&#xD;
2019-09-17 08:57:31 - [TEST_STEP][PASSED] - scrollToElement(findTestObject("Pages/Transaction_Management/invoice_ForTransaction"), 5): Scroll to object 'Object Repository/Pages/Transaction_Management/invoice_ForTransaction' successfully&#xD;
&#xD;
2019-09-17 08:57:31 - [MESSAGE][PASSED] - Scroll to object 'Object Repository/Pages/Transaction_Management/invoice_ForTransaction' successfully&#xD;
&#xD;
2019-09-17 08:57:31 - [TEST_STEP][PASSED] - pages.Transaction_Management.verifyInvoiceRecord(findTestObject("Pages/Transaction_Management/footer_NextButton"), findTestObject("Pages/Transaction_Management/page_Number"), invoiceNumber, total_Amount): The Transaction is found in page 1&#xD;
&#xD;
2019-09-17 08:57:31 - [MESSAGE][PASSED] - Text of object 'Object Repository/Pages/Transaction_Management/page_Number' is: 'Page 1 of 100'&#xD;
&#xD;
2019-09-17 08:57:31 - [MESSAGE][PASSED] - The Transaction is found in page 1&#xD;
&#xD;
2019-09-17 08:57:31 - [TEST_STEP][PASSED] - closeBrowser(): Browser is closed&#xD;
&#xD;
2019-09-17 08:57:33 - [MESSAGE][PASSED] - Browser is closed&#xD;
&#xD;
2019-09-17 08:57:33 - [TEST_STEP][PASSED] - Start listener action : sampleAfterTestCase: null</system-out>
            <system-err></system-err>
        </testcase>
        <testcase name="Test Cases/FirstView/Sale/TC_Sales_001" classname="Test Cases/FirstView/Sale/TC_Sales_001" status="PASSED">
            <system-out>2019-09-17 08:57:33 - [TEST_CASE][PASSED] - Test Cases/FirstView/Sale/TC_Sales_001: Test Cases/FirstView/Sale/TC_Sales_001&#xD;
&#xD;
2019-09-17 08:57:33 - [TEST_STEP][PASSED] - utilities.SafeActions.openBrowser(URL, [PageLoadTime]): utilities.SafeActions.openBrowser is PASSED&#xD;
&#xD;
2019-09-17 08:57:33 - [MESSAGE][INFO] - Opening Browser&#xD;
&#xD;
2019-09-17 08:57:33 - [MESSAGE][INFO] - Starting 'Firefox' driver&#xD;
&#xD;
2019-09-17 08:57:42 - [MESSAGE][PASSED] - Browser is opened with url: 'http://172.25.48.28/secure/VPOS/VPOS/Vpos'&#xD;
&#xD;
2019-09-17 08:57:42 - [MESSAGE][PASSED] - Current window maximized&#xD;
&#xD;
2019-09-17 08:57:42 - [MESSAGE][INFO] - Browser Launched Successfully&#xD;
&#xD;
2019-09-17 08:57:42 - [MESSAGE][PASSED] - utilities.SafeActions.openBrowser is PASSED&#xD;
&#xD;
2019-09-17 08:57:42 - [TEST_STEP][PASSED] - delay(delayForElement): Delayed 6 second(s)&#xD;
&#xD;
2019-09-17 08:57:48 - [MESSAGE][PASSED] - Delayed 6 second(s)&#xD;
&#xD;
2019-09-17 08:57:48 - [TEST_STEP][PASSED] - utilities.SafeActions.safeSelectOptionInDropDownByVisibleText(findTestObject("Pages/Sale/dropDown_AccountType"), RetailAccountOption, "Select by Value", [25]): utilities.SafeActions.safeSelectOptionInDropDownByVisibleText is PASSED&#xD;
&#xD;
2019-09-17 08:57:48 - [MESSAGE][PASSED] - Object 'Object Repository/Pages/Sale/dropDown_AccountType' is present&#xD;
&#xD;
2019-09-17 08:57:48 - [MESSAGE][PASSED] - Object: 'Object Repository/Pages/Sale/dropDown_AccountType' is clicked on&#xD;
&#xD;
2019-09-17 08:57:48 - [MESSAGE][PASSED] - All options with label 'ranjanatest2 - 888814981372/001 Account Type: Retail' are selected in object 'Object Repository/Pages/Sale/dropDown_AccountType' &#xD;
&#xD;
2019-09-17 08:57:48 - [MESSAGE][PASSED] - utilities.SafeActions.safeSelectOptionInDropDownByVisibleText is PASSED&#xD;
&#xD;
2019-09-17 08:57:48 - [TEST_STEP][PASSED] - delay(delayBetweenTestSteps): Delayed 3 second(s)&#xD;
&#xD;
2019-09-17 08:57:51 - [MESSAGE][PASSED] - Delayed 3 second(s)&#xD;
&#xD;
2019-09-17 08:57:51 - [TEST_STEP][PASSED] - pages.Sale.verifyIfEntryModeIsChecked(tabName, entryModeCheckBox, delayBetweenTestSteps): pages.Sale.verifyIfEntryModeIsChecked is PASSED&#xD;
&#xD;
2019-09-17 08:57:51 - [MESSAGE][PASSED] - Object '' is checked&#xD;
&#xD;
2019-09-17 08:57:51 - [MESSAGE][INFO] - The specified checkbox is checked&#xD;
&#xD;
2019-09-17 08:57:51 - [MESSAGE][PASSED] - pages.Sale.verifyIfEntryModeIsChecked is PASSED&#xD;
&#xD;
2019-09-17 08:57:51 - [TEST_STEP][PASSED] - scrollToElement(findTestObject("Pages/Sale/input_Amount"), delayBetweenTestSteps): Scroll to object 'Object Repository/Pages/Sale/input_Amount' successfully&#xD;
&#xD;
2019-09-17 08:57:51 - [MESSAGE][PASSED] - Scroll to object 'Object Repository/Pages/Sale/input_Amount' successfully&#xD;
&#xD;
2019-09-17 08:57:51 - [TEST_STEP][PASSED] - utilities.SafeActions.safeType(findTestObject("Pages/Sale/input_Amount"), amountInput, "Enter Amount into Amount text box", [20]): utilities.SafeActions.safeType is PASSED&#xD;
&#xD;
2019-09-17 08:57:51 - [MESSAGE][PASSED] - Object 'Object Repository/Pages/Sale/input_Amount' is present&#xD;
&#xD;
2019-09-17 08:57:51 - [MESSAGE][PASSED] - Object: 'Object Repository/Pages/Sale/input_Amount' is clicked on&#xD;
&#xD;
2019-09-17 08:57:52 - [MESSAGE][PASSED] - Text '550' is set on object 'Object Repository/Pages/Sale/input_Amount'&#xD;
&#xD;
2019-09-17 08:57:52 - [MESSAGE][PASSED] - utilities.SafeActions.safeType is PASSED&#xD;
&#xD;
2019-09-17 08:57:52 - [TEST_STEP][PASSED] - total_Amount = utilities.SafeActions.safeGetText(findTestObject("Pages/Sale/total_Amount"), delayBetweenTestSteps): utilities.SafeActions.safeGetText is PASSED&#xD;
&#xD;
2019-09-17 08:57:52 - [MESSAGE][PASSED] - Object 'Object Repository/Pages/Sale/total_Amount' is present&#xD;
&#xD;
2019-09-17 08:57:52 - [MESSAGE][PASSED] - Text of object 'Object Repository/Pages/Sale/total_Amount' is: '$605.00'&#xD;
&#xD;
2019-09-17 08:57:52 - [MESSAGE][PASSED] - utilities.SafeActions.safeGetText is PASSED&#xD;
&#xD;
2019-09-17 08:57:52 - [TEST_STEP][PASSED] - scrollToElement(findTestObject("Pages/Sale/dropDown_ExpirationMonth"), delayBetweenTestSteps): Scroll to object 'Object Repository/Pages/Sale/dropDown_ExpirationMonth' successfully&#xD;
&#xD;
2019-09-17 08:57:52 - [MESSAGE][PASSED] - Scroll to object 'Object Repository/Pages/Sale/dropDown_ExpirationMonth' successfully&#xD;
&#xD;
2019-09-17 08:57:52 - [TEST_STEP][PASSED] - pages.Sale.verifyIfEntryModeIsChecked(tabName, cardInformationCheckBox, delayBetweenTestSteps): pages.Sale.verifyIfEntryModeIsChecked is PASSED&#xD;
&#xD;
2019-09-17 08:57:52 - [MESSAGE][PASSED] - Object '' is checked&#xD;
&#xD;
2019-09-17 08:57:52 - [MESSAGE][INFO] - The specified checkbox is checked&#xD;
&#xD;
2019-09-17 08:57:52 - [MESSAGE][PASSED] - pages.Sale.verifyIfEntryModeIsChecked is PASSED&#xD;
&#xD;
2019-09-17 08:57:52 - [TEST_STEP][PASSED] - utilities.SafeActions.safeType(findTestObject("Pages/Sale/input_CardNumber"), visaCardNumber, "Entering Card Number", [10]): utilities.SafeActions.safeType is PASSED&#xD;
&#xD;
2019-09-17 08:57:52 - [MESSAGE][PASSED] - Object 'Object Repository/Pages/Sale/input_CardNumber' is present&#xD;
&#xD;
2019-09-17 08:57:52 - [MESSAGE][PASSED] - Object: 'Object Repository/Pages/Sale/input_CardNumber' is clicked on&#xD;
&#xD;
2019-09-17 08:57:52 - [MESSAGE][PASSED] - Text '4111111111111111' is set on object 'Object Repository/Pages/Sale/input_CardNumber'&#xD;
&#xD;
2019-09-17 08:57:52 - [MESSAGE][PASSED] - utilities.SafeActions.safeType is PASSED&#xD;
&#xD;
2019-09-17 08:57:52 - [TEST_STEP][PASSED] - delay(delayBetweenTestSteps): Delayed 3 second(s)&#xD;
&#xD;
2019-09-17 08:57:55 - [MESSAGE][PASSED] - Delayed 3 second(s)&#xD;
&#xD;
2019-09-17 08:57:55 - [TEST_STEP][PASSED] - utilities.SafeActions.safeSelectOptionInDropDownByVisibleText(findTestObject("Pages/Sale/dropDown_ExpirationMonth"), cardMonth, "Enter Month", [5]): utilities.SafeActions.safeSelectOptionInDropDownByVisibleText is PASSED&#xD;
&#xD;
2019-09-17 08:57:55 - [MESSAGE][PASSED] - Object 'Object Repository/Pages/Sale/dropDown_ExpirationMonth' is present&#xD;
&#xD;
2019-09-17 08:57:56 - [MESSAGE][PASSED] - Object: 'Object Repository/Pages/Sale/dropDown_ExpirationMonth' is clicked on&#xD;
&#xD;
2019-09-17 08:57:56 - [MESSAGE][PASSED] - All options with label 'September' are selected in object 'Object Repository/Pages/Sale/dropDown_ExpirationMonth' &#xD;
&#xD;
2019-09-17 08:57:56 - [MESSAGE][PASSED] - utilities.SafeActions.safeSelectOptionInDropDownByVisibleText is PASSED&#xD;
&#xD;
2019-09-17 08:57:56 - [TEST_STEP][PASSED] - utilities.SafeActions.safeSelectOptionInDropDownByVisibleText(findTestObject("Pages/Sale/dropDown_ExpirationYear"), cardYear, "Select Expiration Year", [5]): utilities.SafeActions.safeSelectOptionInDropDownByVisibleText is PASSED&#xD;
&#xD;
2019-09-17 08:57:56 - [MESSAGE][PASSED] - Object 'Object Repository/Pages/Sale/dropDown_ExpirationYear' is present&#xD;
&#xD;
2019-09-17 08:57:56 - [MESSAGE][PASSED] - Object: 'Object Repository/Pages/Sale/dropDown_ExpirationYear' is clicked on&#xD;
&#xD;
2019-09-17 08:57:56 - [MESSAGE][PASSED] - All options with label '2022' are selected in object 'Object Repository/Pages/Sale/dropDown_ExpirationYear' &#xD;
&#xD;
2019-09-17 08:57:56 - [MESSAGE][PASSED] - utilities.SafeActions.safeSelectOptionInDropDownByVisibleText is PASSED&#xD;
&#xD;
2019-09-17 08:57:56 - [TEST_STEP][PASSED] - delay(delayBetweenTestSteps): Delayed 3 second(s)&#xD;
&#xD;
2019-09-17 08:57:59 - [MESSAGE][PASSED] - Delayed 3 second(s)&#xD;
&#xD;
2019-09-17 08:57:59 - [TEST_STEP][PASSED] - scrollToElement(findTestObject("Pages/Sale/invoiceNumber"), delayBetweenTestSteps): Scroll to object 'Object Repository/Pages/Sale/invoiceNumber' successfully&#xD;
&#xD;
2019-09-17 08:58:00 - [MESSAGE][PASSED] - Scroll to object 'Object Repository/Pages/Sale/invoiceNumber' successfully&#xD;
&#xD;
2019-09-17 08:58:00 - [TEST_STEP][PASSED] - invoiceNumber = utilities.SafeActions.safeGetText(findTestObject("Pages/Sale/invoiceNumber"), delayBetweenTestSteps): utilities.SafeActions.safeGetText is PASSED&#xD;
&#xD;
2019-09-17 08:58:00 - [MESSAGE][PASSED] - Object 'Object Repository/Pages/Sale/invoiceNumber' is present&#xD;
&#xD;
2019-09-17 08:58:00 - [MESSAGE][PASSED] - Text of object 'Object Repository/Pages/Sale/invoiceNumber' is: '15687142638778'&#xD;
&#xD;
2019-09-17 08:58:00 - [MESSAGE][PASSED] - utilities.SafeActions.safeGetText is PASSED&#xD;
&#xD;
2019-09-17 08:58:00 - [TEST_STEP][PASSED] - utilities.SafeActions.safeClickwithScroll(findTestObject("Pages/Sale/button_Checkout"), "Click on Checkout button", [60]): utilities.SafeActions.safeClickwithScroll is PASSED&#xD;
&#xD;
2019-09-17 08:58:00 - [MESSAGE][PASSED] - Scroll to object 'Object Repository/Pages/Sale/button_Checkout' successfully&#xD;
&#xD;
2019-09-17 08:58:00 - [MESSAGE][INFO] - Sale.ts:waiting until Click on Checkout button is Clickable&#xD;
&#xD;
2019-09-17 08:58:00 - [MESSAGE][PASSED] - Object 'Object Repository/Pages/Sale/button_Checkout' is clickable&#xD;
&#xD;
2019-09-17 08:58:00 - [MESSAGE][PASSED] - Object 'Object Repository/Pages/Sale/button_Checkout' is visible&#xD;
&#xD;
2019-09-17 08:58:01 - [MESSAGE][PASSED] - Object: 'Object Repository/Pages/Sale/button_Checkout' is clicked on&#xD;
&#xD;
2019-09-17 08:58:01 - [MESSAGE][INFO] - Sale.ts: Clicked on the Click on Checkout button&#xD;
&#xD;
2019-09-17 08:58:01 - [MESSAGE][PASSED] - utilities.SafeActions.safeClickwithScroll is PASSED&#xD;
&#xD;
2019-09-17 08:58:01 - [TEST_STEP][PASSED] - pages.Sale.verifyTransactionCompletePage(findTestObject("Pages/Sale/heading_TransactionComplete")): The screen is Transaction Complete screen&#xD;
&#xD;
2019-09-17 08:58:01 - [MESSAGE][PASSED] - Object 'Object Repository/Pages/Sale/heading_TransactionComplete' is present&#xD;
&#xD;
2019-09-17 08:58:01 - [MESSAGE][PASSED] - The screen is Transaction Complete screen&#xD;
&#xD;
2019-09-17 08:58:01 - [TEST_STEP][PASSED] - delay(delayBetweenTestSteps): Delayed 3 second(s)&#xD;
&#xD;
2019-09-17 08:58:04 - [MESSAGE][PASSED] - Delayed 3 second(s)&#xD;
&#xD;
2019-09-17 08:58:04 - [TEST_STEP][PASSED] - utilities.SafeActions.safeClickWithoutScroll(findTestObject("Pages/Sale/button_ReturnToSale"), "Click on Return To Sale", [10]): utilities.SafeActions.safeClickWithoutScroll is PASSED&#xD;
&#xD;
2019-09-17 08:58:04 - [MESSAGE][INFO] - Safe Click Without scroll&#xD;
&#xD;
2019-09-17 08:58:04 - [MESSAGE][INFO] - Sale.ts:waiting until Click on Return To Sale is Clickable&#xD;
&#xD;
2019-09-17 08:58:04 - [MESSAGE][PASSED] - Object 'Object Repository/Pages/Sale/button_ReturnToSale' is clickable&#xD;
&#xD;
2019-09-17 08:58:04 - [MESSAGE][PASSED] - Object 'Object Repository/Pages/Sale/button_ReturnToSale' is visible&#xD;
&#xD;
2019-09-17 08:58:04 - [MESSAGE][PASSED] - Object: 'Object Repository/Pages/Sale/button_ReturnToSale' is clicked on&#xD;
&#xD;
2019-09-17 08:58:04 - [MESSAGE][INFO] - Sale.ts: click on the Click on Return To Sale&#xD;
&#xD;
2019-09-17 08:58:04 - [MESSAGE][PASSED] - utilities.SafeActions.safeClickWithoutScroll is PASSED&#xD;
&#xD;
2019-09-17 08:58:04 - [TEST_STEP][PASSED] - utilities.SafeActions.safeClickWithoutScroll(findTestObject("Pages/Transaction_Management/tab_TransactionManagement"), "Transaction Management Tab", [10]): utilities.SafeActions.safeClickWithoutScroll is PASSED&#xD;
&#xD;
2019-09-17 08:58:04 - [MESSAGE][INFO] - Safe Click Without scroll&#xD;
&#xD;
2019-09-17 08:58:04 - [MESSAGE][INFO] - Sale.ts:waiting until Transaction Management Tab is Clickable&#xD;
&#xD;
2019-09-17 08:58:04 - [MESSAGE][PASSED] - Object 'Object Repository/Pages/Transaction_Management/tab_TransactionManagement' is clickable&#xD;
&#xD;
2019-09-17 08:58:04 - [MESSAGE][PASSED] - Object 'Object Repository/Pages/Transaction_Management/tab_TransactionManagement' is visible&#xD;
&#xD;
2019-09-17 08:58:04 - [MESSAGE][PASSED] - Object: 'Object Repository/Pages/Transaction_Management/tab_TransactionManagement' is clicked on&#xD;
&#xD;
2019-09-17 08:58:04 - [MESSAGE][INFO] - Sale.ts: click on the Transaction Management Tab&#xD;
&#xD;
2019-09-17 08:58:04 - [MESSAGE][PASSED] - utilities.SafeActions.safeClickWithoutScroll is PASSED&#xD;
&#xD;
2019-09-17 08:58:04 - [TEST_STEP][PASSED] - utilities.SafeActions.safeClickwithScroll(findTestObject("Pages/Transaction_Management/button_Search"), "Search", [10]): utilities.SafeActions.safeClickwithScroll is PASSED&#xD;
&#xD;
2019-09-17 08:58:05 - [MESSAGE][PASSED] - Scroll to object 'Object Repository/Pages/Transaction_Management/button_Search' successfully&#xD;
&#xD;
2019-09-17 08:58:05 - [MESSAGE][INFO] - Sale.ts:waiting until Search is Clickable&#xD;
&#xD;
2019-09-17 08:58:05 - [MESSAGE][PASSED] - Object 'Object Repository/Pages/Transaction_Management/button_Search' is clickable&#xD;
&#xD;
2019-09-17 08:58:05 - [MESSAGE][PASSED] - Object 'Object Repository/Pages/Transaction_Management/button_Search' is visible&#xD;
&#xD;
2019-09-17 08:58:05 - [MESSAGE][PASSED] - Object: 'Object Repository/Pages/Transaction_Management/button_Search' is clicked on&#xD;
&#xD;
2019-09-17 08:58:05 - [MESSAGE][INFO] - Sale.ts: Clicked on the Search&#xD;
&#xD;
2019-09-17 08:58:05 - [MESSAGE][PASSED] - utilities.SafeActions.safeClickwithScroll is PASSED&#xD;
&#xD;
2019-09-17 08:58:05 - [TEST_STEP][PASSED] - scrollToElement(findTestObject("Pages/Transaction_Management/invoice_ForTransaction"), delayBetweenTestSteps): Scroll to object 'Object Repository/Pages/Transaction_Management/invoice_ForTransaction' successfully&#xD;
&#xD;
2019-09-17 08:58:05 - [MESSAGE][PASSED] - Scroll to object 'Object Repository/Pages/Transaction_Management/invoice_ForTransaction' successfully&#xD;
&#xD;
2019-09-17 08:58:05 - [TEST_STEP][PASSED] - pages.Transaction_Management.verifyInvoiceRecord(findTestObject("Pages/Transaction_Management/footer_NextButton"), findTestObject("Pages/Transaction_Management/page_Number"), invoiceNumber, total_Amount): The Transaction is found in page 1&#xD;
&#xD;
2019-09-17 08:58:06 - [MESSAGE][PASSED] - Text of object 'Object Repository/Pages/Transaction_Management/page_Number' is: 'Page 1 of 100'&#xD;
&#xD;
2019-09-17 08:58:06 - [MESSAGE][PASSED] - The Transaction is found in page 1&#xD;
&#xD;
2019-09-17 08:58:06 - [TEST_STEP][PASSED] - closeBrowser(): Browser is closed&#xD;
&#xD;
2019-09-17 08:58:07 - [MESSAGE][PASSED] - Browser is closed&#xD;
&#xD;
2019-09-17 08:58:07 - [TEST_STEP][PASSED] - Start listener action : sampleAfterTestCase: null</system-out>
            <system-err></system-err>
        </testcase>
        <testcase name="Test Cases/FirstView/FirstPayVault/TC_1st_Pay_Vault_001" classname="Test Cases/FirstView/FirstPayVault/TC_1st_Pay_Vault_001" status="PASSED">
            <system-out>2019-09-17 08:58:07 - [TEST_CASE][PASSED] - Test Cases/FirstView/FirstPayVault/TC_1st_Pay_Vault_001: Test Cases/FirstView/FirstPayVault/TC_1st_Pay_Vault_001&#xD;
&#xD;
2019-09-17 08:58:08 - [TEST_STEP][PASSED] - utilities.SafeActions.openBrowser(URL, [PageLoadTime]): utilities.SafeActions.openBrowser is PASSED&#xD;
&#xD;
2019-09-17 08:58:08 - [MESSAGE][INFO] - Opening Browser&#xD;
&#xD;
2019-09-17 08:58:08 - [MESSAGE][INFO] - Starting 'Firefox' driver&#xD;
&#xD;
2019-09-17 08:58:15 - [MESSAGE][PASSED] - Browser is opened with url: 'http://172.25.48.28/secure/VPOS/VPOS/Vpos'&#xD;
&#xD;
2019-09-17 08:58:15 - [MESSAGE][PASSED] - Current window maximized&#xD;
&#xD;
2019-09-17 08:58:15 - [MESSAGE][INFO] - Browser Launched Successfully&#xD;
&#xD;
2019-09-17 08:58:15 - [MESSAGE][PASSED] - utilities.SafeActions.openBrowser is PASSED&#xD;
&#xD;
2019-09-17 08:58:15 - [TEST_STEP][PASSED] - delay(6): Delayed 6 second(s)&#xD;
&#xD;
2019-09-17 08:58:21 - [MESSAGE][PASSED] - Delayed 6 second(s)&#xD;
&#xD;
2019-09-17 08:58:21 - [TEST_STEP][PASSED] - utilities.SafeActions.safeSelectOptionInDropDownByVisibleText(findTestObject("Pages/Sale/dropDown_AccountType"), "ranjanatest2 - 888814981372/001 Account Type: Retail", "Select by Value", [25]): utilities.SafeActions.safeSelectOptionInDropDownByVisibleText is PASSED&#xD;
&#xD;
2019-09-17 08:58:21 - [MESSAGE][PASSED] - Object 'Object Repository/Pages/Sale/dropDown_AccountType' is present&#xD;
&#xD;
2019-09-17 08:58:22 - [MESSAGE][PASSED] - Object: 'Object Repository/Pages/Sale/dropDown_AccountType' is clicked on&#xD;
&#xD;
2019-09-17 08:58:22 - [MESSAGE][PASSED] - All options with label 'ranjanatest2 - 888814981372/001 Account Type: Retail' are selected in object 'Object Repository/Pages/Sale/dropDown_AccountType' &#xD;
&#xD;
2019-09-17 08:58:22 - [MESSAGE][PASSED] - utilities.SafeActions.safeSelectOptionInDropDownByVisibleText is PASSED&#xD;
&#xD;
2019-09-17 08:58:22 - [TEST_STEP][PASSED] - utilities.SafeActions.safeClickWithoutScroll(findTestObject("Pages/FirstPayVault/tab_FirstPayVault"), "Click on FirstPayVault tab", [5]): utilities.SafeActions.safeClickWithoutScroll is PASSED&#xD;
&#xD;
2019-09-17 08:58:22 - [MESSAGE][INFO] - Safe Click Without scroll&#xD;
&#xD;
2019-09-17 08:58:22 - [MESSAGE][INFO] - Sale.ts:waiting until Click on FirstPayVault tab is Clickable&#xD;
&#xD;
2019-09-17 08:58:22 - [MESSAGE][PASSED] - Object 'Object Repository/Pages/FirstPayVault/tab_FirstPayVault' is clickable&#xD;
&#xD;
2019-09-17 08:58:22 - [MESSAGE][PASSED] - Object 'Object Repository/Pages/FirstPayVault/tab_FirstPayVault' is visible&#xD;
&#xD;
2019-09-17 08:58:22 - [MESSAGE][PASSED] - Object: 'Object Repository/Pages/FirstPayVault/tab_FirstPayVault' is clicked on&#xD;
&#xD;
2019-09-17 08:58:22 - [MESSAGE][INFO] - Sale.ts: click on the Click on FirstPayVault tab&#xD;
&#xD;
2019-09-17 08:58:22 - [MESSAGE][PASSED] - utilities.SafeActions.safeClickWithoutScroll is PASSED&#xD;
&#xD;
2019-09-17 08:58:22 - [TEST_STEP][PASSED] - utilities.SafeActions.safeClickWithoutScroll(findTestObject("Pages/FirstPayVault/button_CreateVault"), "Click on CreateVault button", [5]): utilities.SafeActions.safeClickWithoutScroll is PASSED&#xD;
&#xD;
2019-09-17 08:58:22 - [MESSAGE][INFO] - Safe Click Without scroll&#xD;
&#xD;
2019-09-17 08:58:22 - [MESSAGE][INFO] - Sale.ts:waiting until Click on CreateVault button is Clickable&#xD;
&#xD;
2019-09-17 08:58:22 - [MESSAGE][PASSED] - Object 'Object Repository/Pages/FirstPayVault/button_CreateVault' is clickable&#xD;
&#xD;
2019-09-17 08:58:22 - [MESSAGE][PASSED] - Object 'Object Repository/Pages/FirstPayVault/button_CreateVault' is visible&#xD;
&#xD;
2019-09-17 08:58:23 - [MESSAGE][PASSED] - Object: 'Object Repository/Pages/FirstPayVault/button_CreateVault' is clicked on&#xD;
&#xD;
2019-09-17 08:58:23 - [MESSAGE][INFO] - Sale.ts: click on the Click on CreateVault button&#xD;
&#xD;
2019-09-17 08:58:23 - [MESSAGE][PASSED] - utilities.SafeActions.safeClickWithoutScroll is PASSED&#xD;
&#xD;
2019-09-17 08:58:23 - [TEST_STEP][PASSED] - scrollToElement(findTestObject("Pages/FirstPayVault/input_VaultReferenceNumber"), 5): Scroll to object 'Object Repository/Pages/FirstPayVault/input_VaultReferenceNumber' successfully&#xD;
&#xD;
2019-09-17 08:58:23 - [MESSAGE][PASSED] - Scroll to object 'Object Repository/Pages/FirstPayVault/input_VaultReferenceNumber' successfully&#xD;
&#xD;
2019-09-17 08:58:23 - [TEST_STEP][PASSED] - utilities.SafeActions.safeType(findTestObject("Pages/FirstPayVault/input_VaultReferenceNumber"), vaultReference, "Entering Vault Reference Number", [5]): utilities.SafeActions.safeType is PASSED&#xD;
&#xD;
2019-09-17 08:58:23 - [MESSAGE][PASSED] - Object 'Object Repository/Pages/FirstPayVault/input_VaultReferenceNumber' is present&#xD;
&#xD;
2019-09-17 08:58:23 - [MESSAGE][PASSED] - Object: 'Object Repository/Pages/FirstPayVault/input_VaultReferenceNumber' is clicked on&#xD;
&#xD;
2019-09-17 08:58:24 - [MESSAGE][PASSED] - Text 'TestCreateVault123' is set on object 'Object Repository/Pages/FirstPayVault/input_VaultReferenceNumber'&#xD;
&#xD;
2019-09-17 08:58:24 - [MESSAGE][PASSED] - utilities.SafeActions.safeType is PASSED&#xD;
&#xD;
2019-09-17 08:58:24 - [TEST_STEP][PASSED] - utilities.SafeActions.safeType(findTestObject("Pages/FirstPayVault/input_CreditCardNumber"), "4111111111111111", "Entering Card Number", [10]): utilities.SafeActions.safeType is PASSED&#xD;
&#xD;
2019-09-17 08:58:24 - [MESSAGE][PASSED] - Object 'Object Repository/Pages/FirstPayVault/input_CreditCardNumber' is present&#xD;
&#xD;
2019-09-17 08:58:24 - [MESSAGE][PASSED] - Object: 'Object Repository/Pages/FirstPayVault/input_CreditCardNumber' is clicked on&#xD;
&#xD;
2019-09-17 08:58:24 - [MESSAGE][PASSED] - Text '4111111111111111' is set on object 'Object Repository/Pages/FirstPayVault/input_CreditCardNumber'&#xD;
&#xD;
2019-09-17 08:58:24 - [MESSAGE][PASSED] - utilities.SafeActions.safeType is PASSED&#xD;
&#xD;
2019-09-17 08:58:24 - [TEST_STEP][PASSED] - delay(4): Delayed 4 second(s)&#xD;
&#xD;
2019-09-17 08:58:28 - [MESSAGE][PASSED] - Delayed 4 second(s)&#xD;
&#xD;
2019-09-17 08:58:28 - [TEST_STEP][PASSED] - utilities.SafeActions.safeSelectOptionInDropDownByVisibleText(findTestObject("Pages/FirstPayVault/dropDown_ExpirationMonth"), "September", "Expiration Month", [5]): utilities.SafeActions.safeSelectOptionInDropDownByVisibleText is PASSED&#xD;
&#xD;
2019-09-17 08:58:28 - [MESSAGE][PASSED] - Object 'Object Repository/Pages/FirstPayVault/dropDown_ExpirationMonth' is present&#xD;
&#xD;
2019-09-17 08:58:28 - [MESSAGE][PASSED] - Object: 'Object Repository/Pages/FirstPayVault/dropDown_ExpirationMonth' is clicked on&#xD;
&#xD;
2019-09-17 08:58:29 - [MESSAGE][PASSED] - All options with label 'September' are selected in object 'Object Repository/Pages/FirstPayVault/dropDown_ExpirationMonth' &#xD;
&#xD;
2019-09-17 08:58:29 - [MESSAGE][PASSED] - utilities.SafeActions.safeSelectOptionInDropDownByVisibleText is PASSED&#xD;
&#xD;
2019-09-17 08:58:29 - [TEST_STEP][PASSED] - utilities.SafeActions.safeSelectOptionInDropDownByVisibleText(findTestObject("Pages/FirstPayVault/dropDown_ExpirationYear"), "2023", "year", [5]): utilities.SafeActions.safeSelectOptionInDropDownByVisibleText is PASSED&#xD;
&#xD;
2019-09-17 08:58:29 - [MESSAGE][PASSED] - Object 'Object Repository/Pages/FirstPayVault/dropDown_ExpirationYear' is present&#xD;
&#xD;
2019-09-17 08:58:29 - [MESSAGE][PASSED] - Object: 'Object Repository/Pages/FirstPayVault/dropDown_ExpirationYear' is clicked on&#xD;
&#xD;
2019-09-17 08:58:29 - [MESSAGE][PASSED] - All options with label '2023' are selected in object 'Object Repository/Pages/FirstPayVault/dropDown_ExpirationYear' &#xD;
&#xD;
2019-09-17 08:58:29 - [MESSAGE][PASSED] - utilities.SafeActions.safeSelectOptionInDropDownByVisibleText is PASSED&#xD;
&#xD;
2019-09-17 08:58:29 - [TEST_STEP][PASSED] - delay(2): Delayed 2 second(s)&#xD;
&#xD;
2019-09-17 08:58:31 - [MESSAGE][PASSED] - Delayed 2 second(s)&#xD;
&#xD;
2019-09-17 08:58:31 - [TEST_STEP][PASSED] - utilities.SafeActions.safeType(findTestObject("Pages/FirstPayVault/input_ContactName"), "Venkata Sai", "Enter Contact Name", [5]): utilities.SafeActions.safeType is PASSED&#xD;
&#xD;
2019-09-17 08:58:31 - [MESSAGE][PASSED] - Object 'Object Repository/Pages/FirstPayVault/input_ContactName' is present&#xD;
&#xD;
2019-09-17 08:58:32 - [MESSAGE][PASSED] - Object: 'Object Repository/Pages/FirstPayVault/input_ContactName' is clicked on&#xD;
&#xD;
2019-09-17 08:58:32 - [MESSAGE][PASSED] - Text 'Venkata Sai' is set on object 'Object Repository/Pages/FirstPayVault/input_ContactName'&#xD;
&#xD;
2019-09-17 08:58:32 - [MESSAGE][PASSED] - utilities.SafeActions.safeType is PASSED&#xD;
&#xD;
2019-09-17 08:58:32 - [TEST_STEP][PASSED] - utilities.SafeActions.safeType(findTestObject("Pages/FirstPayVault/input_PostalCode"), "76102", "Enter Postal Code", [5]): utilities.SafeActions.safeType is PASSED&#xD;
&#xD;
2019-09-17 08:58:32 - [MESSAGE][PASSED] - Object 'Object Repository/Pages/FirstPayVault/input_PostalCode' is present&#xD;
&#xD;
2019-09-17 08:58:32 - [MESSAGE][PASSED] - Object: 'Object Repository/Pages/FirstPayVault/input_PostalCode' is clicked on&#xD;
&#xD;
2019-09-17 08:58:32 - [MESSAGE][PASSED] - Text '76102' is set on object 'Object Repository/Pages/FirstPayVault/input_PostalCode'&#xD;
&#xD;
2019-09-17 08:58:32 - [MESSAGE][PASSED] - utilities.SafeActions.safeType is PASSED&#xD;
&#xD;
2019-09-17 08:58:32 - [TEST_STEP][PASSED] - utilities.SafeActions.safeType(findTestObject("Pages/FirstPayVault/input_Address"), "James Street", "Enter ddress", [5]): utilities.SafeActions.safeType is PASSED&#xD;
&#xD;
2019-09-17 08:58:32 - [MESSAGE][PASSED] - Object 'Object Repository/Pages/FirstPayVault/input_Address' is present&#xD;
&#xD;
2019-09-17 08:58:32 - [MESSAGE][PASSED] - Object: 'Object Repository/Pages/FirstPayVault/input_Address' is clicked on&#xD;
&#xD;
2019-09-17 08:58:33 - [MESSAGE][PASSED] - Text 'James Street' is set on object 'Object Repository/Pages/FirstPayVault/input_Address'&#xD;
&#xD;
2019-09-17 08:58:33 - [MESSAGE][PASSED] - utilities.SafeActions.safeType is PASSED&#xD;
&#xD;
2019-09-17 08:58:33 - [TEST_STEP][PASSED] - utilities.SafeActions.safeCheckForElement(findTestObject("Pages/FirstPayVault/chekBox_AddShippingInformation"), 5): utilities.SafeActions.safeCheckForElement is PASSED&#xD;
&#xD;
2019-09-17 08:58:33 - [MESSAGE][PASSED] - Object 'Object Repository/Pages/FirstPayVault/chekBox_AddShippingInformation' is present&#xD;
&#xD;
2019-09-17 08:58:33 - [MESSAGE][PASSED] - Object 'Object Repository/Pages/FirstPayVault/chekBox_AddShippingInformation' is checked&#xD;
&#xD;
2019-09-17 08:58:33 - [MESSAGE][PASSED] - utilities.SafeActions.safeCheckForElement is PASSED&#xD;
&#xD;
2019-09-17 08:58:33 - [TEST_STEP][PASSED] - utilities.SafeActions.safeType(findTestObject("Pages/FirstPayVault/input_ShippingMethod"), "DTDC", "Enter Shipping Method", [5]): utilities.SafeActions.safeType is PASSED&#xD;
&#xD;
2019-09-17 08:58:33 - [MESSAGE][PASSED] - Object 'Object Repository/Pages/FirstPayVault/input_ShippingMethod' is present&#xD;
&#xD;
2019-09-17 08:58:33 - [MESSAGE][PASSED] - Object: 'Object Repository/Pages/FirstPayVault/input_ShippingMethod' is clicked on&#xD;
&#xD;
2019-09-17 08:58:33 - [MESSAGE][PASSED] - Text 'DTDC' is set on object 'Object Repository/Pages/FirstPayVault/input_ShippingMethod'&#xD;
&#xD;
2019-09-17 08:58:33 - [MESSAGE][PASSED] - utilities.SafeActions.safeType is PASSED&#xD;
&#xD;
2019-09-17 08:58:33 - [TEST_STEP][PASSED] - utilities.SafeActions.safeCheckForElement(findTestObject("Pages/FirstPayVault/checkbox_SameAsBillingInformation"), 5): utilities.SafeActions.safeCheckForElement is PASSED&#xD;
&#xD;
2019-09-17 08:58:33 - [MESSAGE][PASSED] - Object 'Object Repository/Pages/FirstPayVault/checkbox_SameAsBillingInformation' is present&#xD;
&#xD;
2019-09-17 08:58:34 - [MESSAGE][PASSED] - Object 'Object Repository/Pages/FirstPayVault/checkbox_SameAsBillingInformation' is checked&#xD;
&#xD;
2019-09-17 08:58:34 - [MESSAGE][PASSED] - utilities.SafeActions.safeCheckForElement is PASSED&#xD;
&#xD;
2019-09-17 08:58:34 - [TEST_STEP][PASSED] - utilities.SafeActions.safeClickwithScroll(findTestObject("Pages/FirstPayVault/button_Create"), "Click on Create Button", [5]): utilities.SafeActions.safeClickwithScroll is PASSED&#xD;
&#xD;
2019-09-17 08:58:34 - [MESSAGE][PASSED] - Scroll to object 'Object Repository/Pages/FirstPayVault/button_Create' successfully&#xD;
&#xD;
2019-09-17 08:58:34 - [MESSAGE][INFO] - Sale.ts:waiting until Click on Create Button is Clickable&#xD;
&#xD;
2019-09-17 08:58:34 - [MESSAGE][PASSED] - Object 'Object Repository/Pages/FirstPayVault/button_Create' is clickable&#xD;
&#xD;
2019-09-17 08:58:34 - [MESSAGE][PASSED] - Object 'Object Repository/Pages/FirstPayVault/button_Create' is visible&#xD;
&#xD;
2019-09-17 08:58:34 - [MESSAGE][PASSED] - Object: 'Object Repository/Pages/FirstPayVault/button_Create' is clicked on&#xD;
&#xD;
2019-09-17 08:58:34 - [MESSAGE][INFO] - Sale.ts: Clicked on the Click on Create Button&#xD;
&#xD;
2019-09-17 08:58:34 - [MESSAGE][PASSED] - utilities.SafeActions.safeClickwithScroll is PASSED&#xD;
&#xD;
2019-09-17 08:58:34 - [TEST_STEP][PASSED] - delay(2): Delayed 2 second(s)&#xD;
&#xD;
2019-09-17 08:58:36 - [MESSAGE][PASSED] - Delayed 2 second(s)&#xD;
&#xD;
2019-09-17 08:58:36 - [TEST_STEP][PASSED] - popupSavedToVaultMessage = utilities.SafeActions.safeGetText(findTestObject("Pages/FirstPayVault/popup_SavedToVaultMessage"), 5): utilities.SafeActions.safeGetText is PASSED&#xD;
&#xD;
2019-09-17 08:58:36 - [MESSAGE][PASSED] - Object 'Object Repository/Pages/FirstPayVault/popup_SavedToVaultMessage' is present&#xD;
&#xD;
2019-09-17 08:58:36 - [MESSAGE][PASSED] - Text of object 'Object Repository/Pages/FirstPayVault/popup_SavedToVaultMessage' is: 'Successfully Saved to Vault'&#xD;
&#xD;
2019-09-17 08:58:36 - [MESSAGE][PASSED] - utilities.SafeActions.safeGetText is PASSED&#xD;
&#xD;
2019-09-17 08:58:36 - [TEST_STEP][PASSED] - flag = utilities.SafeActions.verifyPopupMessage("Successfully Saved to Vault", popupSavedToVaultMessage): Popup Message : Successfully Saved to Vault matched with expected message : Successfully Saved to Vault&#xD;
&#xD;
2019-09-17 08:58:36 - [MESSAGE][PASSED] - Popup Message : Successfully Saved to Vault matched with expected message : Successfully Saved to Vault&#xD;
&#xD;
2019-09-17 08:58:36 - [TEST_STEP][PASSED] - delay(2): Delayed 2 second(s)&#xD;
&#xD;
2019-09-17 08:58:38 - [MESSAGE][PASSED] - Delayed 2 second(s)&#xD;
&#xD;
2019-09-17 08:58:38 - [TEST_STEP][PASSED] - utilities.SafeActions.safeClickWithoutScroll(findTestObject("Pages/FirstPayVault/button_SearchVault_InPopup"), "Click on Search Vault in Popup", [delayBetweenTestSteps]): utilities.SafeActions.safeClickWithoutScroll is PASSED&#xD;
&#xD;
2019-09-17 08:58:38 - [MESSAGE][INFO] - Safe Click Without scroll&#xD;
&#xD;
2019-09-17 08:58:38 - [MESSAGE][INFO] - Sale.ts:waiting until Click on Search Vault in Popup is Clickable&#xD;
&#xD;
2019-09-17 08:58:38 - [MESSAGE][PASSED] - Object 'Object Repository/Pages/FirstPayVault/button_SearchVault_InPopup' is clickable&#xD;
&#xD;
2019-09-17 08:58:38 - [MESSAGE][PASSED] - Object 'Object Repository/Pages/FirstPayVault/button_SearchVault_InPopup' is visible&#xD;
&#xD;
2019-09-17 08:58:39 - [MESSAGE][PASSED] - Object: 'Object Repository/Pages/FirstPayVault/button_SearchVault_InPopup' is clicked on&#xD;
&#xD;
2019-09-17 08:58:39 - [MESSAGE][INFO] - Sale.ts: click on the Click on Search Vault in Popup&#xD;
&#xD;
2019-09-17 08:58:39 - [MESSAGE][PASSED] - utilities.SafeActions.safeClickWithoutScroll is PASSED&#xD;
&#xD;
2019-09-17 08:58:39 - [TEST_STEP][PASSED] - delay(1): Delayed 1 second(s)&#xD;
&#xD;
2019-09-17 08:58:40 - [MESSAGE][PASSED] - Delayed 1 second(s)&#xD;
&#xD;
2019-09-17 08:58:40 - [TEST_STEP][PASSED] - utilities.SafeActions.safeClickwithScroll(findTestObject("Pages/FirstPayVault/button_Search"), "Click On Search button", [5]): utilities.SafeActions.safeClickwithScroll is PASSED&#xD;
&#xD;
2019-09-17 08:58:40 - [MESSAGE][PASSED] - Scroll to object 'Object Repository/Pages/FirstPayVault/button_Search' successfully&#xD;
&#xD;
2019-09-17 08:58:40 - [MESSAGE][INFO] - Sale.ts:waiting until Click On Search button is Clickable&#xD;
&#xD;
2019-09-17 08:58:40 - [MESSAGE][PASSED] - Object 'Object Repository/Pages/FirstPayVault/button_Search' is clickable&#xD;
&#xD;
2019-09-17 08:58:40 - [MESSAGE][PASSED] - Object 'Object Repository/Pages/FirstPayVault/button_Search' is visible&#xD;
&#xD;
2019-09-17 08:58:40 - [MESSAGE][PASSED] - Object: 'Object Repository/Pages/FirstPayVault/button_Search' is clicked on&#xD;
&#xD;
2019-09-17 08:58:40 - [MESSAGE][INFO] - Sale.ts: Clicked on the Click On Search button&#xD;
&#xD;
2019-09-17 08:58:40 - [MESSAGE][PASSED] - utilities.SafeActions.safeClickwithScroll is PASSED&#xD;
&#xD;
2019-09-17 08:58:40 - [TEST_STEP][PASSED] - scrollToElement(findTestObject("Pages/Transaction_Management/invoice_ForTransaction"), 5): Scroll to object 'Object Repository/Pages/Transaction_Management/invoice_ForTransaction' successfully&#xD;
&#xD;
2019-09-17 08:58:41 - [MESSAGE][PASSED] - Scroll to object 'Object Repository/Pages/Transaction_Management/invoice_ForTransaction' successfully&#xD;
&#xD;
2019-09-17 08:58:41 - [TEST_STEP][PASSED] - pages.FirstPayVault.deleteInvoiceRecord(findTestObject("Pages/FirstPayVault/footer_NextButton"), findTestObject("Pages/FirstPayVault/page_Number"), findTestObject("Pages/FirstPayVault/button_deleteFromVault"), vaultReference): Object: 'Object Repository/Pages/FirstPayVault/button_deleteFromVault' is clicked on&#xD;
&#xD;
2019-09-17 08:58:41 - [MESSAGE][PASSED] - Text of object 'Object Repository/Pages/FirstPayVault/page_Number' is: 'Page 1 of 11'&#xD;
&#xD;
2019-09-17 08:58:41 - [MESSAGE][PASSED] - The Vault is found in page 1&#xD;
&#xD;
2019-09-17 08:58:43 - [MESSAGE][PASSED] - Delayed 2 second(s)&#xD;
&#xD;
2019-09-17 08:58:48 - [MESSAGE][PASSED] - Delayed 4 second(s)&#xD;
&#xD;
2019-09-17 08:58:49 - [MESSAGE][PASSED] - Object: 'Object Repository/Pages/FirstPayVault/button_deleteFromVault' is clicked on&#xD;
&#xD;
2019-09-17 08:58:49 - [TEST_STEP][PASSED] - delay(delayBetweenTestSteps): Delayed 3 second(s)&#xD;
&#xD;
2019-09-17 08:58:52 - [MESSAGE][PASSED] - Delayed 3 second(s)&#xD;
&#xD;
2019-09-17 08:58:52 - [TEST_STEP][PASSED] - deleteVaultPopupMessage = utilities.SafeActions.safeGetText(findTestObject("Pages/FirstPayVault/alertMessageAfterDeleteVault"), delayBetweenTestSteps): utilities.SafeActions.safeGetText is PASSED&#xD;
&#xD;
2019-09-17 08:58:52 - [MESSAGE][PASSED] - Object 'Object Repository/Pages/FirstPayVault/alertMessageAfterDeleteVault' is present&#xD;
&#xD;
2019-09-17 08:58:52 - [MESSAGE][PASSED] - Text of object 'Object Repository/Pages/FirstPayVault/alertMessageAfterDeleteVault' is: 'Vault Deletion successfully completed'&#xD;
&#xD;
2019-09-17 08:58:52 - [MESSAGE][PASSED] - utilities.SafeActions.safeGetText is PASSED&#xD;
&#xD;
2019-09-17 08:58:52 - [TEST_STEP][PASSED] - utilities.SafeActions.verifyPopupMessage("Vault Deletion successfully completed", deleteVaultPopupMessage): Popup Message : Vault Deletion successfully completed matched with expected message : Vault Deletion successfully completed&#xD;
&#xD;
2019-09-17 08:58:52 - [MESSAGE][PASSED] - Popup Message : Vault Deletion successfully completed matched with expected message : Vault Deletion successfully completed&#xD;
&#xD;
2019-09-17 08:58:52 - [TEST_STEP][PASSED] - utilities.SafeActions.safeClickWithoutScroll(findTestObject("Pages/FirstPayVault/closeLocatorForDeletePopupMessage"), "Click on Close button", [5]): utilities.SafeActions.safeClickWithoutScroll is PASSED&#xD;
&#xD;
2019-09-17 08:58:52 - [MESSAGE][INFO] - Safe Click Without scroll&#xD;
&#xD;
2019-09-17 08:58:52 - [MESSAGE][INFO] - Sale.ts:waiting until Click on Close button is Clickable&#xD;
&#xD;
2019-09-17 08:58:52 - [MESSAGE][PASSED] - Object 'Object Repository/Pages/FirstPayVault/closeLocatorForDeletePopupMessage' is clickable&#xD;
&#xD;
2019-09-17 08:58:52 - [MESSAGE][PASSED] - Object 'Object Repository/Pages/FirstPayVault/closeLocatorForDeletePopupMessage' is visible&#xD;
&#xD;
2019-09-17 08:58:52 - [MESSAGE][PASSED] - Object: 'Object Repository/Pages/FirstPayVault/closeLocatorForDeletePopupMessage' is clicked on&#xD;
&#xD;
2019-09-17 08:58:52 - [MESSAGE][INFO] - Sale.ts: click on the Click on Close button&#xD;
&#xD;
2019-09-17 08:58:52 - [MESSAGE][PASSED] - utilities.SafeActions.safeClickWithoutScroll is PASSED&#xD;
&#xD;
2019-09-17 08:58:52 - [TEST_STEP][PASSED] - closeBrowser(): Browser is closed&#xD;
&#xD;
2019-09-17 08:58:54 - [MESSAGE][PASSED] - Browser is closed&#xD;
&#xD;
2019-09-17 08:58:54 - [TEST_STEP][PASSED] - Start listener action : sampleAfterTestCase: null</system-out>
            <system-err></system-err>
        </testcase>
        <testcase name="Test Cases/FirstView/FirstPayVault/TC_1st_Pay_Vault_002" classname="Test Cases/FirstView/FirstPayVault/TC_1st_Pay_Vault_002" status="PASSED">
            <system-out>2019-09-17 08:58:54 - [TEST_CASE][PASSED] - Test Cases/FirstView/FirstPayVault/TC_1st_Pay_Vault_002: Test Cases/FirstView/FirstPayVault/TC_1st_Pay_Vault_002&#xD;
&#xD;
2019-09-17 08:58:54 - [TEST_STEP][PASSED] - utilities.SafeActions.openBrowser(URL, [PageLoadTime]): utilities.SafeActions.openBrowser is PASSED&#xD;
&#xD;
2019-09-17 08:58:54 - [MESSAGE][INFO] - Opening Browser&#xD;
&#xD;
2019-09-17 08:58:54 - [MESSAGE][INFO] - Starting 'Firefox' driver&#xD;
&#xD;
2019-09-17 08:59:03 - [MESSAGE][PASSED] - Browser is opened with url: 'http://172.25.48.28/secure/VPOS/VPOS/Vpos'&#xD;
&#xD;
2019-09-17 08:59:08 - [MESSAGE][PASSED] - Current window maximized&#xD;
&#xD;
2019-09-17 08:59:08 - [MESSAGE][INFO] - Browser Launched Successfully&#xD;
&#xD;
2019-09-17 08:59:08 - [MESSAGE][PASSED] - utilities.SafeActions.openBrowser is PASSED&#xD;
&#xD;
2019-09-17 08:59:08 - [TEST_STEP][PASSED] - delay(6): Delayed 6 second(s)&#xD;
&#xD;
2019-09-17 08:59:14 - [MESSAGE][PASSED] - Delayed 6 second(s)&#xD;
&#xD;
2019-09-17 08:59:14 - [TEST_STEP][PASSED] - utilities.SafeActions.safeSelectOptionInDropDownByVisibleText(findTestObject("Pages/Sale/dropDown_AccountType"), "ranjanatest2 - 888814981372/001 Account Type: Retail", "Select by Value", [25]): utilities.SafeActions.safeSelectOptionInDropDownByVisibleText is PASSED&#xD;
&#xD;
2019-09-17 08:59:14 - [MESSAGE][PASSED] - Object 'Object Repository/Pages/Sale/dropDown_AccountType' is present&#xD;
&#xD;
2019-09-17 08:59:14 - [MESSAGE][PASSED] - Object: 'Object Repository/Pages/Sale/dropDown_AccountType' is clicked on&#xD;
&#xD;
2019-09-17 08:59:14 - [MESSAGE][PASSED] - All options with label 'ranjanatest2 - 888814981372/001 Account Type: Retail' are selected in object 'Object Repository/Pages/Sale/dropDown_AccountType' &#xD;
&#xD;
2019-09-17 08:59:14 - [MESSAGE][PASSED] - utilities.SafeActions.safeSelectOptionInDropDownByVisibleText is PASSED&#xD;
&#xD;
2019-09-17 08:59:14 - [TEST_STEP][PASSED] - utilities.SafeActions.safeClickWithoutScroll(findTestObject("Pages/FirstPayVault/tab_FirstPayVault"), "Click on FirstPayVault tab", [5]): utilities.SafeActions.safeClickWithoutScroll is PASSED&#xD;
&#xD;
2019-09-17 08:59:15 - [MESSAGE][INFO] - Safe Click Without scroll&#xD;
&#xD;
2019-09-17 08:59:15 - [MESSAGE][INFO] - Sale.ts:waiting until Click on FirstPayVault tab is Clickable&#xD;
&#xD;
2019-09-17 08:59:15 - [MESSAGE][PASSED] - Object 'Object Repository/Pages/FirstPayVault/tab_FirstPayVault' is clickable&#xD;
&#xD;
2019-09-17 08:59:15 - [MESSAGE][PASSED] - Object 'Object Repository/Pages/FirstPayVault/tab_FirstPayVault' is visible&#xD;
&#xD;
2019-09-17 08:59:15 - [MESSAGE][PASSED] - Object: 'Object Repository/Pages/FirstPayVault/tab_FirstPayVault' is clicked on&#xD;
&#xD;
2019-09-17 08:59:15 - [MESSAGE][INFO] - Sale.ts: click on the Click on FirstPayVault tab&#xD;
&#xD;
2019-09-17 08:59:15 - [MESSAGE][PASSED] - utilities.SafeActions.safeClickWithoutScroll is PASSED&#xD;
&#xD;
2019-09-17 08:59:15 - [TEST_STEP][PASSED] - utilities.SafeActions.safeClickWithoutScroll(findTestObject("Pages/FirstPayVault/button_CreateVault"), "Click on CreateVault button", [5]): utilities.SafeActions.safeClickWithoutScroll is PASSED&#xD;
&#xD;
2019-09-17 08:59:15 - [MESSAGE][INFO] - Safe Click Without scroll&#xD;
&#xD;
2019-09-17 08:59:15 - [MESSAGE][INFO] - Sale.ts:waiting until Click on CreateVault button is Clickable&#xD;
&#xD;
2019-09-17 08:59:15 - [MESSAGE][PASSED] - Object 'Object Repository/Pages/FirstPayVault/button_CreateVault' is clickable&#xD;
&#xD;
2019-09-17 08:59:15 - [MESSAGE][PASSED] - Object 'Object Repository/Pages/FirstPayVault/button_CreateVault' is visible&#xD;
&#xD;
2019-09-17 08:59:16 - [MESSAGE][PASSED] - Object: 'Object Repository/Pages/FirstPayVault/button_CreateVault' is clicked on&#xD;
&#xD;
2019-09-17 08:59:16 - [MESSAGE][INFO] - Sale.ts: click on the Click on CreateVault button&#xD;
&#xD;
2019-09-17 08:59:16 - [MESSAGE][PASSED] - utilities.SafeActions.safeClickWithoutScroll is PASSED&#xD;
&#xD;
2019-09-17 08:59:16 - [TEST_STEP][PASSED] - scrollToElement(findTestObject("Pages/FirstPayVault/input_VaultReferenceNumber"), 5): Scroll to object 'Object Repository/Pages/FirstPayVault/input_VaultReferenceNumber' successfully&#xD;
&#xD;
2019-09-17 08:59:16 - [MESSAGE][PASSED] - Scroll to object 'Object Repository/Pages/FirstPayVault/input_VaultReferenceNumber' successfully&#xD;
&#xD;
2019-09-17 08:59:16 - [TEST_STEP][PASSED] - utilities.SafeActions.safeType(findTestObject("Pages/FirstPayVault/input_VaultReferenceNumber"), vaultReference, "Entering Vault Reference Number", [5]): utilities.SafeActions.safeType is PASSED&#xD;
&#xD;
2019-09-17 08:59:16 - [MESSAGE][PASSED] - Object 'Object Repository/Pages/FirstPayVault/input_VaultReferenceNumber' is present&#xD;
&#xD;
2019-09-17 08:59:16 - [MESSAGE][PASSED] - Object: 'Object Repository/Pages/FirstPayVault/input_VaultReferenceNumber' is clicked on&#xD;
&#xD;
2019-09-17 08:59:16 - [MESSAGE][PASSED] - Text 'testCreateVault123' is set on object 'Object Repository/Pages/FirstPayVault/input_VaultReferenceNumber'&#xD;
&#xD;
2019-09-17 08:59:16 - [MESSAGE][PASSED] - utilities.SafeActions.safeType is PASSED&#xD;
&#xD;
2019-09-17 08:59:16 - [TEST_STEP][PASSED] - utilities.SafeActions.safeType(findTestObject("Pages/FirstPayVault/input_CreditCardNumber"), "4111111111111111", "Entering Card Number", [10]): utilities.SafeActions.safeType is PASSED&#xD;
&#xD;
2019-09-17 08:59:16 - [MESSAGE][PASSED] - Object 'Object Repository/Pages/FirstPayVault/input_CreditCardNumber' is present&#xD;
&#xD;
2019-09-17 08:59:16 - [MESSAGE][PASSED] - Object: 'Object Repository/Pages/FirstPayVault/input_CreditCardNumber' is clicked on&#xD;
&#xD;
2019-09-17 08:59:16 - [MESSAGE][PASSED] - Text '4111111111111111' is set on object 'Object Repository/Pages/FirstPayVault/input_CreditCardNumber'&#xD;
&#xD;
2019-09-17 08:59:16 - [MESSAGE][PASSED] - utilities.SafeActions.safeType is PASSED&#xD;
&#xD;
2019-09-17 08:59:16 - [TEST_STEP][PASSED] - delay(4): Delayed 4 second(s)&#xD;
&#xD;
2019-09-17 08:59:20 - [MESSAGE][PASSED] - Delayed 4 second(s)&#xD;
&#xD;
2019-09-17 08:59:20 - [TEST_STEP][PASSED] - utilities.SafeActions.safeSelectOptionInDropDownByVisibleText(findTestObject("Pages/FirstPayVault/dropDown_ExpirationMonth"), "September", "Expiration Month", [5]): utilities.SafeActions.safeSelectOptionInDropDownByVisibleText is PASSED&#xD;
&#xD;
2019-09-17 08:59:21 - [MESSAGE][PASSED] - Object 'Object Repository/Pages/FirstPayVault/dropDown_ExpirationMonth' is present&#xD;
&#xD;
2019-09-17 08:59:21 - [MESSAGE][PASSED] - Object: 'Object Repository/Pages/FirstPayVault/dropDown_ExpirationMonth' is clicked on&#xD;
&#xD;
2019-09-17 08:59:21 - [MESSAGE][PASSED] - All options with label 'September' are selected in object 'Object Repository/Pages/FirstPayVault/dropDown_ExpirationMonth' &#xD;
&#xD;
2019-09-17 08:59:21 - [MESSAGE][PASSED] - utilities.SafeActions.safeSelectOptionInDropDownByVisibleText is PASSED&#xD;
&#xD;
2019-09-17 08:59:21 - [TEST_STEP][PASSED] - utilities.SafeActions.safeSelectOptionInDropDownByVisibleText(findTestObject("Pages/FirstPayVault/dropDown_ExpirationYear"), "2023", "year", [5]): utilities.SafeActions.safeSelectOptionInDropDownByVisibleText is PASSED&#xD;
&#xD;
2019-09-17 08:59:21 - [MESSAGE][PASSED] - Object 'Object Repository/Pages/FirstPayVault/dropDown_ExpirationYear' is present&#xD;
&#xD;
2019-09-17 08:59:21 - [MESSAGE][PASSED] - Object: 'Object Repository/Pages/FirstPayVault/dropDown_ExpirationYear' is clicked on&#xD;
&#xD;
2019-09-17 08:59:22 - [MESSAGE][PASSED] - All options with label '2023' are selected in object 'Object Repository/Pages/FirstPayVault/dropDown_ExpirationYear' &#xD;
&#xD;
2019-09-17 08:59:22 - [MESSAGE][PASSED] - utilities.SafeActions.safeSelectOptionInDropDownByVisibleText is PASSED&#xD;
&#xD;
2019-09-17 08:59:22 - [TEST_STEP][PASSED] - delay(2): Delayed 2 second(s)&#xD;
&#xD;
2019-09-17 08:59:24 - [MESSAGE][PASSED] - Delayed 2 second(s)&#xD;
&#xD;
2019-09-17 08:59:24 - [TEST_STEP][PASSED] - utilities.SafeActions.safeType(findTestObject("Pages/FirstPayVault/input_ContactName"), "Venkata Sai", "Enter Contact Name", [5]): utilities.SafeActions.safeType is PASSED&#xD;
&#xD;
2019-09-17 08:59:24 - [MESSAGE][PASSED] - Object 'Object Repository/Pages/FirstPayVault/input_ContactName' is present&#xD;
&#xD;
2019-09-17 08:59:24 - [MESSAGE][PASSED] - Object: 'Object Repository/Pages/FirstPayVault/input_ContactName' is clicked on&#xD;
&#xD;
2019-09-17 08:59:24 - [MESSAGE][PASSED] - Text 'Venkata Sai' is set on object 'Object Repository/Pages/FirstPayVault/input_ContactName'&#xD;
&#xD;
2019-09-17 08:59:24 - [MESSAGE][PASSED] - utilities.SafeActions.safeType is PASSED&#xD;
&#xD;
2019-09-17 08:59:24 - [TEST_STEP][PASSED] - utilities.SafeActions.safeType(findTestObject("Pages/FirstPayVault/input_PostalCode"), "76102", "Enter Postal Code", [5]): utilities.SafeActions.safeType is PASSED&#xD;
&#xD;
2019-09-17 08:59:24 - [MESSAGE][PASSED] - Object 'Object Repository/Pages/FirstPayVault/input_PostalCode' is present&#xD;
&#xD;
2019-09-17 08:59:24 - [MESSAGE][PASSED] - Object: 'Object Repository/Pages/FirstPayVault/input_PostalCode' is clicked on&#xD;
&#xD;
2019-09-17 08:59:24 - [MESSAGE][PASSED] - Text '76102' is set on object 'Object Repository/Pages/FirstPayVault/input_PostalCode'&#xD;
&#xD;
2019-09-17 08:59:24 - [MESSAGE][PASSED] - utilities.SafeActions.safeType is PASSED&#xD;
&#xD;
2019-09-17 08:59:24 - [TEST_STEP][PASSED] - utilities.SafeActions.safeType(findTestObject("Pages/FirstPayVault/input_Address"), "James Street", "Enter ddress", [5]): utilities.SafeActions.safeType is PASSED&#xD;
&#xD;
2019-09-17 08:59:25 - [MESSAGE][PASSED] - Object 'Object Repository/Pages/FirstPayVault/input_Address' is present&#xD;
&#xD;
2019-09-17 08:59:25 - [MESSAGE][PASSED] - Object: 'Object Repository/Pages/FirstPayVault/input_Address' is clicked on&#xD;
&#xD;
2019-09-17 08:59:25 - [MESSAGE][PASSED] - Text 'James Street' is set on object 'Object Repository/Pages/FirstPayVault/input_Address'&#xD;
&#xD;
2019-09-17 08:59:25 - [MESSAGE][PASSED] - utilities.SafeActions.safeType is PASSED&#xD;
&#xD;
2019-09-17 08:59:25 - [TEST_STEP][PASSED] - utilities.SafeActions.safeCheckForElement(findTestObject("Pages/FirstPayVault/chekBox_AddShippingInformation"), 5): utilities.SafeActions.safeCheckForElement is PASSED&#xD;
&#xD;
2019-09-17 08:59:25 - [MESSAGE][PASSED] - Object 'Object Repository/Pages/FirstPayVault/chekBox_AddShippingInformation' is present&#xD;
&#xD;
2019-09-17 08:59:25 - [MESSAGE][PASSED] - Object 'Object Repository/Pages/FirstPayVault/chekBox_AddShippingInformation' is checked&#xD;
&#xD;
2019-09-17 08:59:25 - [MESSAGE][PASSED] - utilities.SafeActions.safeCheckForElement is PASSED&#xD;
&#xD;
2019-09-17 08:59:25 - [TEST_STEP][PASSED] - utilities.SafeActions.safeType(findTestObject("Pages/FirstPayVault/input_ShippingMethod"), "DTDC", "Enter Shipping Method", [5]): utilities.SafeActions.safeType is PASSED&#xD;
&#xD;
2019-09-17 08:59:25 - [MESSAGE][PASSED] - Object 'Object Repository/Pages/FirstPayVault/input_ShippingMethod' is present&#xD;
&#xD;
2019-09-17 08:59:26 - [MESSAGE][PASSED] - Object: 'Object Repository/Pages/FirstPayVault/input_ShippingMethod' is clicked on&#xD;
&#xD;
2019-09-17 08:59:26 - [MESSAGE][PASSED] - Text 'DTDC' is set on object 'Object Repository/Pages/FirstPayVault/input_ShippingMethod'&#xD;
&#xD;
2019-09-17 08:59:26 - [MESSAGE][PASSED] - utilities.SafeActions.safeType is PASSED&#xD;
&#xD;
2019-09-17 08:59:26 - [TEST_STEP][PASSED] - utilities.SafeActions.safeCheckForElement(findTestObject("Pages/FirstPayVault/checkbox_SameAsBillingInformation"), 5): utilities.SafeActions.safeCheckForElement is PASSED&#xD;
&#xD;
2019-09-17 08:59:26 - [MESSAGE][PASSED] - Object 'Object Repository/Pages/FirstPayVault/checkbox_SameAsBillingInformation' is present&#xD;
&#xD;
2019-09-17 08:59:26 - [MESSAGE][PASSED] - Object 'Object Repository/Pages/FirstPayVault/checkbox_SameAsBillingInformation' is checked&#xD;
&#xD;
2019-09-17 08:59:26 - [MESSAGE][PASSED] - utilities.SafeActions.safeCheckForElement is PASSED&#xD;
&#xD;
2019-09-17 08:59:26 - [TEST_STEP][PASSED] - utilities.SafeActions.safeClickwithScroll(findTestObject("Pages/FirstPayVault/button_Create"), "Click on Create Button", [5]): utilities.SafeActions.safeClickwithScroll is PASSED&#xD;
&#xD;
2019-09-17 08:59:26 - [MESSAGE][PASSED] - Scroll to object 'Object Repository/Pages/FirstPayVault/button_Create' successfully&#xD;
&#xD;
2019-09-17 08:59:26 - [MESSAGE][INFO] - Sale.ts:waiting until Click on Create Button is Clickable&#xD;
&#xD;
2019-09-17 08:59:26 - [MESSAGE][PASSED] - Object 'Object Repository/Pages/FirstPayVault/button_Create' is clickable&#xD;
&#xD;
2019-09-17 08:59:26 - [MESSAGE][PASSED] - Object 'Object Repository/Pages/FirstPayVault/button_Create' is visible&#xD;
&#xD;
2019-09-17 08:59:27 - [MESSAGE][PASSED] - Object: 'Object Repository/Pages/FirstPayVault/button_Create' is clicked on&#xD;
&#xD;
2019-09-17 08:59:27 - [MESSAGE][INFO] - Sale.ts: Clicked on the Click on Create Button&#xD;
&#xD;
2019-09-17 08:59:27 - [MESSAGE][PASSED] - utilities.SafeActions.safeClickwithScroll is PASSED&#xD;
&#xD;
2019-09-17 08:59:27 - [TEST_STEP][PASSED] - delay(2): Delayed 2 second(s)&#xD;
&#xD;
2019-09-17 08:59:29 - [MESSAGE][PASSED] - Delayed 2 second(s)&#xD;
&#xD;
2019-09-17 08:59:29 - [TEST_STEP][PASSED] - popupSavedToVaultMessage = utilities.SafeActions.safeGetText(findTestObject("Pages/FirstPayVault/popup_SavedToVaultMessage"), 5): utilities.SafeActions.safeGetText is PASSED&#xD;
&#xD;
2019-09-17 08:59:29 - [MESSAGE][PASSED] - Object 'Object Repository/Pages/FirstPayVault/popup_SavedToVaultMessage' is present&#xD;
&#xD;
2019-09-17 08:59:29 - [MESSAGE][PASSED] - Text of object 'Object Repository/Pages/FirstPayVault/popup_SavedToVaultMessage' is: 'Successfully Saved to Vault'&#xD;
&#xD;
2019-09-17 08:59:29 - [MESSAGE][PASSED] - utilities.SafeActions.safeGetText is PASSED&#xD;
&#xD;
2019-09-17 08:59:29 - [TEST_STEP][PASSED] - flag = utilities.SafeActions.verifyPopupMessage("Successfully Saved to Vault", popupSavedToVaultMessage): Popup Message : Successfully Saved to Vault matched with expected message : Successfully Saved to Vault&#xD;
&#xD;
2019-09-17 08:59:29 - [MESSAGE][PASSED] - Popup Message : Successfully Saved to Vault matched with expected message : Successfully Saved to Vault&#xD;
&#xD;
2019-09-17 08:59:29 - [TEST_STEP][PASSED] - delay(2): Delayed 2 second(s)&#xD;
&#xD;
2019-09-17 08:59:31 - [MESSAGE][PASSED] - Delayed 2 second(s)&#xD;
&#xD;
2019-09-17 08:59:31 - [TEST_STEP][PASSED] - utilities.SafeActions.safeClickWithoutScroll(findTestObject("Pages/FirstPayVault/button_RunASale_InPopup"), "Click on Run A Sale in Popup", [delayBetweenTestSteps]): utilities.SafeActions.safeClickWithoutScroll is PASSED&#xD;
&#xD;
2019-09-17 08:59:31 - [MESSAGE][INFO] - Safe Click Without scroll&#xD;
&#xD;
2019-09-17 08:59:31 - [MESSAGE][INFO] - Sale.ts:waiting until Click on Run A Sale in Popup is Clickable&#xD;
&#xD;
2019-09-17 08:59:31 - [MESSAGE][PASSED] - Object 'Object Repository/Pages/FirstPayVault/button_RunASale_InPopup' is clickable&#xD;
&#xD;
2019-09-17 08:59:31 - [MESSAGE][PASSED] - Object 'Object Repository/Pages/FirstPayVault/button_RunASale_InPopup' is visible&#xD;
&#xD;
2019-09-17 08:59:31 - [MESSAGE][PASSED] - Object: 'Object Repository/Pages/FirstPayVault/button_RunASale_InPopup' is clicked on&#xD;
&#xD;
2019-09-17 08:59:31 - [MESSAGE][INFO] - Sale.ts: click on the Click on Run A Sale in Popup&#xD;
&#xD;
2019-09-17 08:59:31 - [MESSAGE][PASSED] - utilities.SafeActions.safeClickWithoutScroll is PASSED&#xD;
&#xD;
2019-09-17 08:59:31 - [TEST_STEP][PASSED] - delay(1): Delayed 1 second(s)&#xD;
&#xD;
2019-09-17 08:59:32 - [MESSAGE][PASSED] - Delayed 1 second(s)&#xD;
&#xD;
2019-09-17 08:59:32 - [TEST_STEP][PASSED] - value = utilities.SafeActions.getAttributeValue(findTestObject("Pages/Sale/tab_Sale_Active"), "Sale"): The screen is Sale screen&#xD;
&#xD;
2019-09-17 08:59:32 - [MESSAGE][PASSED] - Attribute 'class' of object 'Object Repository/Pages/Sale/tab_Sale_Active' is: 'active_tab tabs__link'&#xD;
&#xD;
2019-09-17 08:59:32 - [MESSAGE][PASSED] - The screen is Sale screen&#xD;
&#xD;
2019-09-17 08:59:32 - [TEST_STEP][PASSED] - utilities.SafeActions.safeClickwithScroll(findTestObject("Pages/FirstPayVault/tab_FirstPayVault"), "First Pay Vault Tab", [10]): utilities.SafeActions.safeClickwithScroll is PASSED&#xD;
&#xD;
2019-09-17 08:59:32 - [MESSAGE][PASSED] - Scroll to object 'Object Repository/Pages/FirstPayVault/tab_FirstPayVault' successfully&#xD;
&#xD;
2019-09-17 08:59:32 - [MESSAGE][INFO] - Sale.ts:waiting until First Pay Vault Tab is Clickable&#xD;
&#xD;
2019-09-17 08:59:32 - [MESSAGE][PASSED] - Object 'Object Repository/Pages/FirstPayVault/tab_FirstPayVault' is clickable&#xD;
&#xD;
2019-09-17 08:59:32 - [MESSAGE][PASSED] - Object 'Object Repository/Pages/FirstPayVault/tab_FirstPayVault' is visible&#xD;
&#xD;
2019-09-17 08:59:33 - [MESSAGE][PASSED] - Object: 'Object Repository/Pages/FirstPayVault/tab_FirstPayVault' is clicked on&#xD;
&#xD;
2019-09-17 08:59:33 - [MESSAGE][INFO] - Sale.ts: Clicked on the First Pay Vault Tab&#xD;
&#xD;
2019-09-17 08:59:33 - [MESSAGE][PASSED] - utilities.SafeActions.safeClickwithScroll is PASSED&#xD;
&#xD;
2019-09-17 08:59:33 - [TEST_STEP][PASSED] - utilities.SafeActions.safeClickwithScroll(findTestObject("Pages/FirstPayVault/button_SearchVault"), "Click on Search Vault", [10]): utilities.SafeActions.safeClickwithScroll is PASSED&#xD;
&#xD;
2019-09-17 08:59:33 - [MESSAGE][PASSED] - Scroll to object 'Object Repository/Pages/FirstPayVault/button_SearchVault' successfully&#xD;
&#xD;
2019-09-17 08:59:33 - [MESSAGE][INFO] - Sale.ts:waiting until Click on Search Vault is Clickable&#xD;
&#xD;
2019-09-17 08:59:33 - [MESSAGE][PASSED] - Object 'Object Repository/Pages/FirstPayVault/button_SearchVault' is clickable&#xD;
&#xD;
2019-09-17 08:59:33 - [MESSAGE][PASSED] - Object 'Object Repository/Pages/FirstPayVault/button_SearchVault' is visible&#xD;
&#xD;
2019-09-17 08:59:33 - [MESSAGE][PASSED] - Object: 'Object Repository/Pages/FirstPayVault/button_SearchVault' is clicked on&#xD;
&#xD;
2019-09-17 08:59:33 - [MESSAGE][INFO] - Sale.ts: Clicked on the Click on Search Vault&#xD;
&#xD;
2019-09-17 08:59:33 - [MESSAGE][PASSED] - utilities.SafeActions.safeClickwithScroll is PASSED&#xD;
&#xD;
2019-09-17 08:59:33 - [TEST_STEP][PASSED] - utilities.SafeActions.safeClickWithoutScroll(findTestObject("Pages/FirstPayVault/button_Search"), "Click On Search button", [5]): utilities.SafeActions.safeClickWithoutScroll is PASSED&#xD;
&#xD;
2019-09-17 08:59:33 - [MESSAGE][INFO] - Safe Click Without scroll&#xD;
&#xD;
2019-09-17 08:59:33 - [MESSAGE][INFO] - Sale.ts:waiting until Click On Search button is Clickable&#xD;
&#xD;
2019-09-17 08:59:33 - [MESSAGE][PASSED] - Object 'Object Repository/Pages/FirstPayVault/button_Search' is clickable&#xD;
&#xD;
2019-09-17 08:59:33 - [MESSAGE][PASSED] - Object 'Object Repository/Pages/FirstPayVault/button_Search' is visible&#xD;
&#xD;
2019-09-17 08:59:34 - [MESSAGE][PASSED] - Object: 'Object Repository/Pages/FirstPayVault/button_Search' is clicked on&#xD;
&#xD;
2019-09-17 08:59:34 - [MESSAGE][INFO] - Sale.ts: click on the Click On Search button&#xD;
&#xD;
2019-09-17 08:59:34 - [MESSAGE][PASSED] - utilities.SafeActions.safeClickWithoutScroll is PASSED&#xD;
&#xD;
2019-09-17 08:59:34 - [TEST_STEP][PASSED] - scrollToElement(findTestObject("Pages/Transaction_Management/invoice_ForTransaction"), 5): Scroll to object 'Object Repository/Pages/Transaction_Management/invoice_ForTransaction' successfully&#xD;
&#xD;
2019-09-17 08:59:34 - [MESSAGE][PASSED] - Scroll to object 'Object Repository/Pages/Transaction_Management/invoice_ForTransaction' successfully&#xD;
&#xD;
2019-09-17 08:59:34 - [TEST_STEP][PASSED] - pages.FirstPayVault.verifyInvoiceRecord(findTestObject("Pages/FirstPayVault/footer_NextButton"), findTestObject("Pages/FirstPayVault/page_Number"), vaultReference): The Vault is found in page 1&#xD;
&#xD;
2019-09-17 08:59:34 - [MESSAGE][PASSED] - Text of object 'Object Repository/Pages/FirstPayVault/page_Number' is: 'Page 1 of 11'&#xD;
&#xD;
2019-09-17 08:59:35 - [MESSAGE][PASSED] - The Vault is found in page 1&#xD;
&#xD;
2019-09-17 08:59:35 - [TEST_STEP][PASSED] - delay(2): Delayed 2 second(s)&#xD;
&#xD;
2019-09-17 08:59:37 - [MESSAGE][PASSED] - Delayed 2 second(s)&#xD;
&#xD;
2019-09-17 08:59:37 - [TEST_STEP][PASSED] - pages.FirstPayVault.deleteInvoiceRecord(findTestObject("Pages/FirstPayVault/footer_NextButton"), findTestObject("Pages/FirstPayVault/page_Number"), findTestObject("Pages/FirstPayVault/button_deleteFromVault"), vaultReference): Object: 'Object Repository/Pages/FirstPayVault/button_deleteFromVault' is clicked on&#xD;
&#xD;
2019-09-17 08:59:37 - [MESSAGE][PASSED] - Text of object 'Object Repository/Pages/FirstPayVault/page_Number' is: 'Page 1 of 11'&#xD;
&#xD;
2019-09-17 08:59:37 - [MESSAGE][PASSED] - The Vault is found in page 1&#xD;
&#xD;
2019-09-17 08:59:39 - [MESSAGE][PASSED] - Delayed 2 second(s)&#xD;
&#xD;
2019-09-17 08:59:43 - [MESSAGE][PASSED] - Delayed 4 second(s)&#xD;
&#xD;
2019-09-17 08:59:43 - [MESSAGE][PASSED] - Object: 'Object Repository/Pages/FirstPayVault/button_deleteFromVault' is clicked on&#xD;
&#xD;
2019-09-17 08:59:43 - [TEST_STEP][PASSED] - delay(delayBetweenTestSteps): Delayed 3 second(s)&#xD;
&#xD;
2019-09-17 08:59:46 - [MESSAGE][PASSED] - Delayed 3 second(s)&#xD;
&#xD;
2019-09-17 08:59:46 - [TEST_STEP][PASSED] - deleteVaultPopupMessage = utilities.SafeActions.safeGetText(findTestObject("Pages/FirstPayVault/alertMessageAfterDeleteVault"), delayBetweenTestSteps): utilities.SafeActions.safeGetText is PASSED&#xD;
&#xD;
2019-09-17 08:59:46 - [MESSAGE][PASSED] - Object 'Object Repository/Pages/FirstPayVault/alertMessageAfterDeleteVault' is present&#xD;
&#xD;
2019-09-17 08:59:46 - [MESSAGE][PASSED] - Text of object 'Object Repository/Pages/FirstPayVault/alertMessageAfterDeleteVault' is: 'Vault Deletion successfully completed'&#xD;
&#xD;
2019-09-17 08:59:46 - [MESSAGE][PASSED] - utilities.SafeActions.safeGetText is PASSED&#xD;
&#xD;
2019-09-17 08:59:46 - [TEST_STEP][PASSED] - utilities.SafeActions.verifyPopupMessage("Vault Deletion successfully completed", deleteVaultPopupMessage): Popup Message : Vault Deletion successfully completed matched with expected message : Vault Deletion successfully completed&#xD;
&#xD;
2019-09-17 08:59:46 - [MESSAGE][PASSED] - Popup Message : Vault Deletion successfully completed matched with expected message : Vault Deletion successfully completed&#xD;
&#xD;
2019-09-17 08:59:46 - [TEST_STEP][PASSED] - utilities.SafeActions.safeClickWithoutScroll(findTestObject("Pages/FirstPayVault/closeLocatorForDeletePopupMessage"), "Click on Close button", [5]): utilities.SafeActions.safeClickWithoutScroll is PASSED&#xD;
&#xD;
2019-09-17 08:59:47 - [MESSAGE][INFO] - Safe Click Without scroll&#xD;
&#xD;
2019-09-17 08:59:47 - [MESSAGE][INFO] - Sale.ts:waiting until Click on Close button is Clickable&#xD;
&#xD;
2019-09-17 08:59:47 - [MESSAGE][PASSED] - Object 'Object Repository/Pages/FirstPayVault/closeLocatorForDeletePopupMessage' is clickable&#xD;
&#xD;
2019-09-17 08:59:47 - [MESSAGE][PASSED] - Object 'Object Repository/Pages/FirstPayVault/closeLocatorForDeletePopupMessage' is visible&#xD;
&#xD;
2019-09-17 08:59:47 - [MESSAGE][PASSED] - Object: 'Object Repository/Pages/FirstPayVault/closeLocatorForDeletePopupMessage' is clicked on&#xD;
&#xD;
2019-09-17 08:59:47 - [MESSAGE][INFO] - Sale.ts: click on the Click on Close button&#xD;
&#xD;
2019-09-17 08:59:47 - [MESSAGE][PASSED] - utilities.SafeActions.safeClickWithoutScroll is PASSED&#xD;
&#xD;
2019-09-17 08:59:47 - [TEST_STEP][PASSED] - closeBrowser(): Browser is closed&#xD;
&#xD;
2019-09-17 08:59:48 - [MESSAGE][PASSED] - Browser is closed&#xD;
&#xD;
2019-09-17 08:59:48 - [TEST_STEP][PASSED] - Start listener action : sampleAfterTestCase: null</system-out>
            <system-err></system-err>
        </testcase>
        <testcase name="Test Cases/FirstView/FirstPayVault/TC_1st_Pay_Vault_003" classname="Test Cases/FirstView/FirstPayVault/TC_1st_Pay_Vault_003" status="FAILED">
            <failure type="FAILED" message="Test Cases/FirstView/FirstPayVault/TC_1st_Pay_Vault_003 FAILED.&#xA;Reason:&#xA;com.kms.katalon.core.exception.StepFailedException: Popup Message :  didnot match with expected message : Successfully Saved to Vault&#xD;&#xA;&#x9;at com.kms.katalon.core.util.KeywordUtil.markFailed(KeywordUtil.java:19)&#xD;&#xA;&#x9;at utilities.SafeActions.verifyPopupMessage(SafeActions.groovy:238)&#xD;&#xA;&#x9;at utilities.SafeActions.invokeMethod(SafeActions.groovy)&#xD;&#xA;&#x9;at com.kms.katalon.core.main.CustomKeywordDelegatingMetaClass.invokeStaticMethod(CustomKeywordDelegatingMetaClass.java:50)&#xD;&#xA;&#x9;at TC_1st_Pay_Vault_003.run(TC_1st_Pay_Vault_003:75)&#xD;&#xA;&#x9;at com.kms.katalon.core.main.ScriptEngine.run(ScriptEngine.java:194)&#xD;&#xA;&#x9;at com.kms.katalon.core.main.ScriptEngine.runScriptAsRawText(ScriptEngine.java:119)&#xD;&#xA;&#x9;at com.kms.katalon.core.main.TestCaseExecutor.runScript(TestCaseExecutor.java:337)&#xD;&#xA;&#x9;at com.kms.katalon.core.main.TestCaseExecutor.doExecute(TestCaseExecutor.java:328)&#xD;&#xA;&#x9;at com.kms.katalon.core.main.TestCaseExecutor.processExecutionPhase(TestCaseExecutor.java:307)&#xD;&#xA;&#x9;at com.kms.katalon.core.main.TestCaseExecutor.accessMainPhase(TestCaseExecutor.java:299)&#xD;&#xA;&#x9;at com.kms.katalon.core.main.TestCaseExecutor.execute(TestCaseExecutor.java:233)&#xD;&#xA;&#x9;at com.kms.katalon.core.main.TestSuiteExecutor.accessTestCaseMainPhase(TestSuiteExecutor.java:169)&#xD;&#xA;&#x9;at com.kms.katalon.core.main.TestSuiteExecutor.accessTestSuiteMainPhase(TestSuiteExecutor.java:142)&#xD;&#xA;&#x9;at com.kms.katalon.core.main.TestSuiteExecutor.execute(TestSuiteExecutor.java:91)&#xD;&#xA;&#x9;at com.kms.katalon.core.main.TestCaseMain.startTestSuite(TestCaseMain.java:157)&#xD;&#xA;&#x9;at com.kms.katalon.core.main.TestCaseMain$startTestSuite$0.call(Unknown Source)&#xD;&#xA;&#x9;at TempTestSuite1568728503087.run(TempTestSuite1568728503087.groovy:35)&#xD;&#xA;"/>
            <system-out>2019-09-17 08:59:48 - [TEST_CASE][FAILED] - Test Cases/FirstView/FirstPayVault/TC_1st_Pay_Vault_003: Test Cases/FirstView/FirstPayVault/TC_1st_Pay_Vault_003 FAILED.
Reason:
com.kms.katalon.core.exception.StepFailedException: Popup Message :  didnot match with expected message : Successfully Saved to Vault&#xD;
	at com.kms.katalon.core.util.KeywordUtil.markFailed(KeywordUtil.java:19)&#xD;
	at utilities.SafeActions.verifyPopupMessage(SafeActions.groovy:238)&#xD;
	at utilities.SafeActions.invokeMethod(SafeActions.groovy)&#xD;
	at com.kms.katalon.core.main.CustomKeywordDelegatingMetaClass.invokeStaticMethod(CustomKeywordDelegatingMetaClass.java:50)&#xD;
	at TC_1st_Pay_Vault_003.run(TC_1st_Pay_Vault_003:75)&#xD;
	at com.kms.katalon.core.main.ScriptEngine.run(ScriptEngine.java:194)&#xD;
	at com.kms.katalon.core.main.ScriptEngine.runScriptAsRawText(ScriptEngine.java:119)&#xD;
	at com.kms.katalon.core.main.TestCaseExecutor.runScript(TestCaseExecutor.java:337)&#xD;
	at com.kms.katalon.core.main.TestCaseExecutor.doExecute(TestCaseExecutor.java:328)&#xD;
	at com.kms.katalon.core.main.TestCaseExecutor.processExecutionPhase(TestCaseExecutor.java:307)&#xD;
	at com.kms.katalon.core.main.TestCaseExecutor.accessMainPhase(TestCaseExecutor.java:299)&#xD;
	at com.kms.katalon.core.main.TestCaseExecutor.execute(TestCaseExecutor.java:233)&#xD;
	at com.kms.katalon.core.main.TestSuiteExecutor.accessTestCaseMainPhase(TestSuiteExecutor.java:169)&#xD;
	at com.kms.katalon.core.main.TestSuiteExecutor.accessTestSuiteMainPhase(TestSuiteExecutor.java:142)&#xD;
	at com.kms.katalon.core.main.TestSuiteExecutor.execute(TestSuiteExecutor.java:91)&#xD;
	at com.kms.katalon.core.main.TestCaseMain.startTestSuite(TestCaseMain.java:157)&#xD;
	at com.kms.katalon.core.main.TestCaseMain$startTestSuite$0.call(Unknown Source)&#xD;
	at TempTestSuite1568728503087.run(TempTestSuite1568728503087.groovy:35)&#xD;
&#xD;
&#xD;
2019-09-17 08:59:49 - [TEST_STEP][PASSED] - utilities.SafeActions.openBrowser(URL, [PageLoadTime]): utilities.SafeActions.openBrowser is PASSED&#xD;
&#xD;
2019-09-17 08:59:49 - [MESSAGE][INFO] - Opening Browser&#xD;
&#xD;
2019-09-17 08:59:49 - [MESSAGE][INFO] - Starting 'Firefox' driver&#xD;
&#xD;
2019-09-17 08:59:57 - [MESSAGE][PASSED] - Browser is opened with url: 'http://172.25.48.28/secure/VPOS/VPOS/Vpos'&#xD;
&#xD;
2019-09-17 09:00:02 - [MESSAGE][PASSED] - Current window maximized&#xD;
&#xD;
2019-09-17 09:00:02 - [MESSAGE][INFO] - Browser Launched Successfully&#xD;
&#xD;
2019-09-17 09:00:02 - [MESSAGE][PASSED] - utilities.SafeActions.openBrowser is PASSED&#xD;
&#xD;
2019-09-17 09:00:02 - [TEST_STEP][PASSED] - delay(6): Delayed 6 second(s)&#xD;
&#xD;
2019-09-17 09:00:08 - [MESSAGE][PASSED] - Delayed 6 second(s)&#xD;
&#xD;
2019-09-17 09:00:08 - [TEST_STEP][PASSED] - utilities.SafeActions.safeSelectOptionInDropDownByVisibleText(findTestObject("Pages/Sale/dropDown_AccountType"), "ranjanatest2 - 888814981372/001 Account Type: Retail", "Select by Value", [25]): utilities.SafeActions.safeSelectOptionInDropDownByVisibleText is PASSED&#xD;
&#xD;
2019-09-17 09:00:08 - [MESSAGE][PASSED] - Object 'Object Repository/Pages/Sale/dropDown_AccountType' is present&#xD;
&#xD;
2019-09-17 09:00:08 - [MESSAGE][PASSED] - Object: 'Object Repository/Pages/Sale/dropDown_AccountType' is clicked on&#xD;
&#xD;
2019-09-17 09:00:08 - [MESSAGE][PASSED] - All options with label 'ranjanatest2 - 888814981372/001 Account Type: Retail' are selected in object 'Object Repository/Pages/Sale/dropDown_AccountType' &#xD;
&#xD;
2019-09-17 09:00:08 - [MESSAGE][PASSED] - utilities.SafeActions.safeSelectOptionInDropDownByVisibleText is PASSED&#xD;
&#xD;
2019-09-17 09:00:08 - [TEST_STEP][PASSED] - utilities.SafeActions.safeClickWithoutScroll(findTestObject("Pages/FirstPayVault/tab_FirstPayVault"), "Click on FirstPayVault tab", [5]): utilities.SafeActions.safeClickWithoutScroll is PASSED&#xD;
&#xD;
2019-09-17 09:00:08 - [MESSAGE][INFO] - Safe Click Without scroll&#xD;
&#xD;
2019-09-17 09:00:08 - [MESSAGE][INFO] - Sale.ts:waiting until Click on FirstPayVault tab is Clickable&#xD;
&#xD;
2019-09-17 09:00:09 - [MESSAGE][PASSED] - Object 'Object Repository/Pages/FirstPayVault/tab_FirstPayVault' is clickable&#xD;
&#xD;
2019-09-17 09:00:09 - [MESSAGE][PASSED] - Object 'Object Repository/Pages/FirstPayVault/tab_FirstPayVault' is visible&#xD;
&#xD;
2019-09-17 09:00:09 - [MESSAGE][PASSED] - Object: 'Object Repository/Pages/FirstPayVault/tab_FirstPayVault' is clicked on&#xD;
&#xD;
2019-09-17 09:00:09 - [MESSAGE][INFO] - Sale.ts: click on the Click on FirstPayVault tab&#xD;
&#xD;
2019-09-17 09:00:09 - [MESSAGE][PASSED] - utilities.SafeActions.safeClickWithoutScroll is PASSED&#xD;
&#xD;
2019-09-17 09:00:09 - [TEST_STEP][PASSED] - utilities.SafeActions.safeClickWithoutScroll(findTestObject("Pages/FirstPayVault/button_CreateVault"), "Click on CreateVault button", [5]): utilities.SafeActions.safeClickWithoutScroll is PASSED&#xD;
&#xD;
2019-09-17 09:00:09 - [MESSAGE][INFO] - Safe Click Without scroll&#xD;
&#xD;
2019-09-17 09:00:09 - [MESSAGE][INFO] - Sale.ts:waiting until Click on CreateVault button is Clickable&#xD;
&#xD;
2019-09-17 09:00:09 - [MESSAGE][PASSED] - Object 'Object Repository/Pages/FirstPayVault/button_CreateVault' is clickable&#xD;
&#xD;
2019-09-17 09:00:09 - [MESSAGE][PASSED] - Object 'Object Repository/Pages/FirstPayVault/button_CreateVault' is visible&#xD;
&#xD;
2019-09-17 09:00:10 - [MESSAGE][PASSED] - Object: 'Object Repository/Pages/FirstPayVault/button_CreateVault' is clicked on&#xD;
&#xD;
2019-09-17 09:00:10 - [MESSAGE][INFO] - Sale.ts: click on the Click on CreateVault button&#xD;
&#xD;
2019-09-17 09:00:10 - [MESSAGE][PASSED] - utilities.SafeActions.safeClickWithoutScroll is PASSED&#xD;
&#xD;
2019-09-17 09:00:10 - [TEST_STEP][PASSED] - scrollToElement(findTestObject("Pages/FirstPayVault/input_VaultReferenceNumber"), 5): Scroll to object 'Object Repository/Pages/FirstPayVault/input_VaultReferenceNumber' successfully&#xD;
&#xD;
2019-09-17 09:00:10 - [MESSAGE][PASSED] - Scroll to object 'Object Repository/Pages/FirstPayVault/input_VaultReferenceNumber' successfully&#xD;
&#xD;
2019-09-17 09:00:10 - [TEST_STEP][PASSED] - utilities.SafeActions.safeType(findTestObject("Pages/FirstPayVault/input_VaultReferenceNumber"), vaultReference, "Entering Vault Reference Number", [5]): utilities.SafeActions.safeType is PASSED&#xD;
&#xD;
2019-09-17 09:00:10 - [MESSAGE][PASSED] - Object 'Object Repository/Pages/FirstPayVault/input_VaultReferenceNumber' is present&#xD;
&#xD;
2019-09-17 09:00:10 - [MESSAGE][PASSED] - Object: 'Object Repository/Pages/FirstPayVault/input_VaultReferenceNumber' is clicked on&#xD;
&#xD;
2019-09-17 09:00:10 - [MESSAGE][PASSED] - Text 'TestCreateVault123456' is set on object 'Object Repository/Pages/FirstPayVault/input_VaultReferenceNumber'&#xD;
&#xD;
2019-09-17 09:00:10 - [MESSAGE][PASSED] - utilities.SafeActions.safeType is PASSED&#xD;
&#xD;
2019-09-17 09:00:10 - [TEST_STEP][PASSED] - utilities.SafeActions.safeType(findTestObject("Pages/FirstPayVault/input_CreditCardNumber"), "4111111111111111", "Entering Card Number", [10]): utilities.SafeActions.safeType is PASSED&#xD;
&#xD;
2019-09-17 09:00:10 - [MESSAGE][PASSED] - Object 'Object Repository/Pages/FirstPayVault/input_CreditCardNumber' is present&#xD;
&#xD;
2019-09-17 09:00:11 - [MESSAGE][PASSED] - Object: 'Object Repository/Pages/FirstPayVault/input_CreditCardNumber' is clicked on&#xD;
&#xD;
2019-09-17 09:00:11 - [MESSAGE][PASSED] - Text '4111111111111111' is set on object 'Object Repository/Pages/FirstPayVault/input_CreditCardNumber'&#xD;
&#xD;
2019-09-17 09:00:11 - [MESSAGE][PASSED] - utilities.SafeActions.safeType is PASSED&#xD;
&#xD;
2019-09-17 09:00:11 - [TEST_STEP][PASSED] - delay(4): Delayed 4 second(s)&#xD;
&#xD;
2019-09-17 09:00:15 - [MESSAGE][PASSED] - Delayed 4 second(s)&#xD;
&#xD;
2019-09-17 09:00:15 - [TEST_STEP][PASSED] - utilities.SafeActions.safeSelectOptionInDropDownByVisibleText(findTestObject("Pages/FirstPayVault/dropDown_ExpirationMonth"), "September", "Expiration Month", [5]): utilities.SafeActions.safeSelectOptionInDropDownByVisibleText is PASSED&#xD;
&#xD;
2019-09-17 09:00:15 - [MESSAGE][PASSED] - Object 'Object Repository/Pages/FirstPayVault/dropDown_ExpirationMonth' is present&#xD;
&#xD;
2019-09-17 09:00:15 - [MESSAGE][PASSED] - Object: 'Object Repository/Pages/FirstPayVault/dropDown_ExpirationMonth' is clicked on&#xD;
&#xD;
2019-09-17 09:00:16 - [MESSAGE][PASSED] - All options with label 'September' are selected in object 'Object Repository/Pages/FirstPayVault/dropDown_ExpirationMonth' &#xD;
&#xD;
2019-09-17 09:00:16 - [MESSAGE][PASSED] - utilities.SafeActions.safeSelectOptionInDropDownByVisibleText is PASSED&#xD;
&#xD;
2019-09-17 09:00:16 - [TEST_STEP][PASSED] - utilities.SafeActions.safeSelectOptionInDropDownByVisibleText(findTestObject("Pages/FirstPayVault/dropDown_ExpirationYear"), "2023", "year", [5]): utilities.SafeActions.safeSelectOptionInDropDownByVisibleText is PASSED&#xD;
&#xD;
2019-09-17 09:00:16 - [MESSAGE][PASSED] - Object 'Object Repository/Pages/FirstPayVault/dropDown_ExpirationYear' is present&#xD;
&#xD;
2019-09-17 09:00:16 - [MESSAGE][PASSED] - Object: 'Object Repository/Pages/FirstPayVault/dropDown_ExpirationYear' is clicked on&#xD;
&#xD;
2019-09-17 09:00:16 - [MESSAGE][PASSED] - All options with label '2023' are selected in object 'Object Repository/Pages/FirstPayVault/dropDown_ExpirationYear' &#xD;
&#xD;
2019-09-17 09:00:16 - [MESSAGE][PASSED] - utilities.SafeActions.safeSelectOptionInDropDownByVisibleText is PASSED&#xD;
&#xD;
2019-09-17 09:00:16 - [TEST_STEP][PASSED] - delay(2): Delayed 2 second(s)&#xD;
&#xD;
2019-09-17 09:00:18 - [MESSAGE][PASSED] - Delayed 2 second(s)&#xD;
&#xD;
2019-09-17 09:00:18 - [TEST_STEP][PASSED] - utilities.SafeActions.safeType(findTestObject("Pages/FirstPayVault/input_ContactName"), customerName, "Enter Contact Name", [5]): utilities.SafeActions.safeType is PASSED&#xD;
&#xD;
2019-09-17 09:00:18 - [MESSAGE][PASSED] - Object 'Object Repository/Pages/FirstPayVault/input_ContactName' is present&#xD;
&#xD;
2019-09-17 09:00:19 - [MESSAGE][PASSED] - Object: 'Object Repository/Pages/FirstPayVault/input_ContactName' is clicked on&#xD;
&#xD;
2019-09-17 09:00:19 - [MESSAGE][PASSED] - Text 'Venkat Sai' is set on object 'Object Repository/Pages/FirstPayVault/input_ContactName'&#xD;
&#xD;
2019-09-17 09:00:19 - [MESSAGE][PASSED] - utilities.SafeActions.safeType is PASSED&#xD;
&#xD;
2019-09-17 09:00:19 - [TEST_STEP][PASSED] - utilities.SafeActions.safeType(findTestObject("Pages/FirstPayVault/input_PostalCode"), "76102", "Enter Postal Code", [5]): utilities.SafeActions.safeType is PASSED&#xD;
&#xD;
2019-09-17 09:00:19 - [MESSAGE][PASSED] - Object 'Object Repository/Pages/FirstPayVault/input_PostalCode' is present&#xD;
&#xD;
2019-09-17 09:00:19 - [MESSAGE][PASSED] - Object: 'Object Repository/Pages/FirstPayVault/input_PostalCode' is clicked on&#xD;
&#xD;
2019-09-17 09:00:19 - [MESSAGE][PASSED] - Text '76102' is set on object 'Object Repository/Pages/FirstPayVault/input_PostalCode'&#xD;
&#xD;
2019-09-17 09:00:19 - [MESSAGE][PASSED] - utilities.SafeActions.safeType is PASSED&#xD;
&#xD;
2019-09-17 09:00:19 - [TEST_STEP][PASSED] - utilities.SafeActions.safeType(findTestObject("Pages/FirstPayVault/input_Address"), "James Street", "Enter ddress", [5]): utilities.SafeActions.safeType is PASSED&#xD;
&#xD;
2019-09-17 09:00:19 - [MESSAGE][PASSED] - Object 'Object Repository/Pages/FirstPayVault/input_Address' is present&#xD;
&#xD;
2019-09-17 09:00:20 - [MESSAGE][PASSED] - Object: 'Object Repository/Pages/FirstPayVault/input_Address' is clicked on&#xD;
&#xD;
2019-09-17 09:00:20 - [MESSAGE][PASSED] - Text 'James Street' is set on object 'Object Repository/Pages/FirstPayVault/input_Address'&#xD;
&#xD;
2019-09-17 09:00:20 - [MESSAGE][PASSED] - utilities.SafeActions.safeType is PASSED&#xD;
&#xD;
2019-09-17 09:00:20 - [TEST_STEP][PASSED] - utilities.SafeActions.safeCheckForElement(findTestObject("Pages/FirstPayVault/chekBox_AddShippingInformation"), 5): utilities.SafeActions.safeCheckForElement is PASSED&#xD;
&#xD;
2019-09-17 09:00:20 - [MESSAGE][PASSED] - Object 'Object Repository/Pages/FirstPayVault/chekBox_AddShippingInformation' is present&#xD;
&#xD;
2019-09-17 09:00:20 - [MESSAGE][PASSED] - Object 'Object Repository/Pages/FirstPayVault/chekBox_AddShippingInformation' is checked&#xD;
&#xD;
2019-09-17 09:00:20 - [MESSAGE][PASSED] - utilities.SafeActions.safeCheckForElement is PASSED&#xD;
&#xD;
2019-09-17 09:00:20 - [TEST_STEP][PASSED] - utilities.SafeActions.safeType(findTestObject("Pages/FirstPayVault/input_ShippingMethod"), "DTDC", "Enter Shipping Method", [5]): utilities.SafeActions.safeType is PASSED&#xD;
&#xD;
2019-09-17 09:00:20 - [MESSAGE][PASSED] - Object 'Object Repository/Pages/FirstPayVault/input_ShippingMethod' is present&#xD;
&#xD;
2019-09-17 09:00:20 - [MESSAGE][PASSED] - Object: 'Object Repository/Pages/FirstPayVault/input_ShippingMethod' is clicked on&#xD;
&#xD;
2019-09-17 09:00:20 - [MESSAGE][PASSED] - Text 'DTDC' is set on object 'Object Repository/Pages/FirstPayVault/input_ShippingMethod'&#xD;
&#xD;
2019-09-17 09:00:20 - [MESSAGE][PASSED] - utilities.SafeActions.safeType is PASSED&#xD;
&#xD;
2019-09-17 09:00:20 - [TEST_STEP][PASSED] - utilities.SafeActions.safeCheckForElement(findTestObject("Pages/FirstPayVault/checkbox_SameAsBillingInformation"), 5): utilities.SafeActions.safeCheckForElement is PASSED&#xD;
&#xD;
2019-09-17 09:00:21 - [MESSAGE][PASSED] - Object 'Object Repository/Pages/FirstPayVault/checkbox_SameAsBillingInformation' is present&#xD;
&#xD;
2019-09-17 09:00:21 - [MESSAGE][PASSED] - Object 'Object Repository/Pages/FirstPayVault/checkbox_SameAsBillingInformation' is checked&#xD;
&#xD;
2019-09-17 09:00:21 - [MESSAGE][PASSED] - utilities.SafeActions.safeCheckForElement is PASSED&#xD;
&#xD;
2019-09-17 09:00:21 - [TEST_STEP][PASSED] - utilities.SafeActions.safeClickwithScroll(findTestObject("Pages/FirstPayVault/button_Create"), "Click on Create Button", [5]): utilities.SafeActions.safeClickwithScroll is PASSED&#xD;
&#xD;
2019-09-17 09:00:21 - [MESSAGE][PASSED] - Scroll to object 'Object Repository/Pages/FirstPayVault/button_Create' successfully&#xD;
&#xD;
2019-09-17 09:00:21 - [MESSAGE][INFO] - Sale.ts:waiting until Click on Create Button is Clickable&#xD;
&#xD;
2019-09-17 09:00:21 - [MESSAGE][PASSED] - Object 'Object Repository/Pages/FirstPayVault/button_Create' is clickable&#xD;
&#xD;
2019-09-17 09:00:21 - [MESSAGE][PASSED] - Object 'Object Repository/Pages/FirstPayVault/button_Create' is visible&#xD;
&#xD;
2019-09-17 09:00:21 - [MESSAGE][PASSED] - Object: 'Object Repository/Pages/FirstPayVault/button_Create' is clicked on&#xD;
&#xD;
2019-09-17 09:00:21 - [MESSAGE][INFO] - Sale.ts: Clicked on the Click on Create Button&#xD;
&#xD;
2019-09-17 09:00:21 - [MESSAGE][PASSED] - utilities.SafeActions.safeClickwithScroll is PASSED&#xD;
&#xD;
2019-09-17 09:00:21 - [TEST_STEP][PASSED] - delay(2): Delayed 2 second(s)&#xD;
&#xD;
2019-09-17 09:00:23 - [MESSAGE][PASSED] - Delayed 2 second(s)&#xD;
&#xD;
2019-09-17 09:00:23 - [TEST_STEP][PASSED] - popupSavedToVaultMessage = utilities.SafeActions.safeGetText(findTestObject("Pages/FirstPayVault/popup_SavedToVaultMessage"), 5): utilities.SafeActions.safeGetText is PASSED&#xD;
&#xD;
2019-09-17 09:00:23 - [MESSAGE][PASSED] - Object 'Object Repository/Pages/FirstPayVault/popup_SavedToVaultMessage' is present&#xD;
&#xD;
2019-09-17 09:00:23 - [MESSAGE][PASSED] - Text of object 'Object Repository/Pages/FirstPayVault/popup_SavedToVaultMessage' is: ''&#xD;
&#xD;
2019-09-17 09:00:23 - [MESSAGE][PASSED] - utilities.SafeActions.safeGetText is PASSED&#xD;
&#xD;
2019-09-17 09:00:23 - [TEST_STEP][FAILED] - flag = utilities.SafeActions.verifyPopupMessage("Successfully Saved to Vault", popupSavedToVaultMessage): com.kms.katalon.core.exception.StepFailedException: Popup Message :  didnot match with expected message : Successfully Saved to Vault&#xD;
&#xD;
2019-09-17 09:00:23 - [MESSAGE][FAILED] - Popup Message :  didnot match with expected message : Successfully Saved to Vault&#xD;
&#xD;
2019-09-17 09:00:23 - [MESSAGE][FAILED] - com.kms.katalon.core.exception.StepFailedException: Popup Message :  didnot match with expected message : Successfully Saved to Vault&#xD;
&#xD;
2019-09-17 09:00:23 - [TEST_STEP][PASSED] - delay(2): Delayed 2 second(s)&#xD;
&#xD;
2019-09-17 09:00:25 - [MESSAGE][PASSED] - Delayed 2 second(s)&#xD;
&#xD;
2019-09-17 09:00:25 - [TEST_STEP][ERROR] - utilities.SafeActions.safeClickWithoutScroll(findTestObject("Pages/FirstPayVault/button_RunSaleWithThisVault_InPopup"), "Click on Run Sale With This Vault in Popup", [delayBetweenTestSteps]): com.kms.katalon.core.exception.StepErrorException: Sale.ts:Click on Run Sale With This Vault in Popup is not Clickable&#xD;
&#xD;
2019-09-17 09:00:25 - [MESSAGE][INFO] - Safe Click Without scroll&#xD;
&#xD;
2019-09-17 09:00:25 - [MESSAGE][INFO] - Sale.ts:waiting until Click on Run Sale With This Vault in Popup is Clickable&#xD;
&#xD;
2019-09-17 09:00:26 - [MESSAGE][PASSED] - Object 'Object Repository/Pages/FirstPayVault/button_RunSaleWithThisVault_InPopup' is clickable&#xD;
&#xD;
2019-09-17 09:00:26 - [MESSAGE][FAILED] - Object 'Object Repository/Pages/FirstPayVault/button_RunSaleWithThisVault_InPopup' is NOT visible (Root cause: com.kms.katalon.core.exception.StepFailedException: Object 'Object Repository/Pages/FirstPayVault/button_RunSaleWithThisVault_InPopup' is NOT visible&#xD;
	at com.kms.katalon.core.webui.keyword.internal.WebUIKeywordMain.stepFailed(WebUIKeywordMain.groovy:64)&#xD;
	at com.kms.katalon.core.webui.keyword.builtin.VerifyElementVisibleKeyword$_verifyElementVisible_closure1.doCall(VerifyElementVisibleKeyword.groovy:83)&#xD;
	at com.kms.katalon.core.webui.keyword.builtin.VerifyElementVisibleKeyword$_verifyElementVisible_closure1.call(VerifyElementVisibleKeyword.groovy)&#xD;
	at com.kms.katalon.core.webui.keyword.internal.WebUIKeywordMain.runKeyword(WebUIKeywordMain.groovy:20)&#xD;
	at com.kms.katalon.core.webui.keyword.builtin.VerifyElementVisibleKeyword.verifyElementVisible(VerifyElementVisibleKeyword.groovy:97)&#xD;
	at com.kms.katalon.core.webui.keyword.builtin.VerifyElementVisibleKeyword.execute(VerifyElementVisibleKeyword.groovy:67)&#xD;
	at com.kms.katalon.core.keyword.internal.KeywordExecutor.executeKeywordForPlatform(KeywordExecutor.groovy:56)&#xD;
	at com.kms.katalon.core.webui.keyword.WebUiBuiltInKeywords.verifyElementVisible(WebUiBuiltInKeywords.groovy:372)&#xD;
	at com.kms.katalon.core.webui.keyword.WebUiBuiltInKeywords$verifyElementVisible$10.call(Unknown Source)&#xD;
	at utilities.SafeActions.waitUntilClickable(SafeActions.groovy:136)&#xD;
	at utilities.SafeActions.safeClickWithoutScroll(SafeActions.groovy:102)&#xD;
	at utilities.SafeActions.invokeMethod(SafeActions.groovy)&#xD;
	at com.kms.katalon.core.main.CustomKeywordDelegatingMetaClass.invokeStaticMethod(CustomKeywordDelegatingMetaClass.java:50)&#xD;
	at TC_1st_Pay_Vault_003.run(TC_1st_Pay_Vault_003:80)&#xD;
	at com.kms.katalon.core.main.ScriptEngine.run(ScriptEngine.java:194)&#xD;
	at com.kms.katalon.core.main.ScriptEngine.runScriptAsRawText(ScriptEngine.java:119)&#xD;
	at com.kms.katalon.core.main.TestCaseExecutor.runScript(TestCaseExecutor.java:337)&#xD;
	at com.kms.katalon.core.main.TestCaseExecutor.doExecute(TestCaseExecutor.java:328)&#xD;
	at com.kms.katalon.core.main.TestCaseExecutor.processExecutionPhase(TestCaseExecutor.java:307)&#xD;
	at com.kms.katalon.core.main.TestCaseExecutor.accessMainPhase(TestCaseExecutor.java:299)&#xD;
	at com.kms.katalon.core.main.TestCaseExecutor.execute(TestCaseExecutor.java:233)&#xD;
	at com.kms.katalon.core.main.TestSuiteExecutor.accessTestCaseMainPhase(TestSuiteExecutor.java:169)&#xD;
	at com.kms.katalon.core.main.TestSuiteExecutor.accessTestSuiteMainPhase(TestSuiteExecutor.java:142)&#xD;
	at com.kms.katalon.core.main.TestSuiteExecutor.execute(TestSuiteExecutor.java:91)&#xD;
	at com.kms.katalon.core.main.TestCaseMain.startTestSuite(TestCaseMain.java:157)&#xD;
	at com.kms.katalon.core.main.TestCaseMain$startTestSuite$0.call(Unknown Source)&#xD;
	at TempTestSuite1568728503087.run(TempTestSuite1568728503087.groovy:35)&#xD;
)&#xD;
[[ATTACHMENT|C:\\Users\\venkata.annam\\Katalon Studio\\VPOS\\VPOS_Automation\\Reports\\20190917_085503\\FirstView\\Sale\\20190917_085503\\1568728826052.png]]&#xD;
&#xD;
2019-09-17 09:00:26 - [MESSAGE][FAILED] - Unable to verify object 'Object Repository/Pages/FirstPayVault/button_RunSaleWithThisVault_InPopup' is visible (Root cause: com.kms.katalon.core.exception.StepFailedException: Unable to verify object 'Object Repository/Pages/FirstPayVault/button_RunSaleWithThisVault_InPopup' is visible&#xD;
	at com.kms.katalon.core.webui.keyword.internal.WebUIKeywordMain.stepFailed(WebUIKeywordMain.groovy:64)&#xD;
	at com.kms.katalon.core.webui.keyword.internal.WebUIKeywordMain.runKeyword(WebUIKeywordMain.groovy:26)&#xD;
	at com.kms.katalon.core.webui.keyword.builtin.VerifyElementVisibleKeyword.verifyElementVisible(VerifyElementVisibleKeyword.groovy:97)&#xD;
	at com.kms.katalon.core.webui.keyword.builtin.VerifyElementVisibleKeyword.execute(VerifyElementVisibleKeyword.groovy:67)&#xD;
	at com.kms.katalon.core.keyword.internal.KeywordExecutor.executeKeywordForPlatform(KeywordExecutor.groovy:56)&#xD;
	at com.kms.katalon.core.webui.keyword.WebUiBuiltInKeywords.verifyElementVisible(WebUiBuiltInKeywords.groovy:372)&#xD;
	at com.kms.katalon.core.webui.keyword.WebUiBuiltInKeywords$verifyElementVisible$10.call(Unknown Source)&#xD;
	at utilities.SafeActions.waitUntilClickable(SafeActions.groovy:136)&#xD;
	at utilities.SafeActions.safeClickWithoutScroll(SafeActions.groovy:102)&#xD;
	at utilities.SafeActions.invokeMethod(SafeActions.groovy)&#xD;
	at com.kms.katalon.core.main.CustomKeywordDelegatingMetaClass.invokeStaticMethod(CustomKeywordDelegatingMetaClass.java:50)&#xD;
	at TC_1st_Pay_Vault_003.run(TC_1st_Pay_Vault_003:80)&#xD;
	at com.kms.katalon.core.main.ScriptEngine.run(ScriptEngine.java:194)&#xD;
	at com.kms.katalon.core.main.ScriptEngine.runScriptAsRawText(ScriptEngine.java:119)&#xD;
	at com.kms.katalon.core.main.TestCaseExecutor.runScript(TestCaseExecutor.java:337)&#xD;
	at com.kms.katalon.core.main.TestCaseExecutor.doExecute(TestCaseExecutor.java:328)&#xD;
	at com.kms.katalon.core.main.TestCaseExecutor.processExecutionPhase(TestCaseExecutor.java:307)&#xD;
	at com.kms.katalon.core.main.TestCaseExecutor.accessMainPhase(TestCaseExecutor.java:299)&#xD;
	at com.kms.katalon.core.main.TestCaseExecutor.execute(TestCaseExecutor.java:233)&#xD;
	at com.kms.katalon.core.main.TestSuiteExecutor.accessTestCaseMainPhase(TestSuiteExecutor.java:169)&#xD;
	at com.kms.katalon.core.main.TestSuiteExecutor.accessTestSuiteMainPhase(TestSuiteExecutor.java:142)&#xD;
	at com.kms.katalon.core.main.TestSuiteExecutor.execute(TestSuiteExecutor.java:91)&#xD;
	at com.kms.katalon.core.main.TestCaseMain.startTestSuite(TestCaseMain.java:157)&#xD;
	at com.kms.katalon.core.main.TestCaseMain$startTestSuite$0.call(Unknown Source)&#xD;
	at TempTestSuite1568728503087.run(TempTestSuite1568728503087.groovy:35)&#xD;
Caused by: com.kms.katalon.core.exception.StepFailedException: Object 'Object Repository/Pages/FirstPayVault/button_RunSaleWithThisVault_InPopup' is NOT visible&#xD;
	at com.kms.katalon.core.webui.keyword.internal.WebUIKeywordMain.stepFailed(WebUIKeywordMain.groovy:64)&#xD;
	at com.kms.katalon.core.webui.keyword.builtin.VerifyElementVisibleKeyword$_verifyElementVisible_closure1.doCall(VerifyElementVisibleKeyword.groovy:83)&#xD;
	at com.kms.katalon.core.webui.keyword.builtin.VerifyElementVisibleKeyword$_verifyElementVisible_closure1.call(VerifyElementVisibleKeyword.groovy)&#xD;
	at com.kms.katalon.core.webui.keyword.internal.WebUIKeywordMain.runKeyword(WebUIKeywordMain.groovy:20)&#xD;
	... 23 more&#xD;
)&#xD;
[[ATTACHMENT|C:\\Users\\venkata.annam\\Katalon Studio\\VPOS\\VPOS_Automation\\Reports\\20190917_085503\\FirstView\\Sale\\20190917_085503\\1568728826145.png]]&#xD;
&#xD;
2019-09-17 09:00:26 - [MESSAGE][FAILED] - Sale.ts:Click on Run Sale With This Vault in Popup is not clickable in time - 3seconds&#xD;
&#xD;
2019-09-17 09:00:26 - [MESSAGE][ERROR] - com.kms.katalon.core.exception.StepErrorException: Sale.ts:Click on Run Sale With This Vault in Popup is not Clickable&#xD;
&#xD;
2019-09-17 09:00:26 - [TEST_STEP][PASSED] - delay(1): Delayed 1 second(s)&#xD;
&#xD;
2019-09-17 09:00:27 - [MESSAGE][PASSED] - Delayed 1 second(s)&#xD;
&#xD;
2019-09-17 09:00:27 - [TEST_STEP][PASSED] - value = utilities.SafeActions.getAttributeValue(findTestObject("Pages/FirstPayVault/tab_1stPayVault_Active"), "1st_PayVault"): The screen is 1st_PayVault screen&#xD;
&#xD;
2019-09-17 09:00:27 - [MESSAGE][PASSED] - Attribute 'class' of object 'Object Repository/Pages/FirstPayVault/tab_1stPayVault_Active' is: 'active_tab tabs__link'&#xD;
&#xD;
2019-09-17 09:00:27 - [MESSAGE][PASSED] - The screen is 1st_PayVault screen&#xD;
&#xD;
2019-09-17 09:00:27 - [TEST_STEP][FAILED] - scrollToElement(findTestObject("Pages/FirstPayVault/input_Amount"), 5): Unable to scroll to object 'Object Repository/Pages/FirstPayVault/input_Amount' (Root cause: com.kms.katalon.core.exception.StepFailedException: Unable to scroll to object 'Object Repository/Pages/FirstPayVault/input_Amount'&#xD;
	at com.kms.katalon.core.webui.keyword.internal.WebUIKeywordMain.stepFailed(WebUIKeywordMain.groovy:64)&#xD;
	at com.kms.katalon.core.webui.keyword.internal.WebUIKeywordMain.runKeyword(WebUIKeywordMain.groovy:26)&#xD;
	at com.kms.katalon.core.webui.keyword.builtin.ScrollToElementKeyword.scrollToElement(ScrollToElementKeyword.groovy:88)&#xD;
	at com.kms.katalon.core.webui.keyword.builtin.ScrollToElementKeyword.execute(ScrollToElementKeyword.groovy:68)&#xD;
	at com.kms.katalon.core.keyword.internal.KeywordExecutor.executeKeywordForPlatform(KeywordExecutor.groovy:56)&#xD;
	at com.kms.katalon.core.webui.keyword.WebUiBuiltInKeywords.scrollToElement(WebUiBuiltInKeywords.groovy:2975)&#xD;
	at com.kms.katalon.core.webui.keyword.WebUiBuiltInKeywords$scrollToElement$5.call(Unknown Source)&#xD;
	at TC_1st_Pay_Vault_003.run(TC_1st_Pay_Vault_003:87)&#xD;
	at com.kms.katalon.core.main.ScriptEngine.run(ScriptEngine.java:194)&#xD;
	at com.kms.katalon.core.main.ScriptEngine.runScriptAsRawText(ScriptEngine.java:119)&#xD;
	at com.kms.katalon.core.main.TestCaseExecutor.runScript(TestCaseExecutor.java:337)&#xD;
	at com.kms.katalon.core.main.TestCaseExecutor.doExecute(TestCaseExecutor.java:328)&#xD;
	at com.kms.katalon.core.main.TestCaseExecutor.processExecutionPhase(TestCaseExecutor.java:307)&#xD;
	at com.kms.katalon.core.main.TestCaseExecutor.accessMainPhase(TestCaseExecutor.java:299)&#xD;
	at com.kms.katalon.core.main.TestCaseExecutor.execute(TestCaseExecutor.java:233)&#xD;
	at com.kms.katalon.core.main.TestSuiteExecutor.accessTestCaseMainPhase(TestSuiteExecutor.java:169)&#xD;
	at com.kms.katalon.core.main.TestSuiteExecutor.accessTestSuiteMainPhase(TestSuiteExecutor.java:142)&#xD;
	at com.kms.katalon.core.main.TestSuiteExecutor.execute(TestSuiteExecutor.java:91)&#xD;
	at com.kms.katalon.core.main.TestCaseMain.startTestSuite(TestCaseMain.java:157)&#xD;
	at com.kms.katalon.core.main.TestCaseMain$startTestSuite$0.call(Unknown Source)&#xD;
	at TempTestSuite1568728503087.run(TempTestSuite1568728503087.groovy:35)&#xD;
Caused by: com.kms.katalon.core.webui.exception.WebElementNotFoundException: Web element with id: 'Object Repository/Pages/FirstPayVault/input_Amount' located by 'By.xpath: //input[@id='text-vault-sale-info-amount']' not found&#xD;
	at com.kms.katalon.core.webui.common.WebUiCommonHelper.findWebElement(WebUiCommonHelper.java:1097)&#xD;
	at com.kms.katalon.core.webui.keyword.internal.WebUIAbstractKeyword.findWebElement(WebUIAbstractKeyword.groovy:27)&#xD;
	at com.kms.katalon.core.webui.keyword.internal.WebUIAbstractKeyword.findWebElement(WebUIAbstractKeyword.groovy:26)&#xD;
	at com.kms.katalon.core.webui.keyword.builtin.ScrollToElementKeyword$_scrollToElement_closure1.doCall(ScrollToElementKeyword.groovy:79)&#xD;
	at com.kms.katalon.core.webui.keyword.builtin.ScrollToElementKeyword$_scrollToElement_closure1.call(ScrollToElementKeyword.groovy)&#xD;
	at com.kms.katalon.core.webui.keyword.internal.WebUIKeywordMain.runKeyword(WebUIKeywordMain.groovy:20)&#xD;
	at com.kms.katalon.core.webui.keyword.builtin.ScrollToElementKeyword.scrollToElement(ScrollToElementKeyword.groovy:88)&#xD;
	at com.kms.katalon.core.webui.keyword.builtin.ScrollToElementKeyword.execute(ScrollToElementKeyword.groovy:68)&#xD;
	at com.kms.katalon.core.keyword.internal.KeywordExecutor.executeKeywordForPlatform(KeywordExecutor.groovy:56)&#xD;
	at com.kms.katalon.core.webui.keyword.WebUiBuiltInKeywords.scrollToElement(WebUiBuiltInKeywords.groovy:2975)&#xD;
	at com.kms.katalon.core.webui.keyword.WebUiBuiltInKeywords$scrollToElement$5.call(Unknown Source)&#xD;
	at Script1568713577559.run(Script1568713577559.groovy:87)&#xD;
	... 13 more&#xD;
)&#xD;
&#xD;
2019-09-17 09:00:57 - [MESSAGE][INFO] - Unable to find the element located by 'By.xpath: //input[@id='text-vault-sale-info-amount']'. Please recheck the objects properties to make sure the desired element is located. &#xD;
&#xD;
2019-09-17 09:00:57 - [MESSAGE][FAILED] - Unable to scroll to object 'Object Repository/Pages/FirstPayVault/input_Amount' (Root cause: com.kms.katalon.core.exception.StepFailedException: Unable to scroll to object 'Object Repository/Pages/FirstPayVault/input_Amount'&#xD;
	at com.kms.katalon.core.webui.keyword.internal.WebUIKeywordMain.stepFailed(WebUIKeywordMain.groovy:64)&#xD;
	at com.kms.katalon.core.webui.keyword.internal.WebUIKeywordMain.runKeyword(WebUIKeywordMain.groovy:26)&#xD;
	at com.kms.katalon.core.webui.keyword.builtin.ScrollToElementKeyword.scrollToElement(ScrollToElementKeyword.groovy:88)&#xD;
	at com.kms.katalon.core.webui.keyword.builtin.ScrollToElementKeyword.execute(ScrollToElementKeyword.groovy:68)&#xD;
	at com.kms.katalon.core.keyword.internal.KeywordExecutor.executeKeywordForPlatform(KeywordExecutor.groovy:56)&#xD;
	at com.kms.katalon.core.webui.keyword.WebUiBuiltInKeywords.scrollToElement(WebUiBuiltInKeywords.groovy:2975)&#xD;
	at com.kms.katalon.core.webui.keyword.WebUiBuiltInKeywords$scrollToElement$5.call(Unknown Source)&#xD;
	at TC_1st_Pay_Vault_003.run(TC_1st_Pay_Vault_003:87)&#xD;
	at com.kms.katalon.core.main.ScriptEngine.run(ScriptEngine.java:194)&#xD;
	at com.kms.katalon.core.main.ScriptEngine.runScriptAsRawText(ScriptEngine.java:119)&#xD;
	at com.kms.katalon.core.main.TestCaseExecutor.runScript(TestCaseExecutor.java:337)&#xD;
	at com.kms.katalon.core.main.TestCaseExecutor.doExecute(TestCaseExecutor.java:328)&#xD;
	at com.kms.katalon.core.main.TestCaseExecutor.processExecutionPhase(TestCaseExecutor.java:307)&#xD;
	at com.kms.katalon.core.main.TestCaseExecutor.accessMainPhase(TestCaseExecutor.java:299)&#xD;
	at com.kms.katalon.core.main.TestCaseExecutor.execute(TestCaseExecutor.java:233)&#xD;
	at com.kms.katalon.core.main.TestSuiteExecutor.accessTestCaseMainPhase(TestSuiteExecutor.java:169)&#xD;
	at com.kms.katalon.core.main.TestSuiteExecutor.accessTestSuiteMainPhase(TestSuiteExecutor.java:142)&#xD;
	at com.kms.katalon.core.main.TestSuiteExecutor.execute(TestSuiteExecutor.java:91)&#xD;
	at com.kms.katalon.core.main.TestCaseMain.startTestSuite(TestCaseMain.java:157)&#xD;
	at com.kms.katalon.core.main.TestCaseMain$startTestSuite$0.call(Unknown Source)&#xD;
	at TempTestSuite1568728503087.run(TempTestSuite1568728503087.groovy:35)&#xD;
Caused by: com.kms.katalon.core.webui.exception.WebElementNotFoundException: Web element with id: 'Object Repository/Pages/FirstPayVault/input_Amount' located by 'By.xpath: //input[@id='text-vault-sale-info-amount']' not found&#xD;
	at com.kms.katalon.core.webui.common.WebUiCommonHelper.findWebElement(WebUiCommonHelper.java:1097)&#xD;
	at com.kms.katalon.core.webui.keyword.internal.WebUIAbstractKeyword.findWebElement(WebUIAbstractKeyword.groovy:27)&#xD;
	at com.kms.katalon.core.webui.keyword.internal.WebUIAbstractKeyword.findWebElement(WebUIAbstractKeyword.groovy:26)&#xD;
	at com.kms.katalon.core.webui.keyword.builtin.ScrollToElementKeyword$_scrollToElement_closure1.doCall(ScrollToElementKeyword.groovy:79)&#xD;
	at com.kms.katalon.core.webui.keyword.builtin.ScrollToElementKeyword$_scrollToElement_closure1.call(ScrollToElementKeyword.groovy)&#xD;
	at com.kms.katalon.core.webui.keyword.internal.WebUIKeywordMain.runKeyword(WebUIKeywordMain.groovy:20)&#xD;
	at com.kms.katalon.core.webui.keyword.builtin.ScrollToElementKeyword.scrollToElement(ScrollToElementKeyword.groovy:88)&#xD;
	at com.kms.katalon.core.webui.keyword.builtin.ScrollToElementKeyword.execute(ScrollToElementKeyword.groovy:68)&#xD;
	at com.kms.katalon.core.keyword.internal.KeywordExecutor.executeKeywordForPlatform(KeywordExecutor.groovy:56)&#xD;
	at com.kms.katalon.core.webui.keyword.WebUiBuiltInKeywords.scrollToElement(WebUiBuiltInKeywords.groovy:2975)&#xD;
	at com.kms.katalon.core.webui.keyword.WebUiBuiltInKeywords$scrollToElement$5.call(Unknown Source)&#xD;
	at Script1568713577559.run(Script1568713577559.groovy:87)&#xD;
	... 13 more&#xD;
)&#xD;
[[ATTACHMENT|C:\\Users\\venkata.annam\\Katalon Studio\\VPOS\\VPOS_Automation\\Reports\\20190917_085503\\FirstView\\Sale\\20190917_085503\\1568728857852.png]]&#xD;
&#xD;
2019-09-17 09:00:57 - [TEST_STEP][PASSED] - Start listener action : sampleAfterTestCase: null</system-out>
            <system-err>2019-09-17 08:59:48 - [TEST_CASE][FAILED] - Test Cases/FirstView/FirstPayVault/TC_1st_Pay_Vault_003: Test Cases/FirstView/FirstPayVault/TC_1st_Pay_Vault_003 FAILED.
Reason:
com.kms.katalon.core.exception.StepFailedException: Popup Message :  didnot match with expected message : Successfully Saved to Vault&#xD;
	at com.kms.katalon.core.util.KeywordUtil.markFailed(KeywordUtil.java:19)&#xD;
	at utilities.SafeActions.verifyPopupMessage(SafeActions.groovy:238)&#xD;
	at utilities.SafeActions.invokeMethod(SafeActions.groovy)&#xD;
	at com.kms.katalon.core.main.CustomKeywordDelegatingMetaClass.invokeStaticMethod(CustomKeywordDelegatingMetaClass.java:50)&#xD;
	at TC_1st_Pay_Vault_003.run(TC_1st_Pay_Vault_003:75)&#xD;
	at com.kms.katalon.core.main.ScriptEngine.run(ScriptEngine.java:194)&#xD;
	at com.kms.katalon.core.main.ScriptEngine.runScriptAsRawText(ScriptEngine.java:119)&#xD;
	at com.kms.katalon.core.main.TestCaseExecutor.runScript(TestCaseExecutor.java:337)&#xD;
	at com.kms.katalon.core.main.TestCaseExecutor.doExecute(TestCaseExecutor.java:328)&#xD;
	at com.kms.katalon.core.main.TestCaseExecutor.processExecutionPhase(TestCaseExecutor.java:307)&#xD;
	at com.kms.katalon.core.main.TestCaseExecutor.accessMainPhase(TestCaseExecutor.java:299)&#xD;
	at com.kms.katalon.core.main.TestCaseExecutor.execute(TestCaseExecutor.java:233)&#xD;
	at com.kms.katalon.core.main.TestSuiteExecutor.accessTestCaseMainPhase(TestSuiteExecutor.java:169)&#xD;
	at com.kms.katalon.core.main.TestSuiteExecutor.accessTestSuiteMainPhase(TestSuiteExecutor.java:142)&#xD;
	at com.kms.katalon.core.main.TestSuiteExecutor.execute(TestSuiteExecutor.java:91)&#xD;
	at com.kms.katalon.core.main.TestCaseMain.startTestSuite(TestCaseMain.java:157)&#xD;
	at com.kms.katalon.core.main.TestCaseMain$startTestSuite$0.call(Unknown Source)&#xD;
	at TempTestSuite1568728503087.run(TempTestSuite1568728503087.groovy:35)</system-err>
        </testcase>
        <system-out>2019-09-17 08:55:07 - [TEST_SUITE][INCOMPLETE] - Sale: null</system-out>
        <system-err>2019-09-17 08:55:07 - [TEST_SUITE][INCOMPLETE] - Sale: null</system-err>
    </testsuite>
</testsuites>
