<?xml version="1.0" encoding="UTF-8" standalone="yes"?>
<testsuites name="ForceTransaction_TestSuite" time="100" tests="1" failures="0" errors="0">
    <testsuite name="ForceTransaction_TestSuite" tests="1" failures="0" errors="0" time="100" timestamp="2019-11-04 09:01:40" hostname="venkata.annam - FW1-D-DTA-ZENQ1" id="Test Suites/FirstView/ForceTransaction_TestSuite">
        <properties>
            <property name="deviceName" value=""/>
            <property name="devicePlatform" value=""/>
            <property name="logFolder" value="C:\\VPOS_Git_31-10-2019\\VPOS_Internal\\Reports\\20191104_090133\\FirstView\\ForceTransaction_TestSuite\\20191104_090134"/>
            <property name="logFiles" value="C:\\VPOS_Git_31-10-2019\\VPOS_Internal\\Reports\\20191104_090133\\FirstView\\ForceTransaction_TestSuite\\20191104_090134\\execution0.log"/>
            <property name="attachments" value="C:\\VPOS_Git_31-10-2019\\VPOS_Internal\\Reports\\20191104_090133\\FirstView\\ForceTransaction_TestSuite\\20191104_090134\\1572879764682.png, C:\\VPOS_Git_31-10-2019\\VPOS_Internal\\Reports\\20191104_090133\\FirstView\\ForceTransaction_TestSuite\\20191104_090134\\1572879785374.png"/>
            <property name="hostName" value="venkata.annam - FW1-D-DTA-ZENQ1"/>
            <property name="os" value="Windows 10 64bit"/>
            <property name="katalonVersion" value="6.3.2.4"/>
            <property name="browser" value="Firefox 70.0"/>
            <property name="hostAddress" value="172.25.52.168"/>
            <property name="sessionId" value="5c8af6fa-0d33-4488-9541-40a0fdaed715"/>
            <property name="seleniumVersion" value="3.141.59"/>
            <property name="proxyInformation" value="ProxyInformation{proxyOption=NO_PROXY, proxyServerType=HTTP, password=, proxyServerAddress=, proxyServerPort=0}"/>
            <property name="platform" value="Windows 10"/>
        </properties>
        <testcase name="Test Cases/FirstView/Force Transactions/VPOS_ForceTransaction_Card_Not_Present" classname="Test Cases/FirstView/Force Transactions/VPOS_ForceTransaction_Card_Not_Present" status="PASSED">
            <system-out>2019-11-04 09:01:42 - [TEST_CASE][PASSED] - Test Cases/FirstView/Force Transactions/VPOS_ForceTransaction_Card_Not_Present: Test Cases/FirstView/Force Transactions/VPOS_ForceTransaction_Card_Not_Present&#xD;
&#xD;
2019-11-04 09:01:44 - [TEST_STEP][PASSED] - Start listener action : sampleBeforeTestCase: null&#xD;
&#xD;
2019-11-04 09:01:44 - [TEST_STEP][PASSED] - println(testCaseContext.getTestCaseId()): null&#xD;
&#xD;
2019-11-04 09:01:44 - [TEST_STEP][PASSED] - println(testCaseContext.getTestCaseVariables()): null&#xD;
&#xD;
2019-11-04 09:01:45 - [TEST_STEP][PASSED] - utilities.SafeActions.openBrowser(URL, [delayForElement]): utilities.SafeActions.openBrowser is PASSED&#xD;
&#xD;
2019-11-04 09:01:46 - [MESSAGE][INFO] - Opening Browser&#xD;
&#xD;
2019-11-04 09:01:46 - [MESSAGE][INFO] - Starting 'Firefox' driver&#xD;
&#xD;
2019-11-04 09:01:46 - [MESSAGE][INFO] - Action delay is set to 0 seconds&#xD;
&#xD;
2019-11-04 09:01:57 - [MESSAGE][PASSED] - Browser is opened with url: 'https://q-www-firstview-net.faps.net/MVC/Account/Login'&#xD;
&#xD;
2019-11-04 09:01:57 - [MESSAGE][PASSED] - Current window maximized&#xD;
&#xD;
2019-11-04 09:01:57 - [MESSAGE][INFO] - Browser Launched Successfully&#xD;
&#xD;
2019-11-04 09:01:57 - [MESSAGE][PASSED] - utilities.SafeActions.openBrowser is PASSED&#xD;
&#xD;
2019-11-04 09:01:57 - [TEST_STEP][PASSED] - pages.Login.login(uName, password): pages.Login.login is PASSED&#xD;
&#xD;
2019-11-04 09:01:58 - [MESSAGE][PASSED] - Object 'Object Repository/Pages/Login/userName' is present&#xD;
&#xD;
2019-11-04 09:01:58 - [MESSAGE][PASSED] - Object 'Object Repository/Pages/Login/userName' is present&#xD;
&#xD;
2019-11-04 09:01:59 - [MESSAGE][PASSED] - Object: 'Object Repository/Pages/Login/userName' is clicked on&#xD;
&#xD;
2019-11-04 09:01:59 - [MESSAGE][PASSED] - Text 'ZenQRetail' is set on object 'Object Repository/Pages/Login/userName'&#xD;
&#xD;
2019-11-04 09:01:59 - [MESSAGE][PASSED] - Object 'Object Repository/Pages/Login/password' is present&#xD;
&#xD;
2019-11-04 09:01:59 - [MESSAGE][PASSED] - Object 'Object Repository/Pages/Login/password' is present&#xD;
&#xD;
2019-11-04 09:02:00 - [MESSAGE][PASSED] - Object: 'Object Repository/Pages/Login/password' is clicked on&#xD;
&#xD;
2019-11-04 09:02:00 - [MESSAGE][PASSED] - Text 'P@ssword1' is set on object 'Object Repository/Pages/Login/password'&#xD;
&#xD;
2019-11-04 09:02:00 - [MESSAGE][INFO] - Safe Click Without scroll&#xD;
&#xD;
2019-11-04 09:02:00 - [MESSAGE][INFO] - ForceTransaction_TestSuite.ts:waiting until Click on Login is Clickable&#xD;
&#xD;
2019-11-04 09:02:00 - [MESSAGE][PASSED] - Object 'Object Repository/Pages/Login/login' is clickable&#xD;
&#xD;
2019-11-04 09:02:00 - [MESSAGE][PASSED] - Object 'Object Repository/Pages/Login/login' is visible&#xD;
&#xD;
2019-11-04 09:02:03 - [MESSAGE][PASSED] - Object: 'Object Repository/Pages/Login/login' is clicked on&#xD;
&#xD;
2019-11-04 09:02:03 - [MESSAGE][INFO] - ForceTransaction_TestSuite.ts: click on the Click on Login&#xD;
&#xD;
2019-11-04 09:02:03 - [MESSAGE][PASSED] - pages.Login.login is PASSED&#xD;
&#xD;
2019-11-04 09:02:03 - [TEST_STEP][PASSED] - callTestCase(findTestCase("FirstView/Login/TC_SendCode"), [:], STOP_ON_FAILURE): Call Test Case 'Test Cases/FirstView/Login/TC_SendCode' successfully&#xD;
&#xD;
2019-11-04 09:02:03 - [TEST_CASE][PASSED] - Test Cases/FirstView/Login/TC_SendCode: Test Cases/FirstView/Login/TC_SendCode&#xD;
&#xD;
2019-11-04 09:02:04 - [TEST_STEP][PASSED] - flag = pages.SendCode.verifyPage(): pages.SendCode.verifyPage is PASSED&#xD;
&#xD;
2019-11-04 09:02:04 - [MESSAGE][PASSED] - Object 'Object Repository/Pages/SendCodeToValidate/header_SendCodeToValidate' is present and visible in viewport&#xD;
&#xD;
2019-11-04 09:02:04 - [MESSAGE][PASSED] - pages.SendCode.verifyPage is PASSED&#xD;
&#xD;
2019-11-04 09:02:04 - [TEST_STEP][PASSED] - if (flag): pages.SendCode.clickonUserSettings is PASSED&#xD;
&#xD;
2019-11-04 09:02:04 - [TEST_STEP][PASSED] - pages.SendCode.clickonUserSettings(): pages.SendCode.clickonUserSettings is PASSED&#xD;
&#xD;
2019-11-04 09:02:04 - [MESSAGE][PASSED] - Object 'Object Repository/Pages/SendCodeToValidate/link_UserSettings' is present&#xD;
&#xD;
2019-11-04 09:02:04 - [MESSAGE][PASSED] - Object 'Object Repository/Pages/SendCodeToValidate/link_UserSettings' is visible&#xD;
&#xD;
2019-11-04 09:02:04 - [MESSAGE][INFO] - ForceTransaction_TestSuite.ts:waiting until Click on User Settings is Clickable&#xD;
&#xD;
2019-11-04 09:02:04 - [MESSAGE][PASSED] - Object 'Object Repository/Pages/SendCodeToValidate/link_UserSettings' is clickable&#xD;
&#xD;
2019-11-04 09:02:04 - [MESSAGE][PASSED] - Object 'Object Repository/Pages/SendCodeToValidate/link_UserSettings' is visible&#xD;
&#xD;
2019-11-04 09:02:06 - [MESSAGE][PASSED] - Object: 'Object Repository/Pages/SendCodeToValidate/link_UserSettings' is clicked on&#xD;
&#xD;
2019-11-04 09:02:06 - [MESSAGE][INFO] - ForceTransaction_TestSuite.ts: Clicked on the Click on User Settings&#xD;
&#xD;
2019-11-04 09:02:06 - [MESSAGE][PASSED] - pages.SendCode.clickonUserSettings is PASSED&#xD;
&#xD;
2019-11-04 09:02:06 - [MESSAGE][PASSED] - Call Test Case 'Test Cases/FirstView/Login/TC_SendCode' successfully&#xD;
&#xD;
2019-11-04 09:02:06 - [TEST_STEP][PASSED] - callTestCase(findTestCase("FirstView/Login/TC_FirstView"), [:], STOP_ON_FAILURE): Call Test Case 'Test Cases/FirstView/Login/TC_FirstView' successfully&#xD;
&#xD;
2019-11-04 09:02:06 - [TEST_CASE][PASSED] - Test Cases/FirstView/Login/TC_FirstView: Test Cases/FirstView/Login/TC_FirstView&#xD;
&#xD;
2019-11-04 09:02:07 - [TEST_STEP][PASSED] - delay(3): Delayed 3 second(s)&#xD;
&#xD;
2019-11-04 09:02:10 - [MESSAGE][PASSED] - Delayed 3 second(s)&#xD;
&#xD;
2019-11-04 09:02:10 - [TEST_STEP][PASSED] - utilities.SafeActions.javascriptclick(findTestObject("Pages/FirstView/link_Home"), delayForElement): utilities.SafeActions.javascriptclick is PASSED&#xD;
&#xD;
2019-11-04 09:02:10 - [MESSAGE][PASSED] - utilities.SafeActions.javascriptclick is PASSED&#xD;
&#xD;
2019-11-04 09:02:10 - [TEST_STEP][PASSED] - utilities.SafeActions.safeClickWithoutScroll(findTestObject("Pages/FirstView/link_VPOS"), "Click on VPOS button in First View screen", [PageLoadTime]): utilities.SafeActions.safeClickWithoutScroll is PASSED&#xD;
&#xD;
2019-11-04 09:02:10 - [MESSAGE][INFO] - Safe Click Without scroll&#xD;
&#xD;
2019-11-04 09:02:10 - [MESSAGE][INFO] - ForceTransaction_TestSuite.ts:waiting until Click on VPOS button in First View screen is Clickable&#xD;
&#xD;
2019-11-04 09:02:11 - [MESSAGE][PASSED] - Object 'Object Repository/Pages/FirstView/link_VPOS' is clickable&#xD;
&#xD;
2019-11-04 09:02:11 - [MESSAGE][PASSED] - Object 'Object Repository/Pages/FirstView/link_VPOS' is visible&#xD;
&#xD;
2019-11-04 09:02:13 - [MESSAGE][PASSED] - Object: 'Object Repository/Pages/FirstView/link_VPOS' is clicked on&#xD;
&#xD;
2019-11-04 09:02:13 - [MESSAGE][INFO] - ForceTransaction_TestSuite.ts: click on the Click on VPOS button in First View screen&#xD;
&#xD;
2019-11-04 09:02:13 - [MESSAGE][PASSED] - utilities.SafeActions.safeClickWithoutScroll is PASSED&#xD;
&#xD;
2019-11-04 09:02:13 - [MESSAGE][PASSED] - Call Test Case 'Test Cases/FirstView/Login/TC_FirstView' successfully&#xD;
&#xD;
2019-11-04 09:02:13 - [TEST_STEP][PASSED] - switchToWindowTitle("Transcenter - VPOS"): Switched to window with title: 'Transcenter - VPOS'&#xD;
&#xD;
2019-11-04 09:02:17 - [MESSAGE][PASSED] - Switched to window with title: 'Transcenter - VPOS'&#xD;
&#xD;
2019-11-04 09:02:17 - [TEST_STEP][PASSED] - delay(delayForElement): Delayed 6 second(s)&#xD;
&#xD;
2019-11-04 09:02:23 - [MESSAGE][PASSED] - Delayed 6 second(s)&#xD;
&#xD;
2019-11-04 09:02:23 - [TEST_STEP][PASSED] - utilities.SafeActions.javascriptclick(findTestObject("Pages/ForceTransactions/tab_ForceTransactions"), PageLoadTime): utilities.SafeActions.javascriptclick is PASSED&#xD;
&#xD;
2019-11-04 09:02:23 - [MESSAGE][PASSED] - utilities.SafeActions.javascriptclick is PASSED&#xD;
&#xD;
2019-11-04 09:02:23 - [TEST_STEP][PASSED] - delay(delayForElement): Delayed 6 second(s)&#xD;
&#xD;
2019-11-04 09:02:29 - [MESSAGE][PASSED] - Delayed 6 second(s)&#xD;
&#xD;
2019-11-04 09:02:29 - [TEST_STEP][PASSED] - utilities.SafeActions.safeClickWithoutScroll(findTestObject("Pages/ForceTransactions/tab_ForceTransactions"), "Click on Force Transaction tab", [delayForElement]): utilities.SafeActions.safeClickWithoutScroll is PASSED&#xD;
&#xD;
2019-11-04 09:02:29 - [MESSAGE][INFO] - Safe Click Without scroll&#xD;
&#xD;
2019-11-04 09:02:29 - [MESSAGE][INFO] - ForceTransaction_TestSuite.ts:waiting until Click on Force Transaction tab is Clickable&#xD;
&#xD;
2019-11-04 09:02:29 - [MESSAGE][PASSED] - Object 'Object Repository/Pages/ForceTransactions/tab_ForceTransactions' is clickable&#xD;
&#xD;
2019-11-04 09:02:29 - [MESSAGE][PASSED] - Object 'Object Repository/Pages/ForceTransactions/tab_ForceTransactions' is visible&#xD;
&#xD;
2019-11-04 09:02:30 - [MESSAGE][PASSED] - Object: 'Object Repository/Pages/ForceTransactions/tab_ForceTransactions' is clicked on&#xD;
&#xD;
2019-11-04 09:02:30 - [MESSAGE][INFO] - ForceTransaction_TestSuite.ts: click on the Click on Force Transaction tab&#xD;
&#xD;
2019-11-04 09:02:30 - [MESSAGE][PASSED] - utilities.SafeActions.safeClickWithoutScroll is PASSED&#xD;
&#xD;
2019-11-04 09:02:30 - [TEST_STEP][PASSED] - delay(delayForElement): Delayed 6 second(s)&#xD;
&#xD;
2019-11-04 09:02:36 - [MESSAGE][PASSED] - Delayed 6 second(s)&#xD;
&#xD;
2019-11-04 09:02:36 - [TEST_STEP][PASSED] - pages.Sale.verifyIfEntryModeIsChecked(tabName, entryModeCheckBox, delayBetweenTestSteps): pages.Sale.verifyIfEntryModeIsChecked is PASSED&#xD;
&#xD;
2019-11-04 09:02:36 - [MESSAGE][PASSED] - Object '' is checked&#xD;
&#xD;
2019-11-04 09:02:36 - [MESSAGE][INFO] - The specified checkbox is checked&#xD;
&#xD;
2019-11-04 09:02:36 - [MESSAGE][PASSED] - pages.Sale.verifyIfEntryModeIsChecked is PASSED&#xD;
&#xD;
2019-11-04 09:02:36 - [TEST_STEP][PASSED] - scrollToElement(findTestObject("Pages/ForceTransactions/input_Amount"), delayBetweenTestSteps): Scroll to object 'Object Repository/Pages/ForceTransactions/input_Amount' successfully&#xD;
&#xD;
2019-11-04 09:02:36 - [MESSAGE][PASSED] - Scroll to object 'Object Repository/Pages/ForceTransactions/input_Amount' successfully&#xD;
&#xD;
2019-11-04 09:02:36 - [TEST_STEP][PASSED] - utilities.SafeActions.safeTypeUsingJavascript(findTestObject("Pages/ForceTransactions/input_Amount"), amountInput): utilities.SafeActions.safeTypeUsingJavascript is PASSED&#xD;
&#xD;
2019-11-04 09:02:37 - [MESSAGE][PASSED] - utilities.SafeActions.safeTypeUsingJavascript is PASSED&#xD;
&#xD;
2019-11-04 09:02:37 - [TEST_STEP][PASSED] - delay(2): Delayed 2 second(s)&#xD;
&#xD;
2019-11-04 09:02:39 - [MESSAGE][PASSED] - Delayed 2 second(s)&#xD;
&#xD;
2019-11-04 09:02:39 - [TEST_STEP][PASSED] - utilities.SafeActions.safeType(findTestObject("Pages/ForceTransactions/input_Amount"), amountInput, "Amount field", [delayForElement]): utilities.SafeActions.safeType is PASSED&#xD;
&#xD;
2019-11-04 09:02:39 - [MESSAGE][PASSED] - Object 'Object Repository/Pages/ForceTransactions/input_Amount' is present&#xD;
&#xD;
2019-11-04 09:02:39 - [MESSAGE][PASSED] - Object 'Object Repository/Pages/ForceTransactions/input_Amount' is present&#xD;
&#xD;
2019-11-04 09:02:39 - [MESSAGE][PASSED] - Object: 'Object Repository/Pages/ForceTransactions/input_Amount' is clicked on&#xD;
&#xD;
2019-11-04 09:02:40 - [MESSAGE][PASSED] - Text '550' is set on object 'Object Repository/Pages/ForceTransactions/input_Amount'&#xD;
&#xD;
2019-11-04 09:02:40 - [MESSAGE][PASSED] - utilities.SafeActions.safeType is PASSED&#xD;
&#xD;
2019-11-04 09:02:40 - [TEST_STEP][PASSED] - scrollToElement(findTestObject("Pages/Sale/dropDown_ExpirationMonth"), delayBetweenTestSteps): Scroll to object 'Object Repository/Pages/Sale/dropDown_ExpirationMonth' successfully&#xD;
&#xD;
2019-11-04 09:02:40 - [MESSAGE][PASSED] - Scroll to object 'Object Repository/Pages/Sale/dropDown_ExpirationMonth' successfully&#xD;
&#xD;
2019-11-04 09:02:40 - [TEST_STEP][PASSED] - utilities.SafeActions.safeType(findTestObject("Pages/ForceTransactions/input_CardNumber"), visaCardNumber, "Entering Card Number", [delayBetweenTestSteps]): utilities.SafeActions.safeType is PASSED&#xD;
&#xD;
2019-11-04 09:02:40 - [MESSAGE][PASSED] - Object 'Object Repository/Pages/ForceTransactions/input_CardNumber' is present&#xD;
&#xD;
2019-11-04 09:02:40 - [MESSAGE][PASSED] - Object 'Object Repository/Pages/ForceTransactions/input_CardNumber' is present&#xD;
&#xD;
2019-11-04 09:02:41 - [MESSAGE][PASSED] - Object: 'Object Repository/Pages/ForceTransactions/input_CardNumber' is clicked on&#xD;
&#xD;
2019-11-04 09:02:41 - [MESSAGE][PASSED] - Text '4111111111111111' is set on object 'Object Repository/Pages/ForceTransactions/input_CardNumber'&#xD;
&#xD;
2019-11-04 09:02:41 - [MESSAGE][PASSED] - utilities.SafeActions.safeType is PASSED&#xD;
&#xD;
2019-11-04 09:02:41 - [TEST_STEP][PASSED] - delay(delayBetweenTestSteps): Delayed 3 second(s)&#xD;
&#xD;
2019-11-04 09:02:44 - [MESSAGE][PASSED] - Delayed 3 second(s)&#xD;
&#xD;
2019-11-04 09:02:44 - [TEST_STEP][PASSED] - pages.Refund.verifyIfCardInformationIsChecked(tabName, cardInformationCheckBox, delayBetweenTestSteps): pages.Refund.verifyIfCardInformationIsChecked is PASSED&#xD;
&#xD;
2019-11-04 09:02:44 - [MESSAGE][WARNING] - Object '' is not checked (Root cause: com.kms.katalon.core.exception.StepFailedException: Object '' is not checked&#xD;
	at com.kms.katalon.core.webui.keyword.internal.WebUIKeywordMain.stepFailed(WebUIKeywordMain.groovy:64)&#xD;
	at com.kms.katalon.core.webui.keyword.builtin.VerifyElementCheckedKeyword$_verifyElementChecked_closure1.doCall(VerifyElementCheckedKeyword.groovy:81)&#xD;
	at com.kms.katalon.core.webui.keyword.builtin.VerifyElementCheckedKeyword$_verifyElementChecked_closure1.call(VerifyElementCheckedKeyword.groovy)&#xD;
	at com.kms.katalon.core.webui.keyword.internal.WebUIKeywordMain.runKeyword(WebUIKeywordMain.groovy:20)&#xD;
	at com.kms.katalon.core.webui.keyword.builtin.VerifyElementCheckedKeyword.verifyElementChecked(VerifyElementCheckedKeyword.groovy:92)&#xD;
	at com.kms.katalon.core.webui.keyword.builtin.VerifyElementCheckedKeyword.execute(VerifyElementCheckedKeyword.groovy:68)&#xD;
	at com.kms.katalon.core.keyword.internal.KeywordExecutor.executeKeywordForPlatform(KeywordExecutor.groovy:56)&#xD;
	at com.kms.katalon.core.webui.keyword.WebUiBuiltInKeywords.verifyElementChecked(WebUiBuiltInKeywords.groovy:1352)&#xD;
	at com.kms.katalon.core.webui.keyword.WebUiBuiltInKeywords$verifyElementChecked$9.call(Unknown Source)&#xD;
	at pages.Refund.verifyIfCardInformationIsChecked(Refund.groovy:31)&#xD;
	at pages.Refund.invokeMethod(Refund.groovy)&#xD;
	at com.kms.katalon.core.main.CustomKeywordDelegatingMetaClass.invokeStaticMethod(CustomKeywordDelegatingMetaClass.java:50)&#xD;
	at VPOS_ForceTransaction_Card_Not_Present.run(VPOS_ForceTransaction_Card_Not_Present:68)&#xD;
	at com.kms.katalon.core.main.ScriptEngine.run(ScriptEngine.java:194)&#xD;
	at com.kms.katalon.core.main.ScriptEngine.runScriptAsRawText(ScriptEngine.java:119)&#xD;
	at com.kms.katalon.core.main.TestCaseExecutor.runScript(TestCaseExecutor.java:337)&#xD;
	at com.kms.katalon.core.main.TestCaseExecutor.doExecute(TestCaseExecutor.java:328)&#xD;
	at com.kms.katalon.core.main.TestCaseExecutor.processExecutionPhase(TestCaseExecutor.java:307)&#xD;
	at com.kms.katalon.core.main.TestCaseExecutor.accessMainPhase(TestCaseExecutor.java:299)&#xD;
	at com.kms.katalon.core.main.TestCaseExecutor.execute(TestCaseExecutor.java:233)&#xD;
	at com.kms.katalon.core.main.TestSuiteExecutor.accessTestCaseMainPhase(TestSuiteExecutor.java:169)&#xD;
	at com.kms.katalon.core.main.TestSuiteExecutor.accessTestSuiteMainPhase(TestSuiteExecutor.java:142)&#xD;
	at com.kms.katalon.core.main.TestSuiteExecutor.execute(TestSuiteExecutor.java:91)&#xD;
	at com.kms.katalon.core.main.TestCaseMain.startTestSuite(TestCaseMain.java:157)&#xD;
	at com.kms.katalon.core.main.TestCaseMain$startTestSuite$0.call(Unknown Source)&#xD;
	at TempTestSuite1572879694074.run(TempTestSuite1572879694074.groovy:35)&#xD;
)&#xD;
[[ATTACHMENT|C:\\VPOS_Git_31-10-2019\\VPOS_Internal\\Reports\\20191104_090133\\FirstView\\ForceTransaction_TestSuite\\20191104_090134\\1572879764682.png]]&#xD;
&#xD;
2019-11-04 09:02:45 - [MESSAGE][PASSED] - Object '' is checked&#xD;
&#xD;
2019-11-04 09:02:45 - [MESSAGE][INFO] - Checked for specified checkbox&#xD;
&#xD;
2019-11-04 09:02:45 - [MESSAGE][PASSED] - pages.Refund.verifyIfCardInformationIsChecked is PASSED&#xD;
&#xD;
2019-11-04 09:02:45 - [TEST_STEP][PASSED] - utilities.SafeActions.safeSelectOptionInDropDownByVisibleText(findTestObject("Pages/ForceTransactions/dropDown_ExpirationMonth"), cardMonth, "Enter Month", [delayBetweenTestSteps]): utilities.SafeActions.safeSelectOptionInDropDownByVisibleText is PASSED&#xD;
&#xD;
2019-11-04 09:02:45 - [MESSAGE][PASSED] - Object 'Object Repository/Pages/ForceTransactions/dropDown_ExpirationMonth' is visible&#xD;
&#xD;
2019-11-04 09:02:45 - [MESSAGE][PASSED] - Object 'Object Repository/Pages/ForceTransactions/dropDown_ExpirationMonth' is present&#xD;
&#xD;
2019-11-04 09:02:46 - [MESSAGE][PASSED] - Object: 'Object Repository/Pages/ForceTransactions/dropDown_ExpirationMonth' is clicked on&#xD;
&#xD;
2019-11-04 09:02:46 - [MESSAGE][PASSED] - All options with label 'September' are selected in object 'Object Repository/Pages/ForceTransactions/dropDown_ExpirationMonth' &#xD;
&#xD;
2019-11-04 09:02:46 - [MESSAGE][PASSED] - utilities.SafeActions.safeSelectOptionInDropDownByVisibleText is PASSED&#xD;
&#xD;
2019-11-04 09:02:46 - [TEST_STEP][PASSED] - utilities.SafeActions.safeSelectOptionInDropDownByVisibleText(findTestObject("Pages/ForceTransactions/dropDown_ExpirationYear"), cardYear, "Select Expiration Year", [delayBetweenTestSteps]): utilities.SafeActions.safeSelectOptionInDropDownByVisibleText is PASSED&#xD;
&#xD;
2019-11-04 09:02:46 - [MESSAGE][PASSED] - Object 'Object Repository/Pages/ForceTransactions/dropDown_ExpirationYear' is visible&#xD;
&#xD;
2019-11-04 09:02:46 - [MESSAGE][PASSED] - Object 'Object Repository/Pages/ForceTransactions/dropDown_ExpirationYear' is present&#xD;
&#xD;
2019-11-04 09:02:47 - [MESSAGE][PASSED] - Object: 'Object Repository/Pages/ForceTransactions/dropDown_ExpirationYear' is clicked on&#xD;
&#xD;
2019-11-04 09:02:47 - [MESSAGE][PASSED] - All options with label '2022' are selected in object 'Object Repository/Pages/ForceTransactions/dropDown_ExpirationYear' &#xD;
&#xD;
2019-11-04 09:02:47 - [MESSAGE][PASSED] - utilities.SafeActions.safeSelectOptionInDropDownByVisibleText is PASSED&#xD;
&#xD;
2019-11-04 09:02:47 - [TEST_STEP][PASSED] - utilities.SafeActions.safeClickWithoutScrollOnLabel(findTestObject("Pages/ForceTransactions/label_ExpirationYear"), "Click on Exp Year label", [PageLoadTime]): utilities.SafeActions.safeClickWithoutScrollOnLabel is PASSED&#xD;
&#xD;
2019-11-04 09:02:47 - [MESSAGE][INFO] - Safe Click Without scroll On Label&#xD;
&#xD;
2019-11-04 09:02:47 - [MESSAGE][PASSED] - Object 'Object Repository/Pages/ForceTransactions/label_ExpirationYear' is visible&#xD;
&#xD;
2019-11-04 09:02:47 - [MESSAGE][INFO] - ForceTransaction_TestSuite.ts: click on the Click on Exp Year label&#xD;
&#xD;
2019-11-04 09:02:48 - [MESSAGE][PASSED] - Object: 'Object Repository/Pages/ForceTransactions/label_ExpirationYear' is clicked on&#xD;
&#xD;
2019-11-04 09:02:48 - [MESSAGE][PASSED] - utilities.SafeActions.safeClickWithoutScrollOnLabel is PASSED&#xD;
&#xD;
2019-11-04 09:02:48 - [TEST_STEP][PASSED] - utilities.SafeActions.safeType(findTestObject("Pages/ForceTransactions/input_SecurityCode"), securityCode, "Enter Security code", [delayForElement]): utilities.SafeActions.safeType is PASSED&#xD;
&#xD;
2019-11-04 09:02:55 - [MESSAGE][INFO] - Unable to find the element located by 'By.xpath: //section[@id='p-Force Transaction']//input[contains(@id,'security-code')]'. Please recheck the objects properties to make sure the desired element is located. &#xD;
&#xD;
2019-11-04 09:02:55 - [MESSAGE][WARNING] - Object 'Object Repository/Pages/ForceTransactions/input_SecurityCode' is not present after 6 second(s)&#xD;
&#xD;
2019-11-04 09:03:05 - [MESSAGE][INFO] - Unable to find the element located by 'By.xpath: //section[@id='p-Force Transaction']//input[contains(@id,'security-code')]'. Please recheck the objects properties to make sure the desired element is located. &#xD;
&#xD;
2019-11-04 09:03:05 - [MESSAGE][WARNING] - com.kms.katalon.core.webui.exception.WebElementNotFoundException: Web element with id: 'Object Repository/Pages/ForceTransactions/input_SecurityCode' located by 'By.xpath: //section[@id='p-Force Transaction']//input[contains(@id,'security-code')]' not found (Root cause: com.kms.katalon.core.exception.StepFailedException: com.kms.katalon.core.webui.exception.WebElementNotFoundException: Web element with id: 'Object Repository/Pages/ForceTransactions/input_SecurityCode' located by 'By.xpath: //section[@id='p-Force Transaction']//input[contains(@id,'security-code')]' not found&#xD;
	at com.kms.katalon.core.webui.keyword.internal.WebUIKeywordMain.stepFailed(WebUIKeywordMain.groovy:64)&#xD;
	at com.kms.katalon.core.webui.keyword.builtin.VerifyElementPresentKeyword$_verifyElementPresent_closure1.doCall(VerifyElementPresentKeyword.groovy:85)&#xD;
	at com.kms.katalon.core.webui.keyword.builtin.VerifyElementPresentKeyword$_verifyElementPresent_closure1.call(VerifyElementPresentKeyword.groovy)&#xD;
	at com.kms.katalon.core.webui.keyword.internal.WebUIKeywordMain.runKeyword(WebUIKeywordMain.groovy:20)&#xD;
	at com.kms.katalon.core.webui.keyword.builtin.VerifyElementPresentKeyword.verifyElementPresent(VerifyElementPresentKeyword.groovy:92)&#xD;
	at com.kms.katalon.core.webui.keyword.builtin.VerifyElementPresentKeyword.execute(VerifyElementPresentKeyword.groovy:68)&#xD;
	at com.kms.katalon.core.keyword.internal.KeywordExecutor.executeKeywordForPlatform(KeywordExecutor.groovy:56)&#xD;
	at com.kms.katalon.core.webui.keyword.WebUiBuiltInKeywords.verifyElementPresent(WebUiBuiltInKeywords.groovy:1418)&#xD;
	at com.kms.katalon.core.webui.keyword.WebUiBuiltInKeywords$verifyElementPresent$2.call(Unknown Source)&#xD;
	at utilities.SafeActions.safeType(SafeActions.groovy:68)&#xD;
	at utilities.SafeActions.invokeMethod(SafeActions.groovy)&#xD;
	at com.kms.katalon.core.main.CustomKeywordDelegatingMetaClass.invokeStaticMethod(CustomKeywordDelegatingMetaClass.java:50)&#xD;
	at VPOS_ForceTransaction_Card_Not_Present.run(VPOS_ForceTransaction_Card_Not_Present:80)&#xD;
	at com.kms.katalon.core.main.ScriptEngine.run(ScriptEngine.java:194)&#xD;
	at com.kms.katalon.core.main.ScriptEngine.runScriptAsRawText(ScriptEngine.java:119)&#xD;
	at com.kms.katalon.core.main.TestCaseExecutor.runScript(TestCaseExecutor.java:337)&#xD;
	at com.kms.katalon.core.main.TestCaseExecutor.doExecute(TestCaseExecutor.java:328)&#xD;
	at com.kms.katalon.core.main.TestCaseExecutor.processExecutionPhase(TestCaseExecutor.java:307)&#xD;
	at com.kms.katalon.core.main.TestCaseExecutor.accessMainPhase(TestCaseExecutor.java:299)&#xD;
	at com.kms.katalon.core.main.TestCaseExecutor.execute(TestCaseExecutor.java:233)&#xD;
	at com.kms.katalon.core.main.TestSuiteExecutor.accessTestCaseMainPhase(TestSuiteExecutor.java:169)&#xD;
	at com.kms.katalon.core.main.TestSuiteExecutor.accessTestSuiteMainPhase(TestSuiteExecutor.java:142)&#xD;
	at com.kms.katalon.core.main.TestSuiteExecutor.execute(TestSuiteExecutor.java:91)&#xD;
	at com.kms.katalon.core.main.TestCaseMain.startTestSuite(TestCaseMain.java:157)&#xD;
	at com.kms.katalon.core.main.TestCaseMain$startTestSuite$0.call(Unknown Source)&#xD;
	at TempTestSuite1572879694074.run(TempTestSuite1572879694074.groovy:35)&#xD;
)&#xD;
[[ATTACHMENT|C:\\VPOS_Git_31-10-2019\\VPOS_Internal\\Reports\\20191104_090133\\FirstView\\ForceTransaction_TestSuite\\20191104_090134\\1572879785374.png]]&#xD;
&#xD;
2019-11-04 09:03:05 - [MESSAGE][WARNING] - ForceTransaction_TestSuite.ts:unable to enter111 in Enter Security code in time -6seconds&#xD;
&#xD;
2019-11-04 09:03:05 - [MESSAGE][PASSED] - utilities.SafeActions.safeType is PASSED&#xD;
&#xD;
2019-11-04 09:03:05 - [TEST_STEP][PASSED] - utilities.SafeActions.safeType(findTestObject("Pages/ForceTransactions/input_Approval"), approvalCode, "Enter Approval Code", [delayForElement]): utilities.SafeActions.safeType is PASSED&#xD;
&#xD;
2019-11-04 09:03:06 - [MESSAGE][PASSED] - Object 'Object Repository/Pages/ForceTransactions/input_Approval' is present&#xD;
&#xD;
2019-11-04 09:03:06 - [MESSAGE][PASSED] - Object 'Object Repository/Pages/ForceTransactions/input_Approval' is present&#xD;
&#xD;
2019-11-04 09:03:08 - [MESSAGE][PASSED] - Object: 'Object Repository/Pages/ForceTransactions/input_Approval' is clicked on&#xD;
&#xD;
2019-11-04 09:03:08 - [MESSAGE][PASSED] - Text '123456' is set on object 'Object Repository/Pages/ForceTransactions/input_Approval'&#xD;
&#xD;
2019-11-04 09:03:08 - [MESSAGE][PASSED] - utilities.SafeActions.safeType is PASSED&#xD;
&#xD;
2019-11-04 09:03:08 - [TEST_STEP][PASSED] - delay(delayBetweenTestSteps): Delayed 3 second(s)&#xD;
&#xD;
2019-11-04 09:03:11 - [MESSAGE][PASSED] - Delayed 3 second(s)&#xD;
&#xD;
2019-11-04 09:03:11 - [TEST_STEP][PASSED] - utilities.SafeActions.safeClickwithScroll(findTestObject("Pages/ForceTransactions/button_Checkout"), "Click on Checkout button", [delayBetweenTestSteps]): utilities.SafeActions.safeClickwithScroll is PASSED&#xD;
&#xD;
2019-11-04 09:03:11 - [MESSAGE][PASSED] - Object 'Object Repository/Pages/ForceTransactions/button_Checkout' is present&#xD;
&#xD;
2019-11-04 09:03:11 - [MESSAGE][PASSED] - Object 'Object Repository/Pages/ForceTransactions/button_Checkout' is visible&#xD;
&#xD;
2019-11-04 09:03:11 - [MESSAGE][INFO] - ForceTransaction_TestSuite.ts:waiting until Click on Checkout button is Clickable&#xD;
&#xD;
2019-11-04 09:03:11 - [MESSAGE][PASSED] - Object 'Object Repository/Pages/ForceTransactions/button_Checkout' is clickable&#xD;
&#xD;
2019-11-04 09:03:11 - [MESSAGE][PASSED] - Object 'Object Repository/Pages/ForceTransactions/button_Checkout' is visible&#xD;
&#xD;
2019-11-04 09:03:12 - [MESSAGE][PASSED] - Object: 'Object Repository/Pages/ForceTransactions/button_Checkout' is clicked on&#xD;
&#xD;
2019-11-04 09:03:12 - [MESSAGE][INFO] - ForceTransaction_TestSuite.ts: Clicked on the Click on Checkout button&#xD;
&#xD;
2019-11-04 09:03:12 - [MESSAGE][PASSED] - utilities.SafeActions.safeClickwithScroll is PASSED&#xD;
&#xD;
2019-11-04 09:03:12 - [TEST_STEP][PASSED] - pages.Sale.verifyTransactionCompletePage(findTestObject("Pages/Sale/heading_TransactionComplete")): The screen is Transaction Complete screen&#xD;
&#xD;
2019-11-04 09:03:13 - [MESSAGE][PASSED] - Object 'Object Repository/Pages/Sale/heading_TransactionComplete' is present&#xD;
&#xD;
2019-11-04 09:03:14 - [MESSAGE][PASSED] - The screen is Transaction Complete screen&#xD;
&#xD;
2019-11-04 09:03:14 - [TEST_STEP][PASSED] - transactionCompleteMessage = utilities.SafeActions.safeGetText(findTestObject("Pages/ForceTransactions/approved_TransactionMessage_TransactionComplete_Screen"), delayForElement): utilities.SafeActions.safeGetText is PASSED&#xD;
&#xD;
2019-11-04 09:03:14 - [MESSAGE][PASSED] - Object 'Object Repository/Pages/ForceTransactions/approved_TransactionMessage_TransactionComplete_Screen' is present&#xD;
&#xD;
2019-11-04 09:03:14 - [MESSAGE][PASSED] - Scroll to object 'Object Repository/Pages/ForceTransactions/approved_TransactionMessage_TransactionComplete_Screen' successfully&#xD;
&#xD;
2019-11-04 09:03:14 - [MESSAGE][PASSED] - Object 'Object Repository/Pages/ForceTransactions/approved_TransactionMessage_TransactionComplete_Screen' is present&#xD;
&#xD;
2019-11-04 09:03:14 - [MESSAGE][PASSED] - Text of object 'Object Repository/Pages/ForceTransactions/approved_TransactionMessage_TransactionComplete_Screen' is: ' This 
Pre-Auth
 for 
$550.00
 has been Approved'&#xD;
&#xD;
2019-11-04 09:03:14 - [MESSAGE][PASSED] - utilities.SafeActions.safeGetText is PASSED&#xD;
&#xD;
2019-11-04 09:03:14 - [TEST_STEP][PASSED] - println(transactionCompleteMessage): null&#xD;
&#xD;
2019-11-04 09:03:14 - [TEST_STEP][PASSED] - pages.Force_Transaction.verifyStrings(transactionCompleteMessage): Transaction is Successfull in Transaction Complete page&#xD;
&#xD;
2019-11-04 09:03:14 - [MESSAGE][PASSED] - Transaction is Successfull in Transaction Complete page&#xD;
&#xD;
2019-11-04 09:03:14 - [TEST_STEP][PASSED] - delay(2): Delayed 2 second(s)&#xD;
&#xD;
2019-11-04 09:03:16 - [MESSAGE][PASSED] - Delayed 2 second(s)&#xD;
&#xD;
2019-11-04 09:03:16 - [TEST_STEP][PASSED] - utilities.SafeActions.safeClickWithoutScroll(findTestObject("Pages/ForceTransactions/button_Return_TransactionComplete_Screen"), "Click on Return", [delayBetweenTestSteps]): utilities.SafeActions.safeClickWithoutScroll is PASSED&#xD;
&#xD;
2019-11-04 09:03:17 - [MESSAGE][INFO] - Safe Click Without scroll&#xD;
&#xD;
2019-11-04 09:03:17 - [MESSAGE][INFO] - ForceTransaction_TestSuite.ts:waiting until Click on Return is Clickable&#xD;
&#xD;
2019-11-04 09:03:17 - [MESSAGE][PASSED] - Object 'Object Repository/Pages/ForceTransactions/button_Return_TransactionComplete_Screen' is clickable&#xD;
&#xD;
2019-11-04 09:03:17 - [MESSAGE][PASSED] - Object 'Object Repository/Pages/ForceTransactions/button_Return_TransactionComplete_Screen' is visible&#xD;
&#xD;
2019-11-04 09:03:18 - [MESSAGE][PASSED] - Object: 'Object Repository/Pages/ForceTransactions/button_Return_TransactionComplete_Screen' is clicked on&#xD;
&#xD;
2019-11-04 09:03:18 - [MESSAGE][INFO] - ForceTransaction_TestSuite.ts: click on the Click on Return&#xD;
&#xD;
2019-11-04 09:03:18 - [MESSAGE][PASSED] - utilities.SafeActions.safeClickWithoutScroll is PASSED&#xD;
&#xD;
2019-11-04 09:03:18 - [TEST_STEP][PASSED] - closeBrowser(): Browser is closed&#xD;
&#xD;
2019-11-04 09:03:21 - [MESSAGE][PASSED] - Browser is closed&#xD;
&#xD;
2019-11-04 09:03:21 - [TEST_STEP][PASSED] - Start listener action : sampleAfterTestCase: null&#xD;
&#xD;
2019-11-04 09:03:21 - [TEST_STEP][PASSED] - println(testCaseContext.getTestCaseId()): null&#xD;
&#xD;
2019-11-04 09:03:21 - [TEST_STEP][PASSED] - println(testCaseContext.getTestCaseStatus()): null&#xD;
&#xD;
2019-11-04 09:03:21 - [TEST_STEP][PASSED] - testCaseName = testCaseContext.getTestCaseId(): null&#xD;
&#xD;
2019-11-04 09:03:21 - [TEST_STEP][PASSED] - strCount = testCaseName.lastIndexOf("/"): null&#xD;
&#xD;
2019-11-04 09:03:21 - [TEST_STEP][PASSED] - testCaseName = testCaseName.substring(strCount): null&#xD;
&#xD;
2019-11-04 09:03:21 - [TEST_STEP][PASSED] - println(testCaseName): null&#xD;
&#xD;
2019-11-04 09:03:21 - [TEST_STEP][PASSED] - if (getTestCaseStatus().equalsIgnoreCase("Error")): null&#xD;
&#xD;
2019-11-04 09:03:21 - [TEST_STEP][PASSED] - Start listener action : sampleAfterTestCase: null</system-out>
            <system-err></system-err>
        </testcase>
        <system-out>2019-11-04 09:01:40 - [TEST_SUITE][INCOMPLETE] - ForceTransaction_TestSuite: null</system-out>
        <system-err>2019-11-04 09:01:40 - [TEST_SUITE][INCOMPLETE] - ForceTransaction_TestSuite: null</system-err>
    </testsuite>
</testsuites>
